Log file open, 11/21/22 11:20:48
LogWindows: Failed to load 'aqProf.dll' (GetLastError=126)
LogWindows: File 'aqProf.dll' does not exist
LogWindows: Failed to load 'VSPerf140.dll' (GetLastError=126)
LogWindows: File 'VSPerf140.dll' does not exist
LogWindows: Failed to load 'VtuneApi.dll' (GetLastError=126)
LogWindows: File 'VtuneApi.dll' does not exist
LogWindows: Failed to load 'VtuneApi32e.dll' (GetLastError=126)
LogWindows: File 'VtuneApi32e.dll' does not exist
LogInit: Display: Running engine for game: THE7
LogPlatformFile: Not using cached read wrapper
LogInit: Display: RandInit(-1567899054) SRandInit(-1567899054).
LogTaskGraph: Started task graph with 5 named threads and 26 total threads with 3 sets of task threads.
LogStats: Stats thread started at 1.521066
LogD3D11RHI: Aftermath initialized
LogPluginManager: Mounting plugin Paper2D
LogPluginManager: Mounting plugin LightPropagationVolume
LogPluginManager: Mounting plugin CodeLiteSourceCodeAccess
LogPluginManager: Mounting plugin GitSourceControl
LogPluginManager: Mounting plugin KDevelopSourceCodeAccess
LogPluginManager: Mounting plugin NullSourceCodeAccess
LogPluginManager: Mounting plugin PerforceSourceControl
LogPluginManager: Mounting plugin SubversionSourceControl
LogPluginManager: Mounting plugin UObjectPlugin
LogPluginManager: Mounting plugin VisualStudioSourceCodeAccess
LogPluginManager: Mounting plugin XCodeSourceCodeAccess
LogPluginManager: Mounting plugin AssetManagerEditor
LogPluginManager: Mounting plugin AudioCapture
LogPluginManager: Mounting plugin FacialAnimation
LogPluginManager: Mounting plugin GameplayTagsEditor
LogPluginManager: Mounting plugin MobileLauncherProfileWizard
LogPluginManager: Mounting plugin PluginBrowser
LogPluginManager: Mounting plugin SpeedTreeImporter
LogPluginManager: Mounting plugin AlembicImporter
LogPluginManager: Mounting plugin CharacterAI
LogPluginManager: Mounting plugin HTML5Networking
LogPluginManager: Mounting plugin AndroidMedia
LogPluginManager: Mounting plugin AvfMedia
LogPluginManager: Mounting plugin MediaPlayerEditor
LogPluginManager: Mounting plugin WmfMedia
LogPluginManager: Mounting plugin TcpMessaging
LogPluginManager: Mounting plugin UdpMessaging
LogPluginManager: Mounting plugin LevelSequenceEditor
LogPluginManager: Mounting plugin MatineeToLevelSequence
LogPluginManager: Mounting plugin OnlineSubsystemGooglePlay
LogPluginManager: Mounting plugin OnlineSubsystemIOS
LogPluginManager: Mounting plugin OnlineSubsystem
LogPluginManager: Mounting plugin OnlineSubsystemNull
LogPluginManager: Mounting plugin OnlineSubsystemUtils
LogPluginManager: Mounting plugin AndroidDeviceProfileSelector
LogPluginManager: Mounting plugin AndroidMoviePlayer
LogPluginManager: Mounting plugin AndroidPermission
LogPluginManager: Mounting plugin AppleMoviePlayer
LogPluginManager: Mounting plugin ArchVisCharacter
LogPluginManager: Mounting plugin CableComponent
LogPluginManager: Mounting plugin CustomMeshComponent
LogPluginManager: Mounting plugin ExampleDeviceProfileSelector
LogPluginManager: Mounting plugin GoogleCloudMessaging
LogPluginManager: Mounting plugin ImmediatePhysics
LogPluginManager: Mounting plugin IOSDeviceProfileSelector
LogPluginManager: Mounting plugin LinuxDeviceProfileSelector
LogPluginManager: Mounting plugin LocationServicesBPLibrary
LogPluginManager: Mounting plugin MobilePatchingUtils
LogPluginManager: Mounting plugin OculusVR
LogPluginManager: Mounting plugin PhysXVehicles
LogPluginManager: Mounting plugin ProceduralMeshComponent
LogPluginManager: Mounting plugin RuntimePhysXCooking
LogPluginManager: Mounting plugin SteamVR
LogPluginManager: Mounting plugin WindowsMoviePlayer
LogInit: Using libcurl 7.47.1
LogInit:  - built for x86_64-pc-win32
LogInit:  - supports SSL with OpenSSL/1.0.2g
LogInit:  - supports HTTP deflate (compression) using libz 1.2.8
LogInit:  - other features:
LogInit:      CURL_VERSION_SSL
LogInit:      CURL_VERSION_LIBZ
LogInit:      CURL_VERSION_IPV6
LogInit:      CURL_VERSION_ASYNCHDNS
LogInit:      CURL_VERSION_LARGEFILE
LogInit:      CURL_VERSION_IDN
LogInit:  CurlRequestOptions (configurable via config and command line):
LogInit:  - bVerifyPeer = false  - Libcurl will NOT verify peer certificate
LogInit:  - bUseHttpProxy = false  - Libcurl will NOT use HTTP proxy
LogInit:  - bDontReuseConnections = false  - Libcurl will reuse connections
LogInit:  - CertBundlePath = nullptr  - Libcurl will use whatever was configured at build time.
LogInit: Build: ++UE4+Release-4.17-CL-3658906
LogInit: Engine Version: 4.17.2-3658906+++UE4+Release-4.17
LogInit: Compatible Engine Version: 4.17.0-3573198+++UE4+Release-4.17
LogInit: Net CL: 3573198
LogDevObjectVersion: Number of dev versions registered: 16
LogDevObjectVersion:   Dev-Blueprints (B0D832E4-1F89-4F0D-ACCF-7EB736FD4AA2): 10
LogDevObjectVersion:   Dev-Build (E1C64328-A22C-4D53-A36C-8E866417BD8C): 0
LogDevObjectVersion:   Dev-Core (375EC13C-06E4-48FB-B500-84F0262A717E): 2
LogDevObjectVersion:   Dev-Editor (E4B068ED-F494-42E9-A231-DA0B2E46BB41): 20
LogDevObjectVersion:   Dev-Framework (CFFC743F-43B0-4480-9391-14DF171D2073): 28
LogDevObjectVersion:   Dev-Mobile (B02B49B5-BB20-44E9-A304-32B752E40360): 0
LogDevObjectVersion:   Dev-Networking (A4E4105C-59A1-49B5-A7C5-40C4547EDFEE): 0
LogDevObjectVersion:   Dev-Online (39C831C9-5AE6-47DC-9A44-9C173E1C8E7C): 0
LogDevObjectVersion:   Dev-Physics (78F01B33-EBEA-4F98-B9B4-84EACCB95AA2): 0
LogDevObjectVersion:   Dev-Platform (6631380F-2D4D-43E0-8009-CF276956A95A): 0
LogDevObjectVersion:   Dev-Rendering (12F88B9F-8875-4AFC-A67C-D90C383ABD29): 19
LogDevObjectVersion:   Dev-Sequencer (7B5AE74C-D270-4C10-A958-57980B212A5A): 4
LogDevObjectVersion:   Dev-VR (D7296918-1DD6-4BDD-9DE2-64A83CC13884): 0
LogDevObjectVersion:   Dev-LoadTimes (C2A15278-BFE7-4AFE-6C17-90FF531DF755): 1
LogDevObjectVersion:   Private-Geometry (6EACA3D4-40EC-4CC1-B786-8BED09428FC5): 1
LogDevObjectVersion:   Dev-AnimPhys (29E575DD-E0A3-4627-9D10-D276232CDCEA): 7
LogInit: Compiled (64-bit): Sep 22 2017 13:47:16
LogInit: Compiled with Visual C++: 19.00.24215.01
LogInit: Build Configuration: Development
LogInit: Branch Name: ++UE4+Release-4.17
LogInit: Command line:  
LogInit: Base directory: C:/Program Files/Epic Games/UE_4.17/Engine/Binaries/Win64/
LogInit: Installed Engine Build: 1
LogInit: Presizing for max 8388607 objects, including 0 objects not considered by GC, pre-allocating 0 bytes for permanent pool.
LogInit: Object subsystem initialized
[2022.11.21-02.20.49:244][  0]LogInit: Selected Device Profile: [Windows]
[2022.11.21-02.20.49:244][  0]LogInit: Applying CVar settings loaded from the selected device profile: [Windows]
[2022.11.21-02.20.49:256][  0]LogInit: Computer: KBC12006017
[2022.11.21-02.20.49:256][  0]LogInit: User: 小浜大和
[2022.11.21-02.20.49:256][  0]LogInit: CPU Page size=4096, Cores=8
[2022.11.21-02.20.49:256][  0]LogInit: High frequency timer resolution =10.000000 MHz
[2022.11.21-02.20.49:257][  0]LogMemory: Memory total: Physical=63.9GB (64GB approx)
[2022.11.21-02.20.49:257][  0]LogMemory: Platform Memory Stats for Windows
[2022.11.21-02.20.49:257][  0]LogMemory: Process Physical Memory: 282.35 MB used, 282.35 MB peak
[2022.11.21-02.20.49:257][  0]LogMemory: Process Virtual Memory: 285.43 MB used, 285.43 MB peak
[2022.11.21-02.20.49:257][  0]LogMemory: Physical Memory: 6187.73 MB used,  59240.42 MB free, 65428.15 MB total
[2022.11.21-02.20.49:257][  0]LogMemory: Virtual Memory: 4808.62 MB used,  59240.42 MB free, 134217728.00 MB total
[2022.11.21-02.20.49:646][  0]LogInit: Using OS detected language (ja-JP).
[2022.11.21-02.20.49:646][  0]LogInit: Using OS detected locale (ja-JP).
[2022.11.21-02.20.49:706][  0]LogTextLocalizationManager: No specific localization for 'ja-JP' exists, so the 'ja' localization will be used.
[2022.11.21-02.20.52:382][  0]LogD3D11RHI: D3D11 adapters:
[2022.11.21-02.20.52:443][  0]LogD3D11RHI:    0. 'AMD Radeon Pro 5500M' (Feature Level 11_0)
[2022.11.21-02.20.52:444][  0]LogD3D11RHI:       8151/0/32714 MB DedicatedVideo/DedicatedSystem/SharedSystem, Outputs:1, VendorId:0x1002
[2022.11.21-02.20.52:445][  0]LogD3D11RHI:    1. 'Microsoft Basic Render Driver' (Feature Level 11_0)
[2022.11.21-02.20.52:445][  0]LogD3D11RHI:       0/0/32714 MB DedicatedVideo/DedicatedSystem/SharedSystem, Outputs:0, VendorId:0x1414
[2022.11.21-02.20.52:445][  0]LogD3D11RHI: Chosen D3D11 Adapter: 0
[2022.11.21-02.20.52:455][  0]LogD3D11RHI: Creating new Direct3DDevice
[2022.11.21-02.20.52:455][  0]LogD3D11RHI:     GPU DeviceId: 0x7340 (for the marketing name, search the web for "GPU Device Id")
[2022.11.21-02.20.52:455][  0]LogWindows: EnumDisplayDevices:
[2022.11.21-02.20.52:455][  0]LogWindows:    0. 'AMD Radeon Pro 5500M' (P:1 D:1)
[2022.11.21-02.20.52:455][  0]LogWindows:    1. 'AMD Radeon Pro 5500M' (P:0 D:0)
[2022.11.21-02.20.52:455][  0]LogWindows:    2. 'AMD Radeon Pro 5500M' (P:0 D:0)
[2022.11.21-02.20.52:455][  0]LogWindows:    3. 'AMD Radeon Pro 5500M' (P:0 D:0)
[2022.11.21-02.20.52:455][  0]LogWindows:    4. 'AMD Radeon Pro 5500M' (P:0 D:0)
[2022.11.21-02.20.52:456][  0]LogWindows:    5. 'AMD Radeon Pro 5500M' (P:0 D:0)
[2022.11.21-02.20.52:456][  0]LogWindows:    6. 'AMD Radeon Pro 5500M' (P:0 D:0)
[2022.11.21-02.20.52:456][  0]LogWindows: DebugString: GetVideoDriverDetailsInvalid PrimaryIsNotTheChoosenAdapter GetVideoDriverDetailsInvalid PrimaryIsNotTheChoosenAdapter GetVideoDriverDetailsInvalid PrimaryIsNotTheChoosenAdapter GetVideoDriverDetailsInvalid PrimaryIsNotTheChoosenAdapter GetVideoDriverDetailsInvalid PrimaryIsNotTheChoosenAdapter GetVideoDriverDetailsInvalid PrimaryIsNotTheChoosenAdapter GetVideoDriverDetailsInvalid PrimaryIsNotTheChoosenAdapter FoundDriverCount:0 
[2022.11.21-02.20.52:456][  0]LogD3D11RHI:     Adapter Name: AMD Radeon Pro 5500M
[2022.11.21-02.20.52:456][  0]LogD3D11RHI:   Driver Version: Unknown (internal:Unknown, unified:Unknown)
[2022.11.21-02.20.52:456][  0]LogD3D11RHI:      Driver Date: Unknown
[2022.11.21-02.20.52:456][  0]LogRHI: Texture pool is 1361 MB (70% of 1945 MB)
[2022.11.21-02.20.52:503][  0]LogD3D11RHI: Async texture creation enabled
[2022.11.21-02.20.52:544][  0]LogD3D11RHI: GPU Timing Frequency: 100.000000 (Debug: 2 1)
[2022.11.21-02.20.52:552][  0]LogShaderCompilers: Guid format shader working directory is -13 characters bigger than the processId version (../../../../../../Users/81806/OneDrive/ドキュメント/UE4_RPG/THE7/Intermediate/Shaders/WorkingDirectory/16136/).
[2022.11.21-02.20.52:552][  0]LogShaderCompilers: Cleaned the shader compiler working directory 'C:/Users/81806/AppData/Local/Temp/UnrealShaderWorkingDir/DBBD0D184FB848E191FE649C1D32974B/'.
[2022.11.21-02.20.52:553][  0]LogShaderCompilers: Display: Using Local Shader Compiler.
[2022.11.21-02.20.54:905][  0]LogTemp: Display: Loaded TP AllDesktopTargetPlatform
[2022.11.21-02.20.54:973][  0]LogTemp: Display: Loaded TP MacClientTargetPlatform
[2022.11.21-02.20.55:086][  0]LogTemp: Display: Loaded TP MacNoEditorTargetPlatform
[2022.11.21-02.20.55:291][  0]LogTemp: Display: Loaded TP MacServerTargetPlatform
[2022.11.21-02.20.55:433][  0]LogTemp: Display: Loaded TP MacTargetPlatform
[2022.11.21-02.20.55:503][  0]LogTemp: Display: Loaded TP WindowsClientTargetPlatform
[2022.11.21-02.20.55:572][  0]LogTemp: Display: Loaded TP WindowsNoEditorTargetPlatform
[2022.11.21-02.20.55:640][  0]LogTemp: Display: Loaded TP WindowsServerTargetPlatform
[2022.11.21-02.20.55:703][  0]LogTemp: Display: Loaded TP WindowsTargetPlatform
[2022.11.21-02.20.55:772][  0]LogTemp: Display: Loaded TP AndroidTargetPlatform
[2022.11.21-02.20.55:840][  0]LogTemp: Display: Loaded TP Android_ASTCTargetPlatform
[2022.11.21-02.20.55:908][  0]LogTemp: Display: Loaded TP Android_ATCTargetPlatform
[2022.11.21-02.20.55:976][  0]LogTemp: Display: Loaded TP Android_DXTTargetPlatform
[2022.11.21-02.20.56:043][  0]LogTemp: Display: Loaded TP Android_ETC1TargetPlatform
[2022.11.21-02.20.56:111][  0]LogTemp: Display: Loaded TP Android_ETC2TargetPlatform
[2022.11.21-02.20.56:254][  0]LogTemp: Display: Loaded TP Android_MultiTargetPlatform
[2022.11.21-02.20.56:254][  0]LogTemp: Display: Loaded TP Android_PVRTCTargetPlatform
[2022.11.21-02.20.56:312][  0]LogTemp: Display: Loaded TP HTML5TargetPlatform
[2022.11.21-02.20.56:447][  0]LogTemp: Display: Loaded TP IOSTargetPlatform
[2022.11.21-02.20.56:491][  0]LogTemp: Display: Loaded TP TVOSTargetPlatform
[2022.11.21-02.20.56:560][  0]LogTemp: Display: Loaded TP LinuxClientTargetPlatform
[2022.11.21-02.20.56:626][  0]LogTemp: Display: Loaded TP LinuxNoEditorTargetPlatform
[2022.11.21-02.20.56:691][  0]LogTemp: Display: Loaded TP LinuxServerTargetPlatform
[2022.11.21-02.20.56:758][  0]LogTemp: Display: Loaded TP LinuxTargetPlatform
[2022.11.21-02.20.56:758][  0]LogTargetPlatformManager: Display: Building Assets For Windows
[2022.11.21-02.20.57:681][  0]LogDerivedDataCache: Display: Max Cache Size: 512 MB
[2022.11.21-02.20.58:900][  0]LogDerivedDataCache: Loaded boot cache 1.22s 93MB C:/Users/81806/AppData/Local/UnrealEngine/4.17/DerivedDataCache/Boot.ddc.
[2022.11.21-02.20.58:900][  0]LogDerivedDataCache: Display: Loaded Boot cache: C:/Users/81806/AppData/Local/UnrealEngine/4.17/DerivedDataCache/Boot.ddc
[2022.11.21-02.20.58:901][  0]LogDerivedDataCache: FDerivedDataBackendGraph:  Pak pak cache file ../../../../../../Users/81806/OneDrive/ドキュメント/UE4_RPG/THE7/DerivedDataCache/DDC.ddp not found, will not use a pak cache.
[2022.11.21-02.20.58:901][  0]LogDerivedDataCache: Unable to find inner node Pak for hierarchical cache Hierarchy.
[2022.11.21-02.20.58:901][  0]LogDerivedDataCache: FDerivedDataBackendGraph:  CompressedPak pak cache file ../../../../../../Users/81806/OneDrive/ドキュメント/UE4_RPG/THE7/DerivedDataCache/Compressed.ddp not found, will not use a pak cache.
[2022.11.21-02.20.58:901][  0]LogDerivedDataCache: Unable to find inner node CompressedPak for hierarchical cache Hierarchy.
[2022.11.21-02.20.58:949][  0]LogDerivedDataCache: Display: Pak cache opened for reading ../../../Engine/DerivedDataCache/Compressed.ddp.
[2022.11.21-02.20.58:961][  0]LogDerivedDataCache: Using Local data cache path C:/Users/81806/AppData/Local/UnrealEngine/Common/DerivedDataCache: Writable
[2022.11.21-02.20.58:978][  0]LogMaterial: Verifying Global Shaders for PCD3D_SM5
[2022.11.21-02.20.58:985][  0]LogSlate: Using Freetype 2.6.0
[2022.11.21-02.20.59:029][  0]LogSlate: SlateFontCache - WITH_FREETYPE: 1, WITH_HARFBUZZ: 1
[2022.11.21-02.20.59:029][  0]LogSlate: SlateFontCache - WITH_FREETYPE: 1, WITH_HARFBUZZ: 1
[2022.11.21-02.21.00:396][  0]LogAssetRegistry: FAssetRegistry took 0.0286 seconds to start up
[2022.11.21-02.21.00:560][  0]LogInit: Selected Device Profile: [Windows]
[2022.11.21-02.21.01:411][  0]LogContentStreaming: Texture pool size is 0.00 MB
[2022.11.21-02.21.01:945][  0]LogSimplygon: Simplygon DLL not present - disabling.
[2022.11.21-02.21.02:006][  0]LogMeshReduction: Using SimplygonSwarm for distributed automatic mesh merging
[2022.11.21-02.21.02:006][  0]LogMeshReduction: Using QuadricMeshReduction for automatic static mesh reduction
[2022.11.21-02.21.02:007][  0]LogMeshReduction: No automatic skeletal mesh reduction module available
[2022.11.21-02.21.02:007][  0]LogMeshReduction: No automatic mesh merging module available
[2022.11.21-02.21.02:007][  0]LogMeshMerging: No automatic mesh merging module available
[2022.11.21-02.21.02:913][  0]LogNetVersion: THE7 , NetCL: 3573198, EngineNetVer: 2, GameNetVer: 0 (Checksum: 151110352)
[2022.11.21-02.21.03:554][  0]LogPackageLocalizationCache: Processed 5 localized package path(s) for 2 prioritized culture(s) in 0.046387 seconds
[2022.11.21-02.21.03:559][  0]LogUObjectArray: 35825 objects as part of root set at end of initial load.
[2022.11.21-02.21.03:559][  0]LogUObjectAllocator: 7529112 out of 0 bytes used by permanent object pool.
[2022.11.21-02.21.03:559][  0]LogUObjectArray: CloseDisregardForGC: 0/0 objects in disregard for GC pool
[2022.11.21-02.21.03:661][  0]LogInit: WinSock: version 1.1 (2.2), MaxSocks=32767, MaxUdp=65467
[2022.11.21-02.21.08:852][  0]LogTcpMessaging: Initializing TcpMessaging bridge
[2022.11.21-02.21.08:905][  0]LogUdpMessaging: Initializing bridge on interface 0.0.0.0:0 to multicast group 230.0.0.1:6666.
[2022.11.21-02.21.09:910][  0]LogMaterial: Uniform references updated for custom material expression Custom.
[2022.11.21-02.21.10:552][  0]SourceControl: ソースコントロールは無効です
[2022.11.21-02.21.10:552][  0]SourceControl: ソースコントロールは無効です
[2022.11.21-02.21.10:625][  0]SourceControl: ソースコントロールは無効です
[2022.11.21-02.21.10:691][  0]SourceControl: ソースコントロールは無効です
[2022.11.21-02.21.11:534][  0]LogAndroidPermission: UAndroidPermissionCallbackProxy::GetInstance
[2022.11.21-02.21.11:863][  0]LogOcInput: OculusInput pre-init called
[2022.11.21-02.21.12:237][  0]LogEngine: Initializing Engine...
[2022.11.21-02.21.12:240][  0]LogHMD: Failed to initialize OpenVR with code 110
[2022.11.21-02.21.12:606][  0]LogStats: UGameplayTagsManager::ConstructGameplayTagTree: Construct from data asset -  0.000 s
[2022.11.21-02.21.12:606][  0]LogStats: UGameplayTagsManager::ConstructGameplayTagTree: GameplayTagTreeChangedEvent.Broadcast -  0.000 s
[2022.11.21-02.21.12:856][  0]LogAIModule: Creating AISystem for world Untitled
[2022.11.21-02.21.12:887][  0]LogInit: XAudio2 using 'スピーカー (Apple Audio Device)' : 2 channels at 48 kHz using 16 bits per sample (channel mask 0x3)
[2022.11.21-02.21.12:967][  0]LogInit: FAudioDevice initialized.
[2022.11.21-02.21.13:024][  0]LogDerivedDataCache: Saved boot cache 0.06s 93MB C:/Users/81806/AppData/Local/UnrealEngine/4.17/DerivedDataCache/Boot.ddc.
[2022.11.21-02.21.13:030][  0]LogInit: Texture streaming: Enabled
[2022.11.21-02.21.13:215][  0]LogEngineSessionManager: EngineSessionManager initialized
[2022.11.21-02.21.13:554][  0]LogInit: Transaction tracking system initialized
[2022.11.21-02.21.14:017][  0]BlueprintLog: New page: エディタの読み込み
[2022.11.21-02.21.15:381][  0]LocalizationService: ローカライズのサービスが無効になりました
[2022.11.21-02.21.16:150][  0]LogLinker: Warning: ファイル '/Game/ThirdPersonBP/ThirdPersonOverview' が見つかりません
[2022.11.21-02.21.16:151][  0]LogLinker: Warning: ファイル '/Game/ThirdPersonBP/ThirdPersonOverview' が見つかりません
[2022.11.21-02.21.16:151][  0]LogUObjectGlobals: Warning: オブジェクト 'Class /Game/ThirdPersonBP/ThirdPersonOverview.ThirdPersonOverview_C' が見つかりませんでした
[2022.11.21-02.21.16:413][  0]LogConsoleResponse: Display: 
[2022.11.21-02.21.17:476][  0]LogCook: Display: Max memory allowance for cook 16384mb min free memory 0mb
[2022.11.21-02.21.17:476][  0]LogCook: Display: Mobile HDR setting 1
[2022.11.21-02.21.17:478][  0]LogGameplayTags: Display: UGameplayTagsManager::DoneAddingNativeTags. DelegateIsBound: 0
[2022.11.21-02.21.18:503][  0]LogFileCache: Scanning file cache for directory 'C:/Users/81806/OneDrive/ドキュメント/UE4_RPG/THE7/Content/' took 0.02s
[2022.11.21-02.21.19:063][  0]SourceControl: ソースコントロールは無効です
[2022.11.21-02.21.19:066][  0]Cmd: MAP LOAD FILE="../../../../../../Users/81806/OneDrive/ドキュメント/UE4_RPG/THE7/Content/StarterContent/Maps/Minimal_Default.umap" TEMPLATE=0 SHOWPROGRESS=1 FEATURELEVEL=3
[2022.11.21-02.21.19:457][  0]LightingResults: New page: ライティングのビルド
[2022.11.21-02.21.19:572][  0]MapCheck: New page: マップをチェック
[2022.11.21-02.21.19:573][  0]LightingResults: New page: <何も選択されていません>
[2022.11.21-02.21.20:648][  0]LogAIModule: Creating AISystem for world Minimal_Default
[2022.11.21-02.21.20:680][  0]LogEditorServer: Finished looking for orphan Actors (0.000 secs)
[2022.11.21-02.21.20:701][  0]Cmd: MAP CHECKDEP NOCLEARLOG
[2022.11.21-02.21.20:752][  0]MapCheck: マップチェックが完了: 0 エラー、 0 警告、完了に 50.806ミリ秒かかりました。
[2022.11.21-02.21.20:752][  0]LogFileHelpers: Loading map 'Minimal_Default' took 1.687
[2022.11.21-02.21.21:146][  0]LogCollectionManager: Loaded 0 collections in 0.001435 seconds
[2022.11.21-02.21.21:277][  0]LogFileCache: Scanning file cache for directory 'C:/Users/81806/OneDrive/ドキュメント/UE4_RPG/THE7/Saved/Collections/' took 0.01s
[2022.11.21-02.21.21:277][  0]LogFileCache: Scanning file cache for directory 'C:/Users/81806/OneDrive/ドキュメント/UE4_RPG/THE7/Content/Developers/小浜大和/Collections/' took 0.01s
[2022.11.21-02.21.21:277][  0]LogFileCache: Scanning file cache for directory 'C:/Users/81806/OneDrive/ドキュメント/UE4_RPG/THE7/Content/Collections/' took 0.01s
[2022.11.21-02.21.21:277][  0]LogCollectionManager: Rebuilt the GUID cache for 0 collections in 0.000000 seconds
[2022.11.21-02.21.21:287][  0]LogContentBrowser: Native class hierarchy populated in 0.0076 seconds. Added 2386 classes and 500 folders.
[2022.11.21-02.21.21:385][  0]LogContentBrowser: Native class hierarchy updated for 'WidgetCarousel' in 0.0009 seconds. Added 0 classes and 0 folders.
[2022.11.21-02.21.22:217][  0]LogContentBrowser: Native class hierarchy updated for 'AddContentDialog' in 0.0021 seconds. Added 0 classes and 0 folders.
[2022.11.21-02.21.22:540][  0]LogContentBrowser: Native class hierarchy updated for 'SceneOutliner' in 0.0006 seconds. Added 1 classes and 2 folders.
[2022.11.21-02.21.22:618][  0]LogContentBrowser: Native class hierarchy updated for 'WorldBrowser' in 0.0006 seconds. Added 2 classes and 3 folders.
[2022.11.21-02.21.22:848][  0]LogSlate: Took 0.005661 seconds to synchronously load lazily loaded font '../../../Engine/Content/Slate/Fonts/Roboto-Regular.ttf' (155K)
[2022.11.21-02.21.22:882][  0]LogSlate: Took 0.033167 seconds to synchronously load lazily loaded font '../../../Engine/Content/Slate/Fonts/DroidSansFallback.ttf' (3848K)
[2022.11.21-02.21.22:888][  0]LogSlate: Took 0.004649 seconds to synchronously load lazily loaded font '../../../Engine/Content/Slate/Fonts/Roboto-Bold.ttf' (160K)
[2022.11.21-02.21.22:898][  0]LogSlate: Took 0.005624 seconds to synchronously load lazily loaded font '../../../Engine/Content/Editor/Slate/Fonts/FontAwesome.ttf' (139K)
[2022.11.21-02.21.23:083][  0]LogRenderer: Reallocating scene render targets to support 924x496 Format 10 NumSamples 1 (Frame:1).
[2022.11.21-02.21.23:380][  0]LogContentBrowser: Native class hierarchy updated for 'HierarchicalLODOutliner' in 0.0006 seconds. Added 1 classes and 2 folders.
[2022.11.21-02.21.23:380][  0]LogLoad: (Engine Initialization) Total time: 39.31 seconds
[2022.11.21-02.21.23:380][  0]LogLoad: (Engine Initialization) Total Blueprint compile time: 0.00 seconds
[2022.11.21-02.21.23:381][  0]LogExternalProfiler: No external profilers were discovered.  External profiling features will not be available.
[2022.11.21-02.21.23:425][  0]LogContentStreaming: Texture pool size now 1000 MB
[2022.11.21-02.21.23:503][  0]LogSlate: Took 0.005086 seconds to synchronously load lazily loaded font '../../../Engine/Content/Slate/Fonts/Roboto-Light.ttf' (159K)
[2022.11.21-02.21.23:629][  1]LogAssetRegistry: Asset discovery search completed in 23.2551 seconds
[2022.11.21-02.21.23:630][  1]LogCollectionManager: Rebuilt the object cache for 0 collections in 0.000001 seconds (found 0 objects)
[2022.11.21-02.21.23:630][  1]LogCollectionManager: Fixed up redirectors for 0 collections in 0.000037 seconds (updated 0 objects)
[2022.11.21-02.21.30:856][425]LogSlate: Took 0.000182 seconds to synchronously load lazily loaded font '../../../Engine/Content/Slate/Fonts/Roboto-Light.ttf' (159K)
[2022.11.21-02.21.31:666][425]LogAIModule: Creating AISystem for world Game_Main
[2022.11.21-02.21.31:695][425]Cmd: MAP LOAD FILE="../../../../../../Users/81806/OneDrive/ドキュメント/UE4_RPG/THE7/Content/Map/Game_Main.umap" TEMPLATE=0 SHOWPROGRESS=1 FEATURELEVEL=3
[2022.11.21-02.21.31:695][425]LightingResults: New page: ライティングのビルド
[2022.11.21-02.21.31:696][425]LoadErrors: New page: マップをロード中: Game_Main.umap
[2022.11.21-02.21.31:699][425]MapCheck: New page: マップをチェック
[2022.11.21-02.21.31:699][425]LightingResults: New page: <何も選択されていません>
[2022.11.21-02.21.31:715][425]LogStreaming: Display: ULevelStreaming::RequestLevel(/Game/Map/Floor1) is flushing async loading
[2022.11.21-02.21.32:088][425]LogStreaming: Display: ULevelStreaming::RequestLevel(/Game/Map/Floor3) is flushing async loading
[2022.11.21-02.21.32:141][425]LogStreaming: Display: ULevelStreaming::RequestLevel(/Game/Map/Floor4) is flushing async loading
[2022.11.21-02.21.32:218][425]LogStreaming: Display: ULevelStreaming::RequestLevel(/Game/Map/Floor5) is flushing async loading
[2022.11.21-02.21.32:618][425]LogSlate: Took 0.000140 seconds to synchronously load lazily loaded font '../../../Engine/Content/Slate/Fonts/Roboto-Regular.ttf' (155K)
[2022.11.21-02.21.32:624][425]LogEditorServer: Finished looking for orphan Actors (0.000 secs)
[2022.11.21-02.21.32:668][425]Cmd: MAP CHECKDEP NOCLEARLOG
[2022.11.21-02.21.32:730][425]MapCheck: マップチェックが完了: 0 エラー、 0 警告、完了に 61.856ミリ秒かかりました。
[2022.11.21-02.21.32:730][425]LogFileHelpers: Loading map 'Game_Main' took 1.036
[2022.11.21-02.22.04:412][735]Cmd: POLY SELECT ADJACENT WALLS
[2022.11.21-02.22.22:290][525]LogEditorViewport: Clicking on Actor (context menu): BP_Torch_C (BP_Torch248)
[2022.11.21-02.22.23:418][582]LogEditorViewport: Clicking Background
[2022.11.21-02.22.27:764][786]LogEditorViewport: Clicking on Actor (LMB): BP_Torch_C (BP_Torch248)
[2022.11.21-02.22.38:838][264]LogEditorViewport: Clicking Background
[2022.11.21-02.22.41:085][365]LogEditorViewport: Clicking on Actor (LMB): BP_Torch_C (BP_Torch248)
[2022.11.21-02.22.47:891][666]LogEditorViewport: Clicking Background
[2022.11.21-02.22.56:425][ 54]LogEditorViewport: Clicking on Actor (LMB): BP_Torch_C (BP_Torch250)
[2022.11.21-02.23.04:991][429]LogEditorViewport: Clicking Background
[2022.11.21-02.23.09:466][625]LogEditorViewport: Clicking on Actor (LMB): BP_Torch_C (BP_Torch267)
[2022.11.21-02.23.16:175][915]LogEditorViewport: Clicking Background
[2022.11.21-02.23.21:428][141]LogEditorViewport: Clicking on Actor (LMB): StaticMeshActor (wall_box871)
[2022.11.21-02.23.23:647][219]LogEditorViewport: Clicking on Actor (LMB): StaticMeshActor (wall_box875)
[2022.11.21-02.23.24:538][256]LogEditorViewport: Clicking on Actor (LMB): BP_Torch_C (BP_Torch251)
[2022.11.21-02.23.32:101][591]LogEditorViewport: Clicking Background
[2022.11.21-02.23.35:745][751]LogEditorViewport: Clicking on Actor (LMB): BP_Torch_C (BP_Torch253)
[2022.11.21-02.23.39:668][923]LogEditorViewport: Clicking Background
[2022.11.21-02.23.40:576][966]LogEditorViewport: Clicking on Actor (LMB): BP_Torch_C (BP_Torch253)
[2022.11.21-02.23.48:649][315]LogEditorViewport: Clicking on Actor (LMB): StaticMeshActor (plane1467)
[2022.11.21-02.23.53:370][525]Cmd: TRANSACTION UNDO
[2022.11.21-02.23.53:370][525]LogEditorTransaction: Undo アクタ を移動
[2022.11.21-02.23.53:394][525]LogSlate: Took 0.000149 seconds to synchronously load lazily loaded font '../../../Engine/Content/Slate/Fonts/Roboto-Light.ttf' (159K)
[2022.11.21-02.23.54:273][561]LogEditorViewport: Clicking Background
[2022.11.21-02.23.55:159][602]LogEditorViewport: Clicking on Actor (LMB): BP_Torch_C (BP_Torch258)
[2022.11.21-02.24.05:882][ 36]LogEditorViewport: Clicking on Actor (LMB): BP_Torch_C (BP_Torch256)
[2022.11.21-02.24.15:683][471]LogEditorViewport: Clicking Background
[2022.11.21-02.24.17:917][569]LogEditorViewport: Clicking on Actor (LMB): StaticMeshActor (wall_box979)
[2022.11.21-02.24.21:747][735]LogEditorViewport: Clicking on Actor (LMB): BP_Torch_C (BP_Torch256)
[2022.11.21-02.24.26:807][956]LogEditorViewport: Clicking Background
[2022.11.21-02.24.29:629][ 92]LogEditorViewport: Clicking on Actor (LMB): StaticMeshActor (wall_box979)
[2022.11.21-02.24.44:096][719]LogEditorViewport: Clicking Background
[2022.11.21-02.24.48:501][927]LogEditorViewport: Clicking on Actor (context menu): StaticMeshActor (wall_box961)
[2022.11.21-02.24.49:269][966]LogEditorViewport: Clicking Background
[2022.11.21-02.24.49:967][992]LogEditorViewport: Clicking on Actor (LMB): BP_Torch_C (BP_Torch256)
[2022.11.21-02.24.51:047][ 37]Cmd: DUPLICATE
[2022.11.21-02.24.51:047][ 37]Cmd: ACTOR DUPLICATE
[2022.11.21-02.25.06:514][664]LogEditorViewport: Clicking on Actor (LMB): StaticMeshActor (wall_box929)
[2022.11.21-02.25.08:049][724]LogEditorViewport: Clicking Background
[2022.11.21-02.25.10:458][818]LogEditorViewport: Clicking on Actor (LMB): BP_Torch_C (BP_Torch254)
[2022.11.21-02.25.35:726][931]LogEditorViewport: Clicking on Actor (LMB): BP_Torch_C (BP_Torch234)
[2022.11.21-02.25.43:400][259]LogEditorViewport: Clicking Background
[2022.11.21-02.25.57:407][909]LogEditorViewport: Clicking on Actor (LMB): BP_Torch_C (BP_Torch241)
[2022.11.21-02.26.05:507][265]LogEditorViewport: Clicking Background
[2022.11.21-02.26.08:957][430]LogEditorViewport: Clicking on Actor (LMB): BP_Torch_C (BP_Torch239)
[2022.11.21-02.26.14:830][690]LogEditorViewport: Clicking Background
[2022.11.21-02.26.22:319][ 56]LogEditorViewport: Clicking Background
[2022.11.21-02.31.30:976][ 65]LogSavePackage: Save=24.26ms
[2022.11.21-02.31.30:976][ 65]LogSavePackage: Moving '../../../../../../Users/81806/OneDrive/ドキュメント/UE4_RPG/THE7/Saved/Game_Main_Auto1F35F37544D6AE8B0898CCDB1700CEA0F.tmp' to '../../../../../../Users/81806/OneDrive/ドキュメント/UE4_RPG/THE7/Saved/Autosaves/Game/Map/Game_Main_Auto1.umap'
[2022.11.21-02.31.30:977][ 65]LogSavePackage: Display: Finished SavePackage ../../../../../../Users/81806/OneDrive/ドキュメント/UE4_RPG/THE7/Saved/Autosaves/Game/Map/Game_Main_Auto1.umap
[2022.11.21-02.31.30:983][ 65]Cmd: OBJ SAVEPACKAGE PACKAGE="/Game/Map/Floor5" FILE="../../../../../../Users/81806/OneDrive/ドキュメント/UE4_RPG/THE7/Saved/Autosaves/Game/Map/Floor5_Auto1.umap" SILENT=true AUTOSAVING=true KEEPDIRTY=false
[2022.11.21-02.31.32:456][ 65]LogSavePackage: Save=1464.72ms
[2022.11.21-02.31.32:456][ 65]LogSavePackage: Moving '../../../../../../Users/81806/OneDrive/ドキュメント/UE4_RPG/THE7/Saved/Floor5_Auto11E44033E42924B9C1E4E439949CDE40E.tmp' to '../../../../../../Users/81806/OneDrive/ドキュメント/UE4_RPG/THE7/Saved/Autosaves/Game/Map/Floor5_Auto1.umap'
[2022.11.21-02.31.32:458][ 65]LogSavePackage: Display: Finished SavePackage ../../../../../../Users/81806/OneDrive/ドキュメント/UE4_RPG/THE7/Saved/Autosaves/Game/Map/Floor5_Auto1.umap
[2022.11.21-02.31.32:462][ 65]LogFileHelpers: Editor autosave (incl. sublevels) for '/Game/Map/Game_Main' took 1.552
[2022.11.21-02.31.32:462][ 65]LogFileHelpers: Editor autosave (incl. sublevels) for all levels took 1.552
[2022.11.21-02.36.05:868][808]Cmd: OBJ SAVEPACKAGE PACKAGE="/Game/Map/Floor5" FILE="../../../../../../Users/81806/OneDrive/ドキュメント/UE4_RPG/THE7/Content/Map/Floor5.umap" SILENT=true AUTOSAVING=false KEEPDIRTY=false
[2022.11.21-02.36.07:456][808]LogSavePackage: Save=1563.42ms
[2022.11.21-02.36.07:456][808]LogSavePackage: Moving '../../../../../../Users/81806/OneDrive/ドキュメント/UE4_RPG/THE7/Saved/Floor510616B9241BAD4D92724C8AA149CBF7D.tmp' to '../../../../../../Users/81806/OneDrive/ドキュメント/UE4_RPG/THE7/Content/Map/Floor5.umap'
[2022.11.21-02.36.07:460][808]LogSavePackage: Display: Finished SavePackage ../../../../../../Users/81806/OneDrive/ドキュメント/UE4_RPG/THE7/Content/Map/Floor5.umap
[2022.11.21-02.36.07:463][808]LogFileHelpers: Saving map 'Floor5' took 1.690
[2022.11.21-02.36.07:533][808]Cmd: OBJ SAVEPACKAGE PACKAGE="/Game/Map/Game_Main" FILE="../../../../../../Users/81806/OneDrive/ドキュメント/UE4_RPG/THE7/Content/Map/Game_Main.umap" SILENT=true AUTOSAVING=false KEEPDIRTY=false
[2022.11.21-02.36.07:581][808]LogSavePackage: Save=21.51ms
[2022.11.21-02.36.07:581][808]LogSavePackage: Moving '../../../../../../Users/81806/OneDrive/ドキュメント/UE4_RPG/THE7/Saved/Game_Main6B14FC9643736B2FD8BA228C21A9FDDE.tmp' to '../../../../../../Users/81806/OneDrive/ドキュメント/UE4_RPG/THE7/Content/Map/Game_Main.umap'
[2022.11.21-02.36.07:584][808]LogSavePackage: Display: Finished SavePackage ../../../../../../Users/81806/OneDrive/ドキュメント/UE4_RPG/THE7/Content/Map/Game_Main.umap
[2022.11.21-02.36.07:598][808]LogFileHelpers: Saving map 'Game_Main' took 0.131
[2022.11.21-02.36.07:829][809]Cmd: QUIT_EDITOR
[2022.11.21-02.36.07:874][809]LogWindowsTextInputMethodSystem: Display: IME system now activated using TSF (Microsoft IME).
[2022.11.21-02.36.07:885][809]LogExit: Preparing to exit.
[2022.11.21-02.36.08:490][809]LogDirectoryWatcher: A directory notification for 'C:/Users/81806/OneDrive/ドキュメント/UE4_RPG/THE7/Content/' was aborted.
[2022.11.21-02.36.08:532][809]LogExit: Editor shut down
[2022.11.21-02.36.08:535][809]LogExit: Transaction tracking system shut down
[2022.11.21-02.36.08:690][809]LogDirectoryWatcher: A directory notification for '../../../Engine/Content/' was aborted.
[2022.11.21-02.36.08:690][809]LogDirectoryWatcher: A directory notification for '../../../../../../Users/81806/OneDrive/ドキュメント/UE4_RPG/THE7/Content/' was aborted.
[2022.11.21-02.36.08:690][809]LogDirectoryWatcher: A directory notification for '../../../Engine/Plugins/2D/Paper2D/Content/' was aborted.
[2022.11.21-02.36.08:690][809]LogDirectoryWatcher: A directory notification for '../../../Engine/Plugins/Runtime/Oculus/OculusVR/Content/' was aborted.
[2022.11.21-02.36.08:690][809]LogDirectoryWatcher: A directory notification for '../../../Engine/Plugins/Runtime/Steam/SteamVR/Content/' was aborted.
[2022.11.21-02.36.08:776][809]LogExit: Object subsystem successfully closed.
[2022.11.21-02.36.08:803][809]LogD3D11RHI: Shutdown
[2022.11.21-02.36.08:803][809]LogD3D11RHI: CleanupD3DDevice
[2022.11.21-02.36.09:007][809]LogD3D11RHI: ~FD3D11DynamicRHI
[2022.11.21-02.36.09:030][809]LogModuleManager: Shutting down and abandoning module HierarchicalLODOutliner (532)
[2022.11.21-02.36.09:030][809]LogModuleManager: Shutting down and abandoning module WorldBrowser (530)
[2022.11.21-02.36.09:030][809]LogModuleManager: Shutting down and abandoning module SceneOutliner (528)
[2022.11.21-02.36.09:030][809]LogModuleManager: Shutting down and abandoning module AddContentDialog (526)
[2022.11.21-02.36.09:030][809]LogDirectoryWatcher: A directory notification for 'C:/Program Files/Epic Games/UE_4.17/FeaturePacks/' was aborted.
[2022.11.21-02.36.09:031][809]LogModuleManager: Shutting down and abandoning module WidgetCarousel (525)
[2022.11.21-02.36.09:031][809]LogModuleManager: Shutting down and abandoning module EditorWidgets (522)
[2022.11.21-02.36.09:031][809]LogModuleManager: Shutting down and abandoning module CollectionManager (520)
[2022.11.21-02.36.09:031][809]LogDirectoryWatcher: A directory notification for 'C:/Users/81806/OneDrive/ドキュメント/UE4_RPG/THE7/Content/Collections/' was aborted.
[2022.11.21-02.36.09:031][809]LogDirectoryWatcher: A directory notification for 'C:/Users/81806/OneDrive/ドキュメント/UE4_RPG/THE7/Content/Developers/小浜大和/Collections/' was aborted.
[2022.11.21-02.36.09:031][809]LogDirectoryWatcher: A directory notification for 'C:/Users/81806/OneDrive/ドキュメント/UE4_RPG/THE7/Saved/Collections/' was aborted.
[2022.11.21-02.36.09:031][809]LogModuleManager: Shutting down and abandoning module StatsViewer (518)
[2022.11.21-02.36.09:031][809]LogModuleManager: Shutting down and abandoning module FoliageEdit (516)
[2022.11.21-02.36.09:031][809]LogModuleManager: Shutting down and abandoning module LandscapeEditor (514)
[2022.11.21-02.36.09:031][809]LogModuleManager: Shutting down and abandoning module MeshPaintMode (512)
[2022.11.21-02.36.09:031][809]LogModuleManager: Shutting down and abandoning module SceneDepthPickerMode (510)
[2022.11.21-02.36.09:031][809]LogModuleManager: Shutting down and abandoning module ActorPickerMode (508)
[2022.11.21-02.36.09:031][809]LogModuleManager: Shutting down and abandoning module GeometryMode (506)
[2022.11.21-02.36.09:031][809]LogModuleManager: Shutting down and abandoning module TextureAlignMode (504)
[2022.11.21-02.36.09:031][809]LogModuleManager: Shutting down and abandoning module BspMode (502)
[2022.11.21-02.36.09:031][809]LogModuleManager: Shutting down and abandoning module PIEPreviewDeviceProfileSelector (500)
[2022.11.21-02.36.09:031][809]LogModuleManager: Shutting down and abandoning module HardwareSurvey (498)
[2022.11.21-02.36.09:031][809]LogModuleManager: Shutting down and abandoning module SequenceRecorderSections (496)
[2022.11.21-02.36.09:031][809]LogModuleManager: Shutting down and abandoning module AutomationWorker (494)
[2022.11.21-02.36.09:031][809]LogModuleManager: Shutting down and abandoning module MatineeToLevelSequence (492)
[2022.11.21-02.36.09:031][809]LogModuleManager: Shutting down and abandoning module LevelSequenceEditor (490)
[2022.11.21-02.36.09:032][809]LogModuleManager: Shutting down and abandoning module PlacementMode (489)
[2022.11.21-02.36.09:032][809]LogModuleManager: Shutting down and abandoning module WmfMediaFactory (486)
[2022.11.21-02.36.09:032][809]LogModuleManager: Shutting down and abandoning module WmfMediaEditor (484)
[2022.11.21-02.36.09:032][809]LogModuleManager: Shutting down and abandoning module AvfMediaFactory (482)
[2022.11.21-02.36.09:032][809]LogModuleManager: Shutting down and abandoning module AvfMediaEditor (480)
[2022.11.21-02.36.09:032][809]LogModuleManager: Shutting down and abandoning module AndroidMediaFactory (478)
[2022.11.21-02.36.09:032][809]LogModuleManager: Shutting down and abandoning module Media (477)
[2022.11.21-02.36.09:032][809]LogModuleManager: Shutting down and abandoning module AndroidMediaEditor (474)
[2022.11.21-02.36.09:032][809]LogModuleManager: Shutting down and abandoning module CharacterAI (472)
[2022.11.21-02.36.09:032][809]LogModuleManager: Shutting down and abandoning module AudioCapture (470)
[2022.11.21-02.36.09:032][809]LogModuleManager: Shutting down and abandoning module SequenceRecorder (469)
[2022.11.21-02.36.09:032][809]LogModuleManager: Shutting down and abandoning module SmartSnapping (466)
[2022.11.21-02.36.09:032][809]LogModuleManager: Shutting down and abandoning module SessionServices (464)
[2022.11.21-02.36.09:032][809]LogModuleManager: Shutting down and abandoning module ViewportSnapping (462)
[2022.11.21-02.36.09:032][809]LogModuleManager: Shutting down and abandoning module ViewportInteraction (460)
[2022.11.21-02.36.09:033][809]LogModuleManager: Shutting down and abandoning module ClothPainter (458)
[2022.11.21-02.36.09:033][809]LogModuleManager: Shutting down and abandoning module LogVisualizer (456)
[2022.11.21-02.36.09:033][809]LogModuleManager: Shutting down and abandoning module IntroTutorials (454)
[2022.11.21-02.36.09:033][809]LogModuleManager: Shutting down and abandoning module GameProjectGeneration (453)
[2022.11.21-02.36.09:034][809]LogModuleManager: Shutting down and abandoning module IOSPlatformEditor (450)
[2022.11.21-02.36.09:034][809]LogModuleManager: Shutting down and abandoning module HTML5PlatformEditor (448)
[2022.11.21-02.36.09:034][809]LogModuleManager: Shutting down and abandoning module AndroidPlatformEditor (446)
[2022.11.21-02.36.09:034][809]LogModuleManager: Shutting down and abandoning module AndroidDeviceDetection (445)
[2022.11.21-02.36.09:402][809]LogModuleManager: Shutting down and abandoning module WindowsPlatformEditor (442)
[2022.11.21-02.36.09:402][809]LogModuleManager: Shutting down and abandoning module IOSRuntimeSettings (440)
[2022.11.21-02.36.09:402][809]LogModuleManager: Shutting down and abandoning module AndroidRuntimeSettings (438)
[2022.11.21-02.36.09:402][809]LogModuleManager: Shutting down and abandoning module InputBindingEditor (436)
[2022.11.21-02.36.09:403][809]LogModuleManager: Shutting down and abandoning module MergeActors (434)
[2022.11.21-02.36.09:403][809]LogModuleManager: Shutting down and abandoning module SizeMap (432)
[2022.11.21-02.36.09:403][809]LogModuleManager: Shutting down and abandoning module TreeMap (430)
[2022.11.21-02.36.09:403][809]LogModuleManager: Shutting down and abandoning module ReferenceViewer (428)
[2022.11.21-02.36.09:403][809]LogModuleManager: Shutting down and abandoning module LocalizationDashboard (426)
[2022.11.21-02.36.09:404][809]LogModuleManager: Shutting down and abandoning module LocalizationService (425)
[2022.11.21-02.36.09:404][809]LogModuleManager: Shutting down and abandoning module HardwareTargeting (422)
[2022.11.21-02.36.09:404][809]LogModuleManager: Shutting down and abandoning module DeviceProfileEditor (420)
[2022.11.21-02.36.09:404][809]LogModuleManager: Shutting down and abandoning module UndoHistory (418)
[2022.11.21-02.36.09:404][809]LogModuleManager: Shutting down and abandoning module XmlParser (416)
[2022.11.21-02.36.09:404][809]LogModuleManager: Shutting down and abandoning module Blutility (414)
[2022.11.21-02.36.09:404][809]LogModuleManager: Shutting down and abandoning module ProjectSettingsViewer (412)
[2022.11.21-02.36.09:404][809]LogModuleManager: Shutting down and abandoning module ProjectTargetPlatformEditor (411)
[2022.11.21-02.36.09:404][809]LogModuleManager: Shutting down and abandoning module EditorSettingsViewer (408)
[2022.11.21-02.36.09:404][809]LogModuleManager: Shutting down and abandoning module SettingsEditor (406)
[2022.11.21-02.36.09:404][809]LogModuleManager: Shutting down and abandoning module ProjectLauncher (404)
[2022.11.21-02.36.09:405][809]LogModuleManager: Shutting down and abandoning module SessionFrontend (402)
[2022.11.21-02.36.09:405][809]LogModuleManager: Shutting down and abandoning module ProfilerClient (400)
[2022.11.21-02.36.09:405][809]LogModuleManager: Shutting down and abandoning module DeviceManager (398)
[2022.11.21-02.36.09:405][809]LogModuleManager: Shutting down and abandoning module TargetDeviceServices (397)
[2022.11.21-02.36.09:460][809]LogModuleManager: Shutting down and abandoning module AutomationController (394)
[2022.11.21-02.36.09:460][809]LogModuleManager: Shutting down and abandoning module AutomationWindow (392)
[2022.11.21-02.36.09:461][809]LogModuleManager: Shutting down and abandoning module Layers (390)
[2022.11.21-02.36.09:462][809]LogModuleManager: Shutting down and abandoning module ComponentVisualizers (388)
[2022.11.21-02.36.09:462][809]LogModuleManager: Shutting down and abandoning module DetailCustomizations (386)
[2022.11.21-02.36.09:462][809]LogModuleManager: Shutting down and abandoning module PackagesDialog (384)
[2022.11.21-02.36.09:462][809]LogModuleManager: Shutting down and abandoning module Persona (382)
[2022.11.21-02.36.09:463][809]LogModuleManager: Shutting down and abandoning module AdvancedPreviewScene (381)
[2022.11.21-02.36.09:463][809]LogModuleManager: Shutting down and abandoning module AnimGraph (379)
[2022.11.21-02.36.09:463][809]LogModuleManager: Shutting down and abandoning module Kismet (376)
[2022.11.21-02.36.09:464][809]LogModuleManager: Shutting down and abandoning module ClassViewer (374)
[2022.11.21-02.36.09:464][809]LogModuleManager: Shutting down and abandoning module Toolbox (372)
[2022.11.21-02.36.09:464][809]LogModuleManager: Shutting down and abandoning module ModuleUI (370)
[2022.11.21-02.36.09:464][809]LogModuleManager: Shutting down and abandoning module MovieSceneTools (368)
[2022.11.21-02.36.09:464][809]LogModuleManager: Shutting down and abandoning module OutputLog (366)
[2022.11.21-02.36.09:465][809]LogModuleManager: Shutting down and abandoning module GammaUI (364)
[2022.11.21-02.36.09:465][809]LogModuleManager: Shutting down and abandoning module Documentation (362)
[2022.11.21-02.36.09:465][809]LogModuleManager: Shutting down and abandoning module MovieSceneTracks (360)
[2022.11.21-02.36.09:465][809]LogModuleManager: Shutting down and abandoning module MovieScene (358)
[2022.11.21-02.36.09:465][809]LogModuleManager: Shutting down and abandoning module Niagara (356)
[2022.11.21-02.36.09:465][809]LogModuleManager: Shutting down and abandoning module NiagaraEditor (355)
[2022.11.21-02.36.09:466][809]LogModuleManager: Shutting down and abandoning module StreamingPauseRendering (352)
[2022.11.21-02.36.09:466][809]LogModuleManager: Shutting down and abandoning module LauncherPlatform (350)
[2022.11.21-02.36.09:466][809]LogModuleManager: Shutting down and abandoning module AnalyticsET (348)
[2022.11.21-02.36.09:466][809]LogModuleManager: Shutting down and abandoning module PortalServices (346)
[2022.11.21-02.36.09:466][809]LogModuleManager: Shutting down and abandoning module PortalRpc (344)
[2022.11.21-02.36.09:466][809]LogModuleManager: Shutting down and abandoning module MessagingRpc (342)
[2022.11.21-02.36.09:466][809]LogModuleManager: Shutting down and abandoning module AIModule (340)
[2022.11.21-02.36.09:466][809]LogModuleManager: Shutting down and abandoning module GameplayDebugger (339)
[2022.11.21-02.36.09:466][809]LogModuleManager: Shutting down and abandoning module AITestSuite (337)
[2022.11.21-02.36.09:466][809]LogModuleManager: Shutting down and abandoning module ProfilerService (334)
[2022.11.21-02.36.09:478][809]LogModuleManager: Shutting down and abandoning module TaskGraph (332)
[2022.11.21-02.36.09:478][809]LogModuleManager: Shutting down and abandoning module SteamVRController (330)
[2022.11.21-02.36.09:478][809]LogModuleManager: Shutting down and abandoning module ProceduralMeshComponentEditor (328)
[2022.11.21-02.36.09:479][809]LogModuleManager: Shutting down and abandoning module ProceduralMeshComponent (326)
[2022.11.21-02.36.09:479][809]LogModuleManager: Shutting down and abandoning module OculusInput (324)
[2022.11.21-02.36.09:479][809]LogModuleManager: Shutting down and abandoning module MobilePatchingUtils (322)
[2022.11.21-02.36.09:479][809]LogModuleManager: Shutting down and abandoning module CustomMeshComponent (320)
[2022.11.21-02.36.09:479][809]LogModuleManager: Shutting down and abandoning module CableComponent (318)
[2022.11.21-02.36.09:479][809]LogModuleManager: Shutting down and abandoning module ArchVisCharacter (316)
[2022.11.21-02.36.09:479][809]LogModuleManager: Shutting down and abandoning module AndroidPermission (314)
[2022.11.21-02.36.09:479][809]LogModuleManager: Shutting down and abandoning module MediaPlayerEditor (310)
[2022.11.21-02.36.09:479][809]LogModuleManager: Shutting down and abandoning module HTML5Networking (308)
[2022.11.21-02.36.09:479][809]LogModuleManager: Shutting down and abandoning module AlembicImporter (306)
[2022.11.21-02.36.09:479][809]LogModuleManager: Shutting down and abandoning module AlembicLibrary (305)
[2022.11.21-02.36.09:479][809]LogModuleManager: Shutting down and abandoning module GeometryCache (304)
[2022.11.21-02.36.09:479][809]LogModuleManager: Shutting down and abandoning module GeometryCacheEd (303)
[2022.11.21-02.36.09:480][809]LogModuleManager: Shutting down and abandoning module SpeedTreeImporter (298)
[2022.11.21-02.36.09:480][809]LogModuleManager: Shutting down and abandoning module PluginBrowser (296)
[2022.11.21-02.36.09:480][809]LogModuleManager: Shutting down and abandoning module MobileLauncherProfileWizard (294)
[2022.11.21-02.36.09:480][809]LogModuleManager: Shutting down and abandoning module VisualStudioSourceCodeAccess (292)
[2022.11.21-02.36.09:480][809]LogModuleManager: Shutting down and abandoning module DesktopPlatform (291)
[2022.11.21-02.36.09:480][809]LogModuleManager: Shutting down and abandoning module UObjectPlugin (288)
[2022.11.21-02.36.09:480][809]LogModuleManager: Shutting down and abandoning module SubversionSourceControl (286)
[2022.11.21-02.36.09:480][809]LogModuleManager: Shutting down and abandoning module PerforceSourceControl (284)
[2022.11.21-02.36.09:480][809]LogModuleManager: Shutting down and abandoning module GitSourceControl (282)
[2022.11.21-02.36.09:480][809]LogModuleManager: Shutting down and abandoning module SourceControl (281)
[2022.11.21-02.36.09:481][809]LogModuleManager: Shutting down and abandoning module LightPropagationVolumeEditor (278)
[2022.11.21-02.36.09:481][809]LogModuleManager: Shutting down and abandoning module PaperTiledImporter (276)
[2022.11.21-02.36.09:481][809]LogModuleManager: Shutting down and abandoning module PaperSpriteSheetImporter (274)
[2022.11.21-02.36.09:481][809]LogModuleManager: Shutting down and abandoning module Paper2DEditor (272)
[2022.11.21-02.36.09:481][809]LogModuleManager: Shutting down and abandoning module MeshPaint (271)
[2022.11.21-02.36.09:481][809]LogModuleManager: Shutting down and abandoning module LevelEditor (269)
[2022.11.21-02.36.09:481][809]LogModuleManager: Shutting down and abandoning module PixelInspectorModule (268)
[2022.11.21-02.36.09:482][809]LogModuleManager: Shutting down and abandoning module MainFrame (266)
[2022.11.21-02.36.09:482][809]LogModuleManager: Shutting down and abandoning module HotReload (265)
[2022.11.21-02.36.09:482][809]LogModuleManager: Shutting down and abandoning module RuntimePhysXCooking (260)
[2022.11.21-02.36.09:482][809]LogModuleManager: Shutting down and abandoning module PhysXVehiclesEditor (258)
[2022.11.21-02.36.09:482][809]LogModuleManager: Shutting down and abandoning module PhysXVehicles (256)
[2022.11.21-02.36.09:482][809]LogModuleManager: Shutting down and abandoning module OculusEditor (254)
[2022.11.21-02.36.09:482][809]LogModuleManager: Shutting down and abandoning module LocationServicesBPLibrary (252)
[2022.11.21-02.36.09:482][809]LogModuleManager: Shutting down and abandoning module ImmediatePhysicsEditor (250)
[2022.11.21-02.36.09:482][809]LogModuleManager: Shutting down and abandoning module ImmediatePhysics (248)
[2022.11.21-02.36.09:482][809]LogModuleManager: Shutting down and abandoning module UdpMessaging (246)
[2022.11.21-02.36.09:583][809]LogModuleManager: Shutting down and abandoning module TcpMessaging (244)
[2022.11.21-02.36.09:684][809]LogModuleManager: Shutting down and abandoning module GameplayTagsEditor (242)
[2022.11.21-02.36.09:684][809]LogModuleManager: Shutting down and abandoning module FacialAnimationEditor (240)
[2022.11.21-02.36.09:684][809]LogModuleManager: Shutting down and abandoning module FacialAnimation (238)
[2022.11.21-02.36.09:684][809]LogModuleManager: Shutting down and abandoning module AssetManagerEditor (236)
[2022.11.21-02.36.09:684][809]LogModuleManager: Shutting down and abandoning module GraphEditor (235)
[2022.11.21-02.36.09:686][809]LogModuleManager: Shutting down and abandoning module ContentBrowser (233)
[2022.11.21-02.36.09:686][809]LogModuleManager: Shutting down and abandoning module LightPropagationVolumeRuntime (230)
[2022.11.21-02.36.09:686][809]LogModuleManager: Shutting down and abandoning module Paper2D (228)
[2022.11.21-02.36.09:686][809]LogModuleManager: Shutting down and abandoning module WindowsMoviePlayer (226)
[2022.11.21-02.36.09:686][809]LogModuleManager: Shutting down and abandoning module WmfMedia (224)
[2022.11.21-02.36.09:687][809]LogModuleManager: Shutting down and abandoning module PacketHandler (222)
[2022.11.21-02.36.09:687][809]LogModuleManager: Shutting down and abandoning module ClothingSystemEditor (220)
[2022.11.21-02.36.09:687][809]LogModuleManager: Shutting down and abandoning module ClothingSystemRuntime (218)
[2022.11.21-02.36.09:688][809]LogModuleManager: Shutting down and abandoning module Overlay (216)
[2022.11.21-02.36.09:688][809]LogModuleManager: Shutting down and abandoning module OverlayEditor (215)
[2022.11.21-02.36.09:688][809]LogModuleManager: Shutting down and abandoning module MediaAssets (212)
[2022.11.21-02.36.09:688][809]LogModuleManager: Shutting down and abandoning module VREditor (210)
[2022.11.21-02.36.09:688][809]LogModuleManager: Shutting down and abandoning module StringTableEditor (208)
[2022.11.21-02.36.09:688][809]LogModuleManager: Shutting down and abandoning module GameplayTasksEditor (206)
[2022.11.21-02.36.09:688][809]LogModuleManager: Shutting down and abandoning module BehaviorTreeEditor (204)
[2022.11.21-02.36.09:689][809]LogModuleManager: Shutting down and abandoning module FunctionalTesting (202)
[2022.11.21-02.36.09:689][809]LogModuleManager: Shutting down and abandoning module CollisionAnalyzer (200)
[2022.11.21-02.36.09:689][809]LogModuleManager: Shutting down and abandoning module WorkspaceMenuStructure (199)
[2022.11.21-02.36.09:689][809]LogModuleManager: Shutting down and abandoning module UMG (196)
[2022.11.21-02.36.09:690][809]LogModuleManager: Shutting down and abandoning module UMGEditor (195)
[2022.11.21-02.36.09:690][809]LogModuleManager: Shutting down and abandoning module Sequencer (194)
[2022.11.21-02.36.09:690][809]LogModuleManager: Shutting down and abandoning module MessageLog (191)
[2022.11.21-02.36.09:690][809]LogModuleManager: Shutting down and abandoning module SlateReflector (186)
[2022.11.21-02.36.09:691][809]LogModuleManager: Shutting down and abandoning module Slate (184)
[2022.11.21-02.36.09:691][809]LogModuleManager: Shutting down and abandoning module EditorStyle (182)
[2022.11.21-02.36.09:693][809]LogModuleManager: Shutting down and abandoning module MRMesh (180)
[2022.11.21-02.36.09:693][809]LogModuleManager: Shutting down and abandoning module SourceCodeAccess (178)
[2022.11.21-02.36.09:693][809]LogModuleManager: Shutting down and abandoning module HeadMountedDisplay (176)
[2022.11.21-02.36.09:693][809]LogModuleManager: Shutting down and abandoning module XAudio2 (174)
[2022.11.21-02.36.09:693][809]LogModuleManager: Shutting down and abandoning module Networking (172)
[2022.11.21-02.36.09:693][809]LogModuleManager: Shutting down and abandoning module Core (168)
[2022.11.21-02.36.09:693][809]LogModuleManager: Shutting down and abandoning module KismetCompiler (164)
[2022.11.21-02.36.09:693][809]LogModuleManager: Shutting down and abandoning module LevelSequence (162)
[2022.11.21-02.36.09:693][809]LogModuleManager: Shutting down and abandoning module MeshUtilities (160)
[2022.11.21-02.36.09:694][809]LogModuleManager: Shutting down and abandoning module MeshMergeUtilities (159)
[2022.11.21-02.36.09:694][809]LogModuleManager: Shutting down and abandoning module MeshReductionInterface (158)
[2022.11.21-02.36.09:694][809]LogModuleManager: Shutting down and abandoning module SimplygonSwarm (157)
[2022.11.21-02.36.09:694][809]LogModuleManager: Shutting down and abandoning module SimplygonMeshReduction (155)
[2022.11.21-02.36.09:694][809]LogModuleManager: Shutting down and abandoning module QuadricMeshReduction (153)
[2022.11.21-02.36.09:695][809]LogModuleManager: Shutting down and abandoning module MaterialBaking (149)
[2022.11.21-02.36.09:695][809]LogModuleManager: Shutting down and abandoning module DirectoryWatcher (146)
[2022.11.21-02.36.09:695][809]LogModuleManager: Shutting down and abandoning module DerivedDataCache (144)
[2022.11.21-02.36.09:728][809]LogDerivedDataCache: Shutdown
[2022.11.21-02.36.09:728][809]LogModuleManager: Shutting down and abandoning module TargetPlatform (142)
[2022.11.21-02.36.09:728][809]LogModuleManager: Shutting down and abandoning module VulkanShaderFormat (141)
[2022.11.21-02.36.09:728][809]LogModuleManager: Shutting down and abandoning module ShaderFormatVectorVM (139)
[2022.11.21-02.36.09:729][809]LogModuleManager: Shutting down and abandoning module ShaderFormatOpenGL (137)
[2022.11.21-02.36.09:729][809]LogModuleManager: Shutting down and abandoning module ShaderFormatD3D (135)
[2022.11.21-02.36.09:729][809]LogModuleManager: Shutting down and abandoning module MetalShaderFormat (133)
[2022.11.21-02.36.09:729][809]LogModuleManager: Shutting down and abandoning module TextureFormatUncompressed (131)
[2022.11.21-02.36.09:729][809]LogModuleManager: Shutting down and abandoning module TextureFormatPVR (129)
[2022.11.21-02.36.09:729][809]LogModuleManager: Shutting down and abandoning module TextureFormatDXT (127)
[2022.11.21-02.36.09:729][809]LogModuleManager: Shutting down and abandoning module TextureFormatIntelISPCTexComp (125)
[2022.11.21-02.36.09:729][809]LogModuleManager: Shutting down and abandoning module TextureFormatASTC (123)
[2022.11.21-02.36.09:729][809]LogModuleManager: Shutting down and abandoning module ImageWrapper (122)
[2022.11.21-02.36.09:729][809]LogModuleManager: Shutting down and abandoning module TextureFormatAndroid (119)
[2022.11.21-02.36.09:729][809]LogModuleManager: Shutting down and abandoning module AudioFormatOpus (117)
[2022.11.21-02.36.09:729][809]LogModuleManager: Shutting down and abandoning module AudioFormatOgg (115)
[2022.11.21-02.36.09:729][809]LogModuleManager: Shutting down and abandoning module AudioFormatADPCM (113)
[2022.11.21-02.36.09:729][809]LogModuleManager: Shutting down and abandoning module LinuxTargetPlatform (111)
[2022.11.21-02.36.09:729][809]LogModuleManager: Shutting down and abandoning module LinuxServerTargetPlatform (109)
[2022.11.21-02.36.09:730][809]LogModuleManager: Shutting down and abandoning module LinuxNoEditorTargetPlatform (107)
[2022.11.21-02.36.09:730][809]LogModuleManager: Shutting down and abandoning module LinuxClientTargetPlatform (105)
[2022.11.21-02.36.09:730][809]LogModuleManager: Shutting down and abandoning module TVOSTargetPlatform (103)
[2022.11.21-02.36.09:730][809]LogModuleManager: Shutting down and abandoning module Messaging (101)
[2022.11.21-02.36.09:730][809]LogModuleManager: Shutting down and abandoning module IOSTargetPlatform (99)
[2022.11.21-02.36.09:730][809]LogModuleManager: Shutting down and abandoning module HTML5TargetPlatform (97)
[2022.11.21-02.36.09:730][809]LogModuleManager: Shutting down and abandoning module Android_PVRTCTargetPlatform (95)
[2022.11.21-02.36.09:730][809]LogModuleManager: Shutting down and abandoning module Android_MultiTargetPlatform (93)
[2022.11.21-02.36.09:730][809]LogModuleManager: Shutting down and abandoning module Android_ETC2TargetPlatform (91)
[2022.11.21-02.36.09:730][809]LogModuleManager: Shutting down and abandoning module Android_ETC1TargetPlatform (89)
[2022.11.21-02.36.09:730][809]LogModuleManager: Shutting down and abandoning module Android_DXTTargetPlatform (87)
[2022.11.21-02.36.09:730][809]LogModuleManager: Shutting down and abandoning module Android_ATCTargetPlatform (85)
[2022.11.21-02.36.09:730][809]LogModuleManager: Shutting down and abandoning module Android_ASTCTargetPlatform (83)
[2022.11.21-02.36.09:730][809]LogModuleManager: Shutting down and abandoning module AndroidTargetPlatform (81)
[2022.11.21-02.36.09:730][809]LogModuleManager: Shutting down and abandoning module WindowsTargetPlatform (79)
[2022.11.21-02.36.09:730][809]LogModuleManager: Shutting down and abandoning module WindowsServerTargetPlatform (77)
[2022.11.21-02.36.09:730][809]LogModuleManager: Shutting down and abandoning module WindowsNoEditorTargetPlatform (75)
[2022.11.21-02.36.09:730][809]LogModuleManager: Shutting down and abandoning module WindowsClientTargetPlatform (73)
[2022.11.21-02.36.09:730][809]LogModuleManager: Shutting down and abandoning module MacTargetPlatform (71)
[2022.11.21-02.36.09:730][809]LogModuleManager: Shutting down and abandoning module MacServerTargetPlatform (69)
[2022.11.21-02.36.09:730][809]LogModuleManager: Shutting down and abandoning module MacNoEditorTargetPlatform (67)
[2022.11.21-02.36.09:730][809]LogModuleManager: Shutting down and abandoning module MacClientTargetPlatform (65)
[2022.11.21-02.36.09:730][809]LogModuleManager: Shutting down and abandoning module AllDesktopTargetPlatform (63)
[2022.11.21-02.36.09:730][809]LogModuleManager: Shutting down and abandoning module InputCore (60)
[2022.11.21-02.36.09:730][809]LogModuleManager: Shutting down and abandoning module Settings (58)
[2022.11.21-02.36.09:730][809]LogModuleManager: Shutting down and abandoning module PhysXCooking (56)
[2022.11.21-02.36.09:730][809]LogModuleManager: Shutting down and abandoning module SteamVR (54)
[2022.11.21-02.36.09:730][809]LogModuleManager: Shutting down and abandoning module OculusHMD (52)
[2022.11.21-02.36.09:730][809]LogModuleManager: Shutting down and abandoning module ExampleDeviceProfileSelector (50)
[2022.11.21-02.36.09:730][809]LogModuleManager: Shutting down and abandoning module OnlineBlueprintSupport (48)
[2022.11.21-02.36.09:730][809]LogModuleManager: Shutting down and abandoning module OnlineSubsystem (44)
[2022.11.21-02.36.09:730][809]LogOnline: Display: Unloading online subsystem: NULL
[2022.11.21-02.36.09:731][809]LogModuleManager: Shutting down and abandoning module XMPP (43)
[2022.11.21-02.36.09:731][809]LogModuleManager: Shutting down and abandoning module HTTP (41)
[2022.11.21-02.36.09:731][809]LogHttp: Display: Http module shutting down, but needs to wait on 1 outstanding Http requests:
[2022.11.21-02.36.09:731][809]LogHttp: Display: 	verb=[POST] url=[https://datarouter.ol.epicgames.com/datarouter/api/v1/public/data?SessionID=%7BF6A9F923-4603-E9F4-28A2-E1ACFD1A1B84%7D&AppID=UEEditor.Rocket.Release&AppVersion=4.17.2-3658906%2B%2B%2BUE4%2BRelease-4.17&UserID=b6570c5e438d4fb6a2e65a812a875c71%7Cd72d33c051974a0fad240c181fec4aeb%7C893d782e-80dc-4de3-9a84-1c2b7ea5ccde&AppEnvironment=datacollector-binary&UploadType=eteventstream] status=Processing
[2022.11.21-02.36.09:753][809]LogModuleManager: Shutting down and abandoning module SSL (40)
[2022.11.21-02.36.09:754][809]LogModuleManager: Shutting down and abandoning module AnimationModifiers (36)
[2022.11.21-02.36.09:754][809]LogModuleManager: Shutting down and abandoning module PropertyEditor (35)
[2022.11.21-02.36.09:754][809]LogModuleManager: Shutting down and abandoning module AudioEditor (32)
[2022.11.21-02.36.09:754][809]LogModuleManager: Shutting down and abandoning module TextureCompressor (30)
[2022.11.21-02.36.09:754][809]LogModuleManager: Shutting down and abandoning module ShaderCore (28)
[2022.11.21-02.36.09:754][809]LogModuleManager: Shutting down and abandoning module Landscape (26)
[2022.11.21-02.36.09:754][809]LogModuleManager: Shutting down and abandoning module SlateRHIRenderer (24)
[2022.11.21-02.36.09:756][809]LogModuleManager: Shutting down and abandoning module OpenGLDrv (22)
[2022.11.21-02.36.09:756][809]LogModuleManager: Shutting down and abandoning module D3D11RHI (20)
[2022.11.21-02.36.09:756][809]LogModuleManager: Shutting down and abandoning module AnimGraphRuntime (18)
[2022.11.21-02.36.09:756][809]LogModuleManager: Shutting down and abandoning module Renderer (16)
[2022.11.21-02.36.09:756][809]LogModuleManager: Shutting down and abandoning module Engine (14)
[2022.11.21-02.36.09:756][809]LogModuleManager: Shutting down and abandoning module CoreUObject (12)
[2022.11.21-02.36.09:756][809]LogModuleManager: Shutting down and abandoning module NetworkFile (10)
[2022.11.21-02.36.09:756][809]LogModuleManager: Shutting down and abandoning module CookedIterativeFile (8)
[2022.11.21-02.36.09:756][809]LogModuleManager: Shutting down and abandoning module StreamingFile (6)
[2022.11.21-02.36.09:756][809]LogModuleManager: Shutting down and abandoning module SandboxFile (4)
[2022.11.21-02.36.09:756][809]LogModuleManager: Shutting down and abandoning module PakFile (2)
[2022.11.21-02.36.09:762][809]LogExit: Exiting.
[2022.11.21-02.36.09:768][809]Log file closed, 11/21/22 11:36:09
