Log file open, 02/07/23 11:30:05
LogWindows: Failed to load 'aqProf.dll' (GetLastError=126)
LogWindows: File 'aqProf.dll' does not exist
LogWindows: Failed to load 'VSPerf140.dll' (GetLastError=126)
LogWindows: File 'VSPerf140.dll' does not exist
LogWindows: Failed to load 'VtuneApi.dll' (GetLastError=126)
LogWindows: File 'VtuneApi.dll' does not exist
LogWindows: Failed to load 'VtuneApi32e.dll' (GetLastError=126)
LogWindows: File 'VtuneApi32e.dll' does not exist
LogInit: Display: Running engine for game: THE7
LogPlatformFile: Not using cached read wrapper
LogInit: Display: RandInit(-289128111) SRandInit(-289128111).
LogTaskGraph: Started task graph with 5 named threads and 20 total threads with 3 sets of task threads.
LogStats: Stats thread started at 0.307328
LogD3D11RHI: Aftermath initialized
LogPluginManager: Mounting plugin Paper2D
LogPluginManager: Mounting plugin LightPropagationVolume
LogPluginManager: Mounting plugin CodeLiteSourceCodeAccess
LogPluginManager: Mounting plugin GitSourceControl
LogPluginManager: Mounting plugin KDevelopSourceCodeAccess
LogPluginManager: Mounting plugin NullSourceCodeAccess
LogPluginManager: Mounting plugin PerforceSourceControl
LogPluginManager: Mounting plugin SubversionSourceControl
LogPluginManager: Mounting plugin UObjectPlugin
LogPluginManager: Mounting plugin VisualStudioSourceCodeAccess
LogPluginManager: Mounting plugin XCodeSourceCodeAccess
LogPluginManager: Mounting plugin AssetManagerEditor
LogPluginManager: Mounting plugin AudioCapture
LogPluginManager: Mounting plugin FacialAnimation
LogPluginManager: Mounting plugin GameplayTagsEditor
LogPluginManager: Mounting plugin MobileLauncherProfileWizard
LogPluginManager: Mounting plugin PluginBrowser
LogPluginManager: Mounting plugin SpeedTreeImporter
LogPluginManager: Mounting plugin AlembicImporter
LogPluginManager: Mounting plugin CharacterAI
LogPluginManager: Mounting plugin HTML5Networking
LogPluginManager: Mounting plugin AndroidMedia
LogPluginManager: Mounting plugin AvfMedia
LogPluginManager: Mounting plugin MediaPlayerEditor
LogPluginManager: Mounting plugin WmfMedia
LogPluginManager: Mounting plugin TcpMessaging
LogPluginManager: Mounting plugin UdpMessaging
LogPluginManager: Mounting plugin LevelSequenceEditor
LogPluginManager: Mounting plugin MatineeToLevelSequence
LogPluginManager: Mounting plugin OnlineSubsystemGooglePlay
LogPluginManager: Mounting plugin OnlineSubsystemIOS
LogPluginManager: Mounting plugin OnlineSubsystem
LogPluginManager: Mounting plugin OnlineSubsystemNull
LogPluginManager: Mounting plugin OnlineSubsystemUtils
LogPluginManager: Mounting plugin AndroidDeviceProfileSelector
LogPluginManager: Mounting plugin AndroidMoviePlayer
LogPluginManager: Mounting plugin AndroidPermission
LogPluginManager: Mounting plugin AppleMoviePlayer
LogPluginManager: Mounting plugin ArchVisCharacter
LogPluginManager: Mounting plugin CableComponent
LogPluginManager: Mounting plugin CustomMeshComponent
LogPluginManager: Mounting plugin ExampleDeviceProfileSelector
LogPluginManager: Mounting plugin GoogleCloudMessaging
LogPluginManager: Mounting plugin ImmediatePhysics
LogPluginManager: Mounting plugin IOSDeviceProfileSelector
LogPluginManager: Mounting plugin LinuxDeviceProfileSelector
LogPluginManager: Mounting plugin LocationServicesBPLibrary
LogPluginManager: Mounting plugin MobilePatchingUtils
LogPluginManager: Mounting plugin OculusVR
LogPluginManager: Mounting plugin PhysXVehicles
LogPluginManager: Mounting plugin ProceduralMeshComponent
LogPluginManager: Mounting plugin RuntimePhysXCooking
LogPluginManager: Mounting plugin SteamVR
LogPluginManager: Mounting plugin WindowsMoviePlayer
LogInit: Using libcurl 7.47.1
LogInit:  - built for x86_64-pc-win32
LogInit:  - supports SSL with OpenSSL/1.0.2g
LogInit:  - supports HTTP deflate (compression) using libz 1.2.8
LogInit:  - other features:
LogInit:      CURL_VERSION_SSL
LogInit:      CURL_VERSION_LIBZ
LogInit:      CURL_VERSION_IPV6
LogInit:      CURL_VERSION_ASYNCHDNS
LogInit:      CURL_VERSION_LARGEFILE
LogInit:      CURL_VERSION_IDN
LogInit:  CurlRequestOptions (configurable via config and command line):
LogInit:  - bVerifyPeer = false  - Libcurl will NOT verify peer certificate
LogInit:  - bUseHttpProxy = false  - Libcurl will NOT use HTTP proxy
LogInit:  - bDontReuseConnections = false  - Libcurl will reuse connections
LogInit:  - CertBundlePath = nullptr  - Libcurl will use whatever was configured at build time.
LogInit: Build: ++UE4+Release-4.17-CL-3658906
LogInit: Engine Version: 4.17.2-3658906+++UE4+Release-4.17
LogInit: Compatible Engine Version: 4.17.0-3573198+++UE4+Release-4.17
LogInit: Net CL: 3573198
LogDevObjectVersion: Number of dev versions registered: 16
LogDevObjectVersion:   Dev-Blueprints (B0D832E4-1F89-4F0D-ACCF-7EB736FD4AA2): 10
LogDevObjectVersion:   Dev-Build (E1C64328-A22C-4D53-A36C-8E866417BD8C): 0
LogDevObjectVersion:   Dev-Core (375EC13C-06E4-48FB-B500-84F0262A717E): 2
LogDevObjectVersion:   Dev-Editor (E4B068ED-F494-42E9-A231-DA0B2E46BB41): 20
LogDevObjectVersion:   Dev-Framework (CFFC743F-43B0-4480-9391-14DF171D2073): 28
LogDevObjectVersion:   Dev-Mobile (B02B49B5-BB20-44E9-A304-32B752E40360): 0
LogDevObjectVersion:   Dev-Networking (A4E4105C-59A1-49B5-A7C5-40C4547EDFEE): 0
LogDevObjectVersion:   Dev-Online (39C831C9-5AE6-47DC-9A44-9C173E1C8E7C): 0
LogDevObjectVersion:   Dev-Physics (78F01B33-EBEA-4F98-B9B4-84EACCB95AA2): 0
LogDevObjectVersion:   Dev-Platform (6631380F-2D4D-43E0-8009-CF276956A95A): 0
LogDevObjectVersion:   Dev-Rendering (12F88B9F-8875-4AFC-A67C-D90C383ABD29): 19
LogDevObjectVersion:   Dev-Sequencer (7B5AE74C-D270-4C10-A958-57980B212A5A): 4
LogDevObjectVersion:   Dev-VR (D7296918-1DD6-4BDD-9DE2-64A83CC13884): 0
LogDevObjectVersion:   Dev-LoadTimes (C2A15278-BFE7-4AFE-6C17-90FF531DF755): 1
LogDevObjectVersion:   Private-Geometry (6EACA3D4-40EC-4CC1-B786-8BED09428FC5): 1
LogDevObjectVersion:   Dev-AnimPhys (29E575DD-E0A3-4627-9D10-D276232CDCEA): 7
LogInit: Compiled (64-bit): Sep 22 2017 13:47:16
LogInit: Compiled with Visual C++: 19.00.24215.01
LogInit: Build Configuration: Development
LogInit: Branch Name: ++UE4+Release-4.17
LogInit: Command line:  
LogInit: Base directory: C:/Program Files/Epic Games/UE_4.17/Engine/Binaries/Win64/
LogInit: Installed Engine Build: 1
LogInit: Presizing for max 8388607 objects, including 0 objects not considered by GC, pre-allocating 0 bytes for permanent pool.
LogInit: Object subsystem initialized
[2023.02.07-02.30.06:259][  0]LogInit: Selected Device Profile: [Windows]
[2023.02.07-02.30.06:259][  0]LogInit: Applying CVar settings loaded from the selected device profile: [Windows]
[2023.02.07-02.30.06:269][  0]LogInit: Computer: KBCKUBA
[2023.02.07-02.30.06:269][  0]LogInit: User: Owner
[2023.02.07-02.30.06:269][  0]LogInit: CPU Page size=4096, Cores=6
[2023.02.07-02.30.06:269][  0]LogInit: High frequency timer resolution =10.000000 MHz
[2023.02.07-02.30.06:270][  0]LogMemory: Memory total: Physical=15.8GB (16GB approx)
[2023.02.07-02.30.06:270][  0]LogMemory: Platform Memory Stats for Windows
[2023.02.07-02.30.06:270][  0]LogMemory: Process Physical Memory: 280.69 MB used, 280.69 MB peak
[2023.02.07-02.30.06:270][  0]LogMemory: Process Virtual Memory: 281.06 MB used, 281.06 MB peak
[2023.02.07-02.30.06:270][  0]LogMemory: Physical Memory: 9619.59 MB used,  6610.33 MB free, 16229.92 MB total
[2023.02.07-02.30.06:270][  0]LogMemory: Virtual Memory: 4805.81 MB used,  6610.33 MB free, 134217728.00 MB total
[2023.02.07-02.30.06:502][  0]LogInit: Using OS detected language (ja-JP).
[2023.02.07-02.30.06:502][  0]LogInit: Using OS detected locale (ja-JP).
[2023.02.07-02.30.06:507][  0]LogTextLocalizationManager: No specific localization for 'ja-JP' exists, so the 'ja' localization will be used.
[2023.02.07-02.30.07:077][  0]LogD3D11RHI: D3D11 adapters:
[2023.02.07-02.30.07:175][  0]LogD3D11RHI:    0. 'NVIDIA GeForce GTX 1650 with Max-Q Design' (Feature Level 11_0)
[2023.02.07-02.30.07:175][  0]LogD3D11RHI:       3962/0/8114 MB DedicatedVideo/DedicatedSystem/SharedSystem, Outputs:1, VendorId:0x10de
[2023.02.07-02.30.07:206][  0]LogD3D11RHI:    1. 'Intel(R) UHD Graphics 630' (Feature Level 11_0)
[2023.02.07-02.30.07:206][  0]LogD3D11RHI:       128/0/8114 MB DedicatedVideo/DedicatedSystem/SharedSystem, Outputs:0, VendorId:0x8086
[2023.02.07-02.30.07:207][  0]LogD3D11RHI:    2. 'Microsoft Basic Render Driver' (Feature Level 11_0)
[2023.02.07-02.30.07:208][  0]LogD3D11RHI:       0/0/8114 MB DedicatedVideo/DedicatedSystem/SharedSystem, Outputs:0, VendorId:0x1414
[2023.02.07-02.30.07:208][  0]LogD3D11RHI: Chosen D3D11 Adapter: 0
[2023.02.07-02.30.07:259][  0]LogD3D11RHI: Creating new Direct3DDevice
[2023.02.07-02.30.07:259][  0]LogD3D11RHI:     GPU DeviceId: 0x1f91 (for the marketing name, search the web for "GPU Device Id")
[2023.02.07-02.30.07:259][  0]LogWindows: EnumDisplayDevices:
[2023.02.07-02.30.07:259][  0]LogWindows:    0. 'Intel(R) UHD Graphics 630' (P:1 D:1)
[2023.02.07-02.30.07:260][  0]LogWindows:    1. 'Intel(R) UHD Graphics 630' (P:0 D:0)
[2023.02.07-02.30.07:260][  0]LogWindows:    2. 'Intel(R) UHD Graphics 630' (P:0 D:0)
[2023.02.07-02.30.07:260][  0]LogWindows: DebugString: GetVideoDriverDetailsInvalid PrimaryIsNotTheChoosenAdapter GetVideoDriverDetailsInvalid PrimaryIsNotTheChoosenAdapter GetVideoDriverDetailsInvalid PrimaryIsNotTheChoosenAdapter FoundDriverCount:0 
[2023.02.07-02.30.07:260][  0]LogD3D11RHI:     Adapter Name: NVIDIA GeForce GTX 1650 with Max-Q Design
[2023.02.07-02.30.07:260][  0]LogD3D11RHI:   Driver Version: Unknown (internal:Unknown, unified:Unknown)
[2023.02.07-02.30.07:260][  0]LogD3D11RHI:      Driver Date: Unknown
[2023.02.07-02.30.07:260][  0]LogRHI: Texture pool is 1361 MB (70% of 1945 MB)
[2023.02.07-02.30.07:303][  0]LogD3D11RHI: Async texture creation enabled
[2023.02.07-02.30.07:314][  0]LogD3D11RHI: GPU Timing Frequency: 1000.000000 (Debug: 2 1)
[2023.02.07-02.30.07:314][  0]LogShaderCompilers: Guid format shader working directory is -7 characters bigger than the processId version (../../../../../../Users/Owner/Documents/UE4_RPG/THE7/Intermediate/Shaders/WorkingDirectory/32400/).
[2023.02.07-02.30.07:315][  0]LogShaderCompilers: Cleaned the shader compiler working directory 'C:/Users/Owner/AppData/Local/Temp/UnrealShaderWorkingDir/13FE535C4E2AA45A7E03C189A189C07E/'.
[2023.02.07-02.30.07:315][  0]LogShaderCompilers: Display: Using Local Shader Compiler.
[2023.02.07-02.30.08:199][  0]LogTemp: Display: Loaded TP AllDesktopTargetPlatform
[2023.02.07-02.30.08:254][  0]LogTemp: Display: Loaded TP MacClientTargetPlatform
[2023.02.07-02.30.08:312][  0]LogTemp: Display: Loaded TP MacNoEditorTargetPlatform
[2023.02.07-02.30.08:366][  0]LogTemp: Display: Loaded TP MacServerTargetPlatform
[2023.02.07-02.30.08:420][  0]LogTemp: Display: Loaded TP MacTargetPlatform
[2023.02.07-02.30.08:473][  0]LogTemp: Display: Loaded TP WindowsClientTargetPlatform
[2023.02.07-02.30.08:527][  0]LogTemp: Display: Loaded TP WindowsNoEditorTargetPlatform
[2023.02.07-02.30.08:583][  0]LogTemp: Display: Loaded TP WindowsServerTargetPlatform
[2023.02.07-02.30.08:633][  0]LogTemp: Display: Loaded TP WindowsTargetPlatform
[2023.02.07-02.30.08:690][  0]LogTemp: Display: Loaded TP AndroidTargetPlatform
[2023.02.07-02.30.08:744][  0]LogTemp: Display: Loaded TP Android_ASTCTargetPlatform
[2023.02.07-02.30.08:799][  0]LogTemp: Display: Loaded TP Android_ATCTargetPlatform
[2023.02.07-02.30.08:852][  0]LogTemp: Display: Loaded TP Android_DXTTargetPlatform
[2023.02.07-02.30.08:905][  0]LogTemp: Display: Loaded TP Android_ETC1TargetPlatform
[2023.02.07-02.30.08:957][  0]LogTemp: Display: Loaded TP Android_ETC2TargetPlatform
[2023.02.07-02.30.09:060][  0]LogTemp: Display: Loaded TP Android_MultiTargetPlatform
[2023.02.07-02.30.09:060][  0]LogTemp: Display: Loaded TP Android_PVRTCTargetPlatform
[2023.02.07-02.30.09:103][  0]LogTemp: Display: Loaded TP HTML5TargetPlatform
[2023.02.07-02.30.09:202][  0]LogTemp: Display: Loaded TP IOSTargetPlatform
[2023.02.07-02.30.09:238][  0]LogTemp: Display: Loaded TP TVOSTargetPlatform
[2023.02.07-02.30.09:291][  0]LogTemp: Display: Loaded TP LinuxClientTargetPlatform
[2023.02.07-02.30.09:344][  0]LogTemp: Display: Loaded TP LinuxNoEditorTargetPlatform
[2023.02.07-02.30.09:397][  0]LogTemp: Display: Loaded TP LinuxServerTargetPlatform
[2023.02.07-02.30.09:450][  0]LogTemp: Display: Loaded TP LinuxTargetPlatform
[2023.02.07-02.30.09:450][  0]LogTargetPlatformManager: Display: Building Assets For Windows
[2023.02.07-02.30.09:994][  0]LogDerivedDataCache: Display: Max Cache Size: 512 MB
[2023.02.07-02.30.10:257][  0]LogDerivedDataCache: Loaded boot cache 0.26s 93MB C:/Users/Owner/AppData/Local/UnrealEngine/4.17/DerivedDataCache/Boot.ddc.
[2023.02.07-02.30.10:257][  0]LogDerivedDataCache: Display: Loaded Boot cache: C:/Users/Owner/AppData/Local/UnrealEngine/4.17/DerivedDataCache/Boot.ddc
[2023.02.07-02.30.10:257][  0]LogDerivedDataCache: FDerivedDataBackendGraph:  Pak pak cache file ../../../../../../Users/Owner/Documents/UE4_RPG/THE7/DerivedDataCache/DDC.ddp not found, will not use a pak cache.
[2023.02.07-02.30.10:257][  0]LogDerivedDataCache: Unable to find inner node Pak for hierarchical cache Hierarchy.
[2023.02.07-02.30.10:257][  0]LogDerivedDataCache: FDerivedDataBackendGraph:  CompressedPak pak cache file ../../../../../../Users/Owner/Documents/UE4_RPG/THE7/DerivedDataCache/Compressed.ddp not found, will not use a pak cache.
[2023.02.07-02.30.10:257][  0]LogDerivedDataCache: Unable to find inner node CompressedPak for hierarchical cache Hierarchy.
[2023.02.07-02.30.10:271][  0]LogDerivedDataCache: Display: Pak cache opened for reading ../../../Engine/DerivedDataCache/Compressed.ddp.
[2023.02.07-02.30.10:283][  0]LogDerivedDataCache: Using Local data cache path C:/Users/Owner/AppData/Local/UnrealEngine/Common/DerivedDataCache: Writable
[2023.02.07-02.30.10:293][  0]LogMaterial: Verifying Global Shaders for PCD3D_SM5
[2023.02.07-02.30.10:293][  0]LogSlate: Using Freetype 2.6.0
[2023.02.07-02.30.10:294][  0]LogSlate: SlateFontCache - WITH_FREETYPE: 1, WITH_HARFBUZZ: 1
[2023.02.07-02.30.10:294][  0]LogSlate: SlateFontCache - WITH_FREETYPE: 1, WITH_HARFBUZZ: 1
[2023.02.07-02.30.10:705][  0]LogAssetRegistry: FAssetRegistry took 0.0266 seconds to start up
[2023.02.07-02.30.10:832][  0]LogInit: Selected Device Profile: [Windows]
[2023.02.07-02.30.10:974][  0]LogContentStreaming: Texture pool size is 0.00 MB
[2023.02.07-02.30.11:326][  0]LogSimplygon: Simplygon DLL not present - disabling.
[2023.02.07-02.30.11:373][  0]LogMeshReduction: Using SimplygonSwarm for distributed automatic mesh merging
[2023.02.07-02.30.11:373][  0]LogMeshReduction: Using QuadricMeshReduction for automatic static mesh reduction
[2023.02.07-02.30.11:373][  0]LogMeshReduction: No automatic skeletal mesh reduction module available
[2023.02.07-02.30.11:373][  0]LogMeshReduction: No automatic mesh merging module available
[2023.02.07-02.30.11:373][  0]LogMeshMerging: No automatic mesh merging module available
[2023.02.07-02.30.11:700][  0]LogNetVersion: THE7 , NetCL: 3573198, EngineNetVer: 2, GameNetVer: 0 (Checksum: 151110352)
[2023.02.07-02.30.11:924][  0]LogPackageLocalizationCache: Processed 5 localized package path(s) for 2 prioritized culture(s) in 0.050058 seconds
[2023.02.07-02.30.11:928][  0]LogUObjectArray: 35825 objects as part of root set at end of initial load.
[2023.02.07-02.30.11:928][  0]LogUObjectAllocator: 7529112 out of 0 bytes used by permanent object pool.
[2023.02.07-02.30.11:928][  0]LogUObjectArray: CloseDisregardForGC: 0/0 objects in disregard for GC pool
[2023.02.07-02.30.11:998][  0]LogInit: WinSock: version 1.1 (2.2), MaxSocks=32767, MaxUdp=65467
[2023.02.07-02.30.15:111][  0]LogTcpMessaging: Initializing TcpMessaging bridge
[2023.02.07-02.30.15:154][  0]LogUdpMessaging: Initializing bridge on interface 0.0.0.0:0 to multicast group 230.0.0.1:6666.
[2023.02.07-02.30.15:857][  0]LogMaterial: Uniform references updated for custom material expression Custom.
[2023.02.07-02.30.16:334][  0]SourceControl: ソースコントロールは無効です
[2023.02.07-02.30.16:334][  0]SourceControl: ソースコントロールは無効です
[2023.02.07-02.30.16:390][  0]SourceControl: ソースコントロールは無効です
[2023.02.07-02.30.16:445][  0]SourceControl: ソースコントロールは無効です
[2023.02.07-02.30.17:109][  0]LogAndroidPermission: UAndroidPermissionCallbackProxy::GetInstance
[2023.02.07-02.30.17:381][  0]LogOcInput: OculusInput pre-init called
[2023.02.07-02.30.17:662][  0]LogEngine: Initializing Engine...
[2023.02.07-02.30.17:664][  0]LogHMD: Failed to initialize OpenVR with code 110
[2023.02.07-02.30.17:839][  0]LogStats: UGameplayTagsManager::ConstructGameplayTagTree: Construct from data asset -  0.000 s
[2023.02.07-02.30.17:839][  0]LogStats: UGameplayTagsManager::ConstructGameplayTagTree: GameplayTagTreeChangedEvent.Broadcast -  0.000 s
[2023.02.07-02.30.17:978][  0]LogAIModule: Creating AISystem for world Untitled
[2023.02.07-02.30.18:050][  0]LogInit: XAudio2 using 'ヘッドホン (Soundcore Space A40)' : 2 channels at 48 kHz using 16 bits per sample (channel mask 0x3)
[2023.02.07-02.30.18:063][  0]LogInit: FAudioDevice initialized.
[2023.02.07-02.30.18:133][  0]LogDerivedDataCache: Saved boot cache 0.07s 93MB C:/Users/Owner/AppData/Local/UnrealEngine/4.17/DerivedDataCache/Boot.ddc.
[2023.02.07-02.30.18:143][  0]LogInit: Texture streaming: Enabled
[2023.02.07-02.30.18:291][  0]LogEngineSessionManager: EngineSessionManager initialized
[2023.02.07-02.30.18:537][  0]LogInit: Transaction tracking system initialized
[2023.02.07-02.30.18:886][  0]BlueprintLog: New page: エディタの読み込み
[2023.02.07-02.30.19:853][  0]LocalizationService: ローカライズのサービスが無効になりました
[2023.02.07-02.30.20:416][  0]LogLinker: Warning: ファイル '/Game/ThirdPersonBP/ThirdPersonOverview' が見つかりません
[2023.02.07-02.30.20:416][  0]LogLinker: Warning: ファイル '/Game/ThirdPersonBP/ThirdPersonOverview' が見つかりません
[2023.02.07-02.30.20:416][  0]LogUObjectGlobals: Warning: オブジェクト 'Class /Game/ThirdPersonBP/ThirdPersonOverview.ThirdPersonOverview_C' が見つかりませんでした
[2023.02.07-02.30.20:610][  0]LogConsoleResponse: Display: 
[2023.02.07-02.30.20:793][  0]LogCook: Display: Max memory allowance for cook 16384mb min free memory 0mb
[2023.02.07-02.30.20:793][  0]LogCook: Display: Mobile HDR setting 1
[2023.02.07-02.30.20:793][  0]LogGameplayTags: Display: UGameplayTagsManager::DoneAddingNativeTags. DelegateIsBound: 0
[2023.02.07-02.30.21:549][  0]LogFileCache: Scanning file cache for directory 'C:/Users/Owner/Documents/UE4_RPG/THE7/Content/' took 0.02s
[2023.02.07-02.30.21:957][  0]SourceControl: ソースコントロールは無効です
[2023.02.07-02.30.21:957][  0]Cmd: MAP LOAD FILE="../../../../../../Users/Owner/Documents/UE4_RPG/THE7/Content/Map/Game_Main.umap" TEMPLATE=0 SHOWPROGRESS=1 FEATURELEVEL=3
[2023.02.07-02.30.21:957][  0]LightingResults: New page: ライティングのビルド
[2023.02.07-02.30.22:001][  0]MapCheck: New page: マップをチェック
[2023.02.07-02.30.22:001][  0]LightingResults: New page: <何も選択されていません>
[2023.02.07-02.30.22:341][  0]LogAIModule: Creating AISystem for world Game_Main
[2023.02.07-02.30.22:346][  0]LogStreaming: Display: ULevelStreaming::RequestLevel(/Game/Map/Floor1) is flushing async loading
[2023.02.07-02.30.22:567][  0]LogStreaming: Display: ULevelStreaming::RequestLevel(/Game/Map/Floor3) is flushing async loading
[2023.02.07-02.30.22:742][  0]LogStreaming: Display: ULevelStreaming::RequestLevel(/Game/Map/Floor4) is flushing async loading
[2023.02.07-02.30.23:013][  0]LogStreaming: Display: ULevelStreaming::RequestLevel(/Game/Map/Floor5) is flushing async loading
[2023.02.07-02.30.23:572][  0]LogStreaming: Display: ULevelStreaming::RequestLevel(/Game/Map/Floor2) is flushing async loading
[2023.02.07-02.30.23:772][  0]LogEditorServer: Finished looking for orphan Actors (0.000 secs)
[2023.02.07-02.30.23:828][  0]Cmd: MAP CHECKDEP NOCLEARLOG
[2023.02.07-02.30.23:892][  0]MapCheck: マップチェックが完了: 0 エラー、 0 警告、完了に 63.324ミリ秒かかりました。
[2023.02.07-02.30.23:892][  0]LogFileHelpers: Loading map 'Game_Main' took 1.935
[2023.02.07-02.30.23:973][  0]LogWindowsTextInputMethodSystem: Display: IME system now activated using TSF (Microsoft IME).
[2023.02.07-02.30.24:057][  0]LogCollectionManager: Loaded 0 collections in 0.001534 seconds
[2023.02.07-02.30.24:140][  0]LogFileCache: Scanning file cache for directory 'C:/Users/Owner/Documents/UE4_RPG/THE7/Saved/Collections/' took 0.01s
[2023.02.07-02.30.24:140][  0]LogFileCache: Scanning file cache for directory 'C:/Users/Owner/Documents/UE4_RPG/THE7/Content/Developers/Owner/Collections/' took 0.01s
[2023.02.07-02.30.24:140][  0]LogFileCache: Scanning file cache for directory 'C:/Users/Owner/Documents/UE4_RPG/THE7/Content/Collections/' took 0.01s
[2023.02.07-02.30.24:140][  0]LogCollectionManager: Rebuilt the GUID cache for 0 collections in 0.000000 seconds
[2023.02.07-02.30.24:147][  0]LogContentBrowser: Native class hierarchy populated in 0.0065 seconds. Added 2386 classes and 500 folders.
[2023.02.07-02.30.24:217][  0]LogContentBrowser: Native class hierarchy updated for 'WidgetCarousel' in 0.0006 seconds. Added 0 classes and 0 folders.
[2023.02.07-02.30.24:320][  0]LogContentBrowser: Native class hierarchy updated for 'AddContentDialog' in 0.0005 seconds. Added 0 classes and 0 folders.
[2023.02.07-02.30.24:368][  0]LogContentBrowser: Native class hierarchy updated for 'SceneOutliner' in 0.0005 seconds. Added 1 classes and 2 folders.
[2023.02.07-02.30.24:427][  0]LogContentBrowser: Native class hierarchy updated for 'WorldBrowser' in 0.0005 seconds. Added 2 classes and 3 folders.
[2023.02.07-02.30.24:455][  0]LogSlate: Took 0.000212 seconds to synchronously load lazily loaded font '../../../Engine/Content/Slate/Fonts/Roboto-Regular.ttf' (155K)
[2023.02.07-02.30.24:462][  0]LogSlate: Took 0.006676 seconds to synchronously load lazily loaded font '../../../Engine/Content/Slate/Fonts/DroidSansFallback.ttf' (3848K)
[2023.02.07-02.30.24:464][  0]LogSlate: Took 0.000718 seconds to synchronously load lazily loaded font '../../../Engine/Content/Slate/Fonts/Roboto-Bold.ttf' (160K)
[2023.02.07-02.30.24:467][  0]LogSlate: Took 0.001065 seconds to synchronously load lazily loaded font '../../../Engine/Content/Editor/Slate/Fonts/FontAwesome.ttf' (139K)
[2023.02.07-02.30.24:550][  0]LogRenderer: Reallocating scene render targets to support 848x428 Format 10 NumSamples 1 (Frame:1).
[2023.02.07-02.30.24:763][  0]LogContentBrowser: Native class hierarchy updated for 'HierarchicalLODOutliner' in 0.0005 seconds. Added 1 classes and 2 folders.
[2023.02.07-02.30.24:763][  0]LogLoad: (Engine Initialization) Total time: 20.57 seconds
[2023.02.07-02.30.24:763][  0]LogLoad: (Engine Initialization) Total Blueprint compile time: 0.00 seconds
[2023.02.07-02.30.24:763][  0]LogExternalProfiler: No external profilers were discovered.  External profiling features will not be available.
[2023.02.07-02.30.24:806][  0]LogContentStreaming: Texture pool size now 1000 MB
[2023.02.07-02.30.24:920][  0]LogRenderer: Reallocating scene render targets to support 848x440 Format 10 NumSamples 1 (Frame:2).
[2023.02.07-02.30.24:920][  0]LogSlate: Took 0.000138 seconds to synchronously load lazily loaded font '../../../Engine/Content/Slate/Fonts/Roboto-Light.ttf' (159K)
[2023.02.07-02.30.24:958][  1]LogScript: Warning: Accessed None trying to read property IsClearInstance
	BP_Anim_Award_C /Engine/Transient.World_0:PersistentLevel.BPAward_C_0.CharacterMesh0.BP_Anim_Award_C_0
	Function /Game/Animation/BP_Anim_Award.BP_Anim_Award_C:ExecuteUbergraph_BP_Anim_Award:00B1
[2023.02.07-02.30.24:958][  1]LogScript: Warning: Accessed None trying to read property IsClearInstance
	BP_Anim_Award_C /Engine/Transient.World_0:PersistentLevel.BPAward_C_0.CharacterMesh0.BP_Anim_Award_C_0
	Function /Game/Animation/BP_Anim_Award.BP_Anim_Award_C:ExecuteUbergraph_BP_Anim_Award:01A5
[2023.02.07-02.30.24:965][  1]LogAssetRegistry: Asset discovery search completed in 14.2819 seconds
[2023.02.07-02.30.24:967][  1]LogCollectionManager: Rebuilt the object cache for 0 collections in 0.000001 seconds (found 0 objects)
[2023.02.07-02.30.24:967][  1]LogCollectionManager: Fixed up redirectors for 0 collections in 0.000073 seconds (updated 0 objects)
[2023.02.07-02.30.25:817][ 25]LogSlate: Took 0.000307 seconds to synchronously load lazily loaded font '../../../Engine/Content/Slate/Fonts/Roboto-Light.ttf' (159K)
[2023.02.07-02.30.28:039][118]LogTemp: Repeating last play command: 選択ビューポート
[2023.02.07-02.30.28:154][118]LogBlueprintUserMessages: Early PlayInEditor Detection: Level '/Game/Map/Game_Main.Game_Main:PersistentLevel' has LevelScriptBlueprint '/Game/Map/Game_Main.Game_Main:PersistentLevel.Game_Main' with GeneratedClass '/Game/Map/Game_Main.Game_Main_C' with ClassGeneratedBy '/Game/Map/Game_Main.Game_Main:PersistentLevel.Game_Main'
[2023.02.07-02.30.28:154][118]LogBlueprintUserMessages: Early PlayInEditor Detection: Level '/Game/Map/Floor1.Floor1:PersistentLevel' has LevelScriptBlueprint '/Game/Map/Floor1.Floor1:PersistentLevel.Floor1' with GeneratedClass '/Game/Map/Floor1.Floor1_C' with ClassGeneratedBy '/Game/Map/Floor1.Floor1:PersistentLevel.Floor1'
[2023.02.07-02.30.28:154][118]LogPlayLevel: PlayLevel: No blueprints needed recompiling
[2023.02.07-02.30.28:155][118]PIE: New page: PIEセッション: Game_Main (2023/02/07 20:30:28)
[2023.02.07-02.30.28:156][118]LogPlayLevel: Creating play world package: /Game/Map/UEDPIE_0_Game_Main
[2023.02.07-02.30.28:157][118]LogPlayLevel: PIE: StaticDuplicateObject took: (0.001553s)
[2023.02.07-02.30.28:158][118]LogAIModule: Creating AISystem for world Game_Main
[2023.02.07-02.30.28:158][118]LogPlayLevel: PIE: World Init took: (0.000554s)
[2023.02.07-02.30.28:158][118]LogPlayLevel: PIE: Created PIE world by copying editor world from /Game/Map/Game_Main.Game_Main to /Game/Map/UEDPIE_0_Game_Main.Game_Main (0.002719s)
[2023.02.07-02.30.28:193][118]LogInit: XAudio2 using 'ヘッドホン (Soundcore Space A40)' : 2 channels at 48 kHz using 16 bits per sample (channel mask 0x3)
[2023.02.07-02.30.28:202][118]LogInit: FAudioDevice initialized.
[2023.02.07-02.30.28:247][118]LogLoad: Game class is 'BP_Award_GameMode_C'
[2023.02.07-02.30.28:251][118]LogWorld: Bringing World /Game/Map/UEDPIE_0_Game_Main.Game_Main up for play (max tick rate 60) at 2023.02.07-11.30.28
[2023.02.07-02.30.28:251][118]LogWorld: Bringing up level for play took: 0.001914
[2023.02.07-02.30.28:252][118]LogGameMode: FindPlayerStart: PATHS NOT DEFINED or NO PLAYERSTART with positive rating
[2023.02.07-02.30.28:302][118]LogContentBrowser: Native class hierarchy updated for 'MovieSceneCapture' in 0.0005 seconds. Added 11 classes and 0 folders.
[2023.02.07-02.30.28:304][118]LogLevel: ActivateLevel /Game/Map/UEDPIE_0_Floor1 1 1 1
[2023.02.07-02.30.28:306][118]PIE: /Game/Map/UEDPIE_0_Game_Main -0.162のプレイ イン エディタの開始時間
[2023.02.07-02.30.28:306][118]LogBlueprintUserMessages: Late PlayInEditor Detection: Level '/Game/Map/Game_Main.Game_Main:PersistentLevel' has LevelScriptBlueprint '/Game/Map/Game_Main.Game_Main:PersistentLevel.Game_Main' with GeneratedClass '/Game/Map/Game_Main.Game_Main_C' with ClassGeneratedBy '/Game/Map/Game_Main.Game_Main:PersistentLevel.Game_Main'
[2023.02.07-02.30.28:307][118]LogBlueprintUserMessages: Late PlayInEditor Detection: Level '/Game/Map/Floor1.Floor1:PersistentLevel' has LevelScriptBlueprint '/Game/Map/Floor1.Floor1:PersistentLevel.Floor1' with GeneratedClass '/Game/Map/Floor1.Floor1_C' with ClassGeneratedBy '/Game/Map/Floor1.Floor1:PersistentLevel.Floor1'
[2023.02.07-02.30.53:734][640]LogCharacterMovement: BPAward_C_0 is stuck and failed to move! Velocity: X=0.00 Y=-300.00 Z=0.00 Location: X=530.00 Y=-1078.17 Z=62.15 Normal: X=-0.00 Y=1.00 Z=0.00 PenetrationDepth:1.088 Actor:BP_Skeleton_2 Component:Range Enemy BoneName:None (0 other events since notify)
[2023.02.07-02.30.54:726][700]LogCharacterMovement: BPAward_C_0 is stuck and failed to move! Velocity: X=-300.00 Y=-0.06 Z=0.00 Location: X=526.90 Y=-1078.04 Z=62.15 Normal: X=-0.00 Y=1.00 Z=0.00 PenetrationDepth:3.844 Actor:BP_Skeleton_2 Component:Range Enemy BoneName:None (58 other events since notify)
[2023.02.07-02.30.55:810][765]LogCharacterMovement: BPAward_C_0 is stuck and failed to move! Velocity: X=34.13 Y=0.00 Z=0.00 Location: X=526.90 Y=-1078.04 Z=62.15 Normal: X=-0.00 Y=1.00 Z=0.00 PenetrationDepth:4.413 Actor:BP_Skeleton_2 Component:Range Enemy BoneName:None (47 other events since notify)
[2023.02.07-02.30.56:810][825]LogCharacterMovement: BPAward_C_0 is stuck and failed to move! Velocity: X=268.44 Y=-37.59 Z=0.00 Location: X=526.90 Y=-1078.04 Z=62.15 Normal: X=-0.00 Y=1.00 Z=0.00 PenetrationDepth:7.826 Actor:BP_Skeleton_2 Component:Range Enemy BoneName:None (51 other events since notify)
[2023.02.07-02.30.57:877][889]LogCharacterMovement: BPAward_C_0 is stuck and failed to move! Velocity: X=0.00 Y=-34.13 Z=0.00 Location: X=526.90 Y=-1078.04 Z=62.15 Normal: X=-0.00 Y=1.00 Z=0.00 PenetrationDepth:13.516 Actor:BP_Skeleton_2 Component:Range Enemy BoneName:None (49 other events since notify)
[2023.02.07-02.30.58:877][949]LogCharacterMovement: BPAward_C_0 is stuck and failed to move! Velocity: X=0.00 Y=-68.27 Z=0.00 Location: X=526.90 Y=-1078.04 Z=62.15 Normal: X=-0.00 Y=1.00 Z=0.00 PenetrationDepth:20.343 Actor:BP_Skeleton_2 Component:Range Enemy BoneName:None (38 other events since notify)
[2023.02.07-02.30.59:877][  9]LogCharacterMovement: BPAward_C_0 is stuck and failed to move! Velocity: X=-117.49 Y=-44.44 Z=0.00 Location: X=526.90 Y=-1078.04 Z=62.15 Normal: X=-0.00 Y=1.00 Z=0.00 PenetrationDepth:27.739 Actor:BP_Skeleton_2 Component:Range Enemy BoneName:None (39 other events since notify)
[2023.02.07-02.31.00:877][ 69]LogCharacterMovement: BPAward_C_0 is stuck and failed to move! Velocity: X=300.00 Y=0.00 Z=0.00 Location: X=526.90 Y=-1078.04 Z=62.15 Normal: X=-0.00 Y=1.00 Z=0.00 PenetrationDepth:30.584 Actor:BP_Skeleton_2 Component:Range Enemy BoneName:None (26 other events since notify)
[2023.02.07-02.31.01:893][130]LogCharacterMovement: BPAward_C_0 is stuck and failed to move! Velocity: X=300.00 Y=0.00 Z=0.00 Location: X=526.90 Y=-1078.04 Z=62.15 Normal: X=-0.00 Y=1.00 Z=0.00 PenetrationDepth:33.428 Actor:BP_Skeleton_2 Component:Range Enemy BoneName:None (60 other events since notify)
[2023.02.07-02.31.02:910][191]LogCharacterMovement: BPAward_C_0 is stuck and failed to move! Velocity: X=9.50 Y=-299.85 Z=0.00 Location: X=526.90 Y=-1078.04 Z=62.15 Normal: X=-0.00 Y=1.00 Z=0.00 PenetrationDepth:33.997 Actor:BP_Skeleton_2 Component:Range Enemy BoneName:None (60 other events since notify)
[2023.02.07-02.31.08:279][513]LogBlueprintUserMessages: Early EndPlayMap Detection: Level '/Game/Map/Game_Main.Game_Main:PersistentLevel' has LevelScriptBlueprint '/Game/Map/Game_Main.Game_Main:PersistentLevel.Game_Main' with GeneratedClass '/Game/Map/Game_Main.Game_Main_C' with ClassGeneratedBy '/Game/Map/Game_Main.Game_Main:PersistentLevel.Game_Main'
[2023.02.07-02.31.08:279][513]LogBlueprintUserMessages: Early EndPlayMap Detection: Level '/Game/Map/Floor1.Floor1:PersistentLevel' has LevelScriptBlueprint '/Game/Map/Floor1.Floor1:PersistentLevel.Floor1' with GeneratedClass '/Game/Map/Floor1.Floor1_C' with ClassGeneratedBy '/Game/Map/Floor1.Floor1:PersistentLevel.Floor1'
[2023.02.07-02.31.08:313][513]LogBlueprintUserMessages: Late EndPlayMap Detection: Level '/Game/Map/Game_Main.Game_Main:PersistentLevel' has LevelScriptBlueprint '/Game/Map/Game_Main.Game_Main:PersistentLevel.Game_Main' with GeneratedClass '/Game/Map/Game_Main.Game_Main_C' with ClassGeneratedBy '/Game/Map/Game_Main.Game_Main:PersistentLevel.Game_Main'
[2023.02.07-02.31.08:313][513]LogBlueprintUserMessages: Late EndPlayMap Detection: Level '/Game/Map/Floor1.Floor1:PersistentLevel' has LevelScriptBlueprint '/Game/Map/Floor1.Floor1:PersistentLevel.Floor1' with GeneratedClass '/Game/Map/Floor1.Floor1_C' with ClassGeneratedBy '/Game/Map/Floor1.Floor1:PersistentLevel.Floor1'
[2023.02.07-02.31.18:132][860]LogTemp: Repeating last play command: 選択ビューポート
[2023.02.07-02.31.18:160][860]LogBlueprintUserMessages: Early PlayInEditor Detection: Level '/Game/Map/Game_Main.Game_Main:PersistentLevel' has LevelScriptBlueprint '/Game/Map/Game_Main.Game_Main:PersistentLevel.Game_Main' with GeneratedClass '/Game/Map/Game_Main.Game_Main_C' with ClassGeneratedBy '/Game/Map/Game_Main.Game_Main:PersistentLevel.Game_Main'
[2023.02.07-02.31.18:160][860]LogBlueprintUserMessages: Early PlayInEditor Detection: Level '/Game/Map/Floor1.Floor1:PersistentLevel' has LevelScriptBlueprint '/Game/Map/Floor1.Floor1:PersistentLevel.Floor1' with GeneratedClass '/Game/Map/Floor1.Floor1_C' with ClassGeneratedBy '/Game/Map/Floor1.Floor1:PersistentLevel.Floor1'
[2023.02.07-02.31.18:160][860]LogPlayLevel: PlayLevel: No blueprints needed recompiling
[2023.02.07-02.31.18:160][860]PIE: New page: PIEセッション: Game_Main (2023/02/07 20:31:18)
[2023.02.07-02.31.18:161][860]LogPlayLevel: Creating play world package: /Game/Map/UEDPIE_0_Game_Main
[2023.02.07-02.31.18:163][860]LogPlayLevel: PIE: StaticDuplicateObject took: (0.001569s)
[2023.02.07-02.31.18:163][860]LogAIModule: Creating AISystem for world Game_Main
[2023.02.07-02.31.18:163][860]LogPlayLevel: PIE: World Init took: (0.000494s)
[2023.02.07-02.31.18:164][860]LogPlayLevel: PIE: Created PIE world by copying editor world from /Game/Map/Game_Main.Game_Main to /Game/Map/UEDPIE_0_Game_Main.Game_Main (0.002588s)
[2023.02.07-02.31.18:198][860]LogInit: XAudio2 using 'ヘッドホン (Soundcore Space A40)' : 2 channels at 48 kHz using 16 bits per sample (channel mask 0x3)
[2023.02.07-02.31.18:207][860]LogInit: FAudioDevice initialized.
[2023.02.07-02.31.18:237][860]LogLoad: Game class is 'BP_Award_GameMode_C'
[2023.02.07-02.31.18:239][860]LogWorld: Bringing World /Game/Map/UEDPIE_0_Game_Main.Game_Main up for play (max tick rate 60) at 2023.02.07-11.31.18
[2023.02.07-02.31.18:239][860]LogWorld: Bringing up level for play took: 0.001210
[2023.02.07-02.31.18:240][860]LogGameMode: FindPlayerStart: PATHS NOT DEFINED or NO PLAYERSTART with positive rating
[2023.02.07-02.31.18:241][860]LogLevel: ActivateLevel /Game/Map/UEDPIE_0_Floor1 1 1 1
[2023.02.07-02.31.18:243][860]PIE: /Game/Map/UEDPIE_0_Game_Main -0.226のプレイ イン エディタの開始時間
[2023.02.07-02.31.18:243][860]LogBlueprintUserMessages: Late PlayInEditor Detection: Level '/Game/Map/Game_Main.Game_Main:PersistentLevel' has LevelScriptBlueprint '/Game/Map/Game_Main.Game_Main:PersistentLevel.Game_Main' with GeneratedClass '/Game/Map/Game_Main.Game_Main_C' with ClassGeneratedBy '/Game/Map/Game_Main.Game_Main:PersistentLevel.Game_Main'
[2023.02.07-02.31.18:243][860]LogBlueprintUserMessages: Late PlayInEditor Detection: Level '/Game/Map/Floor1.Floor1:PersistentLevel' has LevelScriptBlueprint '/Game/Map/Floor1.Floor1:PersistentLevel.Floor1' with GeneratedClass '/Game/Map/Floor1.Floor1_C' with ClassGeneratedBy '/Game/Map/Floor1.Floor1:PersistentLevel.Floor1'
[2023.02.07-02.31.20:678][  5]LogBlueprintUserMessages: Early EndPlayMap Detection: Level '/Game/Map/Game_Main.Game_Main:PersistentLevel' has LevelScriptBlueprint '/Game/Map/Game_Main.Game_Main:PersistentLevel.Game_Main' with GeneratedClass '/Game/Map/Game_Main.Game_Main_C' with ClassGeneratedBy '/Game/Map/Game_Main.Game_Main:PersistentLevel.Game_Main'
[2023.02.07-02.31.20:678][  5]LogBlueprintUserMessages: Early EndPlayMap Detection: Level '/Game/Map/Floor1.Floor1:PersistentLevel' has LevelScriptBlueprint '/Game/Map/Floor1.Floor1:PersistentLevel.Floor1' with GeneratedClass '/Game/Map/Floor1.Floor1_C' with ClassGeneratedBy '/Game/Map/Floor1.Floor1:PersistentLevel.Floor1'
[2023.02.07-02.31.20:713][  5]LogBlueprintUserMessages: Late EndPlayMap Detection: Level '/Game/Map/Game_Main.Game_Main:PersistentLevel' has LevelScriptBlueprint '/Game/Map/Game_Main.Game_Main:PersistentLevel.Game_Main' with GeneratedClass '/Game/Map/Game_Main.Game_Main_C' with ClassGeneratedBy '/Game/Map/Game_Main.Game_Main:PersistentLevel.Game_Main'
[2023.02.07-02.31.20:713][  5]LogBlueprintUserMessages: Late EndPlayMap Detection: Level '/Game/Map/Floor1.Floor1:PersistentLevel' has LevelScriptBlueprint '/Game/Map/Floor1.Floor1:PersistentLevel.Floor1' with GeneratedClass '/Game/Map/Floor1.Floor1_C' with ClassGeneratedBy '/Game/Map/Floor1.Floor1:PersistentLevel.Floor1'
[2023.02.07-02.31.29:658][295]LogEditorViewport: Clicking on Actor (LMB): StaticMeshActor (plane145)
[2023.02.07-02.31.31:180][328]LogEditorViewport: Clicking on Actor (LMB): StaticMeshActor (plane8)
[2023.02.07-02.31.33:474][400]LogEditorViewport: Clicking Background
[2023.02.07-02.32.33:211][699]LogSlate: Took 0.000161 seconds to synchronously load lazily loaded font '../../../Engine/Content/Slate/Fonts/Roboto-Light.ttf' (159K)
[2023.02.07-02.32.33:524][699]LogContentBrowser: Native class hierarchy updated for 'BlueprintGraph' in 0.0008 seconds. Added 113 classes and 0 folders.
[2023.02.07-02.32.34:026][699]LogSlate: Took 0.000139 seconds to synchronously load lazily loaded font '../../../Engine/Content/Slate/Fonts/Roboto-Regular.ttf' (155K)
[2023.02.07-02.32.34:102][699]LogSlate: Took 0.000174 seconds to synchronously load lazily loaded font '../../../Engine/Content/Editor/Slate/Fonts/Roboto-BoldCondensed.ttf' (158K)
[2023.02.07-02.32.34:211][700]LogSlate: Took 0.000183 seconds to synchronously load lazily loaded font '../../../Engine/Content/Editor/Slate/Fonts/Roboto-Italic.ttf' (157K)
[2023.02.07-02.38.41:190][386]LogFactory: FactoryCreateFile: SoundWave with ReimportSoundFactory (0 0 ../../../../../../Users/Owner/Downloads/Attack.wav)
[2023.02.07-02.38.41:193][386]LogAudioDerivedData: Display: 圧縮オーディオ フォーマット OGG ウェーブ Attack をビルド中...
[2023.02.07-02.38.41:207][386]LogAudioDerivedData: Updated SoundWave->RawPCMDataSize during cooking SoundWave /Game/BGM/Attack.Attack.
[2023.02.07-02.40.47:341][591]LogScript: Warning: Accessed None trying to read property IsClearInstance
	BP_Anim_Award_C /Engine/Transient.World_9:PersistentLevel.BPAward_C_1.CharacterMesh0.BP_Anim_Award_C_1
	Function /Game/Animation/BP_Anim_Award.BP_Anim_Award_C:ExecuteUbergraph_BP_Anim_Award:00B1
[2023.02.07-02.40.47:341][591]LogScript: Warning: Accessed None trying to read property IsClearInstance
	BP_Anim_Award_C /Engine/Transient.World_9:PersistentLevel.BPAward_C_1.CharacterMesh0.BP_Anim_Award_C_1
	Function /Game/Animation/BP_Anim_Award.BP_Anim_Award_C:ExecuteUbergraph_BP_Anim_Award:01A5
[2023.02.07-02.40.47:365][591]LogScript: Warning: Accessed None trying to read property IsClearInstance
	BP_Anim_Award_C /Engine/Transient.World_9:PersistentLevel.BPAward_C_1.CharacterMesh0.BP_Anim_Award_C_1
	Function /Game/Animation/BP_Anim_Award.BP_Anim_Award_C:ExecuteUbergraph_BP_Anim_Award:00B1
[2023.02.07-02.40.47:366][591]LogScript: Warning: Accessed None trying to read property IsClearInstance
	BP_Anim_Award_C /Engine/Transient.World_9:PersistentLevel.BPAward_C_1.CharacterMesh0.BP_Anim_Award_C_1
	Function /Game/Animation/BP_Anim_Award.BP_Anim_Award_C:ExecuteUbergraph_BP_Anim_Award:01A5
[2023.02.07-02.40.47:533][592]LogScript: Warning: Accessed None trying to read property IsClearInstance
	BP_Anim_Award_C /Engine/Transient.World_9:PersistentLevel.BPAward_C_1.CharacterMesh0.BP_Anim_Award_C_1
	Function /Game/Animation/BP_Anim_Award.BP_Anim_Award_C:ExecuteUbergraph_BP_Anim_Award:00B1
[2023.02.07-02.40.47:533][592]LogScript: Warning: Accessed None trying to read property IsClearInstance
	BP_Anim_Award_C /Engine/Transient.World_9:PersistentLevel.BPAward_C_1.CharacterMesh0.BP_Anim_Award_C_1
	Function /Game/Animation/BP_Anim_Award.BP_Anim_Award_C:ExecuteUbergraph_BP_Anim_Award:01A5
[2023.02.07-02.40.47:574][593]LogScript: Warning: Accessed None trying to read property IsClearInstance
	BP_Anim_Award_C /Engine/Transient.World_9:PersistentLevel.BPAward_C_1.CharacterMesh0.BP_Anim_Award_C_1
	Function /Game/Animation/BP_Anim_Award.BP_Anim_Award_C:ExecuteUbergraph_BP_Anim_Award:00B1
[2023.02.07-02.40.47:574][593]LogScript: Warning: Accessed None trying to read property IsClearInstance
	BP_Anim_Award_C /Engine/Transient.World_9:PersistentLevel.BPAward_C_1.CharacterMesh0.BP_Anim_Award_C_1
	Function /Game/Animation/BP_Anim_Award.BP_Anim_Award_C:ExecuteUbergraph_BP_Anim_Award:01A5
[2023.02.07-02.40.47:598][594]LogScript: Warning: Accessed None trying to read property IsClearInstance
	BP_Anim_Award_C /Engine/Transient.World_9:PersistentLevel.BPAward_C_1.CharacterMesh0.BP_Anim_Award_C_1
	Function /Game/Animation/BP_Anim_Award.BP_Anim_Award_C:ExecuteUbergraph_BP_Anim_Award:00B1
[2023.02.07-02.40.47:598][594]LogScript: Warning: Accessed None trying to read property IsClearInstance
	BP_Anim_Award_C /Engine/Transient.World_9:PersistentLevel.BPAward_C_1.CharacterMesh0.BP_Anim_Award_C_1
	Function /Game/Animation/BP_Anim_Award.BP_Anim_Award_C:ExecuteUbergraph_BP_Anim_Award:01A5
[2023.02.07-02.40.47:619][595]LogScript: Warning: Accessed None trying to read property IsClearInstance
	BP_Anim_Award_C /Engine/Transient.World_9:PersistentLevel.BPAward_C_1.CharacterMesh0.BP_Anim_Award_C_1
	Function /Game/Animation/BP_Anim_Award.BP_Anim_Award_C:ExecuteUbergraph_BP_Anim_Award:00B1
[2023.02.07-02.40.47:619][595]LogScript: Warning: Accessed None trying to read property IsClearInstance
	BP_Anim_Award_C /Engine/Transient.World_9:PersistentLevel.BPAward_C_1.CharacterMesh0.BP_Anim_Award_C_1
	Function /Game/Animation/BP_Anim_Award.BP_Anim_Award_C:ExecuteUbergraph_BP_Anim_Award:01A5
[2023.02.07-02.40.47:640][596]LogScript: Warning: Accessed None trying to read property IsClearInstance
	BP_Anim_Award_C /Engine/Transient.World_9:PersistentLevel.BPAward_C_1.CharacterMesh0.BP_Anim_Award_C_1
	Function /Game/Animation/BP_Anim_Award.BP_Anim_Award_C:ExecuteUbergraph_BP_Anim_Award:00B1
[2023.02.07-02.40.47:640][596]LogScript: Warning: Accessed None trying to read property IsClearInstance
	BP_Anim_Award_C /Engine/Transient.World_9:PersistentLevel.BPAward_C_1.CharacterMesh0.BP_Anim_Award_C_1
	Function /Game/Animation/BP_Anim_Award.BP_Anim_Award_C:ExecuteUbergraph_BP_Anim_Award:01A5
[2023.02.07-02.40.47:663][597]LogScript: Warning: Accessed None trying to read property IsClearInstance
	BP_Anim_Award_C /Engine/Transient.World_9:PersistentLevel.BPAward_C_1.CharacterMesh0.BP_Anim_Award_C_1
	Function /Game/Animation/BP_Anim_Award.BP_Anim_Award_C:ExecuteUbergraph_BP_Anim_Award:00B1
[2023.02.07-02.40.47:663][597]LogScript: Warning: Accessed None trying to read property IsClearInstance
	BP_Anim_Award_C /Engine/Transient.World_9:PersistentLevel.BPAward_C_1.CharacterMesh0.BP_Anim_Award_C_1
	Function /Game/Animation/BP_Anim_Award.BP_Anim_Award_C:ExecuteUbergraph_BP_Anim_Award:01A5
[2023.02.07-02.40.47:684][598]LogScript: Warning: Accessed None trying to read property IsClearInstance
	BP_Anim_Award_C /Engine/Transient.World_9:PersistentLevel.BPAward_C_1.CharacterMesh0.BP_Anim_Award_C_1
	Function /Game/Animation/BP_Anim_Award.BP_Anim_Award_C:ExecuteUbergraph_BP_Anim_Award:00B1
[2023.02.07-02.41.44:407][205]LogFileHelpers: Editor autosave (incl. sublevels) for '/Game/Map/Game_Main' took 0.032
[2023.02.07-02.41.44:410][205]OBJ SavePackage: Generating thumbnails for [1] asset(s) in package [/Game/BGM/Attack] ([1] browsable assets)...
[2023.02.07-02.41.44:416][205]OBJ SavePackage:     Rendered thumbnail for [SoundWave /Game/BGM/Attack.Attack]
[2023.02.07-02.41.44:416][205]OBJ SavePackage: Finished generating thumbnails for package [/Game/BGM/Attack]
[2023.02.07-02.41.44:416][205]Cmd: OBJ SAVEPACKAGE PACKAGE="/Game/BGM/Attack" FILE="../../../../../../Users/Owner/Documents/UE4_RPG/THE7/Saved/Autosaves/Game/BGM/Attack_Auto1.uasset" SILENT=false AUTOSAVING=true
[2023.02.07-02.41.44:424][205]LogSavePackage: Save=5.65ms
[2023.02.07-02.41.44:424][205]LogSavePackage: Moving '../../../../../../Users/Owner/Documents/UE4_RPG/THE7/Saved/Attack_Auto19EBD54CB4650F724357BEEA9FC9F1D44.tmp' to '../../../../../../Users/Owner/Documents/UE4_RPG/THE7/Saved/Autosaves/Game/BGM/Attack_Auto1.uasset'
[2023.02.07-02.41.44:427][205]LogSavePackage: Display: Finished SavePackage ../../../../../../Users/Owner/Documents/UE4_RPG/THE7/Saved/Autosaves/Game/BGM/Attack_Auto1.uasset
[2023.02.07-02.41.44:427][205]LogFileHelpers: Auto-saving content packages took 0.019
[2023.02.07-02.41.56:239][628]LogTemp: Repeating last play command: 選択ビューポート
[2023.02.07-02.41.56:276][628]LogBlueprintUserMessages: Early PlayInEditor Detection: Level '/Game/Map/Game_Main.Game_Main:PersistentLevel' has LevelScriptBlueprint '/Game/Map/Game_Main.Game_Main:PersistentLevel.Game_Main' with GeneratedClass '/Game/Map/Game_Main.Game_Main_C' with ClassGeneratedBy '/Game/Map/Game_Main.Game_Main:PersistentLevel.Game_Main'
[2023.02.07-02.41.56:276][628]LogBlueprintUserMessages: Early PlayInEditor Detection: Level '/Game/Map/Floor1.Floor1:PersistentLevel' has LevelScriptBlueprint '/Game/Map/Floor1.Floor1:PersistentLevel.Floor1' with GeneratedClass '/Game/Map/Floor1.Floor1_C' with ClassGeneratedBy '/Game/Map/Floor1.Floor1:PersistentLevel.Floor1'
[2023.02.07-02.41.56:276][628]LogPlayLevel: PlayLevel: No blueprints needed recompiling
[2023.02.07-02.41.56:276][628]PIE: New page: PIEセッション: Game_Main (2023/02/07 20:41:56)
[2023.02.07-02.41.56:278][628]LogPlayLevel: Creating play world package: /Game/Map/UEDPIE_0_Game_Main
[2023.02.07-02.41.56:280][628]LogPlayLevel: PIE: StaticDuplicateObject took: (0.001936s)
[2023.02.07-02.41.56:280][628]LogAIModule: Creating AISystem for world Game_Main
[2023.02.07-02.41.56:280][628]LogPlayLevel: PIE: World Init took: (0.000685s)
[2023.02.07-02.41.56:281][628]LogPlayLevel: PIE: Created PIE world by copying editor world from /Game/Map/Game_Main.Game_Main to /Game/Map/UEDPIE_0_Game_Main.Game_Main (0.003123s)
[2023.02.07-02.41.56:330][628]LogInit: XAudio2 using 'ヘッドホン (Soundcore Space A40)' : 2 channels at 48 kHz using 16 bits per sample (channel mask 0x3)
[2023.02.07-02.41.56:342][628]LogInit: FAudioDevice initialized.
[2023.02.07-02.41.56:383][628]LogLoad: Game class is 'BP_Award_GameMode_C'
[2023.02.07-02.41.56:385][628]LogWorld: Bringing World /Game/Map/UEDPIE_0_Game_Main.Game_Main up for play (max tick rate 60) at 2023.02.07-11.41.56
[2023.02.07-02.41.56:385][628]LogWorld: Bringing up level for play took: 0.001552
[2023.02.07-02.41.56:386][628]LogGameMode: FindPlayerStart: PATHS NOT DEFINED or NO PLAYERSTART with positive rating
[2023.02.07-02.41.56:387][628]LogLevel: ActivateLevel /Game/Map/UEDPIE_0_Floor1 1 1 1
[2023.02.07-02.41.56:391][628]PIE: /Game/Map/UEDPIE_0_Game_Main -0.077のプレイ イン エディタの開始時間
[2023.02.07-02.41.56:392][628]LogBlueprintUserMessages: Late PlayInEditor Detection: Level '/Game/Map/Game_Main.Game_Main:PersistentLevel' has LevelScriptBlueprint '/Game/Map/Game_Main.Game_Main:PersistentLevel.Game_Main' with GeneratedClass '/Game/Map/Game_Main.Game_Main_C' with ClassGeneratedBy '/Game/Map/Game_Main.Game_Main:PersistentLevel.Game_Main'
[2023.02.07-02.41.56:392][628]LogBlueprintUserMessages: Late PlayInEditor Detection: Level '/Game/Map/Floor1.Floor1:PersistentLevel' has LevelScriptBlueprint '/Game/Map/Floor1.Floor1:PersistentLevel.Floor1' with GeneratedClass '/Game/Map/Floor1.Floor1_C' with ClassGeneratedBy '/Game/Map/Floor1.Floor1:PersistentLevel.Floor1'
[2023.02.07-02.41.56:432][628]LogRenderer: Reallocating scene render targets to support 1292x756 Format 10 NumSamples 1 (Frame:1).
[2023.02.07-02.42.39:248][187]LogBlueprintUserMessages: Early EndPlayMap Detection: Level '/Game/Map/Game_Main.Game_Main:PersistentLevel' has LevelScriptBlueprint '/Game/Map/Game_Main.Game_Main:PersistentLevel.Game_Main' with GeneratedClass '/Game/Map/Game_Main.Game_Main_C' with ClassGeneratedBy '/Game/Map/Game_Main.Game_Main:PersistentLevel.Game_Main'
[2023.02.07-02.42.39:248][187]LogBlueprintUserMessages: Early EndPlayMap Detection: Level '/Game/Map/Floor1.Floor1:PersistentLevel' has LevelScriptBlueprint '/Game/Map/Floor1.Floor1:PersistentLevel.Floor1' with GeneratedClass '/Game/Map/Floor1.Floor1_C' with ClassGeneratedBy '/Game/Map/Floor1.Floor1:PersistentLevel.Floor1'
[2023.02.07-02.42.39:300][187]LogBlueprintUserMessages: Late EndPlayMap Detection: Level '/Game/Map/Game_Main.Game_Main:PersistentLevel' has LevelScriptBlueprint '/Game/Map/Game_Main.Game_Main:PersistentLevel.Game_Main' with GeneratedClass '/Game/Map/Game_Main.Game_Main_C' with ClassGeneratedBy '/Game/Map/Game_Main.Game_Main:PersistentLevel.Game_Main'
[2023.02.07-02.42.39:300][187]LogBlueprintUserMessages: Late EndPlayMap Detection: Level '/Game/Map/Floor1.Floor1:PersistentLevel' has LevelScriptBlueprint '/Game/Map/Floor1.Floor1:PersistentLevel.Floor1' with GeneratedClass '/Game/Map/Floor1.Floor1_C' with ClassGeneratedBy '/Game/Map/Floor1.Floor1:PersistentLevel.Floor1'
[2023.02.07-03.09.46:626][336]Cmd: OBJ SAVEPACKAGE PACKAGE="/Game/BGM/Attack" FILE="../../../../../../Users/Owner/Documents/UE4_RPG/THE7/Content/BGM/Attack.uasset" SILENT=true
[2023.02.07-03.09.46:633][336]LogSavePackage: Save=5.02ms
[2023.02.07-03.09.46:633][336]LogSavePackage: Moving '../../../../../../Users/Owner/Documents/UE4_RPG/THE7/Saved/Attack65EBE15341E6382D9C8BCDB62B9A195C.tmp' to '../../../../../../Users/Owner/Documents/UE4_RPG/THE7/Content/BGM/Attack.uasset'
[2023.02.07-03.09.46:638][336]LogSavePackage: Display: Finished SavePackage ../../../../../../Users/Owner/Documents/UE4_RPG/THE7/Content/BGM/Attack.uasset
[2023.02.07-03.09.46:753][336]LogActorComponent: UnregisterComponent: (/Engine/Transient.EditorFloorComp) Not registered. Aborting.
[2023.02.07-03.09.47:000][337]Cmd: QUIT_EDITOR
[2023.02.07-03.09.47:737][337]LogWindowsTextInputMethodSystem: Display: IME system now activated using TSF (Microsoft IME).
[2023.02.07-03.09.47:749][337]LogExit: Preparing to exit.
[2023.02.07-03.09.48:508][337]LogDirectoryWatcher: A directory notification for 'C:/Users/Owner/Documents/UE4_RPG/THE7/Content/' was aborted.
[2023.02.07-03.09.48:644][337]LogExit: Editor shut down
[2023.02.07-03.09.48:658][337]LogExit: Transaction tracking system shut down
[2023.02.07-03.09.48:906][337]LogDirectoryWatcher: A directory notification for '../../../Engine/Content/' was aborted.
[2023.02.07-03.09.48:906][337]LogDirectoryWatcher: A directory notification for '../../../../../../Users/Owner/Documents/UE4_RPG/THE7/Content/' was aborted.
[2023.02.07-03.09.48:906][337]LogDirectoryWatcher: A directory notification for '../../../Engine/Plugins/2D/Paper2D/Content/' was aborted.
[2023.02.07-03.09.48:906][337]LogDirectoryWatcher: A directory notification for '../../../Engine/Plugins/Runtime/Oculus/OculusVR/Content/' was aborted.
[2023.02.07-03.09.48:906][337]LogDirectoryWatcher: A directory notification for '../../../Engine/Plugins/Runtime/Steam/SteamVR/Content/' was aborted.
[2023.02.07-03.09.49:025][337]LogExit: Object subsystem successfully closed.
[2023.02.07-03.09.49:059][337]LogD3D11RHI: Shutdown
[2023.02.07-03.09.49:059][337]LogD3D11RHI: CleanupD3DDevice
[2023.02.07-03.09.49:218][337]LogD3D11RHI: ~FD3D11DynamicRHI
[2023.02.07-03.09.49:237][337]LogModuleManager: Shutting down and abandoning module BlueprintGraph (538)
[2023.02.07-03.09.49:237][337]LogModuleManager: Shutting down and abandoning module BlueprintProfiler (536)
[2023.02.07-03.09.49:237][337]LogModuleManager: Shutting down and abandoning module MovieSceneCapture (534)
[2023.02.07-03.09.49:237][337]LogModuleManager: Shutting down and abandoning module HierarchicalLODOutliner (532)
[2023.02.07-03.09.49:237][337]LogModuleManager: Shutting down and abandoning module WorldBrowser (530)
[2023.02.07-03.09.49:237][337]LogModuleManager: Shutting down and abandoning module SceneOutliner (528)
[2023.02.07-03.09.49:237][337]LogModuleManager: Shutting down and abandoning module AddContentDialog (526)
[2023.02.07-03.09.49:238][337]LogDirectoryWatcher: A directory notification for 'C:/Program Files/Epic Games/UE_4.17/FeaturePacks/' was aborted.
[2023.02.07-03.09.49:240][337]LogModuleManager: Shutting down and abandoning module WidgetCarousel (525)
[2023.02.07-03.09.49:240][337]LogModuleManager: Shutting down and abandoning module EditorWidgets (522)
[2023.02.07-03.09.49:240][337]LogModuleManager: Shutting down and abandoning module CollectionManager (520)
[2023.02.07-03.09.49:240][337]LogDirectoryWatcher: A directory notification for 'C:/Users/Owner/Documents/UE4_RPG/THE7/Content/Collections/' was aborted.
[2023.02.07-03.09.49:240][337]LogDirectoryWatcher: A directory notification for 'C:/Users/Owner/Documents/UE4_RPG/THE7/Content/Developers/Owner/Collections/' was aborted.
[2023.02.07-03.09.49:240][337]LogDirectoryWatcher: A directory notification for 'C:/Users/Owner/Documents/UE4_RPG/THE7/Saved/Collections/' was aborted.
[2023.02.07-03.09.49:240][337]LogModuleManager: Shutting down and abandoning module StatsViewer (518)
[2023.02.07-03.09.49:240][337]LogModuleManager: Shutting down and abandoning module FoliageEdit (516)
[2023.02.07-03.09.49:240][337]LogModuleManager: Shutting down and abandoning module LandscapeEditor (514)
[2023.02.07-03.09.49:240][337]LogModuleManager: Shutting down and abandoning module MeshPaintMode (512)
[2023.02.07-03.09.49:240][337]LogModuleManager: Shutting down and abandoning module SceneDepthPickerMode (510)
[2023.02.07-03.09.49:240][337]LogModuleManager: Shutting down and abandoning module ActorPickerMode (508)
[2023.02.07-03.09.49:240][337]LogModuleManager: Shutting down and abandoning module GeometryMode (506)
[2023.02.07-03.09.49:240][337]LogModuleManager: Shutting down and abandoning module TextureAlignMode (504)
[2023.02.07-03.09.49:240][337]LogModuleManager: Shutting down and abandoning module BspMode (502)
[2023.02.07-03.09.49:240][337]LogModuleManager: Shutting down and abandoning module PIEPreviewDeviceProfileSelector (500)
[2023.02.07-03.09.49:240][337]LogModuleManager: Shutting down and abandoning module HardwareSurvey (498)
[2023.02.07-03.09.49:240][337]LogModuleManager: Shutting down and abandoning module SequenceRecorderSections (496)
[2023.02.07-03.09.49:240][337]LogModuleManager: Shutting down and abandoning module AutomationWorker (494)
[2023.02.07-03.09.49:240][337]LogModuleManager: Shutting down and abandoning module MatineeToLevelSequence (492)
[2023.02.07-03.09.49:240][337]LogModuleManager: Shutting down and abandoning module LevelSequenceEditor (490)
[2023.02.07-03.09.49:240][337]LogModuleManager: Shutting down and abandoning module PlacementMode (489)
[2023.02.07-03.09.49:241][337]LogModuleManager: Shutting down and abandoning module WmfMediaFactory (486)
[2023.02.07-03.09.49:241][337]LogModuleManager: Shutting down and abandoning module WmfMediaEditor (484)
[2023.02.07-03.09.49:241][337]LogModuleManager: Shutting down and abandoning module AvfMediaFactory (482)
[2023.02.07-03.09.49:241][337]LogModuleManager: Shutting down and abandoning module AvfMediaEditor (480)
[2023.02.07-03.09.49:241][337]LogModuleManager: Shutting down and abandoning module AndroidMediaFactory (478)
[2023.02.07-03.09.49:241][337]LogModuleManager: Shutting down and abandoning module Media (477)
[2023.02.07-03.09.49:241][337]LogModuleManager: Shutting down and abandoning module AndroidMediaEditor (474)
[2023.02.07-03.09.49:241][337]LogModuleManager: Shutting down and abandoning module CharacterAI (472)
[2023.02.07-03.09.49:241][337]LogModuleManager: Shutting down and abandoning module AudioCapture (470)
[2023.02.07-03.09.49:241][337]LogModuleManager: Shutting down and abandoning module SequenceRecorder (469)
[2023.02.07-03.09.49:241][337]LogModuleManager: Shutting down and abandoning module SmartSnapping (466)
[2023.02.07-03.09.49:241][337]LogModuleManager: Shutting down and abandoning module SessionServices (464)
[2023.02.07-03.09.49:241][337]LogModuleManager: Shutting down and abandoning module ViewportSnapping (462)
[2023.02.07-03.09.49:241][337]LogModuleManager: Shutting down and abandoning module ViewportInteraction (460)
[2023.02.07-03.09.49:241][337]LogModuleManager: Shutting down and abandoning module ClothPainter (458)
[2023.02.07-03.09.49:241][337]LogModuleManager: Shutting down and abandoning module LogVisualizer (456)
[2023.02.07-03.09.49:241][337]LogModuleManager: Shutting down and abandoning module IntroTutorials (454)
[2023.02.07-03.09.49:241][337]LogModuleManager: Shutting down and abandoning module GameProjectGeneration (453)
[2023.02.07-03.09.49:241][337]LogModuleManager: Shutting down and abandoning module IOSPlatformEditor (450)
[2023.02.07-03.09.49:241][337]LogModuleManager: Shutting down and abandoning module HTML5PlatformEditor (448)
[2023.02.07-03.09.49:241][337]LogModuleManager: Shutting down and abandoning module AndroidPlatformEditor (446)
[2023.02.07-03.09.49:241][337]LogModuleManager: Shutting down and abandoning module AndroidDeviceDetection (445)
[2023.02.07-03.09.49:581][337]LogModuleManager: Shutting down and abandoning module WindowsPlatformEditor (442)
[2023.02.07-03.09.49:581][337]LogModuleManager: Shutting down and abandoning module IOSRuntimeSettings (440)
[2023.02.07-03.09.49:581][337]LogModuleManager: Shutting down and abandoning module AndroidRuntimeSettings (438)
[2023.02.07-03.09.49:582][337]LogModuleManager: Shutting down and abandoning module InputBindingEditor (436)
[2023.02.07-03.09.49:582][337]LogModuleManager: Shutting down and abandoning module MergeActors (434)
[2023.02.07-03.09.49:582][337]LogModuleManager: Shutting down and abandoning module SizeMap (432)
[2023.02.07-03.09.49:582][337]LogModuleManager: Shutting down and abandoning module TreeMap (430)
[2023.02.07-03.09.49:582][337]LogModuleManager: Shutting down and abandoning module ReferenceViewer (428)
[2023.02.07-03.09.49:582][337]LogModuleManager: Shutting down and abandoning module LocalizationDashboard (426)
[2023.02.07-03.09.49:582][337]LogModuleManager: Shutting down and abandoning module LocalizationService (425)
[2023.02.07-03.09.49:582][337]LogModuleManager: Shutting down and abandoning module HardwareTargeting (422)
[2023.02.07-03.09.49:582][337]LogModuleManager: Shutting down and abandoning module DeviceProfileEditor (420)
[2023.02.07-03.09.49:582][337]LogModuleManager: Shutting down and abandoning module UndoHistory (418)
[2023.02.07-03.09.49:582][337]LogModuleManager: Shutting down and abandoning module XmlParser (416)
[2023.02.07-03.09.49:582][337]LogModuleManager: Shutting down and abandoning module Blutility (414)
[2023.02.07-03.09.49:582][337]LogModuleManager: Shutting down and abandoning module ProjectSettingsViewer (412)
[2023.02.07-03.09.49:582][337]LogModuleManager: Shutting down and abandoning module ProjectTargetPlatformEditor (411)
[2023.02.07-03.09.49:582][337]LogModuleManager: Shutting down and abandoning module EditorSettingsViewer (408)
[2023.02.07-03.09.49:582][337]LogModuleManager: Shutting down and abandoning module SettingsEditor (406)
[2023.02.07-03.09.49:582][337]LogModuleManager: Shutting down and abandoning module ProjectLauncher (404)
[2023.02.07-03.09.49:582][337]LogModuleManager: Shutting down and abandoning module SessionFrontend (402)
[2023.02.07-03.09.49:582][337]LogModuleManager: Shutting down and abandoning module ProfilerClient (400)
[2023.02.07-03.09.49:582][337]LogModuleManager: Shutting down and abandoning module DeviceManager (398)
[2023.02.07-03.09.49:582][337]LogModuleManager: Shutting down and abandoning module TargetDeviceServices (397)
[2023.02.07-03.09.49:638][337]LogModuleManager: Shutting down and abandoning module AutomationController (394)
[2023.02.07-03.09.49:638][337]LogModuleManager: Shutting down and abandoning module AutomationWindow (392)
[2023.02.07-03.09.49:638][337]LogModuleManager: Shutting down and abandoning module Layers (390)
[2023.02.07-03.09.49:638][337]LogModuleManager: Shutting down and abandoning module ComponentVisualizers (388)
[2023.02.07-03.09.49:638][337]LogModuleManager: Shutting down and abandoning module DetailCustomizations (386)
[2023.02.07-03.09.49:638][337]LogModuleManager: Shutting down and abandoning module PackagesDialog (384)
[2023.02.07-03.09.49:639][337]LogModuleManager: Shutting down and abandoning module Persona (382)
[2023.02.07-03.09.49:640][337]LogModuleManager: Shutting down and abandoning module AdvancedPreviewScene (381)
[2023.02.07-03.09.49:640][337]LogModuleManager: Shutting down and abandoning module AnimGraph (379)
[2023.02.07-03.09.49:640][337]LogModuleManager: Shutting down and abandoning module Kismet (376)
[2023.02.07-03.09.49:653][337]LogModuleManager: Shutting down and abandoning module ClassViewer (374)
[2023.02.07-03.09.49:653][337]LogModuleManager: Shutting down and abandoning module Toolbox (372)
[2023.02.07-03.09.49:653][337]LogModuleManager: Shutting down and abandoning module ModuleUI (370)
[2023.02.07-03.09.49:653][337]LogModuleManager: Shutting down and abandoning module MovieSceneTools (368)
[2023.02.07-03.09.49:653][337]LogModuleManager: Shutting down and abandoning module OutputLog (366)
[2023.02.07-03.09.49:653][337]LogModuleManager: Shutting down and abandoning module GammaUI (364)
[2023.02.07-03.09.49:653][337]LogModuleManager: Shutting down and abandoning module Documentation (362)
[2023.02.07-03.09.49:653][337]LogModuleManager: Shutting down and abandoning module MovieSceneTracks (360)
[2023.02.07-03.09.49:653][337]LogModuleManager: Shutting down and abandoning module MovieScene (358)
[2023.02.07-03.09.49:653][337]LogModuleManager: Shutting down and abandoning module Niagara (356)
[2023.02.07-03.09.49:653][337]LogModuleManager: Shutting down and abandoning module NiagaraEditor (355)
[2023.02.07-03.09.49:653][337]LogModuleManager: Shutting down and abandoning module StreamingPauseRendering (352)
[2023.02.07-03.09.49:653][337]LogModuleManager: Shutting down and abandoning module LauncherPlatform (350)
[2023.02.07-03.09.49:653][337]LogModuleManager: Shutting down and abandoning module AnalyticsET (348)
[2023.02.07-03.09.49:653][337]LogModuleManager: Shutting down and abandoning module PortalServices (346)
[2023.02.07-03.09.49:653][337]LogModuleManager: Shutting down and abandoning module PortalRpc (344)
[2023.02.07-03.09.49:653][337]LogModuleManager: Shutting down and abandoning module MessagingRpc (342)
[2023.02.07-03.09.49:653][337]LogModuleManager: Shutting down and abandoning module AIModule (340)
[2023.02.07-03.09.49:653][337]LogModuleManager: Shutting down and abandoning module GameplayDebugger (339)
[2023.02.07-03.09.49:653][337]LogModuleManager: Shutting down and abandoning module AITestSuite (337)
[2023.02.07-03.09.49:653][337]LogModuleManager: Shutting down and abandoning module ProfilerService (334)
[2023.02.07-03.09.49:803][337]LogModuleManager: Shutting down and abandoning module TaskGraph (332)
[2023.02.07-03.09.49:803][337]LogModuleManager: Shutting down and abandoning module SteamVRController (330)
[2023.02.07-03.09.49:803][337]LogModuleManager: Shutting down and abandoning module ProceduralMeshComponentEditor (328)
[2023.02.07-03.09.49:803][337]LogModuleManager: Shutting down and abandoning module ProceduralMeshComponent (326)
[2023.02.07-03.09.49:803][337]LogModuleManager: Shutting down and abandoning module OculusInput (324)
[2023.02.07-03.09.49:803][337]LogModuleManager: Shutting down and abandoning module MobilePatchingUtils (322)
[2023.02.07-03.09.49:803][337]LogModuleManager: Shutting down and abandoning module CustomMeshComponent (320)
[2023.02.07-03.09.49:803][337]LogModuleManager: Shutting down and abandoning module CableComponent (318)
[2023.02.07-03.09.49:803][337]LogModuleManager: Shutting down and abandoning module ArchVisCharacter (316)
[2023.02.07-03.09.49:803][337]LogModuleManager: Shutting down and abandoning module AndroidPermission (314)
[2023.02.07-03.09.49:803][337]LogModuleManager: Shutting down and abandoning module MediaPlayerEditor (310)
[2023.02.07-03.09.49:803][337]LogModuleManager: Shutting down and abandoning module HTML5Networking (308)
[2023.02.07-03.09.49:803][337]LogModuleManager: Shutting down and abandoning module AlembicImporter (306)
[2023.02.07-03.09.49:803][337]LogModuleManager: Shutting down and abandoning module AlembicLibrary (305)
[2023.02.07-03.09.49:803][337]LogModuleManager: Shutting down and abandoning module GeometryCache (304)
[2023.02.07-03.09.49:803][337]LogModuleManager: Shutting down and abandoning module GeometryCacheEd (303)
[2023.02.07-03.09.49:803][337]LogModuleManager: Shutting down and abandoning module SpeedTreeImporter (298)
[2023.02.07-03.09.49:803][337]LogModuleManager: Shutting down and abandoning module PluginBrowser (296)
[2023.02.07-03.09.49:803][337]LogModuleManager: Shutting down and abandoning module MobileLauncherProfileWizard (294)
[2023.02.07-03.09.49:803][337]LogModuleManager: Shutting down and abandoning module VisualStudioSourceCodeAccess (292)
[2023.02.07-03.09.49:803][337]LogModuleManager: Shutting down and abandoning module DesktopPlatform (291)
[2023.02.07-03.09.49:803][337]LogModuleManager: Shutting down and abandoning module UObjectPlugin (288)
[2023.02.07-03.09.49:803][337]LogModuleManager: Shutting down and abandoning module SubversionSourceControl (286)
[2023.02.07-03.09.49:803][337]LogModuleManager: Shutting down and abandoning module PerforceSourceControl (284)
[2023.02.07-03.09.49:803][337]LogModuleManager: Shutting down and abandoning module GitSourceControl (282)
[2023.02.07-03.09.49:803][337]LogModuleManager: Shutting down and abandoning module SourceControl (281)
[2023.02.07-03.09.49:804][337]LogModuleManager: Shutting down and abandoning module LightPropagationVolumeEditor (278)
[2023.02.07-03.09.49:804][337]LogModuleManager: Shutting down and abandoning module PaperTiledImporter (276)
[2023.02.07-03.09.49:804][337]LogModuleManager: Shutting down and abandoning module PaperSpriteSheetImporter (274)
[2023.02.07-03.09.49:804][337]LogModuleManager: Shutting down and abandoning module Paper2DEditor (272)
[2023.02.07-03.09.49:804][337]LogModuleManager: Shutting down and abandoning module MeshPaint (271)
[2023.02.07-03.09.49:804][337]LogModuleManager: Shutting down and abandoning module LevelEditor (269)
[2023.02.07-03.09.49:805][337]LogModuleManager: Shutting down and abandoning module PixelInspectorModule (268)
[2023.02.07-03.09.49:805][337]LogModuleManager: Shutting down and abandoning module MainFrame (266)
[2023.02.07-03.09.49:805][337]LogModuleManager: Shutting down and abandoning module HotReload (265)
[2023.02.07-03.09.49:806][337]LogModuleManager: Shutting down and abandoning module RuntimePhysXCooking (260)
[2023.02.07-03.09.49:806][337]LogModuleManager: Shutting down and abandoning module PhysXVehiclesEditor (258)
[2023.02.07-03.09.49:806][337]LogModuleManager: Shutting down and abandoning module PhysXVehicles (256)
[2023.02.07-03.09.49:806][337]LogModuleManager: Shutting down and abandoning module OculusEditor (254)
[2023.02.07-03.09.49:806][337]LogModuleManager: Shutting down and abandoning module LocationServicesBPLibrary (252)
[2023.02.07-03.09.49:806][337]LogModuleManager: Shutting down and abandoning module ImmediatePhysicsEditor (250)
[2023.02.07-03.09.49:806][337]LogModuleManager: Shutting down and abandoning module ImmediatePhysics (248)
[2023.02.07-03.09.49:806][337]LogModuleManager: Shutting down and abandoning module UdpMessaging (246)
[2023.02.07-03.09.49:907][337]LogModuleManager: Shutting down and abandoning module TcpMessaging (244)
[2023.02.07-03.09.50:008][337]LogModuleManager: Shutting down and abandoning module GameplayTagsEditor (242)
[2023.02.07-03.09.50:008][337]LogModuleManager: Shutting down and abandoning module FacialAnimationEditor (240)
[2023.02.07-03.09.50:008][337]LogModuleManager: Shutting down and abandoning module FacialAnimation (238)
[2023.02.07-03.09.50:008][337]LogModuleManager: Shutting down and abandoning module AssetManagerEditor (236)
[2023.02.07-03.09.50:008][337]LogModuleManager: Shutting down and abandoning module GraphEditor (235)
[2023.02.07-03.09.50:008][337]LogModuleManager: Shutting down and abandoning module ContentBrowser (233)
[2023.02.07-03.09.50:009][337]LogModuleManager: Shutting down and abandoning module LightPropagationVolumeRuntime (230)
[2023.02.07-03.09.50:009][337]LogModuleManager: Shutting down and abandoning module Paper2D (228)
[2023.02.07-03.09.50:009][337]LogModuleManager: Shutting down and abandoning module WindowsMoviePlayer (226)
[2023.02.07-03.09.50:009][337]LogModuleManager: Shutting down and abandoning module WmfMedia (224)
[2023.02.07-03.09.50:011][337]LogModuleManager: Shutting down and abandoning module PacketHandler (222)
[2023.02.07-03.09.50:011][337]LogModuleManager: Shutting down and abandoning module ClothingSystemEditor (220)
[2023.02.07-03.09.50:011][337]LogModuleManager: Shutting down and abandoning module ClothingSystemRuntime (218)
[2023.02.07-03.09.50:011][337]LogModuleManager: Shutting down and abandoning module Overlay (216)
[2023.02.07-03.09.50:011][337]LogModuleManager: Shutting down and abandoning module OverlayEditor (215)
[2023.02.07-03.09.50:011][337]LogModuleManager: Shutting down and abandoning module MediaAssets (212)
[2023.02.07-03.09.50:011][337]LogModuleManager: Shutting down and abandoning module VREditor (210)
[2023.02.07-03.09.50:011][337]LogModuleManager: Shutting down and abandoning module StringTableEditor (208)
[2023.02.07-03.09.50:011][337]LogModuleManager: Shutting down and abandoning module GameplayTasksEditor (206)
[2023.02.07-03.09.50:011][337]LogModuleManager: Shutting down and abandoning module BehaviorTreeEditor (204)
[2023.02.07-03.09.50:011][337]LogModuleManager: Shutting down and abandoning module FunctionalTesting (202)
[2023.02.07-03.09.50:011][337]LogModuleManager: Shutting down and abandoning module CollisionAnalyzer (200)
[2023.02.07-03.09.50:011][337]LogModuleManager: Shutting down and abandoning module WorkspaceMenuStructure (199)
[2023.02.07-03.09.50:011][337]LogModuleManager: Shutting down and abandoning module UMG (196)
[2023.02.07-03.09.50:011][337]LogModuleManager: Shutting down and abandoning module UMGEditor (195)
[2023.02.07-03.09.50:011][337]LogModuleManager: Shutting down and abandoning module Sequencer (194)
[2023.02.07-03.09.50:011][337]LogModuleManager: Shutting down and abandoning module MessageLog (191)
[2023.02.07-03.09.50:011][337]LogModuleManager: Shutting down and abandoning module SlateReflector (186)
[2023.02.07-03.09.50:011][337]LogModuleManager: Shutting down and abandoning module Slate (184)
[2023.02.07-03.09.50:011][337]LogModuleManager: Shutting down and abandoning module EditorStyle (182)
[2023.02.07-03.09.50:014][337]LogModuleManager: Shutting down and abandoning module MRMesh (180)
[2023.02.07-03.09.50:014][337]LogModuleManager: Shutting down and abandoning module SourceCodeAccess (178)
[2023.02.07-03.09.50:014][337]LogModuleManager: Shutting down and abandoning module HeadMountedDisplay (176)
[2023.02.07-03.09.50:014][337]LogModuleManager: Shutting down and abandoning module XAudio2 (174)
[2023.02.07-03.09.50:014][337]LogModuleManager: Shutting down and abandoning module Networking (172)
[2023.02.07-03.09.50:014][337]LogModuleManager: Shutting down and abandoning module Core (168)
[2023.02.07-03.09.50:014][337]LogModuleManager: Shutting down and abandoning module KismetCompiler (164)
[2023.02.07-03.09.50:014][337]LogModuleManager: Shutting down and abandoning module LevelSequence (162)
[2023.02.07-03.09.50:014][337]LogModuleManager: Shutting down and abandoning module MeshUtilities (160)
[2023.02.07-03.09.50:014][337]LogModuleManager: Shutting down and abandoning module MeshMergeUtilities (159)
[2023.02.07-03.09.50:014][337]LogModuleManager: Shutting down and abandoning module MeshReductionInterface (158)
[2023.02.07-03.09.50:014][337]LogModuleManager: Shutting down and abandoning module SimplygonSwarm (157)
[2023.02.07-03.09.50:014][337]LogModuleManager: Shutting down and abandoning module SimplygonMeshReduction (155)
[2023.02.07-03.09.50:014][337]LogModuleManager: Shutting down and abandoning module QuadricMeshReduction (153)
[2023.02.07-03.09.50:014][337]LogModuleManager: Shutting down and abandoning module MaterialBaking (149)
[2023.02.07-03.09.50:014][337]LogModuleManager: Shutting down and abandoning module DirectoryWatcher (146)
[2023.02.07-03.09.50:019][337]LogModuleManager: Shutting down and abandoning module DerivedDataCache (144)
[2023.02.07-03.09.50:061][337]LogDerivedDataCache: Shutdown
[2023.02.07-03.09.50:061][337]LogModuleManager: Shutting down and abandoning module TargetPlatform (142)
[2023.02.07-03.09.50:061][337]LogModuleManager: Shutting down and abandoning module VulkanShaderFormat (141)
[2023.02.07-03.09.50:061][337]LogModuleManager: Shutting down and abandoning module ShaderFormatVectorVM (139)
[2023.02.07-03.09.50:061][337]LogModuleManager: Shutting down and abandoning module ShaderFormatOpenGL (137)
[2023.02.07-03.09.50:061][337]LogModuleManager: Shutting down and abandoning module ShaderFormatD3D (135)
[2023.02.07-03.09.50:061][337]LogModuleManager: Shutting down and abandoning module MetalShaderFormat (133)
[2023.02.07-03.09.50:061][337]LogModuleManager: Shutting down and abandoning module TextureFormatUncompressed (131)
[2023.02.07-03.09.50:061][337]LogModuleManager: Shutting down and abandoning module TextureFormatPVR (129)
[2023.02.07-03.09.50:061][337]LogModuleManager: Shutting down and abandoning module TextureFormatDXT (127)
[2023.02.07-03.09.50:061][337]LogModuleManager: Shutting down and abandoning module TextureFormatIntelISPCTexComp (125)
[2023.02.07-03.09.50:061][337]LogModuleManager: Shutting down and abandoning module TextureFormatASTC (123)
[2023.02.07-03.09.50:061][337]LogModuleManager: Shutting down and abandoning module ImageWrapper (122)
[2023.02.07-03.09.50:061][337]LogModuleManager: Shutting down and abandoning module TextureFormatAndroid (119)
[2023.02.07-03.09.50:061][337]LogModuleManager: Shutting down and abandoning module AudioFormatOpus (117)
[2023.02.07-03.09.50:061][337]LogModuleManager: Shutting down and abandoning module AudioFormatOgg (115)
[2023.02.07-03.09.50:061][337]LogModuleManager: Shutting down and abandoning module AudioFormatADPCM (113)
[2023.02.07-03.09.50:061][337]LogModuleManager: Shutting down and abandoning module LinuxTargetPlatform (111)
[2023.02.07-03.09.50:061][337]LogModuleManager: Shutting down and abandoning module LinuxServerTargetPlatform (109)
[2023.02.07-03.09.50:061][337]LogModuleManager: Shutting down and abandoning module LinuxNoEditorTargetPlatform (107)
[2023.02.07-03.09.50:061][337]LogModuleManager: Shutting down and abandoning module LinuxClientTargetPlatform (105)
[2023.02.07-03.09.50:061][337]LogModuleManager: Shutting down and abandoning module TVOSTargetPlatform (103)
[2023.02.07-03.09.50:061][337]LogModuleManager: Shutting down and abandoning module Messaging (101)
[2023.02.07-03.09.50:061][337]LogModuleManager: Shutting down and abandoning module IOSTargetPlatform (99)
[2023.02.07-03.09.50:061][337]LogModuleManager: Shutting down and abandoning module HTML5TargetPlatform (97)
[2023.02.07-03.09.50:061][337]LogModuleManager: Shutting down and abandoning module Android_PVRTCTargetPlatform (95)
[2023.02.07-03.09.50:061][337]LogModuleManager: Shutting down and abandoning module Android_MultiTargetPlatform (93)
[2023.02.07-03.09.50:061][337]LogModuleManager: Shutting down and abandoning module Android_ETC2TargetPlatform (91)
[2023.02.07-03.09.50:061][337]LogModuleManager: Shutting down and abandoning module Android_ETC1TargetPlatform (89)
[2023.02.07-03.09.50:061][337]LogModuleManager: Shutting down and abandoning module Android_DXTTargetPlatform (87)
[2023.02.07-03.09.50:061][337]LogModuleManager: Shutting down and abandoning module Android_ATCTargetPlatform (85)
[2023.02.07-03.09.50:061][337]LogModuleManager: Shutting down and abandoning module Android_ASTCTargetPlatform (83)
[2023.02.07-03.09.50:061][337]LogModuleManager: Shutting down and abandoning module AndroidTargetPlatform (81)
[2023.02.07-03.09.50:061][337]LogModuleManager: Shutting down and abandoning module WindowsTargetPlatform (79)
[2023.02.07-03.09.50:062][337]LogModuleManager: Shutting down and abandoning module WindowsServerTargetPlatform (77)
[2023.02.07-03.09.50:062][337]LogModuleManager: Shutting down and abandoning module WindowsNoEditorTargetPlatform (75)
[2023.02.07-03.09.50:062][337]LogModuleManager: Shutting down and abandoning module WindowsClientTargetPlatform (73)
[2023.02.07-03.09.50:062][337]LogModuleManager: Shutting down and abandoning module MacTargetPlatform (71)
[2023.02.07-03.09.50:062][337]LogModuleManager: Shutting down and abandoning module MacServerTargetPlatform (69)
[2023.02.07-03.09.50:062][337]LogModuleManager: Shutting down and abandoning module MacNoEditorTargetPlatform (67)
[2023.02.07-03.09.50:062][337]LogModuleManager: Shutting down and abandoning module MacClientTargetPlatform (65)
[2023.02.07-03.09.50:062][337]LogModuleManager: Shutting down and abandoning module AllDesktopTargetPlatform (63)
[2023.02.07-03.09.50:062][337]LogModuleManager: Shutting down and abandoning module InputCore (60)
[2023.02.07-03.09.50:062][337]LogModuleManager: Shutting down and abandoning module Settings (58)
[2023.02.07-03.09.50:062][337]LogModuleManager: Shutting down and abandoning module PhysXCooking (56)
[2023.02.07-03.09.50:062][337]LogModuleManager: Shutting down and abandoning module SteamVR (54)
[2023.02.07-03.09.50:062][337]LogModuleManager: Shutting down and abandoning module OculusHMD (52)
[2023.02.07-03.09.50:062][337]LogModuleManager: Shutting down and abandoning module ExampleDeviceProfileSelector (50)
[2023.02.07-03.09.50:062][337]LogModuleManager: Shutting down and abandoning module OnlineBlueprintSupport (48)
[2023.02.07-03.09.50:062][337]LogModuleManager: Shutting down and abandoning module OnlineSubsystem (44)
[2023.02.07-03.09.50:062][337]LogOnline: Display: Unloading online subsystem: NULL
[2023.02.07-03.09.50:062][337]LogModuleManager: Shutting down and abandoning module XMPP (43)
[2023.02.07-03.09.50:062][337]LogModuleManager: Shutting down and abandoning module HTTP (41)
[2023.02.07-03.09.50:062][337]LogHttp: Display: Http module shutting down, but needs to wait on 1 outstanding Http requests:
[2023.02.07-03.09.50:062][337]LogHttp: Display: 	verb=[POST] url=[https://datarouter.ol.epicgames.com/datarouter/api/v1/public/data?SessionID=%7B73B7A49B-4F7F-BE71-4421-089724CB2D90%7D&AppID=UEEditor.Rocket.Release&AppVersion=4.17.2-3658906%2B%2B%2BUE4%2BRelease-4.17&UserID=0eccd2d64fa59f4243532f884f6d57e6%7C27082e73835547bcb02cb42b8f4d4fe6%7Ca84fe853-153c-4e38-b590-f7273bbdb729&AppEnvironment=datacollector-binary&UploadType=eteventstream] status=Processing
[2023.02.07-03.09.50:070][337]LogModuleManager: Shutting down and abandoning module SSL (40)
[2023.02.07-03.09.50:072][337]LogModuleManager: Shutting down and abandoning module AnimationModifiers (36)
[2023.02.07-03.09.50:072][337]LogModuleManager: Shutting down and abandoning module PropertyEditor (35)
[2023.02.07-03.09.50:072][337]LogModuleManager: Shutting down and abandoning module AudioEditor (32)
[2023.02.07-03.09.50:072][337]LogModuleManager: Shutting down and abandoning module TextureCompressor (30)
[2023.02.07-03.09.50:072][337]LogModuleManager: Shutting down and abandoning module ShaderCore (28)
[2023.02.07-03.09.50:072][337]LogModuleManager: Shutting down and abandoning module Landscape (26)
[2023.02.07-03.09.50:072][337]LogModuleManager: Shutting down and abandoning module SlateRHIRenderer (24)
[2023.02.07-03.09.50:076][337]LogModuleManager: Shutting down and abandoning module OpenGLDrv (22)
[2023.02.07-03.09.50:077][337]LogModuleManager: Shutting down and abandoning module D3D11RHI (20)
[2023.02.07-03.09.50:077][337]LogModuleManager: Shutting down and abandoning module AnimGraphRuntime (18)
[2023.02.07-03.09.50:077][337]LogModuleManager: Shutting down and abandoning module Renderer (16)
[2023.02.07-03.09.50:077][337]LogModuleManager: Shutting down and abandoning module Engine (14)
[2023.02.07-03.09.50:077][337]LogModuleManager: Shutting down and abandoning module CoreUObject (12)
[2023.02.07-03.09.50:077][337]LogModuleManager: Shutting down and abandoning module NetworkFile (10)
[2023.02.07-03.09.50:077][337]LogModuleManager: Shutting down and abandoning module CookedIterativeFile (8)
[2023.02.07-03.09.50:077][337]LogModuleManager: Shutting down and abandoning module StreamingFile (6)
[2023.02.07-03.09.50:077][337]LogModuleManager: Shutting down and abandoning module SandboxFile (4)
[2023.02.07-03.09.50:077][337]LogModuleManager: Shutting down and abandoning module PakFile (2)
[2023.02.07-03.09.50:085][337]LogExit: Exiting.
[2023.02.07-03.09.50:099][337]Log file closed, 02/07/23 12:09:50
