Log file open, 12/12/22 13:13:43
LogWindows: Failed to load 'aqProf.dll' (GetLastError=126)
LogWindows: File 'aqProf.dll' does not exist
LogWindows: Failed to load 'VSPerf140.dll' (GetLastError=126)
LogWindows: File 'VSPerf140.dll' does not exist
LogWindows: Failed to load 'VtuneApi.dll' (GetLastError=126)
LogWindows: File 'VtuneApi.dll' does not exist
LogWindows: Failed to load 'VtuneApi32e.dll' (GetLastError=126)
LogWindows: File 'VtuneApi32e.dll' does not exist
LogInit: Display: Running engine for game: THE7
LogPlatformFile: Not using cached read wrapper
LogInit: Display: RandInit(2118916195) SRandInit(2118916195).
LogTaskGraph: Started task graph with 5 named threads and 26 total threads with 3 sets of task threads.
LogStats: Stats thread started at 0.428243
LogD3D11RHI: Aftermath initialized
LogPluginManager: Mounting plugin Paper2D
LogPluginManager: Mounting plugin LightPropagationVolume
LogPluginManager: Mounting plugin CodeLiteSourceCodeAccess
LogPluginManager: Mounting plugin GitSourceControl
LogPluginManager: Mounting plugin KDevelopSourceCodeAccess
LogPluginManager: Mounting plugin NullSourceCodeAccess
LogPluginManager: Mounting plugin PerforceSourceControl
LogPluginManager: Mounting plugin SubversionSourceControl
LogPluginManager: Mounting plugin UObjectPlugin
LogPluginManager: Mounting plugin VisualStudioSourceCodeAccess
LogPluginManager: Mounting plugin XCodeSourceCodeAccess
LogPluginManager: Mounting plugin AssetManagerEditor
LogPluginManager: Mounting plugin AudioCapture
LogPluginManager: Mounting plugin FacialAnimation
LogPluginManager: Mounting plugin GameplayTagsEditor
LogPluginManager: Mounting plugin MobileLauncherProfileWizard
LogPluginManager: Mounting plugin PluginBrowser
LogPluginManager: Mounting plugin SpeedTreeImporter
LogPluginManager: Mounting plugin AlembicImporter
LogPluginManager: Mounting plugin CharacterAI
LogPluginManager: Mounting plugin HTML5Networking
LogPluginManager: Mounting plugin AndroidMedia
LogPluginManager: Mounting plugin AvfMedia
LogPluginManager: Mounting plugin MediaPlayerEditor
LogPluginManager: Mounting plugin WmfMedia
LogPluginManager: Mounting plugin TcpMessaging
LogPluginManager: Mounting plugin UdpMessaging
LogPluginManager: Mounting plugin LevelSequenceEditor
LogPluginManager: Mounting plugin MatineeToLevelSequence
LogPluginManager: Mounting plugin OnlineSubsystemGooglePlay
LogPluginManager: Mounting plugin OnlineSubsystemIOS
LogPluginManager: Mounting plugin OnlineSubsystem
LogPluginManager: Mounting plugin OnlineSubsystemNull
LogPluginManager: Mounting plugin OnlineSubsystemUtils
LogPluginManager: Mounting plugin AndroidDeviceProfileSelector
LogPluginManager: Mounting plugin AndroidMoviePlayer
LogPluginManager: Mounting plugin AndroidPermission
LogPluginManager: Mounting plugin AppleMoviePlayer
LogPluginManager: Mounting plugin ArchVisCharacter
LogPluginManager: Mounting plugin CableComponent
LogPluginManager: Mounting plugin CustomMeshComponent
LogPluginManager: Mounting plugin ExampleDeviceProfileSelector
LogPluginManager: Mounting plugin GoogleCloudMessaging
LogPluginManager: Mounting plugin ImmediatePhysics
LogPluginManager: Mounting plugin IOSDeviceProfileSelector
LogPluginManager: Mounting plugin LinuxDeviceProfileSelector
LogPluginManager: Mounting plugin LocationServicesBPLibrary
LogPluginManager: Mounting plugin MobilePatchingUtils
LogPluginManager: Mounting plugin OculusVR
LogPluginManager: Mounting plugin PhysXVehicles
LogPluginManager: Mounting plugin ProceduralMeshComponent
LogPluginManager: Mounting plugin RuntimePhysXCooking
LogPluginManager: Mounting plugin SteamVR
LogPluginManager: Mounting plugin WindowsMoviePlayer
LogInit: Using libcurl 7.47.1
LogInit:  - built for x86_64-pc-win32
LogInit:  - supports SSL with OpenSSL/1.0.2g
LogInit:  - supports HTTP deflate (compression) using libz 1.2.8
LogInit:  - other features:
LogInit:      CURL_VERSION_SSL
LogInit:      CURL_VERSION_LIBZ
LogInit:      CURL_VERSION_IPV6
LogInit:      CURL_VERSION_ASYNCHDNS
LogInit:      CURL_VERSION_LARGEFILE
LogInit:      CURL_VERSION_IDN
LogInit:  CurlRequestOptions (configurable via config and command line):
LogInit:  - bVerifyPeer = false  - Libcurl will NOT verify peer certificate
LogInit:  - bUseHttpProxy = false  - Libcurl will NOT use HTTP proxy
LogInit:  - bDontReuseConnections = false  - Libcurl will reuse connections
LogInit:  - CertBundlePath = nullptr  - Libcurl will use whatever was configured at build time.
LogInit: Build: ++UE4+Release-4.17-CL-3658906
LogInit: Engine Version: 4.17.2-3658906+++UE4+Release-4.17
LogInit: Compatible Engine Version: 4.17.0-3573198+++UE4+Release-4.17
LogInit: Net CL: 3573198
LogDevObjectVersion: Number of dev versions registered: 16
LogDevObjectVersion:   Dev-Blueprints (B0D832E4-1F89-4F0D-ACCF-7EB736FD4AA2): 10
LogDevObjectVersion:   Dev-Build (E1C64328-A22C-4D53-A36C-8E866417BD8C): 0
LogDevObjectVersion:   Dev-Core (375EC13C-06E4-48FB-B500-84F0262A717E): 2
LogDevObjectVersion:   Dev-Editor (E4B068ED-F494-42E9-A231-DA0B2E46BB41): 20
LogDevObjectVersion:   Dev-Framework (CFFC743F-43B0-4480-9391-14DF171D2073): 28
LogDevObjectVersion:   Dev-Mobile (B02B49B5-BB20-44E9-A304-32B752E40360): 0
LogDevObjectVersion:   Dev-Networking (A4E4105C-59A1-49B5-A7C5-40C4547EDFEE): 0
LogDevObjectVersion:   Dev-Online (39C831C9-5AE6-47DC-9A44-9C173E1C8E7C): 0
LogDevObjectVersion:   Dev-Physics (78F01B33-EBEA-4F98-B9B4-84EACCB95AA2): 0
LogDevObjectVersion:   Dev-Platform (6631380F-2D4D-43E0-8009-CF276956A95A): 0
LogDevObjectVersion:   Dev-Rendering (12F88B9F-8875-4AFC-A67C-D90C383ABD29): 19
LogDevObjectVersion:   Dev-Sequencer (7B5AE74C-D270-4C10-A958-57980B212A5A): 4
LogDevObjectVersion:   Dev-VR (D7296918-1DD6-4BDD-9DE2-64A83CC13884): 0
LogDevObjectVersion:   Dev-LoadTimes (C2A15278-BFE7-4AFE-6C17-90FF531DF755): 1
LogDevObjectVersion:   Private-Geometry (6EACA3D4-40EC-4CC1-B786-8BED09428FC5): 1
LogDevObjectVersion:   Dev-AnimPhys (29E575DD-E0A3-4627-9D10-D276232CDCEA): 7
LogInit: Compiled (64-bit): Sep 22 2017 13:47:16
LogInit: Compiled with Visual C++: 19.00.24215.01
LogInit: Build Configuration: Development
LogInit: Branch Name: ++UE4+Release-4.17
LogInit: Command line: -EpicPortal  -epicusername="RYUSEIGUN-546" -epicuserid=d72d33c051974a0fad240c181fec4aeb -epiclocale=ja -epicsandboxid=ue
LogInit: Base directory: C:/Program Files/Epic Games/UE_4.17/Engine/Binaries/Win64/
LogInit: Installed Engine Build: 1
LogInit: Presizing for max 8388607 objects, including 0 objects not considered by GC, pre-allocating 0 bytes for permanent pool.
LogInit: Object subsystem initialized
[2022.12.12-04.13.44:405][  0]LogInit: Selected Device Profile: [Windows]
[2022.12.12-04.13.44:405][  0]LogInit: Applying CVar settings loaded from the selected device profile: [Windows]
[2022.12.12-04.13.44:418][  0]LogInit: Computer: KBC12006017
[2022.12.12-04.13.44:418][  0]LogInit: User: 小浜大和
[2022.12.12-04.13.44:418][  0]LogInit: CPU Page size=4096, Cores=8
[2022.12.12-04.13.44:418][  0]LogInit: High frequency timer resolution =10.000000 MHz
[2022.12.12-04.13.44:419][  0]LogMemory: Memory total: Physical=63.9GB (64GB approx)
[2022.12.12-04.13.44:419][  0]LogMemory: Platform Memory Stats for Windows
[2022.12.12-04.13.44:419][  0]LogMemory: Process Physical Memory: 282.61 MB used, 282.61 MB peak
[2022.12.12-04.13.44:419][  0]LogMemory: Process Virtual Memory: 281.26 MB used, 281.26 MB peak
[2022.12.12-04.13.44:419][  0]LogMemory: Physical Memory: 7079.68 MB used,  58348.47 MB free, 65428.15 MB total
[2022.12.12-04.13.44:419][  0]LogMemory: Virtual Memory: 4804.50 MB used,  58348.47 MB free, 134217728.00 MB total
[2022.12.12-04.13.44:629][  0]LogInit: Using OS detected language (ja-JP).
[2022.12.12-04.13.44:629][  0]LogInit: Using OS detected locale (ja-JP).
[2022.12.12-04.13.44:631][  0]LogTextLocalizationManager: No specific localization for 'ja-JP' exists, so the 'ja' localization will be used.
[2022.12.12-04.13.45:041][  0]LogD3D11RHI: D3D11 adapters:
[2022.12.12-04.13.45:090][  0]LogD3D11RHI:    0. 'AMD Radeon Pro 5500M' (Feature Level 11_0)
[2022.12.12-04.13.45:090][  0]LogD3D11RHI:       8151/0/32714 MB DedicatedVideo/DedicatedSystem/SharedSystem, Outputs:1, VendorId:0x1002
[2022.12.12-04.13.45:091][  0]LogD3D11RHI:    1. 'Microsoft Basic Render Driver' (Feature Level 11_0)
[2022.12.12-04.13.45:091][  0]LogD3D11RHI:       0/0/32714 MB DedicatedVideo/DedicatedSystem/SharedSystem, Outputs:0, VendorId:0x1414
[2022.12.12-04.13.45:091][  0]LogD3D11RHI: Chosen D3D11 Adapter: 0
[2022.12.12-04.13.45:094][  0]LogD3D11RHI: Creating new Direct3DDevice
[2022.12.12-04.13.45:094][  0]LogD3D11RHI:     GPU DeviceId: 0x7340 (for the marketing name, search the web for "GPU Device Id")
[2022.12.12-04.13.45:095][  0]LogWindows: EnumDisplayDevices:
[2022.12.12-04.13.45:095][  0]LogWindows:    0. 'AMD Radeon Pro 5500M' (P:1 D:1)
[2022.12.12-04.13.45:095][  0]LogWindows:    1. 'AMD Radeon Pro 5500M' (P:0 D:0)
[2022.12.12-04.13.45:095][  0]LogWindows:    2. 'AMD Radeon Pro 5500M' (P:0 D:0)
[2022.12.12-04.13.45:095][  0]LogWindows:    3. 'AMD Radeon Pro 5500M' (P:0 D:0)
[2022.12.12-04.13.45:095][  0]LogWindows:    4. 'AMD Radeon Pro 5500M' (P:0 D:0)
[2022.12.12-04.13.45:095][  0]LogWindows:    5. 'AMD Radeon Pro 5500M' (P:0 D:0)
[2022.12.12-04.13.45:095][  0]LogWindows:    6. 'AMD Radeon Pro 5500M' (P:0 D:0)
[2022.12.12-04.13.45:095][  0]LogWindows: DebugString: GetVideoDriverDetailsInvalid PrimaryIsNotTheChoosenAdapter GetVideoDriverDetailsInvalid PrimaryIsNotTheChoosenAdapter GetVideoDriverDetailsInvalid PrimaryIsNotTheChoosenAdapter GetVideoDriverDetailsInvalid PrimaryIsNotTheChoosenAdapter GetVideoDriverDetailsInvalid PrimaryIsNotTheChoosenAdapter GetVideoDriverDetailsInvalid PrimaryIsNotTheChoosenAdapter GetVideoDriverDetailsInvalid PrimaryIsNotTheChoosenAdapter FoundDriverCount:0 
[2022.12.12-04.13.45:095][  0]LogD3D11RHI:     Adapter Name: AMD Radeon Pro 5500M
[2022.12.12-04.13.45:095][  0]LogD3D11RHI:   Driver Version: Unknown (internal:Unknown, unified:Unknown)
[2022.12.12-04.13.45:095][  0]LogD3D11RHI:      Driver Date: Unknown
[2022.12.12-04.13.45:095][  0]LogRHI: Texture pool is 1361 MB (70% of 1945 MB)
[2022.12.12-04.13.45:139][  0]LogD3D11RHI: Async texture creation enabled
[2022.12.12-04.13.45:164][  0]LogD3D11RHI: GPU Timing Frequency: 100.000000 (Debug: 2 1)
[2022.12.12-04.13.45:166][  0]LogShaderCompilers: Guid format shader working directory is -13 characters bigger than the processId version (../../../../../../Users/81806/OneDrive/ドキュメント/UE4_RPG/THE7/Intermediate/Shaders/WorkingDirectory/14680/).
[2022.12.12-04.13.45:166][  0]LogShaderCompilers: Cleaned the shader compiler working directory 'C:/Users/81806/AppData/Local/Temp/UnrealShaderWorkingDir/0331D6354932A094BE54F2AE8FBD8776/'.
[2022.12.12-04.13.45:166][  0]LogShaderCompilers: Display: Using Local Shader Compiler.
[2022.12.12-04.13.46:021][  0]LogTemp: Display: Loaded TP AllDesktopTargetPlatform
[2022.12.12-04.13.46:083][  0]LogTemp: Display: Loaded TP MacClientTargetPlatform
[2022.12.12-04.13.46:144][  0]LogTemp: Display: Loaded TP MacNoEditorTargetPlatform
[2022.12.12-04.13.46:204][  0]LogTemp: Display: Loaded TP MacServerTargetPlatform
[2022.12.12-04.13.46:266][  0]LogTemp: Display: Loaded TP MacTargetPlatform
[2022.12.12-04.13.46:329][  0]LogTemp: Display: Loaded TP WindowsClientTargetPlatform
[2022.12.12-04.13.46:391][  0]LogTemp: Display: Loaded TP WindowsNoEditorTargetPlatform
[2022.12.12-04.13.46:452][  0]LogTemp: Display: Loaded TP WindowsServerTargetPlatform
[2022.12.12-04.13.46:511][  0]LogTemp: Display: Loaded TP WindowsTargetPlatform
[2022.12.12-04.13.46:572][  0]LogTemp: Display: Loaded TP AndroidTargetPlatform
[2022.12.12-04.13.46:632][  0]LogTemp: Display: Loaded TP Android_ASTCTargetPlatform
[2022.12.12-04.13.46:693][  0]LogTemp: Display: Loaded TP Android_ATCTargetPlatform
[2022.12.12-04.13.46:754][  0]LogTemp: Display: Loaded TP Android_DXTTargetPlatform
[2022.12.12-04.13.46:814][  0]LogTemp: Display: Loaded TP Android_ETC1TargetPlatform
[2022.12.12-04.13.46:879][  0]LogTemp: Display: Loaded TP Android_ETC2TargetPlatform
[2022.12.12-04.13.47:000][  0]LogTemp: Display: Loaded TP Android_MultiTargetPlatform
[2022.12.12-04.13.47:000][  0]LogTemp: Display: Loaded TP Android_PVRTCTargetPlatform
[2022.12.12-04.13.47:052][  0]LogTemp: Display: Loaded TP HTML5TargetPlatform
[2022.12.12-04.13.47:168][  0]LogTemp: Display: Loaded TP IOSTargetPlatform
[2022.12.12-04.13.47:206][  0]LogTemp: Display: Loaded TP TVOSTargetPlatform
[2022.12.12-04.13.47:267][  0]LogTemp: Display: Loaded TP LinuxClientTargetPlatform
[2022.12.12-04.13.47:327][  0]LogTemp: Display: Loaded TP LinuxNoEditorTargetPlatform
[2022.12.12-04.13.47:387][  0]LogTemp: Display: Loaded TP LinuxServerTargetPlatform
[2022.12.12-04.13.47:448][  0]LogTemp: Display: Loaded TP LinuxTargetPlatform
[2022.12.12-04.13.47:448][  0]LogTargetPlatformManager: Display: Building Assets For Windows
[2022.12.12-04.13.48:132][  0]LogDerivedDataCache: Display: Max Cache Size: 512 MB
[2022.12.12-04.13.48:191][  0]LogDerivedDataCache: Loaded boot cache 0.06s 93MB C:/Users/81806/AppData/Local/UnrealEngine/4.17/DerivedDataCache/Boot.ddc.
[2022.12.12-04.13.48:191][  0]LogDerivedDataCache: Display: Loaded Boot cache: C:/Users/81806/AppData/Local/UnrealEngine/4.17/DerivedDataCache/Boot.ddc
[2022.12.12-04.13.48:191][  0]LogDerivedDataCache: FDerivedDataBackendGraph:  Pak pak cache file ../../../../../../Users/81806/OneDrive/ドキュメント/UE4_RPG/THE7/DerivedDataCache/DDC.ddp not found, will not use a pak cache.
[2022.12.12-04.13.48:191][  0]LogDerivedDataCache: Unable to find inner node Pak for hierarchical cache Hierarchy.
[2022.12.12-04.13.48:191][  0]LogDerivedDataCache: FDerivedDataBackendGraph:  CompressedPak pak cache file ../../../../../../Users/81806/OneDrive/ドキュメント/UE4_RPG/THE7/DerivedDataCache/Compressed.ddp not found, will not use a pak cache.
[2022.12.12-04.13.48:191][  0]LogDerivedDataCache: Unable to find inner node CompressedPak for hierarchical cache Hierarchy.
[2022.12.12-04.13.48:206][  0]LogDerivedDataCache: Display: Pak cache opened for reading ../../../Engine/DerivedDataCache/Compressed.ddp.
[2022.12.12-04.13.48:219][  0]LogDerivedDataCache: Using Local data cache path C:/Users/81806/AppData/Local/UnrealEngine/Common/DerivedDataCache: Writable
[2022.12.12-04.13.48:227][  0]LogMaterial: Verifying Global Shaders for PCD3D_SM5
[2022.12.12-04.13.48:228][  0]LogSlate: Using Freetype 2.6.0
[2022.12.12-04.13.48:228][  0]LogSlate: SlateFontCache - WITH_FREETYPE: 1, WITH_HARFBUZZ: 1
[2022.12.12-04.13.48:228][  0]LogSlate: SlateFontCache - WITH_FREETYPE: 1, WITH_HARFBUZZ: 1
[2022.12.12-04.13.48:445][  0]LogAssetRegistry: FAssetRegistry took 0.0252 seconds to start up
[2022.12.12-04.13.48:576][  0]LogInit: Selected Device Profile: [Windows]
[2022.12.12-04.13.48:784][  0]LogContentStreaming: Texture pool size is 0.00 MB
[2022.12.12-04.13.49:135][  0]LogSimplygon: Simplygon DLL not present - disabling.
[2022.12.12-04.13.49:186][  0]LogMeshReduction: Using SimplygonSwarm for distributed automatic mesh merging
[2022.12.12-04.13.49:186][  0]LogMeshReduction: Using QuadricMeshReduction for automatic static mesh reduction
[2022.12.12-04.13.49:186][  0]LogMeshReduction: No automatic skeletal mesh reduction module available
[2022.12.12-04.13.49:186][  0]LogMeshReduction: No automatic mesh merging module available
[2022.12.12-04.13.49:186][  0]LogMeshMerging: No automatic mesh merging module available
[2022.12.12-04.13.49:494][  0]LogNetVersion: THE7 , NetCL: 3573198, EngineNetVer: 2, GameNetVer: 0 (Checksum: 151110352)
[2022.12.12-04.13.49:708][  0]LogPackageLocalizationCache: Processed 5 localized package path(s) for 2 prioritized culture(s) in 0.041944 seconds
[2022.12.12-04.13.49:712][  0]LogUObjectArray: 35825 objects as part of root set at end of initial load.
[2022.12.12-04.13.49:712][  0]LogUObjectAllocator: 7529112 out of 0 bytes used by permanent object pool.
[2022.12.12-04.13.49:712][  0]LogUObjectArray: CloseDisregardForGC: 0/0 objects in disregard for GC pool
[2022.12.12-04.13.49:808][  0]LogInit: WinSock: version 1.1 (2.2), MaxSocks=32767, MaxUdp=65467
[2022.12.12-04.13.52:647][  0]LogTcpMessaging: Initializing TcpMessaging bridge
[2022.12.12-04.13.52:696][  0]LogUdpMessaging: Initializing bridge on interface 0.0.0.0:0 to multicast group 230.0.0.1:6666.
[2022.12.12-04.13.53:422][  0]LogMaterial: Uniform references updated for custom material expression Custom.
[2022.12.12-04.13.53:876][  0]SourceControl: ソースコントロールは無効です
[2022.12.12-04.13.53:876][  0]SourceControl: ソースコントロールは無効です
[2022.12.12-04.13.53:938][  0]SourceControl: ソースコントロールは無効です
[2022.12.12-04.13.53:995][  0]SourceControl: ソースコントロールは無効です
[2022.12.12-04.13.54:703][  0]LogAndroidPermission: UAndroidPermissionCallbackProxy::GetInstance
[2022.12.12-04.13.54:990][  0]LogOcInput: OculusInput pre-init called
[2022.12.12-04.13.55:283][  0]LogEngine: Initializing Engine...
[2022.12.12-04.13.55:285][  0]LogHMD: Failed to initialize OpenVR with code 110
[2022.12.12-04.13.55:468][  0]LogStats: UGameplayTagsManager::ConstructGameplayTagTree: Construct from data asset -  0.000 s
[2022.12.12-04.13.55:468][  0]LogStats: UGameplayTagsManager::ConstructGameplayTagTree: GameplayTagTreeChangedEvent.Broadcast -  0.000 s
[2022.12.12-04.13.55:623][  0]LogAIModule: Creating AISystem for world Untitled
[2022.12.12-04.13.55:646][  0]LogInit: XAudio2 using 'ヘッドホン (Apple Audio Device)' : 2 channels at 48 kHz using 16 bits per sample (channel mask 0x3)
[2022.12.12-04.13.55:734][  0]LogInit: FAudioDevice initialized.
[2022.12.12-04.13.55:788][  0]LogDerivedDataCache: Saved boot cache 0.05s 93MB C:/Users/81806/AppData/Local/UnrealEngine/4.17/DerivedDataCache/Boot.ddc.
[2022.12.12-04.13.55:792][  0]LogInit: Texture streaming: Enabled
[2022.12.12-04.13.55:954][  0]LogEngineSessionManager: EngineSessionManager initialized
[2022.12.12-04.13.56:215][  0]LogInit: Transaction tracking system initialized
[2022.12.12-04.13.56:609][  0]BlueprintLog: New page: エディタの読み込み
[2022.12.12-04.13.57:745][  0]LocalizationService: ローカライズのサービスが無効になりました
[2022.12.12-04.13.58:380][  0]LogLinker: Warning: ファイル '/Game/ThirdPersonBP/ThirdPersonOverview' が見つかりません
[2022.12.12-04.13.58:380][  0]LogLinker: Warning: ファイル '/Game/ThirdPersonBP/ThirdPersonOverview' が見つかりません
[2022.12.12-04.13.58:380][  0]LogUObjectGlobals: Warning: オブジェクト 'Class /Game/ThirdPersonBP/ThirdPersonOverview.ThirdPersonOverview_C' が見つかりませんでした
[2022.12.12-04.13.58:601][  0]LogConsoleResponse: Display: 
[2022.12.12-04.13.58:771][  0]LogCook: Display: Max memory allowance for cook 16384mb min free memory 0mb
[2022.12.12-04.13.58:771][  0]LogCook: Display: Mobile HDR setting 1
[2022.12.12-04.13.58:771][  0]LogGameplayTags: Display: UGameplayTagsManager::DoneAddingNativeTags. DelegateIsBound: 0
[2022.12.12-04.13.59:050][  0]LogFileCache: Scanning file cache for directory 'C:/Users/81806/OneDrive/ドキュメント/UE4_RPG/THE7/Content/' took 0.02s
[2022.12.12-04.14.00:087][  0]SourceControl: ソースコントロールは無効です
[2022.12.12-04.14.00:087][  0]Cmd: MAP LOAD FILE="../../../../../../Users/81806/OneDrive/ドキュメント/UE4_RPG/THE7/Content/Map/Game_Main.umap" TEMPLATE=0 SHOWPROGRESS=1 FEATURELEVEL=3
[2022.12.12-04.14.00:093][  0]LightingResults: New page: ライティングのビルド
[2022.12.12-04.14.00:168][  0]MapCheck: New page: マップをチェック
[2022.12.12-04.14.00:168][  0]LightingResults: New page: <何も選択されていません>
[2022.12.12-04.14.00:906][  0]LogAIModule: Creating AISystem for world Game_Main
[2022.12.12-04.14.00:911][  0]LogStreaming: Display: ULevelStreaming::RequestLevel(/Game/Map/Floor1) is flushing async loading
[2022.12.12-04.14.01:287][  0]LogStreaming: Display: ULevelStreaming::RequestLevel(/Game/Map/Floor3) is flushing async loading
[2022.12.12-04.14.01:391][  0]LogStreaming: Display: ULevelStreaming::RequestLevel(/Game/Map/Floor4) is flushing async loading
[2022.12.12-04.14.01:546][  0]LogStreaming: Display: ULevelStreaming::RequestLevel(/Game/Map/Floor5) is flushing async loading
[2022.12.12-04.14.01:852][  0]LogStreaming: Display: ULevelStreaming::RequestLevel(/Game/Map/Floor2) is flushing async loading
[2022.12.12-04.14.02:014][  0]LogEditorServer: Finished looking for orphan Actors (0.000 secs)
[2022.12.12-04.14.02:103][  0]Cmd: MAP CHECKDEP NOCLEARLOG
[2022.12.12-04.14.02:156][  0]MapCheck: マップチェックが完了: 0 エラー、 0 警告、完了に 52.77ミリ秒かかりました。
[2022.12.12-04.14.02:156][  0]LogFileHelpers: Loading map 'Game_Main' took 2.068
[2022.12.12-04.14.02:288][  0]LogCollectionManager: Loaded 0 collections in 0.001481 seconds
[2022.12.12-04.14.02:383][  0]LogFileCache: Scanning file cache for directory 'C:/Users/81806/OneDrive/ドキュメント/UE4_RPG/THE7/Saved/Collections/' took 0.01s
[2022.12.12-04.14.02:383][  0]LogFileCache: Scanning file cache for directory 'C:/Users/81806/OneDrive/ドキュメント/UE4_RPG/THE7/Content/Developers/小浜大和/Collections/' took 0.01s
[2022.12.12-04.14.02:383][  0]LogFileCache: Scanning file cache for directory 'C:/Users/81806/OneDrive/ドキュメント/UE4_RPG/THE7/Content/Collections/' took 0.01s
[2022.12.12-04.14.02:383][  0]LogCollectionManager: Rebuilt the GUID cache for 0 collections in 0.000000 seconds
[2022.12.12-04.14.02:390][  0]LogContentBrowser: Native class hierarchy populated in 0.0065 seconds. Added 2386 classes and 500 folders.
[2022.12.12-04.14.02:476][  0]LogContentBrowser: Native class hierarchy updated for 'WidgetCarousel' in 0.0005 seconds. Added 0 classes and 0 folders.
[2022.12.12-04.14.02:773][  0]LogContentBrowser: Native class hierarchy updated for 'AddContentDialog' in 0.0005 seconds. Added 0 classes and 0 folders.
[2022.12.12-04.14.02:911][  0]LogContentBrowser: Native class hierarchy updated for 'SceneOutliner' in 0.0005 seconds. Added 1 classes and 2 folders.
[2022.12.12-04.14.02:990][  0]LogContentBrowser: Native class hierarchy updated for 'WorldBrowser' in 0.0005 seconds. Added 2 classes and 3 folders.
[2022.12.12-04.14.03:177][  0]LogSlate: Took 0.000250 seconds to synchronously load lazily loaded font '../../../Engine/Content/Slate/Fonts/Roboto-Regular.ttf' (155K)
[2022.12.12-04.14.03:181][  0]LogSlate: Took 0.002246 seconds to synchronously load lazily loaded font '../../../Engine/Content/Slate/Fonts/DroidSansFallback.ttf' (3848K)
[2022.12.12-04.14.03:182][  0]LogSlate: Took 0.000163 seconds to synchronously load lazily loaded font '../../../Engine/Content/Slate/Fonts/Roboto-Bold.ttf' (160K)
[2022.12.12-04.14.03:190][  0]LogSlate: Took 0.004185 seconds to synchronously load lazily loaded font '../../../Engine/Content/Editor/Slate/Fonts/FontAwesome.ttf' (139K)
[2022.12.12-04.14.03:335][  0]LogRenderer: Reallocating scene render targets to support 924x496 Format 10 NumSamples 1 (Frame:1).
[2022.12.12-04.14.03:592][  0]LogContentBrowser: Native class hierarchy updated for 'HierarchicalLODOutliner' in 0.0005 seconds. Added 1 classes and 2 folders.
[2022.12.12-04.14.03:592][  0]LogLoad: (Engine Initialization) Total time: 21.25 seconds
[2022.12.12-04.14.03:592][  0]LogLoad: (Engine Initialization) Total Blueprint compile time: 0.00 seconds
[2022.12.12-04.14.03:592][  0]LogExternalProfiler: No external profilers were discovered.  External profiling features will not be available.
[2022.12.12-04.14.03:639][  0]LogContentStreaming: Texture pool size now 1000 MB
[2022.12.12-04.14.03:719][  0]LogSlate: Took 0.004872 seconds to synchronously load lazily loaded font '../../../Engine/Content/Slate/Fonts/Roboto-Light.ttf' (159K)
[2022.12.12-04.14.03:808][  1]LogScript: Warning: Accessed None trying to read property IsClearInstance
	BP_Anim_Award_C /Engine/Transient.World_0:PersistentLevel.BPAward_C_0.CharacterMesh0.BP_Anim_Award_C_0
	Function /Game/Animation/BP_Anim_Award.BP_Anim_Award_C:ExecuteUbergraph_BP_Anim_Award:00B1
[2022.12.12-04.14.03:808][  1]LogScript: Warning: Accessed None trying to read property IsClearInstance
	BP_Anim_Award_C /Engine/Transient.World_0:PersistentLevel.BPAward_C_0.CharacterMesh0.BP_Anim_Award_C_0
	Function /Game/Animation/BP_Anim_Award.BP_Anim_Award_C:ExecuteUbergraph_BP_Anim_Award:01A5
[2022.12.12-04.14.03:815][  1]LogAssetRegistry: Asset discovery search completed in 15.3922 seconds
[2022.12.12-04.14.03:816][  1]LogCollectionManager: Rebuilt the object cache for 0 collections in 0.000000 seconds (found 0 objects)
[2022.12.12-04.14.03:816][  1]LogCollectionManager: Fixed up redirectors for 0 collections in 0.000032 seconds (updated 0 objects)
[2022.12.12-04.14.04:648][ 23]LogSlate: Took 0.000101 seconds to synchronously load lazily loaded font '../../../Engine/Content/Slate/Fonts/Roboto-Light.ttf' (159K)
[2022.12.12-05.18.43:838][647]LogTemp: Repeating last play command: 選択ビューポート
[2022.12.12-05.18.43:903][647]LogBlueprintUserMessages: Early PlayInEditor Detection: Level '/Game/Map/Game_Main.Game_Main:PersistentLevel' has LevelScriptBlueprint '/Game/Map/Game_Main.Game_Main:PersistentLevel.Game_Main' with GeneratedClass '/Game/Map/Game_Main.Game_Main_C' with ClassGeneratedBy '/Game/Map/Game_Main.Game_Main:PersistentLevel.Game_Main'
[2022.12.12-05.18.43:903][647]LogPlayLevel: PlayLevel: No blueprints needed recompiling
[2022.12.12-05.18.43:906][647]PIE: New page: PIEセッション: Game_Main (2022/12/12 23:18:43)
[2022.12.12-05.18.43:907][647]LogPlayLevel: Creating play world package: /Game/Map/UEDPIE_0_Game_Main
[2022.12.12-05.18.43:910][647]LogPlayLevel: PIE: StaticDuplicateObject took: (0.003316s)
[2022.12.12-05.18.43:911][647]LogAIModule: Creating AISystem for world Game_Main
[2022.12.12-05.18.43:911][647]LogPlayLevel: PIE: World Init took: (0.000860s)
[2022.12.12-05.18.43:912][647]LogPlayLevel: PIE: Created PIE world by copying editor world from /Game/Map/Game_Main.Game_Main to /Game/Map/UEDPIE_0_Game_Main.Game_Main (0.004832s)
[2022.12.12-05.18.43:960][647]LogInit: XAudio2 using 'ヘッドホン (Apple Audio Device)' : 2 channels at 48 kHz using 16 bits per sample (channel mask 0x3)
[2022.12.12-05.18.43:969][647]LogInit: FAudioDevice initialized.
[2022.12.12-05.18.44:011][647]LogLoad: Game class is 'BP_Award_GameMode_C'
[2022.12.12-05.18.44:013][647]LogWorld: Bringing World /Game/Map/UEDPIE_0_Game_Main.Game_Main up for play (max tick rate 60) at 2022.12.12-14.18.44
[2022.12.12-05.18.44:014][647]LogWorld: Bringing up level for play took: 0.001436
[2022.12.12-05.18.44:015][647]LogGameMode: FindPlayerStart: PATHS NOT DEFINED or NO PLAYERSTART with positive rating
[2022.12.12-05.18.44:081][647]LogContentBrowser: Native class hierarchy updated for 'MovieSceneCapture' in 0.0006 seconds. Added 11 classes and 0 folders.
[2022.12.12-05.18.44:086][647]LogLevel: ActivateLevel /Game/Map/UEDPIE_0_Floor1 1 1 1
[2022.12.12-05.18.44:095][647]PIE: /Game/Map/UEDPIE_0_Game_Main 0.995のプレイ イン エディタの開始時間
[2022.12.12-05.18.44:096][647]LogBlueprintUserMessages: Late PlayInEditor Detection: Level '/Game/Map/Game_Main.Game_Main:PersistentLevel' has LevelScriptBlueprint '/Game/Map/Game_Main.Game_Main:PersistentLevel.Game_Main' with GeneratedClass '/Game/Map/Game_Main.Game_Main_C' with ClassGeneratedBy '/Game/Map/Game_Main.Game_Main:PersistentLevel.Game_Main'
[2022.12.12-05.18.44:119][647]LogAudio: Warning: Detected orphaned looping sound 'bgm'.
[2022.12.12-05.18.51:084][ 61]LogBlueprintUserMessages: Early EndPlayMap Detection: Level '/Game/Map/Game_Main.Game_Main:PersistentLevel' has LevelScriptBlueprint '/Game/Map/Game_Main.Game_Main:PersistentLevel.Game_Main' with GeneratedClass '/Game/Map/Game_Main.Game_Main_C' with ClassGeneratedBy '/Game/Map/Game_Main.Game_Main:PersistentLevel.Game_Main'
[2022.12.12-05.18.51:129][ 61]LogBlueprintUserMessages: Late EndPlayMap Detection: Level '/Game/Map/Game_Main.Game_Main:PersistentLevel' has LevelScriptBlueprint '/Game/Map/Game_Main.Game_Main:PersistentLevel.Game_Main' with GeneratedClass '/Game/Map/Game_Main.Game_Main_C' with ClassGeneratedBy '/Game/Map/Game_Main.Game_Main:PersistentLevel.Game_Main'
[2022.12.12-05.22.44:182][829]LogTemp: Repeating last play command: 選択ビューポート
[2022.12.12-05.22.44:207][829]LogBlueprintUserMessages: Early PlayInEditor Detection: Level '/Game/Map/Game_Main.Game_Main:PersistentLevel' has LevelScriptBlueprint '/Game/Map/Game_Main.Game_Main:PersistentLevel.Game_Main' with GeneratedClass '/Game/Map/Game_Main.Game_Main_C' with ClassGeneratedBy '/Game/Map/Game_Main.Game_Main:PersistentLevel.Game_Main'
[2022.12.12-05.22.44:207][829]LogPlayLevel: PlayLevel: No blueprints needed recompiling
[2022.12.12-05.22.44:207][829]PIE: New page: PIEセッション: Game_Main (2022/12/12 23:22:44)
[2022.12.12-05.22.44:208][829]LogPlayLevel: Creating play world package: /Game/Map/UEDPIE_0_Game_Main
[2022.12.12-05.22.44:210][829]LogPlayLevel: PIE: StaticDuplicateObject took: (0.001581s)
[2022.12.12-05.22.44:210][829]LogAIModule: Creating AISystem for world Game_Main
[2022.12.12-05.22.44:211][829]LogPlayLevel: PIE: World Init took: (0.000814s)
[2022.12.12-05.22.44:211][829]LogPlayLevel: PIE: Created PIE world by copying editor world from /Game/Map/Game_Main.Game_Main to /Game/Map/UEDPIE_0_Game_Main.Game_Main (0.002887s)
[2022.12.12-05.22.44:255][829]LogInit: XAudio2 using 'ヘッドホン (Apple Audio Device)' : 2 channels at 48 kHz using 16 bits per sample (channel mask 0x3)
[2022.12.12-05.22.44:264][829]LogInit: FAudioDevice initialized.
[2022.12.12-05.22.44:296][829]LogLoad: Game class is 'BP_Award_GameMode_C'
[2022.12.12-05.22.44:298][829]LogWorld: Bringing World /Game/Map/UEDPIE_0_Game_Main.Game_Main up for play (max tick rate 60) at 2022.12.12-14.22.44
[2022.12.12-05.22.44:298][829]LogWorld: Bringing up level for play took: 0.000835
[2022.12.12-05.22.44:298][829]LogGameMode: FindPlayerStart: PATHS NOT DEFINED or NO PLAYERSTART with positive rating
[2022.12.12-05.22.44:299][829]LogLevel: ActivateLevel /Game/Map/UEDPIE_0_Floor1 1 1 1
[2022.12.12-05.22.44:301][829]PIE: /Game/Map/UEDPIE_0_Game_Main -0.799のプレイ イン エディタの開始時間
[2022.12.12-05.22.44:301][829]LogBlueprintUserMessages: Late PlayInEditor Detection: Level '/Game/Map/Game_Main.Game_Main:PersistentLevel' has LevelScriptBlueprint '/Game/Map/Game_Main.Game_Main:PersistentLevel.Game_Main' with GeneratedClass '/Game/Map/Game_Main.Game_Main_C' with ClassGeneratedBy '/Game/Map/Game_Main.Game_Main:PersistentLevel.Game_Main'
[2022.12.12-05.22.44:322][829]LogAudio: Warning: Detected orphaned looping sound 'bgm'.
[2022.12.12-05.22.58:629][688]LogBlueprintUserMessages: Early EndPlayMap Detection: Level '/Game/Map/Game_Main.Game_Main:PersistentLevel' has LevelScriptBlueprint '/Game/Map/Game_Main.Game_Main:PersistentLevel.Game_Main' with GeneratedClass '/Game/Map/Game_Main.Game_Main_C' with ClassGeneratedBy '/Game/Map/Game_Main.Game_Main:PersistentLevel.Game_Main'
[2022.12.12-05.22.58:661][688]LogBlueprintUserMessages: Late EndPlayMap Detection: Level '/Game/Map/Game_Main.Game_Main:PersistentLevel' has LevelScriptBlueprint '/Game/Map/Game_Main.Game_Main:PersistentLevel.Game_Main' with GeneratedClass '/Game/Map/Game_Main.Game_Main_C' with ClassGeneratedBy '/Game/Map/Game_Main.Game_Main:PersistentLevel.Game_Main'
[2022.12.12-05.23.05:874][934]LogEditorViewport: Clicking on Actor (LMB): PlayerStart (Player Start4)
[2022.12.12-05.23.11:915][130]LogNavigationPoint: PostEditMove Clear paths rebuilt
[2022.12.12-05.23.12:990][163]LogTemp: Repeating last play command: 選択ビューポート
[2022.12.12-05.23.13:022][163]LogBlueprintUserMessages: Early PlayInEditor Detection: Level '/Game/Map/Game_Main.Game_Main:PersistentLevel' has LevelScriptBlueprint '/Game/Map/Game_Main.Game_Main:PersistentLevel.Game_Main' with GeneratedClass '/Game/Map/Game_Main.Game_Main_C' with ClassGeneratedBy '/Game/Map/Game_Main.Game_Main:PersistentLevel.Game_Main'
[2022.12.12-05.23.13:022][163]LogPlayLevel: PlayLevel: No blueprints needed recompiling
[2022.12.12-05.23.13:023][163]PIE: New page: PIEセッション: Game_Main (2022/12/12 23:23:13)
[2022.12.12-05.23.13:024][163]LogPlayLevel: Creating play world package: /Game/Map/UEDPIE_0_Game_Main
[2022.12.12-05.23.13:025][163]LogPlayLevel: PIE: StaticDuplicateObject took: (0.001556s)
[2022.12.12-05.23.13:026][163]LogAIModule: Creating AISystem for world Game_Main
[2022.12.12-05.23.13:026][163]LogPlayLevel: PIE: World Init took: (0.000640s)
[2022.12.12-05.23.13:026][163]LogPlayLevel: PIE: Created PIE world by copying editor world from /Game/Map/Game_Main.Game_Main to /Game/Map/UEDPIE_0_Game_Main.Game_Main (0.002711s)
[2022.12.12-05.23.13:070][163]LogInit: XAudio2 using 'ヘッドホン (Apple Audio Device)' : 2 channels at 48 kHz using 16 bits per sample (channel mask 0x3)
[2022.12.12-05.23.13:079][163]LogInit: FAudioDevice initialized.
[2022.12.12-05.23.13:110][163]LogLoad: Game class is 'BP_Award_GameMode_C'
[2022.12.12-05.23.13:111][163]LogWorld: Bringing World /Game/Map/UEDPIE_0_Game_Main.Game_Main up for play (max tick rate 60) at 2022.12.12-14.23.13
[2022.12.12-05.23.13:112][163]LogWorld: Bringing up level for play took: 0.001077
[2022.12.12-05.23.13:112][163]LogGameMode: FindPlayerStart: PATHS NOT DEFINED or NO PLAYERSTART with positive rating
[2022.12.12-05.23.13:113][163]LogLevel: ActivateLevel /Game/Map/UEDPIE_0_Floor1 1 1 1
[2022.12.12-05.23.13:115][163]PIE: /Game/Map/UEDPIE_0_Game_Main 0.015のプレイ イン エディタの開始時間
[2022.12.12-05.23.13:115][163]LogBlueprintUserMessages: Late PlayInEditor Detection: Level '/Game/Map/Game_Main.Game_Main:PersistentLevel' has LevelScriptBlueprint '/Game/Map/Game_Main.Game_Main:PersistentLevel.Game_Main' with GeneratedClass '/Game/Map/Game_Main.Game_Main_C' with ClassGeneratedBy '/Game/Map/Game_Main.Game_Main:PersistentLevel.Game_Main'
[2022.12.12-05.23.13:136][163]LogAudio: Warning: Detected orphaned looping sound 'bgm'.
[2022.12.12-05.23.22:314][714]LogBlueprintUserMessages: Early EndPlayMap Detection: Level '/Game/Map/Game_Main.Game_Main:PersistentLevel' has LevelScriptBlueprint '/Game/Map/Game_Main.Game_Main:PersistentLevel.Game_Main' with GeneratedClass '/Game/Map/Game_Main.Game_Main_C' with ClassGeneratedBy '/Game/Map/Game_Main.Game_Main:PersistentLevel.Game_Main'
[2022.12.12-05.23.22:362][714]LogBlueprintUserMessages: Late EndPlayMap Detection: Level '/Game/Map/Game_Main.Game_Main:PersistentLevel' has LevelScriptBlueprint '/Game/Map/Game_Main.Game_Main:PersistentLevel.Game_Main' with GeneratedClass '/Game/Map/Game_Main.Game_Main_C' with ClassGeneratedBy '/Game/Map/Game_Main.Game_Main:PersistentLevel.Game_Main'
[2022.12.12-05.23.33:610][ 99]LogEditorViewport: Clicking on Actor (LMB): PlayerStart (Player Start4)
[2022.12.12-05.23.35:641][172]LogNavigationPoint: PostEditMove Clear paths rebuilt
[2022.12.12-05.23.38:773][284]LogEditorViewport: Clicking on Actor (LMB): StaticMeshActor (plane118)
[2022.12.12-05.23.39:702][311]LogTemp: Repeating last play command: 選択ビューポート
[2022.12.12-05.23.39:728][311]LogBlueprintUserMessages: Early PlayInEditor Detection: Level '/Game/Map/Game_Main.Game_Main:PersistentLevel' has LevelScriptBlueprint '/Game/Map/Game_Main.Game_Main:PersistentLevel.Game_Main' with GeneratedClass '/Game/Map/Game_Main.Game_Main_C' with ClassGeneratedBy '/Game/Map/Game_Main.Game_Main:PersistentLevel.Game_Main'
[2022.12.12-05.23.39:729][311]LogPlayLevel: PlayLevel: No blueprints needed recompiling
[2022.12.12-05.23.39:729][311]PIE: New page: PIEセッション: Game_Main (2022/12/12 23:23:39)
[2022.12.12-05.23.39:730][311]LogPlayLevel: Creating play world package: /Game/Map/UEDPIE_0_Game_Main
[2022.12.12-05.23.39:731][311]LogPlayLevel: PIE: StaticDuplicateObject took: (0.001411s)
[2022.12.12-05.23.39:732][311]LogAIModule: Creating AISystem for world Game_Main
[2022.12.12-05.23.39:732][311]LogPlayLevel: PIE: World Init took: (0.000911s)
[2022.12.12-05.23.39:733][311]LogPlayLevel: PIE: Created PIE world by copying editor world from /Game/Map/Game_Main.Game_Main to /Game/Map/UEDPIE_0_Game_Main.Game_Main (0.002980s)
[2022.12.12-05.23.39:775][311]LogInit: XAudio2 using 'ヘッドホン (Apple Audio Device)' : 2 channels at 48 kHz using 16 bits per sample (channel mask 0x3)
[2022.12.12-05.23.39:784][311]LogInit: FAudioDevice initialized.
[2022.12.12-05.23.39:816][311]LogLoad: Game class is 'BP_Award_GameMode_C'
[2022.12.12-05.23.39:817][311]LogWorld: Bringing World /Game/Map/UEDPIE_0_Game_Main.Game_Main up for play (max tick rate 60) at 2022.12.12-14.23.39
[2022.12.12-05.23.39:817][311]LogWorld: Bringing up level for play took: 0.000790
[2022.12.12-05.23.39:817][311]LogGameMode: FindPlayerStart: PATHS NOT DEFINED or NO PLAYERSTART with positive rating
[2022.12.12-05.23.39:818][311]LogLevel: ActivateLevel /Game/Map/UEDPIE_0_Floor1 1 1 1
[2022.12.12-05.23.39:820][311]PIE: /Game/Map/UEDPIE_0_Game_Main 0.72のプレイ イン エディタの開始時間
[2022.12.12-05.23.39:820][311]LogBlueprintUserMessages: Late PlayInEditor Detection: Level '/Game/Map/Game_Main.Game_Main:PersistentLevel' has LevelScriptBlueprint '/Game/Map/Game_Main.Game_Main:PersistentLevel.Game_Main' with GeneratedClass '/Game/Map/Game_Main.Game_Main_C' with ClassGeneratedBy '/Game/Map/Game_Main.Game_Main:PersistentLevel.Game_Main'
[2022.12.12-05.23.39:840][311]LogAudio: Warning: Detected orphaned looping sound 'bgm'.
[2022.12.12-05.24.06:044][881]LogBlueprintUserMessages: Early EndPlayMap Detection: Level '/Game/Map/Game_Main.Game_Main:PersistentLevel' has LevelScriptBlueprint '/Game/Map/Game_Main.Game_Main:PersistentLevel.Game_Main' with GeneratedClass '/Game/Map/Game_Main.Game_Main_C' with ClassGeneratedBy '/Game/Map/Game_Main.Game_Main:PersistentLevel.Game_Main'
[2022.12.12-05.24.06:114][881]LogBlueprintUserMessages: Late EndPlayMap Detection: Level '/Game/Map/Game_Main.Game_Main:PersistentLevel' has LevelScriptBlueprint '/Game/Map/Game_Main.Game_Main:PersistentLevel.Game_Main' with GeneratedClass '/Game/Map/Game_Main.Game_Main_C' with ClassGeneratedBy '/Game/Map/Game_Main.Game_Main:PersistentLevel.Game_Main'
[2022.12.12-05.24.36:616][157]LogSlate: Took 0.000117 seconds to synchronously load lazily loaded font '../../../Engine/Content/Slate/Fonts/Roboto-Light.ttf' (159K)
[2022.12.12-05.24.36:661][157]Cmd: OBJ SAVEPACKAGE PACKAGE="/Game/Map/Floor1" FILE="../../../../../../Users/81806/OneDrive/ドキュメント/UE4_RPG/THE7/Saved/Autosaves/Game/Map/Floor1_Auto1.umap" SILENT=true AUTOSAVING=true KEEPDIRTY=false
[2022.12.12-05.24.37:015][157]LogSavePackage: Save=334.71ms
[2022.12.12-05.24.37:015][157]LogSavePackage: Moving '../../../../../../Users/81806/OneDrive/ドキュメント/UE4_RPG/THE7/Saved/Floor1_Auto1E2F535194BCEC9824E58F69231ED672A.tmp' to '../../../../../../Users/81806/OneDrive/ドキュメント/UE4_RPG/THE7/Saved/Autosaves/Game/Map/Floor1_Auto1.umap'
[2022.12.12-05.24.37:017][157]LogSavePackage: Display: Finished SavePackage ../../../../../../Users/81806/OneDrive/ドキュメント/UE4_RPG/THE7/Saved/Autosaves/Game/Map/Floor1_Auto1.umap
[2022.12.12-05.24.37:021][157]LogFileHelpers: Editor autosave (incl. sublevels) for '/Game/Map/Game_Main' took 0.390
[2022.12.12-05.24.37:021][157]LogFileHelpers: Editor autosave (incl. sublevels) for all levels took 0.390
[2022.12.12-05.59.20:501][402]Cmd: OBJ SAVEPACKAGE PACKAGE="/Game/Map/Floor1" FILE="../../../../../../Users/81806/OneDrive/ドキュメント/UE4_RPG/THE7/Content/Map/Floor1.umap" SILENT=true AUTOSAVING=false KEEPDIRTY=false
[2022.12.12-05.59.20:818][402]LogSavePackage: Save=290.32ms
[2022.12.12-05.59.20:818][402]LogSavePackage: Moving '../../../../../../Users/81806/OneDrive/ドキュメント/UE4_RPG/THE7/Saved/Floor1B47B868645853649FF99C895392BA96F.tmp' to '../../../../../../Users/81806/OneDrive/ドキュメント/UE4_RPG/THE7/Content/Map/Floor1.umap'
[2022.12.12-05.59.20:821][402]LogSavePackage: Display: Finished SavePackage ../../../../../../Users/81806/OneDrive/ドキュメント/UE4_RPG/THE7/Content/Map/Floor1.umap
[2022.12.12-05.59.20:822][402]LogFileHelpers: Saving map 'Floor1' took 0.384
[2022.12.12-05.59.21:074][403]Cmd: QUIT_EDITOR
[2022.12.12-05.59.21:276][403]LogWindowsTextInputMethodSystem: Display: IME system now activated using TSF (Microsoft IME).
[2022.12.12-05.59.21:294][403]LogExit: Preparing to exit.
[2022.12.12-05.59.22:267][403]LogDirectoryWatcher: A directory notification for 'C:/Users/81806/OneDrive/ドキュメント/UE4_RPG/THE7/Content/' was aborted.
[2022.12.12-05.59.22:314][403]LogExit: Editor shut down
[2022.12.12-05.59.22:317][403]LogExit: Transaction tracking system shut down
[2022.12.12-05.59.22:452][403]LogDirectoryWatcher: A directory notification for '../../../Engine/Content/' was aborted.
[2022.12.12-05.59.22:452][403]LogDirectoryWatcher: A directory notification for '../../../../../../Users/81806/OneDrive/ドキュメント/UE4_RPG/THE7/Content/' was aborted.
[2022.12.12-05.59.22:452][403]LogDirectoryWatcher: A directory notification for '../../../Engine/Plugins/2D/Paper2D/Content/' was aborted.
[2022.12.12-05.59.22:453][403]LogDirectoryWatcher: A directory notification for '../../../Engine/Plugins/Runtime/Oculus/OculusVR/Content/' was aborted.
[2022.12.12-05.59.22:453][403]LogDirectoryWatcher: A directory notification for '../../../Engine/Plugins/Runtime/Steam/SteamVR/Content/' was aborted.
[2022.12.12-05.59.22:491][403]LogExit: Object subsystem successfully closed.
[2022.12.12-05.59.22:516][403]LogD3D11RHI: Shutdown
[2022.12.12-05.59.22:516][403]LogD3D11RHI: CleanupD3DDevice
[2022.12.12-05.59.22:690][403]LogD3D11RHI: ~FD3D11DynamicRHI
[2022.12.12-05.59.22:705][403]LogModuleManager: Shutting down and abandoning module MovieSceneCapture (534)
[2022.12.12-05.59.22:705][403]LogModuleManager: Shutting down and abandoning module HierarchicalLODOutliner (532)
[2022.12.12-05.59.22:705][403]LogModuleManager: Shutting down and abandoning module WorldBrowser (530)
[2022.12.12-05.59.22:705][403]LogModuleManager: Shutting down and abandoning module SceneOutliner (528)
[2022.12.12-05.59.22:705][403]LogModuleManager: Shutting down and abandoning module AddContentDialog (526)
[2022.12.12-05.59.22:705][403]LogDirectoryWatcher: A directory notification for 'C:/Program Files/Epic Games/UE_4.17/FeaturePacks/' was aborted.
[2022.12.12-05.59.22:705][403]LogModuleManager: Shutting down and abandoning module WidgetCarousel (525)
[2022.12.12-05.59.22:705][403]LogModuleManager: Shutting down and abandoning module EditorWidgets (522)
[2022.12.12-05.59.22:706][403]LogModuleManager: Shutting down and abandoning module CollectionManager (520)
[2022.12.12-05.59.22:706][403]LogDirectoryWatcher: A directory notification for 'C:/Users/81806/OneDrive/ドキュメント/UE4_RPG/THE7/Content/Collections/' was aborted.
[2022.12.12-05.59.22:706][403]LogDirectoryWatcher: A directory notification for 'C:/Users/81806/OneDrive/ドキュメント/UE4_RPG/THE7/Content/Developers/小浜大和/Collections/' was aborted.
[2022.12.12-05.59.22:706][403]LogDirectoryWatcher: A directory notification for 'C:/Users/81806/OneDrive/ドキュメント/UE4_RPG/THE7/Saved/Collections/' was aborted.
[2022.12.12-05.59.22:706][403]LogModuleManager: Shutting down and abandoning module StatsViewer (518)
[2022.12.12-05.59.22:706][403]LogModuleManager: Shutting down and abandoning module FoliageEdit (516)
[2022.12.12-05.59.22:706][403]LogModuleManager: Shutting down and abandoning module LandscapeEditor (514)
[2022.12.12-05.59.22:706][403]LogModuleManager: Shutting down and abandoning module MeshPaintMode (512)
[2022.12.12-05.59.22:706][403]LogModuleManager: Shutting down and abandoning module SceneDepthPickerMode (510)
[2022.12.12-05.59.22:706][403]LogModuleManager: Shutting down and abandoning module ActorPickerMode (508)
[2022.12.12-05.59.22:706][403]LogModuleManager: Shutting down and abandoning module GeometryMode (506)
[2022.12.12-05.59.22:706][403]LogModuleManager: Shutting down and abandoning module TextureAlignMode (504)
[2022.12.12-05.59.22:706][403]LogModuleManager: Shutting down and abandoning module BspMode (502)
[2022.12.12-05.59.22:706][403]LogModuleManager: Shutting down and abandoning module PIEPreviewDeviceProfileSelector (500)
[2022.12.12-05.59.22:706][403]LogModuleManager: Shutting down and abandoning module HardwareSurvey (498)
[2022.12.12-05.59.22:706][403]LogModuleManager: Shutting down and abandoning module SequenceRecorderSections (496)
[2022.12.12-05.59.22:706][403]LogModuleManager: Shutting down and abandoning module AutomationWorker (494)
[2022.12.12-05.59.22:706][403]LogModuleManager: Shutting down and abandoning module MatineeToLevelSequence (492)
[2022.12.12-05.59.22:706][403]LogModuleManager: Shutting down and abandoning module LevelSequenceEditor (490)
[2022.12.12-05.59.22:706][403]LogModuleManager: Shutting down and abandoning module PlacementMode (489)
[2022.12.12-05.59.22:706][403]LogModuleManager: Shutting down and abandoning module WmfMediaFactory (486)
[2022.12.12-05.59.22:706][403]LogModuleManager: Shutting down and abandoning module WmfMediaEditor (484)
[2022.12.12-05.59.22:706][403]LogModuleManager: Shutting down and abandoning module AvfMediaFactory (482)
[2022.12.12-05.59.22:706][403]LogModuleManager: Shutting down and abandoning module AvfMediaEditor (480)
[2022.12.12-05.59.22:706][403]LogModuleManager: Shutting down and abandoning module AndroidMediaFactory (478)
[2022.12.12-05.59.22:706][403]LogModuleManager: Shutting down and abandoning module Media (477)
[2022.12.12-05.59.22:706][403]LogModuleManager: Shutting down and abandoning module AndroidMediaEditor (474)
[2022.12.12-05.59.22:706][403]LogModuleManager: Shutting down and abandoning module CharacterAI (472)
[2022.12.12-05.59.22:706][403]LogModuleManager: Shutting down and abandoning module AudioCapture (470)
[2022.12.12-05.59.22:706][403]LogModuleManager: Shutting down and abandoning module SequenceRecorder (469)
[2022.12.12-05.59.22:706][403]LogModuleManager: Shutting down and abandoning module SmartSnapping (466)
[2022.12.12-05.59.22:706][403]LogModuleManager: Shutting down and abandoning module SessionServices (464)
[2022.12.12-05.59.22:706][403]LogModuleManager: Shutting down and abandoning module ViewportSnapping (462)
[2022.12.12-05.59.22:706][403]LogModuleManager: Shutting down and abandoning module ViewportInteraction (460)
[2022.12.12-05.59.22:706][403]LogModuleManager: Shutting down and abandoning module ClothPainter (458)
[2022.12.12-05.59.22:706][403]LogModuleManager: Shutting down and abandoning module LogVisualizer (456)
[2022.12.12-05.59.22:706][403]LogModuleManager: Shutting down and abandoning module IntroTutorials (454)
[2022.12.12-05.59.22:706][403]LogModuleManager: Shutting down and abandoning module GameProjectGeneration (453)
[2022.12.12-05.59.22:706][403]LogModuleManager: Shutting down and abandoning module IOSPlatformEditor (450)
[2022.12.12-05.59.22:706][403]LogModuleManager: Shutting down and abandoning module HTML5PlatformEditor (448)
[2022.12.12-05.59.22:706][403]LogModuleManager: Shutting down and abandoning module AndroidPlatformEditor (446)
[2022.12.12-05.59.22:707][403]LogModuleManager: Shutting down and abandoning module AndroidDeviceDetection (445)
[2022.12.12-05.59.22:761][403]LogModuleManager: Shutting down and abandoning module WindowsPlatformEditor (442)
[2022.12.12-05.59.22:761][403]LogModuleManager: Shutting down and abandoning module IOSRuntimeSettings (440)
[2022.12.12-05.59.22:761][403]LogModuleManager: Shutting down and abandoning module AndroidRuntimeSettings (438)
[2022.12.12-05.59.22:761][403]LogModuleManager: Shutting down and abandoning module InputBindingEditor (436)
[2022.12.12-05.59.22:761][403]LogModuleManager: Shutting down and abandoning module MergeActors (434)
[2022.12.12-05.59.22:761][403]LogModuleManager: Shutting down and abandoning module SizeMap (432)
[2022.12.12-05.59.22:761][403]LogModuleManager: Shutting down and abandoning module TreeMap (430)
[2022.12.12-05.59.22:761][403]LogModuleManager: Shutting down and abandoning module ReferenceViewer (428)
[2022.12.12-05.59.22:761][403]LogModuleManager: Shutting down and abandoning module LocalizationDashboard (426)
[2022.12.12-05.59.22:761][403]LogModuleManager: Shutting down and abandoning module LocalizationService (425)
[2022.12.12-05.59.22:761][403]LogModuleManager: Shutting down and abandoning module HardwareTargeting (422)
[2022.12.12-05.59.22:761][403]LogModuleManager: Shutting down and abandoning module DeviceProfileEditor (420)
[2022.12.12-05.59.22:761][403]LogModuleManager: Shutting down and abandoning module UndoHistory (418)
[2022.12.12-05.59.22:761][403]LogModuleManager: Shutting down and abandoning module XmlParser (416)
[2022.12.12-05.59.22:761][403]LogModuleManager: Shutting down and abandoning module Blutility (414)
[2022.12.12-05.59.22:761][403]LogModuleManager: Shutting down and abandoning module ProjectSettingsViewer (412)
[2022.12.12-05.59.22:761][403]LogModuleManager: Shutting down and abandoning module ProjectTargetPlatformEditor (411)
[2022.12.12-05.59.22:762][403]LogModuleManager: Shutting down and abandoning module EditorSettingsViewer (408)
[2022.12.12-05.59.22:762][403]LogModuleManager: Shutting down and abandoning module SettingsEditor (406)
[2022.12.12-05.59.22:762][403]LogModuleManager: Shutting down and abandoning module ProjectLauncher (404)
[2022.12.12-05.59.22:762][403]LogModuleManager: Shutting down and abandoning module SessionFrontend (402)
[2022.12.12-05.59.22:762][403]LogModuleManager: Shutting down and abandoning module ProfilerClient (400)
[2022.12.12-05.59.22:762][403]LogModuleManager: Shutting down and abandoning module DeviceManager (398)
[2022.12.12-05.59.22:762][403]LogModuleManager: Shutting down and abandoning module TargetDeviceServices (397)
[2022.12.12-05.59.22:817][403]LogModuleManager: Shutting down and abandoning module AutomationController (394)
[2022.12.12-05.59.22:817][403]LogModuleManager: Shutting down and abandoning module AutomationWindow (392)
[2022.12.12-05.59.22:817][403]LogModuleManager: Shutting down and abandoning module Layers (390)
[2022.12.12-05.59.22:817][403]LogModuleManager: Shutting down and abandoning module ComponentVisualizers (388)
[2022.12.12-05.59.22:817][403]LogModuleManager: Shutting down and abandoning module DetailCustomizations (386)
[2022.12.12-05.59.22:817][403]LogModuleManager: Shutting down and abandoning module PackagesDialog (384)
[2022.12.12-05.59.22:817][403]LogModuleManager: Shutting down and abandoning module Persona (382)
[2022.12.12-05.59.22:817][403]LogModuleManager: Shutting down and abandoning module AdvancedPreviewScene (381)
[2022.12.12-05.59.22:817][403]LogModuleManager: Shutting down and abandoning module AnimGraph (379)
[2022.12.12-05.59.22:817][403]LogModuleManager: Shutting down and abandoning module Kismet (376)
[2022.12.12-05.59.22:817][403]LogModuleManager: Shutting down and abandoning module ClassViewer (374)
[2022.12.12-05.59.22:817][403]LogModuleManager: Shutting down and abandoning module Toolbox (372)
[2022.12.12-05.59.22:817][403]LogModuleManager: Shutting down and abandoning module ModuleUI (370)
[2022.12.12-05.59.22:817][403]LogModuleManager: Shutting down and abandoning module MovieSceneTools (368)
[2022.12.12-05.59.22:818][403]LogModuleManager: Shutting down and abandoning module OutputLog (366)
[2022.12.12-05.59.22:818][403]LogModuleManager: Shutting down and abandoning module GammaUI (364)
[2022.12.12-05.59.22:818][403]LogModuleManager: Shutting down and abandoning module Documentation (362)
[2022.12.12-05.59.22:818][403]LogModuleManager: Shutting down and abandoning module MovieSceneTracks (360)
[2022.12.12-05.59.22:818][403]LogModuleManager: Shutting down and abandoning module MovieScene (358)
[2022.12.12-05.59.22:818][403]LogModuleManager: Shutting down and abandoning module Niagara (356)
[2022.12.12-05.59.22:818][403]LogModuleManager: Shutting down and abandoning module NiagaraEditor (355)
[2022.12.12-05.59.22:818][403]LogModuleManager: Shutting down and abandoning module StreamingPauseRendering (352)
[2022.12.12-05.59.22:818][403]LogModuleManager: Shutting down and abandoning module LauncherPlatform (350)
[2022.12.12-05.59.22:818][403]LogModuleManager: Shutting down and abandoning module AnalyticsET (348)
[2022.12.12-05.59.22:818][403]LogModuleManager: Shutting down and abandoning module PortalServices (346)
[2022.12.12-05.59.22:818][403]LogModuleManager: Shutting down and abandoning module PortalRpc (344)
[2022.12.12-05.59.22:818][403]LogModuleManager: Shutting down and abandoning module MessagingRpc (342)
[2022.12.12-05.59.22:818][403]LogModuleManager: Shutting down and abandoning module AIModule (340)
[2022.12.12-05.59.22:818][403]LogModuleManager: Shutting down and abandoning module GameplayDebugger (339)
[2022.12.12-05.59.22:818][403]LogModuleManager: Shutting down and abandoning module AITestSuite (337)
[2022.12.12-05.59.22:818][403]LogModuleManager: Shutting down and abandoning module ProfilerService (334)
[2022.12.12-05.59.22:900][403]LogModuleManager: Shutting down and abandoning module TaskGraph (332)
[2022.12.12-05.59.22:900][403]LogModuleManager: Shutting down and abandoning module SteamVRController (330)
[2022.12.12-05.59.22:900][403]LogModuleManager: Shutting down and abandoning module ProceduralMeshComponentEditor (328)
[2022.12.12-05.59.22:900][403]LogModuleManager: Shutting down and abandoning module ProceduralMeshComponent (326)
[2022.12.12-05.59.22:900][403]LogModuleManager: Shutting down and abandoning module OculusInput (324)
[2022.12.12-05.59.22:900][403]LogModuleManager: Shutting down and abandoning module MobilePatchingUtils (322)
[2022.12.12-05.59.22:900][403]LogModuleManager: Shutting down and abandoning module CustomMeshComponent (320)
[2022.12.12-05.59.22:900][403]LogModuleManager: Shutting down and abandoning module CableComponent (318)
[2022.12.12-05.59.22:900][403]LogModuleManager: Shutting down and abandoning module ArchVisCharacter (316)
[2022.12.12-05.59.22:900][403]LogModuleManager: Shutting down and abandoning module AndroidPermission (314)
[2022.12.12-05.59.22:900][403]LogModuleManager: Shutting down and abandoning module MediaPlayerEditor (310)
[2022.12.12-05.59.22:900][403]LogModuleManager: Shutting down and abandoning module HTML5Networking (308)
[2022.12.12-05.59.22:901][403]LogModuleManager: Shutting down and abandoning module AlembicImporter (306)
[2022.12.12-05.59.22:901][403]LogModuleManager: Shutting down and abandoning module AlembicLibrary (305)
[2022.12.12-05.59.22:901][403]LogModuleManager: Shutting down and abandoning module GeometryCache (304)
[2022.12.12-05.59.22:901][403]LogModuleManager: Shutting down and abandoning module GeometryCacheEd (303)
[2022.12.12-05.59.22:901][403]LogModuleManager: Shutting down and abandoning module SpeedTreeImporter (298)
[2022.12.12-05.59.22:901][403]LogModuleManager: Shutting down and abandoning module PluginBrowser (296)
[2022.12.12-05.59.22:901][403]LogModuleManager: Shutting down and abandoning module MobileLauncherProfileWizard (294)
[2022.12.12-05.59.22:901][403]LogModuleManager: Shutting down and abandoning module VisualStudioSourceCodeAccess (292)
[2022.12.12-05.59.22:901][403]LogModuleManager: Shutting down and abandoning module DesktopPlatform (291)
[2022.12.12-05.59.22:901][403]LogModuleManager: Shutting down and abandoning module UObjectPlugin (288)
[2022.12.12-05.59.22:901][403]LogModuleManager: Shutting down and abandoning module SubversionSourceControl (286)
[2022.12.12-05.59.22:901][403]LogModuleManager: Shutting down and abandoning module PerforceSourceControl (284)
[2022.12.12-05.59.22:901][403]LogModuleManager: Shutting down and abandoning module GitSourceControl (282)
[2022.12.12-05.59.22:901][403]LogModuleManager: Shutting down and abandoning module SourceControl (281)
[2022.12.12-05.59.22:901][403]LogModuleManager: Shutting down and abandoning module LightPropagationVolumeEditor (278)
[2022.12.12-05.59.22:901][403]LogModuleManager: Shutting down and abandoning module PaperTiledImporter (276)
[2022.12.12-05.59.22:901][403]LogModuleManager: Shutting down and abandoning module PaperSpriteSheetImporter (274)
[2022.12.12-05.59.22:901][403]LogModuleManager: Shutting down and abandoning module Paper2DEditor (272)
[2022.12.12-05.59.22:901][403]LogModuleManager: Shutting down and abandoning module MeshPaint (271)
[2022.12.12-05.59.22:901][403]LogModuleManager: Shutting down and abandoning module LevelEditor (269)
[2022.12.12-05.59.22:902][403]LogModuleManager: Shutting down and abandoning module PixelInspectorModule (268)
[2022.12.12-05.59.22:902][403]LogModuleManager: Shutting down and abandoning module MainFrame (266)
[2022.12.12-05.59.22:902][403]LogModuleManager: Shutting down and abandoning module HotReload (265)
[2022.12.12-05.59.22:902][403]LogModuleManager: Shutting down and abandoning module RuntimePhysXCooking (260)
[2022.12.12-05.59.22:902][403]LogModuleManager: Shutting down and abandoning module PhysXVehiclesEditor (258)
[2022.12.12-05.59.22:902][403]LogModuleManager: Shutting down and abandoning module PhysXVehicles (256)
[2022.12.12-05.59.22:902][403]LogModuleManager: Shutting down and abandoning module OculusEditor (254)
[2022.12.12-05.59.22:902][403]LogModuleManager: Shutting down and abandoning module LocationServicesBPLibrary (252)
[2022.12.12-05.59.22:902][403]LogModuleManager: Shutting down and abandoning module ImmediatePhysicsEditor (250)
[2022.12.12-05.59.22:902][403]LogModuleManager: Shutting down and abandoning module ImmediatePhysics (248)
[2022.12.12-05.59.22:902][403]LogModuleManager: Shutting down and abandoning module UdpMessaging (246)
[2022.12.12-05.59.23:004][403]LogModuleManager: Shutting down and abandoning module TcpMessaging (244)
[2022.12.12-05.59.23:104][403]LogModuleManager: Shutting down and abandoning module GameplayTagsEditor (242)
[2022.12.12-05.59.23:104][403]LogModuleManager: Shutting down and abandoning module FacialAnimationEditor (240)
[2022.12.12-05.59.23:104][403]LogModuleManager: Shutting down and abandoning module FacialAnimation (238)
[2022.12.12-05.59.23:104][403]LogModuleManager: Shutting down and abandoning module AssetManagerEditor (236)
[2022.12.12-05.59.23:104][403]LogModuleManager: Shutting down and abandoning module GraphEditor (235)
[2022.12.12-05.59.23:104][403]LogModuleManager: Shutting down and abandoning module ContentBrowser (233)
[2022.12.12-05.59.23:105][403]LogModuleManager: Shutting down and abandoning module LightPropagationVolumeRuntime (230)
[2022.12.12-05.59.23:105][403]LogModuleManager: Shutting down and abandoning module Paper2D (228)
[2022.12.12-05.59.23:105][403]LogModuleManager: Shutting down and abandoning module WindowsMoviePlayer (226)
[2022.12.12-05.59.23:105][403]LogModuleManager: Shutting down and abandoning module WmfMedia (224)
[2022.12.12-05.59.23:106][403]LogModuleManager: Shutting down and abandoning module PacketHandler (222)
[2022.12.12-05.59.23:106][403]LogModuleManager: Shutting down and abandoning module ClothingSystemEditor (220)
[2022.12.12-05.59.23:106][403]LogModuleManager: Shutting down and abandoning module ClothingSystemRuntime (218)
[2022.12.12-05.59.23:106][403]LogModuleManager: Shutting down and abandoning module Overlay (216)
[2022.12.12-05.59.23:106][403]LogModuleManager: Shutting down and abandoning module OverlayEditor (215)
[2022.12.12-05.59.23:106][403]LogModuleManager: Shutting down and abandoning module MediaAssets (212)
[2022.12.12-05.59.23:106][403]LogModuleManager: Shutting down and abandoning module VREditor (210)
[2022.12.12-05.59.23:106][403]LogModuleManager: Shutting down and abandoning module StringTableEditor (208)
[2022.12.12-05.59.23:106][403]LogModuleManager: Shutting down and abandoning module GameplayTasksEditor (206)
[2022.12.12-05.59.23:106][403]LogModuleManager: Shutting down and abandoning module BehaviorTreeEditor (204)
[2022.12.12-05.59.23:106][403]LogModuleManager: Shutting down and abandoning module FunctionalTesting (202)
[2022.12.12-05.59.23:106][403]LogModuleManager: Shutting down and abandoning module CollisionAnalyzer (200)
[2022.12.12-05.59.23:106][403]LogModuleManager: Shutting down and abandoning module WorkspaceMenuStructure (199)
[2022.12.12-05.59.23:106][403]LogModuleManager: Shutting down and abandoning module UMG (196)
[2022.12.12-05.59.23:106][403]LogModuleManager: Shutting down and abandoning module UMGEditor (195)
[2022.12.12-05.59.23:106][403]LogModuleManager: Shutting down and abandoning module Sequencer (194)
[2022.12.12-05.59.23:106][403]LogModuleManager: Shutting down and abandoning module MessageLog (191)
[2022.12.12-05.59.23:106][403]LogModuleManager: Shutting down and abandoning module SlateReflector (186)
[2022.12.12-05.59.23:106][403]LogModuleManager: Shutting down and abandoning module Slate (184)
[2022.12.12-05.59.23:106][403]LogModuleManager: Shutting down and abandoning module EditorStyle (182)
[2022.12.12-05.59.23:108][403]LogModuleManager: Shutting down and abandoning module MRMesh (180)
[2022.12.12-05.59.23:108][403]LogModuleManager: Shutting down and abandoning module SourceCodeAccess (178)
[2022.12.12-05.59.23:108][403]LogModuleManager: Shutting down and abandoning module HeadMountedDisplay (176)
[2022.12.12-05.59.23:108][403]LogModuleManager: Shutting down and abandoning module XAudio2 (174)
[2022.12.12-05.59.23:108][403]LogModuleManager: Shutting down and abandoning module Networking (172)
[2022.12.12-05.59.23:108][403]LogModuleManager: Shutting down and abandoning module Core (168)
[2022.12.12-05.59.23:108][403]LogModuleManager: Shutting down and abandoning module KismetCompiler (164)
[2022.12.12-05.59.23:108][403]LogModuleManager: Shutting down and abandoning module LevelSequence (162)
[2022.12.12-05.59.23:108][403]LogModuleManager: Shutting down and abandoning module MeshUtilities (160)
[2022.12.12-05.59.23:108][403]LogModuleManager: Shutting down and abandoning module MeshMergeUtilities (159)
[2022.12.12-05.59.23:108][403]LogModuleManager: Shutting down and abandoning module MeshReductionInterface (158)
[2022.12.12-05.59.23:108][403]LogModuleManager: Shutting down and abandoning module SimplygonSwarm (157)
[2022.12.12-05.59.23:109][403]LogModuleManager: Shutting down and abandoning module SimplygonMeshReduction (155)
[2022.12.12-05.59.23:109][403]LogModuleManager: Shutting down and abandoning module QuadricMeshReduction (153)
[2022.12.12-05.59.23:109][403]LogModuleManager: Shutting down and abandoning module MaterialBaking (149)
[2022.12.12-05.59.23:109][403]LogModuleManager: Shutting down and abandoning module DirectoryWatcher (146)
[2022.12.12-05.59.23:109][403]LogModuleManager: Shutting down and abandoning module DerivedDataCache (144)
[2022.12.12-05.59.23:156][403]LogDerivedDataCache: Shutdown
[2022.12.12-05.59.23:156][403]LogModuleManager: Shutting down and abandoning module TargetPlatform (142)
[2022.12.12-05.59.23:156][403]LogModuleManager: Shutting down and abandoning module VulkanShaderFormat (141)
[2022.12.12-05.59.23:156][403]LogModuleManager: Shutting down and abandoning module ShaderFormatVectorVM (139)
[2022.12.12-05.59.23:156][403]LogModuleManager: Shutting down and abandoning module ShaderFormatOpenGL (137)
[2022.12.12-05.59.23:156][403]LogModuleManager: Shutting down and abandoning module ShaderFormatD3D (135)
[2022.12.12-05.59.23:156][403]LogModuleManager: Shutting down and abandoning module MetalShaderFormat (133)
[2022.12.12-05.59.23:156][403]LogModuleManager: Shutting down and abandoning module TextureFormatUncompressed (131)
[2022.12.12-05.59.23:156][403]LogModuleManager: Shutting down and abandoning module TextureFormatPVR (129)
[2022.12.12-05.59.23:156][403]LogModuleManager: Shutting down and abandoning module TextureFormatDXT (127)
[2022.12.12-05.59.23:156][403]LogModuleManager: Shutting down and abandoning module TextureFormatIntelISPCTexComp (125)
[2022.12.12-05.59.23:156][403]LogModuleManager: Shutting down and abandoning module TextureFormatASTC (123)
[2022.12.12-05.59.23:156][403]LogModuleManager: Shutting down and abandoning module ImageWrapper (122)
[2022.12.12-05.59.23:156][403]LogModuleManager: Shutting down and abandoning module TextureFormatAndroid (119)
[2022.12.12-05.59.23:156][403]LogModuleManager: Shutting down and abandoning module AudioFormatOpus (117)
[2022.12.12-05.59.23:156][403]LogModuleManager: Shutting down and abandoning module AudioFormatOgg (115)
[2022.12.12-05.59.23:156][403]LogModuleManager: Shutting down and abandoning module AudioFormatADPCM (113)
[2022.12.12-05.59.23:156][403]LogModuleManager: Shutting down and abandoning module LinuxTargetPlatform (111)
[2022.12.12-05.59.23:156][403]LogModuleManager: Shutting down and abandoning module LinuxServerTargetPlatform (109)
[2022.12.12-05.59.23:156][403]LogModuleManager: Shutting down and abandoning module LinuxNoEditorTargetPlatform (107)
[2022.12.12-05.59.23:156][403]LogModuleManager: Shutting down and abandoning module LinuxClientTargetPlatform (105)
[2022.12.12-05.59.23:156][403]LogModuleManager: Shutting down and abandoning module TVOSTargetPlatform (103)
[2022.12.12-05.59.23:156][403]LogModuleManager: Shutting down and abandoning module Messaging (101)
[2022.12.12-05.59.23:156][403]LogModuleManager: Shutting down and abandoning module IOSTargetPlatform (99)
[2022.12.12-05.59.23:156][403]LogModuleManager: Shutting down and abandoning module HTML5TargetPlatform (97)
[2022.12.12-05.59.23:156][403]LogModuleManager: Shutting down and abandoning module Android_PVRTCTargetPlatform (95)
[2022.12.12-05.59.23:156][403]LogModuleManager: Shutting down and abandoning module Android_MultiTargetPlatform (93)
[2022.12.12-05.59.23:156][403]LogModuleManager: Shutting down and abandoning module Android_ETC2TargetPlatform (91)
[2022.12.12-05.59.23:157][403]LogModuleManager: Shutting down and abandoning module Android_ETC1TargetPlatform (89)
[2022.12.12-05.59.23:157][403]LogModuleManager: Shutting down and abandoning module Android_DXTTargetPlatform (87)
[2022.12.12-05.59.23:157][403]LogModuleManager: Shutting down and abandoning module Android_ATCTargetPlatform (85)
[2022.12.12-05.59.23:157][403]LogModuleManager: Shutting down and abandoning module Android_ASTCTargetPlatform (83)
[2022.12.12-05.59.23:157][403]LogModuleManager: Shutting down and abandoning module AndroidTargetPlatform (81)
[2022.12.12-05.59.23:157][403]LogModuleManager: Shutting down and abandoning module WindowsTargetPlatform (79)
[2022.12.12-05.59.23:157][403]LogModuleManager: Shutting down and abandoning module WindowsServerTargetPlatform (77)
[2022.12.12-05.59.23:157][403]LogModuleManager: Shutting down and abandoning module WindowsNoEditorTargetPlatform (75)
[2022.12.12-05.59.23:157][403]LogModuleManager: Shutting down and abandoning module WindowsClientTargetPlatform (73)
[2022.12.12-05.59.23:157][403]LogModuleManager: Shutting down and abandoning module MacTargetPlatform (71)
[2022.12.12-05.59.23:157][403]LogModuleManager: Shutting down and abandoning module MacServerTargetPlatform (69)
[2022.12.12-05.59.23:157][403]LogModuleManager: Shutting down and abandoning module MacNoEditorTargetPlatform (67)
[2022.12.12-05.59.23:157][403]LogModuleManager: Shutting down and abandoning module MacClientTargetPlatform (65)
[2022.12.12-05.59.23:157][403]LogModuleManager: Shutting down and abandoning module AllDesktopTargetPlatform (63)
[2022.12.12-05.59.23:157][403]LogModuleManager: Shutting down and abandoning module InputCore (60)
[2022.12.12-05.59.23:157][403]LogModuleManager: Shutting down and abandoning module Settings (58)
[2022.12.12-05.59.23:157][403]LogModuleManager: Shutting down and abandoning module PhysXCooking (56)
[2022.12.12-05.59.23:157][403]LogModuleManager: Shutting down and abandoning module SteamVR (54)
[2022.12.12-05.59.23:157][403]LogModuleManager: Shutting down and abandoning module OculusHMD (52)
[2022.12.12-05.59.23:157][403]LogModuleManager: Shutting down and abandoning module ExampleDeviceProfileSelector (50)
[2022.12.12-05.59.23:157][403]LogModuleManager: Shutting down and abandoning module OnlineBlueprintSupport (48)
[2022.12.12-05.59.23:157][403]LogModuleManager: Shutting down and abandoning module OnlineSubsystem (44)
[2022.12.12-05.59.23:157][403]LogOnline: Display: Unloading online subsystem: NULL
[2022.12.12-05.59.23:157][403]LogModuleManager: Shutting down and abandoning module XMPP (43)
[2022.12.12-05.59.23:157][403]LogModuleManager: Shutting down and abandoning module HTTP (41)
[2022.12.12-05.59.23:157][403]LogHttp: Display: Http module shutting down, but needs to wait on 1 outstanding Http requests:
[2022.12.12-05.59.23:157][403]LogHttp: Display: 	verb=[POST] url=[https://datarouter.ol.epicgames.com/datarouter/api/v1/public/data?SessionID=%7B941258F8-494B-4CE1-3EF0-DB97D957FA41%7D&AppID=UEEditor.Rocket.Release&AppVersion=4.17.2-3658906%2B%2B%2BUE4%2BRelease-4.17&UserID=b6570c5e438d4fb6a2e65a812a875c71%7Cd72d33c051974a0fad240c181fec4aeb%7C893d782e-80dc-4de3-9a84-1c2b7ea5ccde&AppEnvironment=datacollector-binary&UploadType=eteventstream] status=Processing
[2022.12.12-05.59.23:180][403]LogModuleManager: Shutting down and abandoning module SSL (40)
[2022.12.12-05.59.23:182][403]LogModuleManager: Shutting down and abandoning module AnimationModifiers (36)
[2022.12.12-05.59.23:182][403]LogModuleManager: Shutting down and abandoning module PropertyEditor (35)
[2022.12.12-05.59.23:182][403]LogModuleManager: Shutting down and abandoning module AudioEditor (32)
[2022.12.12-05.59.23:182][403]LogModuleManager: Shutting down and abandoning module TextureCompressor (30)
[2022.12.12-05.59.23:182][403]LogModuleManager: Shutting down and abandoning module ShaderCore (28)
[2022.12.12-05.59.23:182][403]LogModuleManager: Shutting down and abandoning module Landscape (26)
[2022.12.12-05.59.23:182][403]LogModuleManager: Shutting down and abandoning module SlateRHIRenderer (24)
[2022.12.12-05.59.23:183][403]LogModuleManager: Shutting down and abandoning module OpenGLDrv (22)
[2022.12.12-05.59.23:183][403]LogModuleManager: Shutting down and abandoning module D3D11RHI (20)
[2022.12.12-05.59.23:183][403]LogModuleManager: Shutting down and abandoning module AnimGraphRuntime (18)
[2022.12.12-05.59.23:183][403]LogModuleManager: Shutting down and abandoning module Renderer (16)
[2022.12.12-05.59.23:183][403]LogModuleManager: Shutting down and abandoning module Engine (14)
[2022.12.12-05.59.23:183][403]LogModuleManager: Shutting down and abandoning module CoreUObject (12)
[2022.12.12-05.59.23:183][403]LogModuleManager: Shutting down and abandoning module NetworkFile (10)
[2022.12.12-05.59.23:183][403]LogModuleManager: Shutting down and abandoning module CookedIterativeFile (8)
[2022.12.12-05.59.23:183][403]LogModuleManager: Shutting down and abandoning module StreamingFile (6)
[2022.12.12-05.59.23:183][403]LogModuleManager: Shutting down and abandoning module SandboxFile (4)
[2022.12.12-05.59.23:183][403]LogModuleManager: Shutting down and abandoning module PakFile (2)
[2022.12.12-05.59.23:190][403]LogExit: Exiting.
[2022.12.12-05.59.23:198][403]Log file closed, 12/12/22 14:59:23
