Log file open, 01/30/23 13:11:25
LogWindows: Failed to load 'aqProf.dll' (GetLastError=126)
LogWindows: File 'aqProf.dll' does not exist
LogWindows: Failed to load 'VSPerf140.dll' (GetLastError=126)
LogWindows: File 'VSPerf140.dll' does not exist
LogWindows: Failed to load 'VtuneApi.dll' (GetLastError=126)
LogWindows: File 'VtuneApi.dll' does not exist
LogWindows: Failed to load 'VtuneApi32e.dll' (GetLastError=126)
LogWindows: File 'VtuneApi32e.dll' does not exist
LogInit: Display: Running engine for game: THE7
LogPlatformFile: Not using cached read wrapper
LogInit: Display: RandInit(1988861500) SRandInit(1988861501).
LogTaskGraph: Started task graph with 5 named threads and 26 total threads with 3 sets of task threads.
LogStats: Stats thread started at 0.416811
LogD3D11RHI: Aftermath initialized
LogPluginManager: Mounting plugin Paper2D
LogPluginManager: Mounting plugin LightPropagationVolume
LogPluginManager: Mounting plugin CodeLiteSourceCodeAccess
LogPluginManager: Mounting plugin GitSourceControl
LogPluginManager: Mounting plugin KDevelopSourceCodeAccess
LogPluginManager: Mounting plugin NullSourceCodeAccess
LogPluginManager: Mounting plugin PerforceSourceControl
LogPluginManager: Mounting plugin SubversionSourceControl
LogPluginManager: Mounting plugin UObjectPlugin
LogPluginManager: Mounting plugin VisualStudioSourceCodeAccess
LogPluginManager: Mounting plugin XCodeSourceCodeAccess
LogPluginManager: Mounting plugin AssetManagerEditor
LogPluginManager: Mounting plugin AudioCapture
LogPluginManager: Mounting plugin FacialAnimation
LogPluginManager: Mounting plugin GameplayTagsEditor
LogPluginManager: Mounting plugin MobileLauncherProfileWizard
LogPluginManager: Mounting plugin PluginBrowser
LogPluginManager: Mounting plugin SpeedTreeImporter
LogPluginManager: Mounting plugin AlembicImporter
LogPluginManager: Mounting plugin CharacterAI
LogPluginManager: Mounting plugin HTML5Networking
LogPluginManager: Mounting plugin AndroidMedia
LogPluginManager: Mounting plugin AvfMedia
LogPluginManager: Mounting plugin MediaPlayerEditor
LogPluginManager: Mounting plugin WmfMedia
LogPluginManager: Mounting plugin TcpMessaging
LogPluginManager: Mounting plugin UdpMessaging
LogPluginManager: Mounting plugin LevelSequenceEditor
LogPluginManager: Mounting plugin MatineeToLevelSequence
LogPluginManager: Mounting plugin OnlineSubsystemGooglePlay
LogPluginManager: Mounting plugin OnlineSubsystemIOS
LogPluginManager: Mounting plugin OnlineSubsystem
LogPluginManager: Mounting plugin OnlineSubsystemNull
LogPluginManager: Mounting plugin OnlineSubsystemUtils
LogPluginManager: Mounting plugin AndroidDeviceProfileSelector
LogPluginManager: Mounting plugin AndroidMoviePlayer
LogPluginManager: Mounting plugin AndroidPermission
LogPluginManager: Mounting plugin AppleMoviePlayer
LogPluginManager: Mounting plugin ArchVisCharacter
LogPluginManager: Mounting plugin CableComponent
LogPluginManager: Mounting plugin CustomMeshComponent
LogPluginManager: Mounting plugin ExampleDeviceProfileSelector
LogPluginManager: Mounting plugin GoogleCloudMessaging
LogPluginManager: Mounting plugin ImmediatePhysics
LogPluginManager: Mounting plugin IOSDeviceProfileSelector
LogPluginManager: Mounting plugin LinuxDeviceProfileSelector
LogPluginManager: Mounting plugin LocationServicesBPLibrary
LogPluginManager: Mounting plugin MobilePatchingUtils
LogPluginManager: Mounting plugin OculusVR
LogPluginManager: Mounting plugin PhysXVehicles
LogPluginManager: Mounting plugin ProceduralMeshComponent
LogPluginManager: Mounting plugin RuntimePhysXCooking
LogPluginManager: Mounting plugin SteamVR
LogPluginManager: Mounting plugin WindowsMoviePlayer
LogInit: Using libcurl 7.47.1
LogInit:  - built for x86_64-pc-win32
LogInit:  - supports SSL with OpenSSL/1.0.2g
LogInit:  - supports HTTP deflate (compression) using libz 1.2.8
LogInit:  - other features:
LogInit:      CURL_VERSION_SSL
LogInit:      CURL_VERSION_LIBZ
LogInit:      CURL_VERSION_IPV6
LogInit:      CURL_VERSION_ASYNCHDNS
LogInit:      CURL_VERSION_LARGEFILE
LogInit:      CURL_VERSION_IDN
LogInit:  CurlRequestOptions (configurable via config and command line):
LogInit:  - bVerifyPeer = false  - Libcurl will NOT verify peer certificate
LogInit:  - bUseHttpProxy = false  - Libcurl will NOT use HTTP proxy
LogInit:  - bDontReuseConnections = false  - Libcurl will reuse connections
LogInit:  - CertBundlePath = nullptr  - Libcurl will use whatever was configured at build time.
LogInit: Build: ++UE4+Release-4.17-CL-3658906
LogInit: Engine Version: 4.17.2-3658906+++UE4+Release-4.17
LogInit: Compatible Engine Version: 4.17.0-3573198+++UE4+Release-4.17
LogInit: Net CL: 3573198
LogDevObjectVersion: Number of dev versions registered: 16
LogDevObjectVersion:   Dev-Blueprints (B0D832E4-1F89-4F0D-ACCF-7EB736FD4AA2): 10
LogDevObjectVersion:   Dev-Build (E1C64328-A22C-4D53-A36C-8E866417BD8C): 0
LogDevObjectVersion:   Dev-Core (375EC13C-06E4-48FB-B500-84F0262A717E): 2
LogDevObjectVersion:   Dev-Editor (E4B068ED-F494-42E9-A231-DA0B2E46BB41): 20
LogDevObjectVersion:   Dev-Framework (CFFC743F-43B0-4480-9391-14DF171D2073): 28
LogDevObjectVersion:   Dev-Mobile (B02B49B5-BB20-44E9-A304-32B752E40360): 0
LogDevObjectVersion:   Dev-Networking (A4E4105C-59A1-49B5-A7C5-40C4547EDFEE): 0
LogDevObjectVersion:   Dev-Online (39C831C9-5AE6-47DC-9A44-9C173E1C8E7C): 0
LogDevObjectVersion:   Dev-Physics (78F01B33-EBEA-4F98-B9B4-84EACCB95AA2): 0
LogDevObjectVersion:   Dev-Platform (6631380F-2D4D-43E0-8009-CF276956A95A): 0
LogDevObjectVersion:   Dev-Rendering (12F88B9F-8875-4AFC-A67C-D90C383ABD29): 19
LogDevObjectVersion:   Dev-Sequencer (7B5AE74C-D270-4C10-A958-57980B212A5A): 4
LogDevObjectVersion:   Dev-VR (D7296918-1DD6-4BDD-9DE2-64A83CC13884): 0
LogDevObjectVersion:   Dev-LoadTimes (C2A15278-BFE7-4AFE-6C17-90FF531DF755): 1
LogDevObjectVersion:   Private-Geometry (6EACA3D4-40EC-4CC1-B786-8BED09428FC5): 1
LogDevObjectVersion:   Dev-AnimPhys (29E575DD-E0A3-4627-9D10-D276232CDCEA): 7
LogInit: Compiled (64-bit): Sep 22 2017 13:47:16
LogInit: Compiled with Visual C++: 19.00.24215.01
LogInit: Build Configuration: Development
LogInit: Branch Name: ++UE4+Release-4.17
LogInit: Command line:  
LogInit: Base directory: C:/Program Files/Epic Games/UE_4.17/Engine/Binaries/Win64/
LogInit: Installed Engine Build: 1
LogInit: Presizing for max 8388607 objects, including 0 objects not considered by GC, pre-allocating 0 bytes for permanent pool.
LogInit: Object subsystem initialized
[2023.01.30-04.11.25:780][  0]LogInit: Selected Device Profile: [Windows]
[2023.01.30-04.11.25:780][  0]LogInit: Applying CVar settings loaded from the selected device profile: [Windows]
[2023.01.30-04.11.25:788][  0]LogInit: Computer: KBC12006017
[2023.01.30-04.11.25:788][  0]LogInit: User: 小浜大和
[2023.01.30-04.11.25:788][  0]LogInit: CPU Page size=4096, Cores=8
[2023.01.30-04.11.25:788][  0]LogInit: High frequency timer resolution =10.000000 MHz
[2023.01.30-04.11.25:788][  0]LogMemory: Memory total: Physical=63.9GB (64GB approx)
[2023.01.30-04.11.25:788][  0]LogMemory: Platform Memory Stats for Windows
[2023.01.30-04.11.25:788][  0]LogMemory: Process Physical Memory: 281.14 MB used, 281.14 MB peak
[2023.01.30-04.11.25:788][  0]LogMemory: Process Virtual Memory: 281.14 MB used, 281.14 MB peak
[2023.01.30-04.11.25:788][  0]LogMemory: Physical Memory: 9037.14 MB used,  56391.02 MB free, 65428.15 MB total
[2023.01.30-04.11.25:788][  0]LogMemory: Virtual Memory: 4804.55 MB used,  56391.02 MB free, 134217728.00 MB total
[2023.01.30-04.11.26:034][  0]LogInit: Using OS detected language (ja-JP).
[2023.01.30-04.11.26:034][  0]LogInit: Using OS detected locale (ja-JP).
[2023.01.30-04.11.26:071][  0]LogTextLocalizationManager: No specific localization for 'ja-JP' exists, so the 'ja' localization will be used.
[2023.01.30-04.11.28:052][  0]LogD3D11RHI: D3D11 adapters:
[2023.01.30-04.11.28:109][  0]LogD3D11RHI:    0. 'AMD Radeon Pro 5500M' (Feature Level 11_0)
[2023.01.30-04.11.28:109][  0]LogD3D11RHI:       8151/0/32714 MB DedicatedVideo/DedicatedSystem/SharedSystem, Outputs:1, VendorId:0x1002
[2023.01.30-04.11.28:111][  0]LogD3D11RHI:    1. 'Microsoft Basic Render Driver' (Feature Level 11_0)
[2023.01.30-04.11.28:111][  0]LogD3D11RHI:       0/0/32714 MB DedicatedVideo/DedicatedSystem/SharedSystem, Outputs:0, VendorId:0x1414
[2023.01.30-04.11.28:111][  0]LogD3D11RHI: Chosen D3D11 Adapter: 0
[2023.01.30-04.11.28:116][  0]LogD3D11RHI: Creating new Direct3DDevice
[2023.01.30-04.11.28:116][  0]LogD3D11RHI:     GPU DeviceId: 0x7340 (for the marketing name, search the web for "GPU Device Id")
[2023.01.30-04.11.28:116][  0]LogWindows: EnumDisplayDevices:
[2023.01.30-04.11.28:116][  0]LogWindows:    0. 'AMD Radeon Pro 5500M' (P:1 D:1)
[2023.01.30-04.11.28:116][  0]LogWindows:    1. 'AMD Radeon Pro 5500M' (P:0 D:0)
[2023.01.30-04.11.28:116][  0]LogWindows:    2. 'AMD Radeon Pro 5500M' (P:0 D:0)
[2023.01.30-04.11.28:116][  0]LogWindows:    3. 'AMD Radeon Pro 5500M' (P:0 D:0)
[2023.01.30-04.11.28:116][  0]LogWindows:    4. 'AMD Radeon Pro 5500M' (P:0 D:0)
[2023.01.30-04.11.28:117][  0]LogWindows:    5. 'AMD Radeon Pro 5500M' (P:0 D:0)
[2023.01.30-04.11.28:117][  0]LogWindows:    6. 'AMD Radeon Pro 5500M' (P:0 D:0)
[2023.01.30-04.11.28:117][  0]LogWindows: DebugString: GetVideoDriverDetailsInvalid PrimaryIsNotTheChoosenAdapter GetVideoDriverDetailsInvalid PrimaryIsNotTheChoosenAdapter GetVideoDriverDetailsInvalid PrimaryIsNotTheChoosenAdapter GetVideoDriverDetailsInvalid PrimaryIsNotTheChoosenAdapter GetVideoDriverDetailsInvalid PrimaryIsNotTheChoosenAdapter GetVideoDriverDetailsInvalid PrimaryIsNotTheChoosenAdapter GetVideoDriverDetailsInvalid PrimaryIsNotTheChoosenAdapter FoundDriverCount:0 
[2023.01.30-04.11.28:117][  0]LogD3D11RHI:     Adapter Name: AMD Radeon Pro 5500M
[2023.01.30-04.11.28:117][  0]LogD3D11RHI:   Driver Version: Unknown (internal:Unknown, unified:Unknown)
[2023.01.30-04.11.28:117][  0]LogD3D11RHI:      Driver Date: Unknown
[2023.01.30-04.11.28:117][  0]LogRHI: Texture pool is 1361 MB (70% of 1945 MB)
[2023.01.30-04.11.28:166][  0]LogD3D11RHI: Async texture creation enabled
[2023.01.30-04.11.28:191][  0]LogD3D11RHI: GPU Timing Frequency: 100.000000 (Debug: 2 1)
[2023.01.30-04.11.28:193][  0]LogShaderCompilers: Guid format shader working directory is -13 characters bigger than the processId version (../../../../../../Users/81806/OneDrive/ドキュメント/UE4_RPG/THE7/Intermediate/Shaders/WorkingDirectory/15176/).
[2023.01.30-04.11.28:193][  0]LogShaderCompilers: Cleaned the shader compiler working directory 'C:/Users/81806/AppData/Local/Temp/UnrealShaderWorkingDir/6E04E9504C9C75161EFED6BAA83EC3DC/'.
[2023.01.30-04.11.28:193][  0]LogShaderCompilers: Display: Using Local Shader Compiler.
[2023.01.30-04.11.29:918][  0]LogTemp: Display: Loaded TP AllDesktopTargetPlatform
[2023.01.30-04.11.29:980][  0]LogTemp: Display: Loaded TP MacClientTargetPlatform
[2023.01.30-04.11.30:043][  0]LogTemp: Display: Loaded TP MacNoEditorTargetPlatform
[2023.01.30-04.11.30:108][  0]LogTemp: Display: Loaded TP MacServerTargetPlatform
[2023.01.30-04.11.30:169][  0]LogTemp: Display: Loaded TP MacTargetPlatform
[2023.01.30-04.11.30:235][  0]LogTemp: Display: Loaded TP WindowsClientTargetPlatform
[2023.01.30-04.11.30:298][  0]LogTemp: Display: Loaded TP WindowsNoEditorTargetPlatform
[2023.01.30-04.11.30:366][  0]LogTemp: Display: Loaded TP WindowsServerTargetPlatform
[2023.01.30-04.11.30:422][  0]LogTemp: Display: Loaded TP WindowsTargetPlatform
[2023.01.30-04.11.30:483][  0]LogTemp: Display: Loaded TP AndroidTargetPlatform
[2023.01.30-04.11.30:543][  0]LogTemp: Display: Loaded TP Android_ASTCTargetPlatform
[2023.01.30-04.11.30:607][  0]LogTemp: Display: Loaded TP Android_ATCTargetPlatform
[2023.01.30-04.11.30:679][  0]LogTemp: Display: Loaded TP Android_DXTTargetPlatform
[2023.01.30-04.11.30:741][  0]LogTemp: Display: Loaded TP Android_ETC1TargetPlatform
[2023.01.30-04.11.30:802][  0]LogTemp: Display: Loaded TP Android_ETC2TargetPlatform
[2023.01.30-04.11.30:926][  0]LogTemp: Display: Loaded TP Android_MultiTargetPlatform
[2023.01.30-04.11.30:926][  0]LogTemp: Display: Loaded TP Android_PVRTCTargetPlatform
[2023.01.30-04.11.30:991][  0]LogTemp: Display: Loaded TP HTML5TargetPlatform
[2023.01.30-04.11.31:108][  0]LogTemp: Display: Loaded TP IOSTargetPlatform
[2023.01.30-04.11.31:148][  0]LogTemp: Display: Loaded TP TVOSTargetPlatform
[2023.01.30-04.11.31:210][  0]LogTemp: Display: Loaded TP LinuxClientTargetPlatform
[2023.01.30-04.11.31:273][  0]LogTemp: Display: Loaded TP LinuxNoEditorTargetPlatform
[2023.01.30-04.11.31:336][  0]LogTemp: Display: Loaded TP LinuxServerTargetPlatform
[2023.01.30-04.11.31:404][  0]LogTemp: Display: Loaded TP LinuxTargetPlatform
[2023.01.30-04.11.31:404][  0]LogTargetPlatformManager: Display: Building Assets For Windows
[2023.01.30-04.11.32:092][  0]LogDerivedDataCache: Display: Max Cache Size: 512 MB
[2023.01.30-04.11.32:158][  0]LogDerivedDataCache: Loaded boot cache 0.07s 93MB C:/Users/81806/AppData/Local/UnrealEngine/4.17/DerivedDataCache/Boot.ddc.
[2023.01.30-04.11.32:158][  0]LogDerivedDataCache: Display: Loaded Boot cache: C:/Users/81806/AppData/Local/UnrealEngine/4.17/DerivedDataCache/Boot.ddc
[2023.01.30-04.11.32:158][  0]LogDerivedDataCache: FDerivedDataBackendGraph:  Pak pak cache file ../../../../../../Users/81806/OneDrive/ドキュメント/UE4_RPG/THE7/DerivedDataCache/DDC.ddp not found, will not use a pak cache.
[2023.01.30-04.11.32:158][  0]LogDerivedDataCache: Unable to find inner node Pak for hierarchical cache Hierarchy.
[2023.01.30-04.11.32:158][  0]LogDerivedDataCache: FDerivedDataBackendGraph:  CompressedPak pak cache file ../../../../../../Users/81806/OneDrive/ドキュメント/UE4_RPG/THE7/DerivedDataCache/Compressed.ddp not found, will not use a pak cache.
[2023.01.30-04.11.32:158][  0]LogDerivedDataCache: Unable to find inner node CompressedPak for hierarchical cache Hierarchy.
[2023.01.30-04.11.32:176][  0]LogDerivedDataCache: Display: Pak cache opened for reading ../../../Engine/DerivedDataCache/Compressed.ddp.
[2023.01.30-04.11.32:189][  0]LogDerivedDataCache: Using Local data cache path C:/Users/81806/AppData/Local/UnrealEngine/Common/DerivedDataCache: Writable
[2023.01.30-04.11.32:197][  0]LogMaterial: Verifying Global Shaders for PCD3D_SM5
[2023.01.30-04.11.32:197][  0]LogSlate: Using Freetype 2.6.0
[2023.01.30-04.11.32:207][  0]LogSlate: SlateFontCache - WITH_FREETYPE: 1, WITH_HARFBUZZ: 1
[2023.01.30-04.11.32:207][  0]LogSlate: SlateFontCache - WITH_FREETYPE: 1, WITH_HARFBUZZ: 1
[2023.01.30-04.11.32:473][  0]LogAssetRegistry: FAssetRegistry took 0.0254 seconds to start up
[2023.01.30-04.11.32:591][  0]LogInit: Selected Device Profile: [Windows]
[2023.01.30-04.11.32:918][  0]LogContentStreaming: Texture pool size is 0.00 MB
[2023.01.30-04.11.33:274][  0]LogSimplygon: Simplygon DLL not present - disabling.
[2023.01.30-04.11.33:330][  0]LogMeshReduction: Using SimplygonSwarm for distributed automatic mesh merging
[2023.01.30-04.11.33:330][  0]LogMeshReduction: Using QuadricMeshReduction for automatic static mesh reduction
[2023.01.30-04.11.33:330][  0]LogMeshReduction: No automatic skeletal mesh reduction module available
[2023.01.30-04.11.33:330][  0]LogMeshReduction: No automatic mesh merging module available
[2023.01.30-04.11.33:330][  0]LogMeshMerging: No automatic mesh merging module available
[2023.01.30-04.11.33:927][  0]LogNetVersion: THE7 , NetCL: 3573198, EngineNetVer: 2, GameNetVer: 0 (Checksum: 151110352)
[2023.01.30-04.11.34:323][  0]LogPackageLocalizationCache: Processed 5 localized package path(s) for 2 prioritized culture(s) in 0.045802 seconds
[2023.01.30-04.11.34:327][  0]LogUObjectArray: 35825 objects as part of root set at end of initial load.
[2023.01.30-04.11.34:327][  0]LogUObjectAllocator: 7529112 out of 0 bytes used by permanent object pool.
[2023.01.30-04.11.34:327][  0]LogUObjectArray: CloseDisregardForGC: 0/0 objects in disregard for GC pool
[2023.01.30-04.11.34:418][  0]LogInit: WinSock: version 1.1 (2.2), MaxSocks=32767, MaxUdp=65467
[2023.01.30-04.11.37:660][  0]LogTcpMessaging: Initializing TcpMessaging bridge
[2023.01.30-04.11.37:708][  0]LogUdpMessaging: Initializing bridge on interface 0.0.0.0:0 to multicast group 230.0.0.1:6666.
[2023.01.30-04.11.38:513][  0]LogMaterial: Uniform references updated for custom material expression Custom.
[2023.01.30-04.11.39:058][  0]SourceControl: ソースコントロールは無効です
[2023.01.30-04.11.39:058][  0]SourceControl: ソースコントロールは無効です
[2023.01.30-04.11.39:116][  0]SourceControl: ソースコントロールは無効です
[2023.01.30-04.11.39:173][  0]SourceControl: ソースコントロールは無効です
[2023.01.30-04.11.39:905][  0]LogAndroidPermission: UAndroidPermissionCallbackProxy::GetInstance
[2023.01.30-04.11.40:196][  0]LogOcInput: OculusInput pre-init called
[2023.01.30-04.11.40:517][  0]LogEngine: Initializing Engine...
[2023.01.30-04.11.40:519][  0]LogHMD: Failed to initialize OpenVR with code 110
[2023.01.30-04.11.40:814][  0]LogStats: UGameplayTagsManager::ConstructGameplayTagTree: Construct from data asset -  0.000 s
[2023.01.30-04.11.40:814][  0]LogStats: UGameplayTagsManager::ConstructGameplayTagTree: GameplayTagTreeChangedEvent.Broadcast -  0.000 s
[2023.01.30-04.11.40:981][  0]LogAIModule: Creating AISystem for world Untitled
[2023.01.30-04.11.41:005][  0]LogInit: XAudio2 using 'ヘッドホン (Apple Audio Device)' : 2 channels at 48 kHz using 16 bits per sample (channel mask 0x3)
[2023.01.30-04.11.41:099][  0]LogInit: FAudioDevice initialized.
[2023.01.30-04.11.41:148][  0]LogDerivedDataCache: Saved boot cache 0.05s 93MB C:/Users/81806/AppData/Local/UnrealEngine/4.17/DerivedDataCache/Boot.ddc.
[2023.01.30-04.11.41:152][  0]LogInit: Texture streaming: Enabled
[2023.01.30-04.11.41:318][  0]LogEngineSessionManager: EngineSessionManager initialized
[2023.01.30-04.11.41:318][  0]LogEngineSessionManager: EngineSessionManager sent abnormal shutdown report. Type=AbnormalShutdown, SessionId={BB1E60A7-4988-C7BF-FF5A-A8BD23C6D0C0}
[2023.01.30-04.11.41:318][  0]LogEngineSessionManager: EngineSessionManager sent abnormal shutdown report. Type=AbnormalShutdown, SessionId={7C876792-47A8-D620-C78E-A28E5C3D1F85}
[2023.01.30-04.11.41:594][  0]LogInit: Transaction tracking system initialized
[2023.01.30-04.11.42:005][  0]BlueprintLog: New page: エディタの読み込み
[2023.01.30-04.11.43:180][  0]LocalizationService: ローカライズのサービスが無効になりました
[2023.01.30-04.11.43:847][  0]LogLinker: Warning: ファイル '/Game/ThirdPersonBP/ThirdPersonOverview' が見つかりません
[2023.01.30-04.11.43:848][  0]LogLinker: Warning: ファイル '/Game/ThirdPersonBP/ThirdPersonOverview' が見つかりません
[2023.01.30-04.11.43:848][  0]LogUObjectGlobals: Warning: オブジェクト 'Class /Game/ThirdPersonBP/ThirdPersonOverview.ThirdPersonOverview_C' が見つかりませんでした
[2023.01.30-04.11.44:080][  0]LogConsoleResponse: Display: 
[2023.01.30-04.11.44:420][  0]LogCook: Display: Max memory allowance for cook 16384mb min free memory 0mb
[2023.01.30-04.11.44:420][  0]LogCook: Display: Mobile HDR setting 1
[2023.01.30-04.11.44:420][  0]LogGameplayTags: Display: UGameplayTagsManager::DoneAddingNativeTags. DelegateIsBound: 0
[2023.01.30-04.11.44:929][  0]LogFileCache: Scanning file cache for directory 'C:/Users/81806/OneDrive/ドキュメント/UE4_RPG/THE7/Content/' took 0.02s
[2023.01.30-04.11.45:783][  0]SourceControl: ソースコントロールは無効です
[2023.01.30-04.11.45:919][  0]LogSlate: Took 0.003391 seconds to synchronously load lazily loaded font '../../../Engine/Content/Slate/Fonts/Roboto-Regular.ttf' (155K)
[2023.01.30-04.11.45:923][  0]LogSlate: Took 0.003966 seconds to synchronously load lazily loaded font '../../../Engine/Content/Slate/Fonts/DroidSansFallback.ttf' (3848K)
[2023.01.30-04.11.54:411][  0]LogWindowsTextInputMethodSystem: Display: IME system now activated using TSF (Microsoft IME).
[2023.01.30-04.11.54:443][  0]Cmd: MAP LOAD FILE="../../../../../../Users/81806/OneDrive/ドキュメント/UE4_RPG/THE7/Content/Map/Game_Main.umap" TEMPLATE=0 SHOWPROGRESS=1 FEATURELEVEL=3
[2023.01.30-04.11.54:454][  0]LightingResults: New page: ライティングのビルド
[2023.01.30-04.11.54:544][  0]MapCheck: New page: マップをチェック
[2023.01.30-04.11.54:544][  0]LightingResults: New page: <何も選択されていません>
[2023.01.30-04.11.55:348][  0]LogAIModule: Creating AISystem for world Game_Main
[2023.01.30-04.11.55:372][  0]LogStreaming: Display: ULevelStreaming::RequestLevel(/Game/Map/Floor1) is flushing async loading
[2023.01.30-04.11.55:791][  0]LogStreaming: Display: ULevelStreaming::RequestLevel(/Game/Map/Floor3) is flushing async loading
[2023.01.30-04.11.55:989][  0]LogStreaming: Display: ULevelStreaming::RequestLevel(/Game/Map/Floor4) is flushing async loading
[2023.01.30-04.11.56:304][  0]LogStreaming: Display: ULevelStreaming::RequestLevel(/Game/Map/Floor5) is flushing async loading
[2023.01.30-04.11.56:646][  0]LogStreaming: Display: ULevelStreaming::RequestLevel(/Game/Map/Floor2) is flushing async loading
[2023.01.30-04.11.56:891][  0]LogEditorServer: Finished looking for orphan Actors (0.000 secs)
[2023.01.30-04.11.56:972][  0]Cmd: MAP CHECKDEP NOCLEARLOG
[2023.01.30-04.11.57:054][  0]MapCheck: マップチェックが完了: 0 エラー、 0 警告、完了に 82.324ミリ秒かかりました。
[2023.01.30-04.11.57:054][  0]LogFileHelpers: Loading map 'Game_Main' took 2.611
[2023.01.30-04.11.57:069][  0]LogStats: Warning: MetaData mismatch. Did you assign a stat to two groups? New //STATGROUP_Threads//SplashScreenThread///Thread_4128_0///####STATCAT_Advanced#### old //STATGROUP_Threads//SplashScreenThread///Thread_1214_0///####STATCAT_Advanced####
[2023.01.30-04.11.57:069][  0]LogWindowsTextInputMethodSystem: Display: IME system now activated using TSF (Microsoft IME).
[2023.01.30-04.11.57:120][  0]LogCollectionManager: Loaded 0 collections in 0.001531 seconds
[2023.01.30-04.11.57:209][  0]LogFileCache: Scanning file cache for directory 'C:/Users/81806/OneDrive/ドキュメント/UE4_RPG/THE7/Saved/Collections/' took 0.01s
[2023.01.30-04.11.57:209][  0]LogFileCache: Scanning file cache for directory 'C:/Users/81806/OneDrive/ドキュメント/UE4_RPG/THE7/Content/Developers/小浜大和/Collections/' took 0.01s
[2023.01.30-04.11.57:209][  0]LogFileCache: Scanning file cache for directory 'C:/Users/81806/OneDrive/ドキュメント/UE4_RPG/THE7/Content/Collections/' took 0.01s
[2023.01.30-04.11.57:209][  0]LogCollectionManager: Rebuilt the GUID cache for 0 collections in 0.000000 seconds
[2023.01.30-04.11.57:215][  0]LogContentBrowser: Native class hierarchy populated in 0.0064 seconds. Added 2386 classes and 500 folders.
[2023.01.30-04.11.57:316][  0]LogContentBrowser: Native class hierarchy updated for 'WidgetCarousel' in 0.0008 seconds. Added 0 classes and 0 folders.
[2023.01.30-04.11.57:510][  0]LogContentBrowser: Native class hierarchy updated for 'AddContentDialog' in 0.0006 seconds. Added 0 classes and 0 folders.
[2023.01.30-04.11.57:647][  0]LogContentBrowser: Native class hierarchy updated for 'SceneOutliner' in 0.0005 seconds. Added 1 classes and 2 folders.
[2023.01.30-04.11.57:715][  0]LogContentBrowser: Native class hierarchy updated for 'WorldBrowser' in 0.0005 seconds. Added 2 classes and 3 folders.
[2023.01.30-04.11.57:817][  0]LogSlate: Took 0.005363 seconds to synchronously load lazily loaded font '../../../Engine/Content/Slate/Fonts/Roboto-Bold.ttf' (160K)
[2023.01.30-04.11.57:823][  0]LogSlate: Took 0.003850 seconds to synchronously load lazily loaded font '../../../Engine/Content/Editor/Slate/Fonts/FontAwesome.ttf' (139K)
[2023.01.30-04.11.57:978][  0]LogRenderer: Reallocating scene render targets to support 924x496 Format 10 NumSamples 1 (Frame:1).
[2023.01.30-04.11.58:369][  0]LogContentBrowser: Native class hierarchy updated for 'HierarchicalLODOutliner' in 0.0005 seconds. Added 1 classes and 2 folders.
[2023.01.30-04.11.58:369][  0]LogLoad: (Engine Initialization) Total time: 35.09 seconds
[2023.01.30-04.11.58:369][  0]LogLoad: (Engine Initialization) Total Blueprint compile time: 0.00 seconds
[2023.01.30-04.11.58:370][  0]LogExternalProfiler: No external profilers were discovered.  External profiling features will not be available.
[2023.01.30-04.11.58:419][  0]LogContentStreaming: Texture pool size now 1000 MB
[2023.01.30-04.11.58:492][  0]LogSlate: Took 0.000106 seconds to synchronously load lazily loaded font '../../../Engine/Content/Slate/Fonts/Roboto-Light.ttf' (159K)
[2023.01.30-04.11.58:560][  1]LogScript: Warning: Accessed None trying to read property IsClearInstance
	BP_Anim_Award_C /Engine/Transient.World_0:PersistentLevel.BPAward_C_0.CharacterMesh0.BP_Anim_Award_C_0
	Function /Game/Animation/BP_Anim_Award.BP_Anim_Award_C:ExecuteUbergraph_BP_Anim_Award:00B1
[2023.01.30-04.11.58:560][  1]LogScript: Warning: Accessed None trying to read property IsClearInstance
	BP_Anim_Award_C /Engine/Transient.World_0:PersistentLevel.BPAward_C_0.CharacterMesh0.BP_Anim_Award_C_0
	Function /Game/Animation/BP_Anim_Award.BP_Anim_Award_C:ExecuteUbergraph_BP_Anim_Award:01A5
[2023.01.30-04.11.58:565][  1]LogAssetRegistry: Asset discovery search completed in 26.1146 seconds
[2023.01.30-04.11.58:567][  1]LogCollectionManager: Rebuilt the object cache for 0 collections in 0.000000 seconds (found 0 objects)
[2023.01.30-04.11.58:567][  1]LogCollectionManager: Fixed up redirectors for 0 collections in 0.000060 seconds (updated 0 objects)
[2023.01.30-04.12.21:424][896]LogEditorViewport: Clicking on Actor (context menu): BP_Wall_C (plane59)
