Log file open, 01/31/23 10:12:45
LogWindows: Failed to load 'aqProf.dll' (GetLastError=126)
LogWindows: File 'aqProf.dll' does not exist
LogWindows: Failed to load 'VSPerf140.dll' (GetLastError=126)
LogWindows: File 'VSPerf140.dll' does not exist
LogWindows: Failed to load 'VtuneApi.dll' (GetLastError=126)
LogWindows: File 'VtuneApi.dll' does not exist
LogWindows: Failed to load 'VtuneApi32e.dll' (GetLastError=126)
LogWindows: File 'VtuneApi32e.dll' does not exist
LogInit: Display: Running engine for game: THE7
LogPlatformFile: Not using cached read wrapper
LogInit: Display: RandInit(149357723) SRandInit(149357723).
LogTaskGraph: Started task graph with 5 named threads and 20 total threads with 3 sets of task threads.
LogStats: Stats thread started at 0.302685
LogD3D11RHI: Aftermath initialized
LogPluginManager: Mounting plugin Paper2D
LogPluginManager: Mounting plugin LightPropagationVolume
LogPluginManager: Mounting plugin CodeLiteSourceCodeAccess
LogPluginManager: Mounting plugin GitSourceControl
LogPluginManager: Mounting plugin KDevelopSourceCodeAccess
LogPluginManager: Mounting plugin NullSourceCodeAccess
LogPluginManager: Mounting plugin PerforceSourceControl
LogPluginManager: Mounting plugin SubversionSourceControl
LogPluginManager: Mounting plugin UObjectPlugin
LogPluginManager: Mounting plugin VisualStudioSourceCodeAccess
LogPluginManager: Mounting plugin XCodeSourceCodeAccess
LogPluginManager: Mounting plugin AssetManagerEditor
LogPluginManager: Mounting plugin AudioCapture
LogPluginManager: Mounting plugin FacialAnimation
LogPluginManager: Mounting plugin GameplayTagsEditor
LogPluginManager: Mounting plugin MobileLauncherProfileWizard
LogPluginManager: Mounting plugin PluginBrowser
LogPluginManager: Mounting plugin SpeedTreeImporter
LogPluginManager: Mounting plugin AlembicImporter
LogPluginManager: Mounting plugin CharacterAI
LogPluginManager: Mounting plugin HTML5Networking
LogPluginManager: Mounting plugin AndroidMedia
LogPluginManager: Mounting plugin AvfMedia
LogPluginManager: Mounting plugin MediaPlayerEditor
LogPluginManager: Mounting plugin WmfMedia
LogPluginManager: Mounting plugin TcpMessaging
LogPluginManager: Mounting plugin UdpMessaging
LogPluginManager: Mounting plugin LevelSequenceEditor
LogPluginManager: Mounting plugin MatineeToLevelSequence
LogPluginManager: Mounting plugin OnlineSubsystemGooglePlay
LogPluginManager: Mounting plugin OnlineSubsystemIOS
LogPluginManager: Mounting plugin OnlineSubsystem
LogPluginManager: Mounting plugin OnlineSubsystemNull
LogPluginManager: Mounting plugin OnlineSubsystemUtils
LogPluginManager: Mounting plugin AndroidDeviceProfileSelector
LogPluginManager: Mounting plugin AndroidMoviePlayer
LogPluginManager: Mounting plugin AndroidPermission
LogPluginManager: Mounting plugin AppleMoviePlayer
LogPluginManager: Mounting plugin ArchVisCharacter
LogPluginManager: Mounting plugin CableComponent
LogPluginManager: Mounting plugin CustomMeshComponent
LogPluginManager: Mounting plugin ExampleDeviceProfileSelector
LogPluginManager: Mounting plugin GoogleCloudMessaging
LogPluginManager: Mounting plugin ImmediatePhysics
LogPluginManager: Mounting plugin IOSDeviceProfileSelector
LogPluginManager: Mounting plugin LinuxDeviceProfileSelector
LogPluginManager: Mounting plugin LocationServicesBPLibrary
LogPluginManager: Mounting plugin MobilePatchingUtils
LogPluginManager: Mounting plugin OculusVR
LogPluginManager: Mounting plugin PhysXVehicles
LogPluginManager: Mounting plugin ProceduralMeshComponent
LogPluginManager: Mounting plugin RuntimePhysXCooking
LogPluginManager: Mounting plugin SteamVR
LogPluginManager: Mounting plugin WindowsMoviePlayer
LogInit: Using libcurl 7.47.1
LogInit:  - built for x86_64-pc-win32
LogInit:  - supports SSL with OpenSSL/1.0.2g
LogInit:  - supports HTTP deflate (compression) using libz 1.2.8
LogInit:  - other features:
LogInit:      CURL_VERSION_SSL
LogInit:      CURL_VERSION_LIBZ
LogInit:      CURL_VERSION_IPV6
LogInit:      CURL_VERSION_ASYNCHDNS
LogInit:      CURL_VERSION_LARGEFILE
LogInit:      CURL_VERSION_IDN
LogInit:  CurlRequestOptions (configurable via config and command line):
LogInit:  - bVerifyPeer = false  - Libcurl will NOT verify peer certificate
LogInit:  - bUseHttpProxy = false  - Libcurl will NOT use HTTP proxy
LogInit:  - bDontReuseConnections = false  - Libcurl will reuse connections
LogInit:  - CertBundlePath = nullptr  - Libcurl will use whatever was configured at build time.
LogInit: Build: ++UE4+Release-4.17-CL-3658906
LogInit: Engine Version: 4.17.2-3658906+++UE4+Release-4.17
LogInit: Compatible Engine Version: 4.17.0-3573198+++UE4+Release-4.17
LogInit: Net CL: 3573198
LogDevObjectVersion: Number of dev versions registered: 16
LogDevObjectVersion:   Dev-Blueprints (B0D832E4-1F89-4F0D-ACCF-7EB736FD4AA2): 10
LogDevObjectVersion:   Dev-Build (E1C64328-A22C-4D53-A36C-8E866417BD8C): 0
LogDevObjectVersion:   Dev-Core (375EC13C-06E4-48FB-B500-84F0262A717E): 2
LogDevObjectVersion:   Dev-Editor (E4B068ED-F494-42E9-A231-DA0B2E46BB41): 20
LogDevObjectVersion:   Dev-Framework (CFFC743F-43B0-4480-9391-14DF171D2073): 28
LogDevObjectVersion:   Dev-Mobile (B02B49B5-BB20-44E9-A304-32B752E40360): 0
LogDevObjectVersion:   Dev-Networking (A4E4105C-59A1-49B5-A7C5-40C4547EDFEE): 0
LogDevObjectVersion:   Dev-Online (39C831C9-5AE6-47DC-9A44-9C173E1C8E7C): 0
LogDevObjectVersion:   Dev-Physics (78F01B33-EBEA-4F98-B9B4-84EACCB95AA2): 0
LogDevObjectVersion:   Dev-Platform (6631380F-2D4D-43E0-8009-CF276956A95A): 0
LogDevObjectVersion:   Dev-Rendering (12F88B9F-8875-4AFC-A67C-D90C383ABD29): 19
LogDevObjectVersion:   Dev-Sequencer (7B5AE74C-D270-4C10-A958-57980B212A5A): 4
LogDevObjectVersion:   Dev-VR (D7296918-1DD6-4BDD-9DE2-64A83CC13884): 0
LogDevObjectVersion:   Dev-LoadTimes (C2A15278-BFE7-4AFE-6C17-90FF531DF755): 1
LogDevObjectVersion:   Private-Geometry (6EACA3D4-40EC-4CC1-B786-8BED09428FC5): 1
LogDevObjectVersion:   Dev-AnimPhys (29E575DD-E0A3-4627-9D10-D276232CDCEA): 7
LogInit: Compiled (64-bit): Sep 22 2017 13:47:16
LogInit: Compiled with Visual C++: 19.00.24215.01
LogInit: Build Configuration: Development
LogInit: Branch Name: ++UE4+Release-4.17
LogInit: Command line:  
LogInit: Base directory: C:/Program Files/Epic Games/UE_4.17/Engine/Binaries/Win64/
LogInit: Installed Engine Build: 1
LogInit: Presizing for max 8388607 objects, including 0 objects not considered by GC, pre-allocating 0 bytes for permanent pool.
LogInit: Object subsystem initialized
[2023.01.31-01.12.46:077][  0]LogInit: Selected Device Profile: [Windows]
[2023.01.31-01.12.46:078][  0]LogInit: Applying CVar settings loaded from the selected device profile: [Windows]
[2023.01.31-01.12.46:096][  0]LogInit: Computer: KBC12006137
[2023.01.31-01.12.46:096][  0]LogInit: User: kbc12006137
[2023.01.31-01.12.46:096][  0]LogInit: CPU Page size=4096, Cores=6
[2023.01.31-01.12.46:096][  0]LogInit: High frequency timer resolution =10.000000 MHz
[2023.01.31-01.12.46:096][  0]LogMemory: Memory total: Physical=15.8GB (16GB approx)
[2023.01.31-01.12.46:096][  0]LogMemory: Platform Memory Stats for Windows
[2023.01.31-01.12.46:097][  0]LogMemory: Process Physical Memory: 280.59 MB used, 280.60 MB peak
[2023.01.31-01.12.46:097][  0]LogMemory: Process Virtual Memory: 282.92 MB used, 282.92 MB peak
[2023.01.31-01.12.46:097][  0]LogMemory: Physical Memory: 7000.93 MB used,  9228.99 MB free, 16229.92 MB total
[2023.01.31-01.12.46:097][  0]LogMemory: Virtual Memory: 4801.80 MB used,  9228.99 MB free, 134217728.00 MB total
[2023.01.31-01.12.46:429][  0]LogInit: Using OS detected language (ja-JP).
[2023.01.31-01.12.46:429][  0]LogInit: Using OS detected locale (ja-JP).
[2023.01.31-01.12.46:432][  0]LogTextLocalizationManager: No specific localization for 'ja-JP' exists, so the 'ja' localization will be used.
[2023.01.31-01.12.46:912][  0]LogD3D11RHI: D3D11 adapters:
[2023.01.31-01.12.46:990][  0]LogD3D11RHI:    0. 'NVIDIA GeForce GTX 1650 with Max-Q Design' (Feature Level 11_0)
[2023.01.31-01.12.46:990][  0]LogD3D11RHI:       3962/0/8114 MB DedicatedVideo/DedicatedSystem/SharedSystem, Outputs:1, VendorId:0x10de
[2023.01.31-01.12.47:040][  0]LogD3D11RHI:    1. 'Intel(R) UHD Graphics 630' (Feature Level 11_0)
[2023.01.31-01.12.47:040][  0]LogD3D11RHI:       128/0/8114 MB DedicatedVideo/DedicatedSystem/SharedSystem, Outputs:0, VendorId:0x8086
[2023.01.31-01.12.47:042][  0]LogD3D11RHI:    2. 'Microsoft Basic Render Driver' (Feature Level 11_0)
[2023.01.31-01.12.47:042][  0]LogD3D11RHI:       0/0/8114 MB DedicatedVideo/DedicatedSystem/SharedSystem, Outputs:0, VendorId:0x1414
[2023.01.31-01.12.47:042][  0]LogD3D11RHI: Chosen D3D11 Adapter: 0
[2023.01.31-01.12.47:067][  0]LogD3D11RHI: Creating new Direct3DDevice
[2023.01.31-01.12.47:067][  0]LogD3D11RHI:     GPU DeviceId: 0x1f91 (for the marketing name, search the web for "GPU Device Id")
[2023.01.31-01.12.47:067][  0]LogWindows: EnumDisplayDevices:
[2023.01.31-01.12.47:067][  0]LogWindows:    0. 'Intel(R) UHD Graphics 630' (P:1 D:1)
[2023.01.31-01.12.47:067][  0]LogWindows:    1. 'Intel(R) UHD Graphics 630' (P:0 D:0)
[2023.01.31-01.12.47:067][  0]LogWindows:    2. 'Intel(R) UHD Graphics 630' (P:0 D:0)
[2023.01.31-01.12.47:067][  0]LogWindows: DebugString: GetVideoDriverDetailsInvalid PrimaryIsNotTheChoosenAdapter GetVideoDriverDetailsInvalid PrimaryIsNotTheChoosenAdapter GetVideoDriverDetailsInvalid PrimaryIsNotTheChoosenAdapter FoundDriverCount:0 
[2023.01.31-01.12.47:068][  0]LogD3D11RHI:     Adapter Name: NVIDIA GeForce GTX 1650 with Max-Q Design
[2023.01.31-01.12.47:068][  0]LogD3D11RHI:   Driver Version: Unknown (internal:Unknown, unified:Unknown)
[2023.01.31-01.12.47:068][  0]LogD3D11RHI:      Driver Date: Unknown
[2023.01.31-01.12.47:068][  0]LogRHI: Texture pool is 1361 MB (70% of 1945 MB)
[2023.01.31-01.12.47:121][  0]LogD3D11RHI: Async texture creation enabled
[2023.01.31-01.12.47:133][  0]LogD3D11RHI: GPU Timing Frequency: 1000.000000 (Debug: 2 1)
[2023.01.31-01.12.47:135][  0]LogShaderCompilers: Guid format shader working directory is 36 characters bigger than the processId version (D:/UE4_RPG/THE7/Intermediate/Shaders/WorkingDirectory/13440/).
[2023.01.31-01.12.47:135][  0]LogShaderCompilers: Cleaned the shader compiler working directory 'C:/Users/kbc12006137/AppData/Local/Temp/UnrealShaderWorkingDir/A9BD062241C6DC3D29334BB578CA50B4/'.
[2023.01.31-01.12.47:135][  0]LogShaderCompilers: Display: Using Local Shader Compiler.
[2023.01.31-01.12.48:025][  0]LogTemp: Display: Loaded TP AllDesktopTargetPlatform
[2023.01.31-01.12.48:098][  0]LogTemp: Display: Loaded TP MacClientTargetPlatform
[2023.01.31-01.12.48:171][  0]LogTemp: Display: Loaded TP MacNoEditorTargetPlatform
[2023.01.31-01.12.48:245][  0]LogTemp: Display: Loaded TP MacServerTargetPlatform
[2023.01.31-01.12.48:317][  0]LogTemp: Display: Loaded TP MacTargetPlatform
[2023.01.31-01.12.48:389][  0]LogTemp: Display: Loaded TP WindowsClientTargetPlatform
[2023.01.31-01.12.48:462][  0]LogTemp: Display: Loaded TP WindowsNoEditorTargetPlatform
[2023.01.31-01.12.48:536][  0]LogTemp: Display: Loaded TP WindowsServerTargetPlatform
[2023.01.31-01.12.48:603][  0]LogTemp: Display: Loaded TP WindowsTargetPlatform
[2023.01.31-01.12.48:681][  0]LogTemp: Display: Loaded TP AndroidTargetPlatform
[2023.01.31-01.12.48:752][  0]LogTemp: Display: Loaded TP Android_ASTCTargetPlatform
[2023.01.31-01.12.48:824][  0]LogTemp: Display: Loaded TP Android_ATCTargetPlatform
[2023.01.31-01.12.48:896][  0]LogTemp: Display: Loaded TP Android_DXTTargetPlatform
[2023.01.31-01.12.48:968][  0]LogTemp: Display: Loaded TP Android_ETC1TargetPlatform
[2023.01.31-01.12.49:040][  0]LogTemp: Display: Loaded TP Android_ETC2TargetPlatform
[2023.01.31-01.12.49:184][  0]LogTemp: Display: Loaded TP Android_MultiTargetPlatform
[2023.01.31-01.12.49:184][  0]LogTemp: Display: Loaded TP Android_PVRTCTargetPlatform
[2023.01.31-01.12.49:248][  0]LogTemp: Display: Loaded TP HTML5TargetPlatform
[2023.01.31-01.12.49:379][  0]LogTemp: Display: Loaded TP IOSTargetPlatform
[2023.01.31-01.12.49:422][  0]LogTemp: Display: Loaded TP TVOSTargetPlatform
[2023.01.31-01.12.49:491][  0]LogTemp: Display: Loaded TP LinuxClientTargetPlatform
[2023.01.31-01.12.49:562][  0]LogTemp: Display: Loaded TP LinuxNoEditorTargetPlatform
[2023.01.31-01.12.49:632][  0]LogTemp: Display: Loaded TP LinuxServerTargetPlatform
[2023.01.31-01.12.49:703][  0]LogTemp: Display: Loaded TP LinuxTargetPlatform
[2023.01.31-01.12.49:703][  0]LogTargetPlatformManager: Display: Building Assets For Windows
[2023.01.31-01.12.50:481][  0]LogDerivedDataCache: Display: Max Cache Size: 512 MB
[2023.01.31-01.12.50:544][  0]LogDerivedDataCache: Loaded boot cache 0.06s 93MB C:/Users/kbc12006137/AppData/Local/UnrealEngine/4.17/DerivedDataCache/Boot.ddc.
[2023.01.31-01.12.50:544][  0]LogDerivedDataCache: Display: Loaded Boot cache: C:/Users/kbc12006137/AppData/Local/UnrealEngine/4.17/DerivedDataCache/Boot.ddc
[2023.01.31-01.12.50:544][  0]LogDerivedDataCache: FDerivedDataBackendGraph:  Pak pak cache file D:/UE4_RPG/THE7/DerivedDataCache/DDC.ddp not found, will not use a pak cache.
[2023.01.31-01.12.50:544][  0]LogDerivedDataCache: Unable to find inner node Pak for hierarchical cache Hierarchy.
[2023.01.31-01.12.50:544][  0]LogDerivedDataCache: FDerivedDataBackendGraph:  CompressedPak pak cache file D:/UE4_RPG/THE7/DerivedDataCache/Compressed.ddp not found, will not use a pak cache.
[2023.01.31-01.12.50:544][  0]LogDerivedDataCache: Unable to find inner node CompressedPak for hierarchical cache Hierarchy.
[2023.01.31-01.12.50:558][  0]LogDerivedDataCache: Display: Pak cache opened for reading ../../../Engine/DerivedDataCache/Compressed.ddp.
[2023.01.31-01.12.50:570][  0]LogDerivedDataCache: Using Local data cache path C:/Users/kbc12006137/AppData/Local/UnrealEngine/Common/DerivedDataCache: Writable
[2023.01.31-01.12.50:578][  0]LogMaterial: Verifying Global Shaders for PCD3D_SM5
[2023.01.31-01.12.50:579][  0]LogSlate: Using Freetype 2.6.0
[2023.01.31-01.12.50:579][  0]LogSlate: SlateFontCache - WITH_FREETYPE: 1, WITH_HARFBUZZ: 1
[2023.01.31-01.12.50:579][  0]LogSlate: SlateFontCache - WITH_FREETYPE: 1, WITH_HARFBUZZ: 1
[2023.01.31-01.12.50:841][  0]LogAssetRegistry: FAssetRegistry took 0.0254 seconds to start up
[2023.01.31-01.12.50:965][  0]LogInit: Selected Device Profile: [Windows]
[2023.01.31-01.12.51:099][  0]LogContentStreaming: Texture pool size is 0.00 MB
[2023.01.31-01.12.51:521][  0]LogSimplygon: Simplygon DLL not present - disabling.
[2023.01.31-01.12.51:586][  0]LogMeshReduction: Using SimplygonSwarm for distributed automatic mesh merging
[2023.01.31-01.12.51:586][  0]LogMeshReduction: Using QuadricMeshReduction for automatic static mesh reduction
[2023.01.31-01.12.51:586][  0]LogMeshReduction: No automatic skeletal mesh reduction module available
[2023.01.31-01.12.51:586][  0]LogMeshReduction: No automatic mesh merging module available
[2023.01.31-01.12.51:586][  0]LogMeshMerging: No automatic mesh merging module available
[2023.01.31-01.12.51:909][  0]LogNetVersion: THE7 , NetCL: 3573198, EngineNetVer: 2, GameNetVer: 0 (Checksum: 151110352)
[2023.01.31-01.12.52:153][  0]LogPackageLocalizationCache: Processed 5 localized package path(s) for 2 prioritized culture(s) in 0.044768 seconds
[2023.01.31-01.12.52:157][  0]LogUObjectArray: 35825 objects as part of root set at end of initial load.
[2023.01.31-01.12.52:157][  0]LogUObjectAllocator: 7529104 out of 0 bytes used by permanent object pool.
[2023.01.31-01.12.52:157][  0]LogUObjectArray: CloseDisregardForGC: 0/0 objects in disregard for GC pool
[2023.01.31-01.12.52:266][  0]LogInit: WinSock: version 1.1 (2.2), MaxSocks=32767, MaxUdp=65467
[2023.01.31-01.12.55:573][  0]LogTcpMessaging: Initializing TcpMessaging bridge
[2023.01.31-01.12.55:629][  0]LogUdpMessaging: Initializing bridge on interface 0.0.0.0:0 to multicast group 230.0.0.1:6666.
[2023.01.31-01.12.56:595][  0]LogMaterial: Uniform references updated for custom material expression Custom.
[2023.01.31-01.12.57:162][  0]SourceControl: ソースコントロールは無効です
[2023.01.31-01.12.57:162][  0]SourceControl: ソースコントロールは無効です
[2023.01.31-01.12.57:233][  0]SourceControl: ソースコントロールは無効です
[2023.01.31-01.12.57:307][  0]SourceControl: ソースコントロールは無効です
[2023.01.31-01.12.58:168][  0]LogAndroidPermission: UAndroidPermissionCallbackProxy::GetInstance
[2023.01.31-01.12.58:521][  0]LogOcInput: OculusInput pre-init called
[2023.01.31-01.12.58:880][  0]LogEngine: Initializing Engine...
[2023.01.31-01.12.58:882][  0]LogHMD: Failed to initialize OpenVR with code 110
[2023.01.31-01.12.59:060][  0]LogStats: UGameplayTagsManager::ConstructGameplayTagTree: Construct from data asset -  0.000 s
[2023.01.31-01.12.59:061][  0]LogStats: UGameplayTagsManager::ConstructGameplayTagTree: GameplayTagTreeChangedEvent.Broadcast -  0.000 s
[2023.01.31-01.12.59:250][  0]LogAIModule: Creating AISystem for world Untitled
[2023.01.31-01.12.59:303][  0]LogInit: XAudio2 using 'スピーカー (Realtek(R) Audio)' : 2 channels at 48 kHz using 16 bits per sample (channel mask 0x3)
[2023.01.31-01.12.59:449][  0]LogInit: FAudioDevice initialized.
[2023.01.31-01.12.59:496][  0]LogDerivedDataCache: Saved boot cache 0.05s 93MB C:/Users/kbc12006137/AppData/Local/UnrealEngine/4.17/DerivedDataCache/Boot.ddc.
[2023.01.31-01.12.59:505][  0]LogInit: Texture streaming: Enabled
[2023.01.31-01.12.59:695][  0]LogEngineSessionManager: EngineSessionManager initialized
[2023.01.31-01.13.00:030][  0]LogInit: Transaction tracking system initialized
[2023.01.31-01.13.00:515][  0]BlueprintLog: New page: エディタの読み込み
[2023.01.31-01.13.01:935][  0]LocalizationService: ローカライズのサービスが無効になりました
[2023.01.31-01.13.03:042][  0]LogConsoleResponse: Display: 
[2023.01.31-01.13.03:251][  0]LogCook: Display: Max memory allowance for cook 16384mb min free memory 0mb
[2023.01.31-01.13.03:251][  0]LogCook: Display: Mobile HDR setting 1
[2023.01.31-01.13.03:251][  0]LogGameplayTags: Display: UGameplayTagsManager::DoneAddingNativeTags. DelegateIsBound: 0
[2023.01.31-01.13.03:737][  0]LogFileCache: Scanning file cache for directory 'D:/UE4_RPG/THE7/Content/' took 0.01s
[2023.01.31-01.13.04:852][  0]SourceControl: ソースコントロールは無効です
[2023.01.31-01.13.04:852][  0]Cmd: MAP LOAD FILE="D:/UE4_RPG/THE7/Content/Map/Game_Main.umap" TEMPLATE=0 SHOWPROGRESS=1 FEATURELEVEL=3
[2023.01.31-01.13.04:852][  0]LightingResults: New page: ライティングのビルド
[2023.01.31-01.13.04:916][  0]MapCheck: New page: マップをチェック
[2023.01.31-01.13.04:916][  0]LightingResults: New page: <何も選択されていません>
[2023.01.31-01.13.05:265][  0]LogAIModule: Creating AISystem for world Game_Main
[2023.01.31-01.13.05:273][  0]LogStreaming: Display: ULevelStreaming::RequestLevel(/Game/Map/Floor1) is flushing async loading
[2023.01.31-01.13.05:465][  0]LogStreaming: Display: ULevelStreaming::RequestLevel(/Game/Map/Floor3) is flushing async loading
[2023.01.31-01.13.05:639][  0]LogStreaming: Display: ULevelStreaming::RequestLevel(/Game/Map/Floor4) is flushing async loading
[2023.01.31-01.13.05:905][  0]LogStreaming: Display: ULevelStreaming::RequestLevel(/Game/Map/Floor5) is flushing async loading
[2023.01.31-01.13.06:448][  0]LogStreaming: Display: ULevelStreaming::RequestLevel(/Game/Map/Floor2) is flushing async loading
[2023.01.31-01.13.06:636][  0]LogEditorServer: Finished looking for orphan Actors (0.000 secs)
[2023.01.31-01.13.06:698][  0]Cmd: MAP CHECKDEP NOCLEARLOG
[2023.01.31-01.13.06:762][  0]MapCheck: マップチェックが完了: 0 エラー、 0 警告、完了に 63.26ミリ秒かかりました。
[2023.01.31-01.13.06:762][  0]LogFileHelpers: Loading map 'Game_Main' took 1.911
[2023.01.31-01.13.06:940][  0]LogCollectionManager: Loaded 0 collections in 0.001368 seconds
[2023.01.31-01.13.07:041][  0]LogFileCache: Scanning file cache for directory 'D:/UE4_RPG/THE7/Saved/Collections/' took 0.01s
[2023.01.31-01.13.07:041][  0]LogFileCache: Scanning file cache for directory 'D:/UE4_RPG/THE7/Content/Developers/kbc12006137/Collections/' took 0.01s
[2023.01.31-01.13.07:041][  0]LogFileCache: Scanning file cache for directory 'D:/UE4_RPG/THE7/Content/Collections/' took 0.01s
[2023.01.31-01.13.07:042][  0]LogCollectionManager: Rebuilt the GUID cache for 0 collections in 0.000000 seconds
[2023.01.31-01.13.07:048][  0]LogContentBrowser: Native class hierarchy populated in 0.0062 seconds. Added 2386 classes and 500 folders.
[2023.01.31-01.13.07:150][  0]LogContentBrowser: Native class hierarchy updated for 'WidgetCarousel' in 0.0005 seconds. Added 0 classes and 0 folders.
[2023.01.31-01.13.07:190][  0]LogContentBrowser: Native class hierarchy updated for 'AddContentDialog' in 0.0005 seconds. Added 0 classes and 0 folders.
[2023.01.31-01.13.07:255][  0]LogContentBrowser: Native class hierarchy updated for 'SceneOutliner' in 0.0005 seconds. Added 1 classes and 2 folders.
[2023.01.31-01.13.07:329][  0]LogContentBrowser: Native class hierarchy updated for 'WorldBrowser' in 0.0005 seconds. Added 2 classes and 3 folders.
[2023.01.31-01.13.07:386][  0]LogSlate: Took 0.000184 seconds to synchronously load lazily loaded font '../../../Engine/Content/Slate/Fonts/Roboto-Regular.ttf' (155K)
[2023.01.31-01.13.07:389][  0]LogSlate: Took 0.002590 seconds to synchronously load lazily loaded font '../../../Engine/Content/Slate/Fonts/DroidSansFallback.ttf' (3848K)
[2023.01.31-01.13.07:390][  0]LogSlate: Took 0.000317 seconds to synchronously load lazily loaded font '../../../Engine/Content/Slate/Fonts/Roboto-Bold.ttf' (160K)
[2023.01.31-01.13.07:394][  0]LogSlate: Took 0.000370 seconds to synchronously load lazily loaded font '../../../Engine/Content/Editor/Slate/Fonts/FontAwesome.ttf' (139K)
[2023.01.31-01.13.07:457][  0]LogRenderer: Reallocating scene render targets to support 836x436 Format 10 NumSamples 1 (Frame:1).
[2023.01.31-01.13.07:660][  0]LogContentBrowser: Native class hierarchy updated for 'HierarchicalLODOutliner' in 0.0005 seconds. Added 1 classes and 2 folders.
[2023.01.31-01.13.07:661][  0]LogLoad: (Engine Initialization) Total time: 23.58 seconds
[2023.01.31-01.13.07:661][  0]LogLoad: (Engine Initialization) Total Blueprint compile time: 0.00 seconds
[2023.01.31-01.13.07:661][  0]LogExternalProfiler: No external profilers were discovered.  External profiling features will not be available.
[2023.01.31-01.13.08:038][  0]LogContentStreaming: Texture pool size now 1000 MB
[2023.01.31-01.13.08:117][  0]LogSlate: Took 0.000202 seconds to synchronously load lazily loaded font '../../../Engine/Content/Slate/Fonts/Roboto-Light.ttf' (159K)
[2023.01.31-01.13.09:017][  3]LogAssetRegistry: Asset discovery search completed in 18.1978 seconds
[2023.01.31-01.13.09:022][  3]LogCollectionManager: Rebuilt the object cache for 0 collections in 0.000001 seconds (found 0 objects)
[2023.01.31-01.13.09:022][  3]LogCollectionManager: Fixed up redirectors for 0 collections in 0.000143 seconds (updated 0 objects)
[2023.01.31-01.13.09:039][  3]LogSlate: Took 0.000240 seconds to synchronously load lazily loaded font '../../../Engine/Content/Slate/Fonts/Roboto-Light.ttf' (159K)
[2023.01.31-01.13.24:293][129]LogTemp: Repeating last play command: 選択ビューポート
[2023.01.31-01.13.24:398][129]LogBlueprintUserMessages: Early PlayInEditor Detection: Level '/Game/Map/Game_Main.Game_Main:PersistentLevel' has LevelScriptBlueprint '/Game/Map/Game_Main.Game_Main:PersistentLevel.Game_Main' with GeneratedClass '/Game/Map/Game_Main.Game_Main_C' with ClassGeneratedBy '/Game/Map/Game_Main.Game_Main:PersistentLevel.Game_Main'
[2023.01.31-01.13.24:398][129]LogBlueprintUserMessages: Early PlayInEditor Detection: Level '/Game/Map/Floor1.Floor1:PersistentLevel' has LevelScriptBlueprint '/Game/Map/Floor1.Floor1:PersistentLevel.Floor1' with GeneratedClass '/Game/Map/Floor1.Floor1_C' with ClassGeneratedBy '/Game/Map/Floor1.Floor1:PersistentLevel.Floor1'
[2023.01.31-01.13.24:398][129]LogPlayLevel: PlayLevel: No blueprints needed recompiling
[2023.01.31-01.13.24:399][129]PIE: New page: PIEセッション: Game_Main (2023/01/31 19:13:24)
[2023.01.31-01.13.24:399][129]LogPlayLevel: Creating play world package: /Game/Map/UEDPIE_0_Game_Main
[2023.01.31-01.13.24:401][129]LogPlayLevel: PIE: StaticDuplicateObject took: (0.001788s)
[2023.01.31-01.13.24:402][129]LogAIModule: Creating AISystem for world Game_Main
[2023.01.31-01.13.24:402][129]LogPlayLevel: PIE: World Init took: (0.000483s)
[2023.01.31-01.13.24:402][129]LogPlayLevel: PIE: Created PIE world by copying editor world from /Game/Map/Game_Main.Game_Main to /Game/Map/UEDPIE_0_Game_Main.Game_Main (0.002845s)
[2023.01.31-01.13.24:427][129]LogInit: XAudio2 using 'スピーカー (Realtek(R) Audio)' : 2 channels at 48 kHz using 16 bits per sample (channel mask 0x3)
[2023.01.31-01.13.24:464][129]LogInit: FAudioDevice initialized.
[2023.01.31-01.13.24:509][129]LogLoad: Game class is 'BP_Award_GameMode_C'
[2023.01.31-01.13.24:513][129]LogWorld: Bringing World /Game/Map/UEDPIE_0_Game_Main.Game_Main up for play (max tick rate 60) at 2023.01.31-10.13.24
[2023.01.31-01.13.24:513][129]LogWorld: Bringing up level for play took: 0.002024
[2023.01.31-01.13.24:514][129]LogGameMode: FindPlayerStart: PATHS NOT DEFINED or NO PLAYERSTART with positive rating
[2023.01.31-01.13.24:584][129]LogContentBrowser: Native class hierarchy updated for 'MovieSceneCapture' in 0.0007 seconds. Added 11 classes and 0 folders.
[2023.01.31-01.13.24:586][129]LogLevel: ActivateLevel /Game/Map/UEDPIE_0_Floor1 1 1 1
[2023.01.31-01.13.24:588][129]PIE: /Game/Map/UEDPIE_0_Game_Main 0.566のプレイ イン エディタの開始時間
[2023.01.31-01.13.24:589][129]LogBlueprintUserMessages: Late PlayInEditor Detection: Level '/Game/Map/Game_Main.Game_Main:PersistentLevel' has LevelScriptBlueprint '/Game/Map/Game_Main.Game_Main:PersistentLevel.Game_Main' with GeneratedClass '/Game/Map/Game_Main.Game_Main_C' with ClassGeneratedBy '/Game/Map/Game_Main.Game_Main:PersistentLevel.Game_Main'
[2023.01.31-01.13.24:589][129]LogBlueprintUserMessages: Late PlayInEditor Detection: Level '/Game/Map/Floor1.Floor1:PersistentLevel' has LevelScriptBlueprint '/Game/Map/Floor1.Floor1:PersistentLevel.Floor1' with GeneratedClass '/Game/Map/Floor1.Floor1_C' with ClassGeneratedBy '/Game/Map/Floor1.Floor1:PersistentLevel.Floor1'
[2023.01.31-01.13.24:610][129]LogAudio: Warning: Detected orphaned looping sound 'bgm'.
[2023.01.31-01.14.12:850][ 18]LogBlueprintUserMessages: Early EndPlayMap Detection: Level '/Game/Map/Game_Main.Game_Main:PersistentLevel' has LevelScriptBlueprint '/Game/Map/Game_Main.Game_Main:PersistentLevel.Game_Main' with GeneratedClass '/Game/Map/Game_Main.Game_Main_C' with ClassGeneratedBy '/Game/Map/Game_Main.Game_Main:PersistentLevel.Game_Main'
[2023.01.31-01.14.12:850][ 18]LogBlueprintUserMessages: Early EndPlayMap Detection: Level '/Game/Map/Floor1.Floor1:PersistentLevel' has LevelScriptBlueprint '/Game/Map/Floor1.Floor1:PersistentLevel.Floor1' with GeneratedClass '/Game/Map/Floor1.Floor1_C' with ClassGeneratedBy '/Game/Map/Floor1.Floor1:PersistentLevel.Floor1'
[2023.01.31-01.14.12:887][ 18]LogBlueprintUserMessages: Late EndPlayMap Detection: Level '/Game/Map/Game_Main.Game_Main:PersistentLevel' has LevelScriptBlueprint '/Game/Map/Game_Main.Game_Main:PersistentLevel.Game_Main' with GeneratedClass '/Game/Map/Game_Main.Game_Main_C' with ClassGeneratedBy '/Game/Map/Game_Main.Game_Main:PersistentLevel.Game_Main'
[2023.01.31-01.14.12:887][ 18]LogBlueprintUserMessages: Late EndPlayMap Detection: Level '/Game/Map/Floor1.Floor1:PersistentLevel' has LevelScriptBlueprint '/Game/Map/Floor1.Floor1:PersistentLevel.Floor1' with GeneratedClass '/Game/Map/Floor1.Floor1_C' with ClassGeneratedBy '/Game/Map/Floor1.Floor1:PersistentLevel.Floor1'
[2023.01.31-01.14.27:065][545]LogEditorViewport: Clicking Background
[2023.01.31-01.14.48:411][338]LogEditorViewport: Clicking Background
[2023.01.31-01.14.48:514][339]LogEditorViewport: Clicking Background
[2023.01.31-01.14.49:284][367]LogEditorViewport: Clicking Background
[2023.01.31-01.14.49:494][372]LogEditorViewport: Clicking Background
[2023.01.31-01.14.50:748][417]LogEditorViewport: Clicking on Actor (LMB): StaticMeshActor (plane28)
[2023.01.31-01.14.50:821][417]LogEditorViewport: Clicking on Component (LMB): StaticMeshComponent (StaticMeshComponent0)
[2023.01.31-01.14.54:840][547]LogEditorViewport: Clicking Background
[2023.01.31-01.15.11:934][182]LogEditorViewport: Clicking Background
[2023.01.31-01.15.15:269][311]Cmd: ACTOR SELECT MATCHINGSTATICMESH ALLCLASSES
[2023.01.31-01.15.15:278][311]LogEditorActor: No worlds found in edactSelectMatchingStaticMesh
[2023.01.31-01.15.19:007][455]LogEditorViewport: Clicking Background
[2023.01.31-01.15.19:095][458]LogEditorViewport: Clicking Background
[2023.01.31-01.15.21:331][545]LogEditorViewport: Clicking Background
[2023.01.31-01.15.22:895][603]LogEditorViewport: Clicking on Actor (context menu): BP_Wall_C (plane168)
[2023.01.31-01.15.23:529][625]LogEditorViewport: Clicking on Actor (context menu): BP_Wall_C (plane168)
[2023.01.31-01.15.29:053][822]LogEditorViewport: Clicking Background
[2023.01.31-01.15.31:099][900]LogEditorViewport: Clicking Background
[2023.01.31-01.20.46:094][727]LogScript: Warning: Accessed None trying to read property IsClearInstance
	BP_Anim_Award_C /Engine/Transient.World_2:PersistentLevel.BPAward_C_0.CharacterMesh0.BP_Anim_Award_C_0
	Function /Game/Animation/BP_Anim_Award.BP_Anim_Award_C:ExecuteUbergraph_BP_Anim_Award:00B1
[2023.01.31-01.20.46:094][727]LogScript: Warning: Accessed None trying to read property IsClearInstance
	BP_Anim_Award_C /Engine/Transient.World_2:PersistentLevel.BPAward_C_0.CharacterMesh0.BP_Anim_Award_C_0
	Function /Game/Animation/BP_Anim_Award.BP_Anim_Award_C:ExecuteUbergraph_BP_Anim_Award:01A5
[2023.01.31-01.20.49:964][863]LogSlate: Took 0.000194 seconds to synchronously load lazily loaded font '../../../Engine/Content/Slate/Fonts/Roboto-Light.ttf' (159K)
[2023.01.31-01.20.50:289][863]LogContentBrowser: Native class hierarchy updated for 'BlueprintGraph' in 0.0007 seconds. Added 113 classes and 0 folders.
[2023.01.31-01.20.50:823][863]LogSlate: Took 0.000133 seconds to synchronously load lazily loaded font '../../../Engine/Content/Slate/Fonts/Roboto-Regular.ttf' (155K)
[2023.01.31-01.20.50:897][863]LogSlate: Took 0.000235 seconds to synchronously load lazily loaded font '../../../Engine/Content/Editor/Slate/Fonts/Roboto-BoldCondensed.ttf' (158K)
[2023.01.31-01.20.51:136][864]LogSlate: Took 0.000214 seconds to synchronously load lazily loaded font '../../../Engine/Content/Editor/Slate/Fonts/Roboto-Italic.ttf' (157K)
[2023.01.31-01.21.11:060][717]Cmd: help
[2023.01.31-01.21.11:060][717]LogEngine: Display: Console Help:
[2023.01.31-01.21.11:060][717]LogEngine: Display: =============
[2023.01.31-01.21.11:060][717]LogEngine: Display:  
[2023.01.31-01.21.11:060][717]LogEngine: Display: A console variable is a engine wide key value pair. The key is a string usually starting with the subsystem prefix followed
[2023.01.31-01.21.11:060][717]LogEngine: Display: by '.' e.g. r.BloomQuality. The value can be of different tpe (e.g. float, int, string). A console command has no state associated with
[2023.01.31-01.21.11:060][717]LogEngine: Display: and gets executed immediately.
[2023.01.31-01.21.11:060][717]LogEngine: Display:  
[2023.01.31-01.21.11:060][717]LogEngine: Display: Console variables can be put into ini files (e.g. ConsoleVariables.ini or BaseEngine.ini) with this syntax:
[2023.01.31-01.21.11:060][717]LogEngine: Display: <Console variable> = <value>
[2023.01.31-01.21.11:060][717]LogEngine: Display:  
[2023.01.31-01.21.11:060][717]LogEngine: Display: DumpConsoleCommands         Lists all console variables and commands that are registered (Some are not registered)
[2023.01.31-01.21.11:060][717]LogEngine: Display: <Console variable>          Get the console variable state
[2023.01.31-01.21.11:060][717]LogEngine: Display: <Console variable> ?        Get the console variable help text
[2023.01.31-01.21.11:061][717]LogEngine: Display: <Console variable> <value>  Set the console variable value
[2023.01.31-01.21.11:061][717]LogEngine: Display: <Console command> [Params]  Execute the console command with optional parameters
[2023.01.31-01.21.11:061][717]LogEngine: Display:  
[2023.01.31-01.21.11:061][717]LogEngine: Display: To browse console variables open this: 'D:/UE4_RPG/THE7/Saved/ConsoleHelp.html'
[2023.01.31-01.21.11:061][717]LogEngine: Display:  
[2023.01.31-01.21.11:061][717]Cmd: *
[2023.01.31-01.22.14:733][932]LogTemp: Repeating last play command: 選択ビューポート
[2023.01.31-01.22.14:764][932]LogBlueprintUserMessages: Early PlayInEditor Detection: Level '/Game/Map/Game_Main.Game_Main:PersistentLevel' has LevelScriptBlueprint '/Game/Map/Game_Main.Game_Main:PersistentLevel.Game_Main' with GeneratedClass '/Game/Map/Game_Main.Game_Main_C' with ClassGeneratedBy '/Game/Map/Game_Main.Game_Main:PersistentLevel.Game_Main'
[2023.01.31-01.22.14:764][932]LogBlueprintUserMessages: Early PlayInEditor Detection: Level '/Game/Map/Floor1.Floor1:PersistentLevel' has LevelScriptBlueprint '/Game/Map/Floor1.Floor1:PersistentLevel.Floor1' with GeneratedClass '/Game/Map/Floor1.Floor1_C' with ClassGeneratedBy '/Game/Map/Floor1.Floor1:PersistentLevel.Floor1'
[2023.01.31-01.22.14:764][932]LogPlayLevel: PlayLevel: No blueprints needed recompiling
[2023.01.31-01.22.14:765][932]PIE: New page: PIEセッション: Game_Main (2023/01/31 19:22:14)
[2023.01.31-01.22.14:765][932]LogPlayLevel: Creating play world package: /Game/Map/UEDPIE_0_Game_Main
[2023.01.31-01.22.14:767][932]LogPlayLevel: PIE: StaticDuplicateObject took: (0.001701s)
[2023.01.31-01.22.14:768][932]LogAIModule: Creating AISystem for world Game_Main
[2023.01.31-01.22.14:768][932]LogPlayLevel: PIE: World Init took: (0.000684s)
[2023.01.31-01.22.14:768][932]LogPlayLevel: PIE: Created PIE world by copying editor world from /Game/Map/Game_Main.Game_Main to /Game/Map/UEDPIE_0_Game_Main.Game_Main (0.002926s)
[2023.01.31-01.22.14:800][932]LogInit: XAudio2 using 'スピーカー (Realtek(R) Audio)' : 2 channels at 48 kHz using 16 bits per sample (channel mask 0x3)
[2023.01.31-01.22.14:839][932]LogInit: FAudioDevice initialized.
[2023.01.31-01.22.14:875][932]LogLoad: Game class is 'BP_Award_GameMode_C'
[2023.01.31-01.22.14:880][932]LogWorld: Bringing World /Game/Map/UEDPIE_0_Game_Main.Game_Main up for play (max tick rate 60) at 2023.01.31-10.22.14
[2023.01.31-01.22.14:881][932]LogWorld: Bringing up level for play took: 0.003848
[2023.01.31-01.22.14:882][932]LogGameMode: FindPlayerStart: PATHS NOT DEFINED or NO PLAYERSTART with positive rating
[2023.01.31-01.22.14:888][932]LogLevel: ActivateLevel /Game/Map/UEDPIE_0_Floor1 1 1 1
[2023.01.31-01.22.14:895][932]PIE: /Game/Map/UEDPIE_0_Game_Main 0.873のプレイ イン エディタの開始時間
[2023.01.31-01.22.14:896][932]LogBlueprintUserMessages: Late PlayInEditor Detection: Level '/Game/Map/Game_Main.Game_Main:PersistentLevel' has LevelScriptBlueprint '/Game/Map/Game_Main.Game_Main:PersistentLevel.Game_Main' with GeneratedClass '/Game/Map/Game_Main.Game_Main_C' with ClassGeneratedBy '/Game/Map/Game_Main.Game_Main:PersistentLevel.Game_Main'
[2023.01.31-01.22.14:896][932]LogBlueprintUserMessages: Late PlayInEditor Detection: Level '/Game/Map/Floor1.Floor1:PersistentLevel' has LevelScriptBlueprint '/Game/Map/Floor1.Floor1:PersistentLevel.Floor1' with GeneratedClass '/Game/Map/Floor1.Floor1_C' with ClassGeneratedBy '/Game/Map/Floor1.Floor1:PersistentLevel.Floor1'
[2023.01.31-01.22.14:946][932]LogAudio: Warning: Detected orphaned looping sound 'bgm'.
[2023.01.31-01.23.54:507][804]LogBlueprintUserMessages: Early EndPlayMap Detection: Level '/Game/Map/Game_Main.Game_Main:PersistentLevel' has LevelScriptBlueprint '/Game/Map/Game_Main.Game_Main:PersistentLevel.Game_Main' with GeneratedClass '/Game/Map/Game_Main.Game_Main_C' with ClassGeneratedBy '/Game/Map/Game_Main.Game_Main:PersistentLevel.Game_Main'
[2023.01.31-01.23.54:507][804]LogBlueprintUserMessages: Early EndPlayMap Detection: Level '/Game/Map/Floor1.Floor1:PersistentLevel' has LevelScriptBlueprint '/Game/Map/Floor1.Floor1:PersistentLevel.Floor1' with GeneratedClass '/Game/Map/Floor1.Floor1_C' with ClassGeneratedBy '/Game/Map/Floor1.Floor1:PersistentLevel.Floor1'
[2023.01.31-01.23.54:573][804]LogBlueprintUserMessages: Late EndPlayMap Detection: Level '/Game/Map/Game_Main.Game_Main:PersistentLevel' has LevelScriptBlueprint '/Game/Map/Game_Main.Game_Main:PersistentLevel.Game_Main' with GeneratedClass '/Game/Map/Game_Main.Game_Main_C' with ClassGeneratedBy '/Game/Map/Game_Main.Game_Main:PersistentLevel.Game_Main'
[2023.01.31-01.23.54:573][804]LogBlueprintUserMessages: Late EndPlayMap Detection: Level '/Game/Map/Floor1.Floor1:PersistentLevel' has LevelScriptBlueprint '/Game/Map/Floor1.Floor1:PersistentLevel.Floor1' with GeneratedClass '/Game/Map/Floor1.Floor1_C' with ClassGeneratedBy '/Game/Map/Floor1.Floor1:PersistentLevel.Floor1'
[2023.01.31-01.24.07:981][312]LogSlate: Took 0.001369 seconds to synchronously load lazily loaded font '../../../Engine/Content/Editor/Slate/Fonts/Roboto-BoldCondensedItalic.ttf' (160K)
[2023.01.31-01.24.09:232][374]LogWindowsTextInputMethodSystem: Display: IME system now activated using TSF (Microsoft IME).
[2023.01.31-01.25.35:757][739]BlueprintLog: New page: BP_Award_GameController をコンパイル
[2023.01.31-01.25.35:821][739]LogBlueprint: Error: [Compiler BP_Award_GameController] In use pin  Start Position Y  no longer exists on this node. Please refresh node or break links to remove pin.
[2023.01.31-01.25.35:821][739]LogBlueprint: Error: [Compiler BP_Award_GameController] In use pin  Moving Distance  no longer exists on this node. Please refresh node or break links to remove pin.
[2023.01.31-01.25.35:822][739]LogBlueprint: Error: [Compiler BP_Award_GameController] In use pin  Start Position Y  no longer exists on this node. Please refresh node or break links to remove pin.
[2023.01.31-01.25.35:822][739]LogBlueprint: Error: [Compiler BP_Award_GameController] In use pin  Moving Distance  no longer exists on this node. Please refresh node or break links to remove pin.
[2023.01.31-01.25.35:822][739]LogBlueprint: Error: [Compiler BP_Award_GameController] In use pin  Moving Distance  no longer exists on this node. Please refresh node or break links to remove pin.
[2023.01.31-01.25.35:822][739]LogBlueprint: Error: [Compiler BP_Award_GameController] In use pin  Start Position X  no longer exists on this node. Please refresh node or break links to remove pin.
[2023.01.31-01.25.35:822][739]LogBlueprint: Error: [Compiler BP_Award_GameController] In use pin  Start Position Y  no longer exists on this node. Please refresh node or break links to remove pin.
[2023.01.31-01.25.35:822][739]LogBlueprint: Error: [Compiler BP_Award_GameController] In use pin  Start Position Y  no longer exists on this node. Please refresh node or break links to remove pin.
[2023.01.31-01.25.35:822][739]LogBlueprint: Error: [Compiler BP_Award_GameController] In use pin  Start Position X  no longer exists on this node. Please refresh node or break links to remove pin.
[2023.01.31-01.25.35:822][739]LogBlueprint: Error: [Compiler BP_Award_GameController] In use pin  Start Position X  no longer exists on this node. Please refresh node or break links to remove pin.
[2023.01.31-01.25.35:830][739]LogClass: Warning: Type mismatch in StartPosition_X of BP_Award_GameController_C - Previous (FloatProperty) Current(IntProperty) for package:  FObjectReader
[2023.01.31-01.25.35:830][739]LogClass: Warning: Type mismatch in StartPosition_Y of BP_Award_GameController_C - Previous (FloatProperty) Current(IntProperty) for package:  FObjectReader
[2023.01.31-01.25.35:830][739]LogClass: Warning: Type mismatch in Moving distance of BP_Award_GameController_C - Previous (FloatProperty) Current(IntProperty) for package:  FObjectReader
[2023.01.31-01.25.36:368][739]LogScript: Warning: Accessed None trying to read property IsClearInstance
	BP_Anim_Award_C /Engine/Transient.World_2:PersistentLevel.BPAward_C_0.CharacterMesh0.BP_Anim_Award_C_1
	Function /Game/Animation/BP_Anim_Award.BP_Anim_Award_C:ExecuteUbergraph_BP_Anim_Award:00B1
[2023.01.31-01.25.36:368][739]LogScript: Warning: Accessed None trying to read property IsClearInstance
	BP_Anim_Award_C /Engine/Transient.World_2:PersistentLevel.BPAward_C_0.CharacterMesh0.BP_Anim_Award_C_1
	Function /Game/Animation/BP_Anim_Award.BP_Anim_Award_C:ExecuteUbergraph_BP_Anim_Award:01A5
[2023.01.31-01.25.36:369][739]LogScript: Warning: Accessed None trying to read property IsClearInstance
	BP_Anim_Award_C /Engine/Transient.World_2:PersistentLevel.BPAward_C_0.CharacterMesh0.BP_Anim_Award_C_2
	Function /Game/Animation/BP_Anim_Award.BP_Anim_Award_C:ExecuteUbergraph_BP_Anim_Award:00B1
[2023.01.31-01.25.36:369][739]LogScript: Warning: Accessed None trying to read property IsClearInstance
	BP_Anim_Award_C /Engine/Transient.World_2:PersistentLevel.BPAward_C_0.CharacterMesh0.BP_Anim_Award_C_2
	Function /Game/Animation/BP_Anim_Award.BP_Anim_Award_C:ExecuteUbergraph_BP_Anim_Award:01A5
[2023.01.31-01.27.50:086][739]LogBlueprint: Warning: [Compiler BP_Award_GameController] [0906.00] Compile of BP_Award_GameController failed. 10 Fatal Issue(s) 0 Warning(s) [in 134,328 ms] (/Game/BP/BP_Award_GameController.BP_Award_GameController)
[2023.01.31-01.27.53:207][877]Cmd: OBJ SAVEPACKAGE PACKAGE="/Game/Map/Game_Main" FILE="D:/UE4_RPG/THE7/Saved/Autosaves/Game/Map/Game_Main_Auto1.umap" SILENT=true AUTOSAVING=true KEEPDIRTY=false
[2023.01.31-01.27.53:239][877]LogSavePackage: Save=25.29ms
[2023.01.31-01.27.53:239][877]LogSavePackage: Moving 'D:/UE4_RPG/THE7/Saved/Game_Main_Auto1729FB1F34F2D04248168E48C03CF62F7.tmp' to 'D:/UE4_RPG/THE7/Saved/Autosaves/Game/Map/Game_Main_Auto1.umap'
[2023.01.31-01.27.53:240][877]LogSavePackage: Display: Finished SavePackage D:/UE4_RPG/THE7/Saved/Autosaves/Game/Map/Game_Main_Auto1.umap
[2023.01.31-01.27.53:242][877]Cmd: OBJ SAVEPACKAGE PACKAGE="/Game/Map/Floor1" FILE="D:/UE4_RPG/THE7/Saved/Autosaves/Game/Map/Floor1_Auto1.umap" SILENT=true AUTOSAVING=true KEEPDIRTY=false
[2023.01.31-01.27.53:250][877]LogSpawn: Warning: UWorld::DestroyActor: World has no context! World: Floor1, Actor: /Game/Map/Floor1.Floor1:PersistentLevel.Floor1_C_0
[2023.01.31-01.27.53:643][877]LogSavePackage: Save=394.54ms
[2023.01.31-01.27.53:643][877]LogSavePackage: Moving 'D:/UE4_RPG/THE7/Saved/Floor1_Auto1D751FD2845A2FB775F40DA947B303D6C.tmp' to 'D:/UE4_RPG/THE7/Saved/Autosaves/Game/Map/Floor1_Auto1.umap'
[2023.01.31-01.27.53:644][877]LogSavePackage: Display: Finished SavePackage D:/UE4_RPG/THE7/Saved/Autosaves/Game/Map/Floor1_Auto1.umap
[2023.01.31-01.27.53:646][877]Cmd: OBJ SAVEPACKAGE PACKAGE="/Game/Map/Floor3" FILE="D:/UE4_RPG/THE7/Saved/Autosaves/Game/Map/Floor3_Auto1.umap" SILENT=true AUTOSAVING=true KEEPDIRTY=false
[2023.01.31-01.27.54:403][877]LogSavePackage: Save=750.76ms
[2023.01.31-01.27.54:403][877]LogSavePackage: Moving 'D:/UE4_RPG/THE7/Saved/Floor3_Auto1A419A4A5489449324E4840BA40ED306B.tmp' to 'D:/UE4_RPG/THE7/Saved/Autosaves/Game/Map/Floor3_Auto1.umap'
[2023.01.31-01.27.54:405][877]LogSavePackage: Display: Finished SavePackage D:/UE4_RPG/THE7/Saved/Autosaves/Game/Map/Floor3_Auto1.umap
[2023.01.31-01.27.54:406][877]Cmd: OBJ SAVEPACKAGE PACKAGE="/Game/Map/Floor4" FILE="D:/UE4_RPG/THE7/Saved/Autosaves/Game/Map/Floor4_Auto1.umap" SILENT=true AUTOSAVING=true KEEPDIRTY=false
[2023.01.31-01.27.55:580][877]LogSavePackage: Save=1166.36ms
[2023.01.31-01.27.55:580][877]LogSavePackage: Moving 'D:/UE4_RPG/THE7/Saved/Floor4_Auto1653BA6244FBB98DD0146119AD7EC571F.tmp' to 'D:/UE4_RPG/THE7/Saved/Autosaves/Game/Map/Floor4_Auto1.umap'
[2023.01.31-01.27.55:581][877]LogSavePackage: Display: Finished SavePackage D:/UE4_RPG/THE7/Saved/Autosaves/Game/Map/Floor4_Auto1.umap
[2023.01.31-01.27.55:585][877]Cmd: OBJ SAVEPACKAGE PACKAGE="/Game/Map/Floor5" FILE="D:/UE4_RPG/THE7/Saved/Autosaves/Game/Map/Floor5_Auto1.umap" SILENT=true AUTOSAVING=true KEEPDIRTY=false
[2023.01.31-01.27.58:017][877]LogSavePackage: Save=2424.07ms
[2023.01.31-01.27.58:017][877]LogSavePackage: Moving 'D:/UE4_RPG/THE7/Saved/Floor5_Auto11BAAFF0A4B4203B8B20B4D8D53788E86.tmp' to 'D:/UE4_RPG/THE7/Saved/Autosaves/Game/Map/Floor5_Auto1.umap'
[2023.01.31-01.27.58:019][877]LogSavePackage: Display: Finished SavePackage D:/UE4_RPG/THE7/Saved/Autosaves/Game/Map/Floor5_Auto1.umap
[2023.01.31-01.27.58:021][877]Cmd: OBJ SAVEPACKAGE PACKAGE="/Game/Map/Floor2" FILE="D:/UE4_RPG/THE7/Saved/Autosaves/Game/Map/Floor2_Auto1.umap" SILENT=true AUTOSAVING=true KEEPDIRTY=false
[2023.01.31-01.27.58:857][877]LogSavePackage: Save=829.43ms
[2023.01.31-01.27.58:857][877]LogSavePackage: Moving 'D:/UE4_RPG/THE7/Saved/Floor2_Auto1412142354EE46D5BA7914C91A4DE619E.tmp' to 'D:/UE4_RPG/THE7/Saved/Autosaves/Game/Map/Floor2_Auto1.umap'
[2023.01.31-01.27.58:858][877]LogSavePackage: Display: Finished SavePackage D:/UE4_RPG/THE7/Saved/Autosaves/Game/Map/Floor2_Auto1.umap
[2023.01.31-01.27.58:859][877]LogFileHelpers: Editor autosave (incl. sublevels) for '/Game/Map/Game_Main' took 5.676
[2023.01.31-01.27.58:859][877]LogFileHelpers: Editor autosave (incl. sublevels) for all levels took 5.676
[2023.01.31-01.27.58:861][877]OBJ SavePackage: Generating thumbnails for [0] asset(s) in package [/Game/BP/BP_Award_GameController] ([1] browsable assets)...
[2023.01.31-01.27.58:862][877]OBJ SavePackage: Finished generating thumbnails for package [/Game/BP/BP_Award_GameController]
[2023.01.31-01.27.58:862][877]Cmd: OBJ SAVEPACKAGE PACKAGE="/Game/BP/BP_Award_GameController" FILE="D:/UE4_RPG/THE7/Saved/Autosaves/Game/BP/BP_Award_GameController_Auto1.uasset" SILENT=false AUTOSAVING=true
[2023.01.31-01.27.58:963][877]LogSavePackage: Save=95.87ms
[2023.01.31-01.27.58:963][877]LogSavePackage: Moving 'D:/UE4_RPG/THE7/Saved/BP_Award_GameController_Auto1E154143B40775B40C0C994B4FE803D0B.tmp' to 'D:/UE4_RPG/THE7/Saved/Autosaves/Game/BP/BP_Award_GameController_Auto1.uasset'
[2023.01.31-01.27.58:964][877]LogSavePackage: Display: Finished SavePackage D:/UE4_RPG/THE7/Saved/Autosaves/Game/BP/BP_Award_GameController_Auto1.uasset
[2023.01.31-01.27.58:964][877]LogFileHelpers: Auto-saving content packages took 0.104
[2023.01.31-01.31.14:956][430]BlueprintLog: New page: BP_Award_GameController をコンパイル
[2023.01.31-01.31.15:017][430]LogBlueprint: Error: [Compiler BP_Award_GameController] In use pin  Start Position Y  no longer exists on this node. Please refresh node or break links to remove pin.
[2023.01.31-01.31.15:017][430]LogBlueprint: Error: [Compiler BP_Award_GameController] In use pin  Start Position Y  no longer exists on this node. Please refresh node or break links to remove pin.
[2023.01.31-01.31.15:017][430]LogBlueprint: Error: [Compiler BP_Award_GameController] In use pin  Start Position X  no longer exists on this node. Please refresh node or break links to remove pin.
[2023.01.31-01.31.15:017][430]LogBlueprint: Error: [Compiler BP_Award_GameController] In use pin  Start Position X  no longer exists on this node. Please refresh node or break links to remove pin.
[2023.01.31-01.31.15:567][430]LogScript: Warning: Accessed None trying to read property IsClearInstance
	BP_Anim_Award_C /Engine/Transient.World_2:PersistentLevel.BPAward_C_0.CharacterMesh0.BP_Anim_Award_C_3
	Function /Game/Animation/BP_Anim_Award.BP_Anim_Award_C:ExecuteUbergraph_BP_Anim_Award:00B1
[2023.01.31-01.31.15:567][430]LogScript: Warning: Accessed None trying to read property IsClearInstance
	BP_Anim_Award_C /Engine/Transient.World_2:PersistentLevel.BPAward_C_0.CharacterMesh0.BP_Anim_Award_C_3
	Function /Game/Animation/BP_Anim_Award.BP_Anim_Award_C:ExecuteUbergraph_BP_Anim_Award:01A5
[2023.01.31-01.31.15:568][430]LogScript: Warning: Accessed None trying to read property IsClearInstance
	BP_Anim_Award_C /Engine/Transient.World_2:PersistentLevel.BPAward_C_0.CharacterMesh0.BP_Anim_Award_C_4
	Function /Game/Animation/BP_Anim_Award.BP_Anim_Award_C:ExecuteUbergraph_BP_Anim_Award:00B1
[2023.01.31-01.31.15:568][430]LogScript: Warning: Accessed None trying to read property IsClearInstance
	BP_Anim_Award_C /Engine/Transient.World_2:PersistentLevel.BPAward_C_0.CharacterMesh0.BP_Anim_Award_C_4
	Function /Game/Animation/BP_Anim_Award.BP_Anim_Award_C:ExecuteUbergraph_BP_Anim_Award:01A5
[2023.01.31-01.33.30:727][430]LogBlueprint: Warning: [Compiler BP_Award_GameController] [1246.64] Compile of BP_Award_GameController failed. 4 Fatal Issue(s) 0 Warning(s) [in 135,769 ms] (/Game/BP/BP_Award_GameController.BP_Award_GameController)
[2023.01.31-01.35.29:029][890]BlueprintLog: New page: BP_Award_GameController をコンパイル
[2023.01.31-01.35.29:672][890]LogScript: Warning: Accessed None trying to read property IsClearInstance
	BP_Anim_Award_C /Engine/Transient.World_2:PersistentLevel.BPAward_C_0.CharacterMesh0.BP_Anim_Award_C_5
	Function /Game/Animation/BP_Anim_Award.BP_Anim_Award_C:ExecuteUbergraph_BP_Anim_Award:00B1
[2023.01.31-01.35.29:672][890]LogScript: Warning: Accessed None trying to read property IsClearInstance
	BP_Anim_Award_C /Engine/Transient.World_2:PersistentLevel.BPAward_C_0.CharacterMesh0.BP_Anim_Award_C_5
	Function /Game/Animation/BP_Anim_Award.BP_Anim_Award_C:ExecuteUbergraph_BP_Anim_Award:01A5
[2023.01.31-01.35.29:673][890]LogScript: Warning: Accessed None trying to read property IsClearInstance
	BP_Anim_Award_C /Engine/Transient.World_2:PersistentLevel.BPAward_C_0.CharacterMesh0.BP_Anim_Award_C_6
	Function /Game/Animation/BP_Anim_Award.BP_Anim_Award_C:ExecuteUbergraph_BP_Anim_Award:00B1
[2023.01.31-01.35.29:673][890]LogScript: Warning: Accessed None trying to read property IsClearInstance
	BP_Anim_Award_C /Engine/Transient.World_2:PersistentLevel.BPAward_C_0.CharacterMesh0.BP_Anim_Award_C_6
	Function /Game/Animation/BP_Anim_Award.BP_Anim_Award_C:ExecuteUbergraph_BP_Anim_Award:01A5
[2023.01.31-01.37.51:768][309]LogTemp: Repeating last play command: 選択ビューポート
[2023.01.31-01.37.51:795][309]LogBlueprintUserMessages: Early PlayInEditor Detection: Level '/Game/Map/Game_Main.Game_Main:PersistentLevel' has LevelScriptBlueprint '/Game/Map/Game_Main.Game_Main:PersistentLevel.Game_Main' with GeneratedClass '/Game/Map/Game_Main.Game_Main_C' with ClassGeneratedBy '/Game/Map/Game_Main.Game_Main:PersistentLevel.Game_Main'
[2023.01.31-01.37.51:795][309]LogBlueprintUserMessages: Early PlayInEditor Detection: Level '/Game/Map/Floor1.Floor1:PersistentLevel' has LevelScriptBlueprint '/Game/Map/Floor1.Floor1:PersistentLevel.Floor1' with GeneratedClass '/Game/Map/Floor1.Floor1_C' with ClassGeneratedBy '/Game/Map/Floor1.Floor1:PersistentLevel.Floor1'
[2023.01.31-01.37.51:795][309]LogPlayLevel: PlayLevel: No blueprints needed recompiling
[2023.01.31-01.37.51:796][309]PIE: New page: PIEセッション: Game_Main (2023/01/31 19:37:51)
[2023.01.31-01.37.51:796][309]LogPlayLevel: Creating play world package: /Game/Map/UEDPIE_0_Game_Main
[2023.01.31-01.37.51:798][309]LogPlayLevel: PIE: StaticDuplicateObject took: (0.001804s)
[2023.01.31-01.37.51:799][309]LogAIModule: Creating AISystem for world Game_Main
[2023.01.31-01.37.51:799][309]LogPlayLevel: PIE: World Init took: (0.000639s)
[2023.01.31-01.37.51:800][309]LogPlayLevel: PIE: Created PIE world by copying editor world from /Game/Map/Game_Main.Game_Main to /Game/Map/UEDPIE_0_Game_Main.Game_Main (0.003321s)
[2023.01.31-01.37.51:831][309]LogInit: XAudio2 using 'スピーカー (Realtek(R) Audio)' : 2 channels at 48 kHz using 16 bits per sample (channel mask 0x3)
[2023.01.31-01.37.51:870][309]LogInit: FAudioDevice initialized.
[2023.01.31-01.37.51:915][309]LogLoad: Game class is 'BP_Award_GameMode_C'
[2023.01.31-01.37.51:918][309]LogWorld: Bringing World /Game/Map/UEDPIE_0_Game_Main.Game_Main up for play (max tick rate 60) at 2023.01.31-10.37.51
[2023.01.31-01.37.51:918][309]LogWorld: Bringing up level for play took: 0.001850
[2023.01.31-01.37.51:918][309]LogGameMode: FindPlayerStart: PATHS NOT DEFINED or NO PLAYERSTART with positive rating
[2023.01.31-01.37.51:921][309]LogLevel: ActivateLevel /Game/Map/UEDPIE_0_Floor1 1 1 1
[2023.01.31-01.37.51:926][309]PIE: /Game/Map/UEDPIE_0_Game_Main -0.096のプレイ イン エディタの開始時間
[2023.01.31-01.37.51:927][309]LogBlueprintUserMessages: Late PlayInEditor Detection: Level '/Game/Map/Game_Main.Game_Main:PersistentLevel' has LevelScriptBlueprint '/Game/Map/Game_Main.Game_Main:PersistentLevel.Game_Main' with GeneratedClass '/Game/Map/Game_Main.Game_Main_C' with ClassGeneratedBy '/Game/Map/Game_Main.Game_Main:PersistentLevel.Game_Main'
[2023.01.31-01.37.51:927][309]LogBlueprintUserMessages: Late PlayInEditor Detection: Level '/Game/Map/Floor1.Floor1:PersistentLevel' has LevelScriptBlueprint '/Game/Map/Floor1.Floor1:PersistentLevel.Floor1' with GeneratedClass '/Game/Map/Floor1.Floor1_C' with ClassGeneratedBy '/Game/Map/Floor1.Floor1:PersistentLevel.Floor1'
[2023.01.31-01.37.51:949][309]LogRenderer: Reallocating scene render targets to support 1292x756 Format 10 NumSamples 1 (Frame:1).
[2023.01.31-01.37.51:949][309]LogAudio: Warning: Detected orphaned looping sound 'bgm'.
[2023.01.31-01.38.03:889][  8]LogBlueprintUserMessages: Early EndPlayMap Detection: Level '/Game/Map/Game_Main.Game_Main:PersistentLevel' has LevelScriptBlueprint '/Game/Map/Game_Main.Game_Main:PersistentLevel.Game_Main' with GeneratedClass '/Game/Map/Game_Main.Game_Main_C' with ClassGeneratedBy '/Game/Map/Game_Main.Game_Main:PersistentLevel.Game_Main'
[2023.01.31-01.38.03:889][  8]LogBlueprintUserMessages: Early EndPlayMap Detection: Level '/Game/Map/Floor1.Floor1:PersistentLevel' has LevelScriptBlueprint '/Game/Map/Floor1.Floor1:PersistentLevel.Floor1' with GeneratedClass '/Game/Map/Floor1.Floor1_C' with ClassGeneratedBy '/Game/Map/Floor1.Floor1:PersistentLevel.Floor1'
[2023.01.31-01.38.03:935][  8]LogBlueprintUserMessages: Late EndPlayMap Detection: Level '/Game/Map/Game_Main.Game_Main:PersistentLevel' has LevelScriptBlueprint '/Game/Map/Game_Main.Game_Main:PersistentLevel.Game_Main' with GeneratedClass '/Game/Map/Game_Main.Game_Main_C' with ClassGeneratedBy '/Game/Map/Game_Main.Game_Main:PersistentLevel.Game_Main'
[2023.01.31-01.38.03:935][  8]LogBlueprintUserMessages: Late EndPlayMap Detection: Level '/Game/Map/Floor1.Floor1:PersistentLevel' has LevelScriptBlueprint '/Game/Map/Floor1.Floor1:PersistentLevel.Floor1' with GeneratedClass '/Game/Map/Floor1.Floor1_C' with ClassGeneratedBy '/Game/Map/Floor1.Floor1:PersistentLevel.Floor1'
[2023.01.31-01.38.16:469][544]BlueprintLog: New page: BP_Award_GameController をコンパイル
[2023.01.31-01.38.17:083][544]LogScript: Warning: Accessed None trying to read property IsClearInstance
	BP_Anim_Award_C /Engine/Transient.World_2:PersistentLevel.BPAward_C_0.CharacterMesh0.BP_Anim_Award_C_7
	Function /Game/Animation/BP_Anim_Award.BP_Anim_Award_C:ExecuteUbergraph_BP_Anim_Award:00B1
[2023.01.31-01.38.17:083][544]LogScript: Warning: Accessed None trying to read property IsClearInstance
	BP_Anim_Award_C /Engine/Transient.World_2:PersistentLevel.BPAward_C_0.CharacterMesh0.BP_Anim_Award_C_7
	Function /Game/Animation/BP_Anim_Award.BP_Anim_Award_C:ExecuteUbergraph_BP_Anim_Award:01A5
[2023.01.31-01.38.17:084][544]LogScript: Warning: Accessed None trying to read property IsClearInstance
	BP_Anim_Award_C /Engine/Transient.World_2:PersistentLevel.BPAward_C_0.CharacterMesh0.BP_Anim_Award_C_8
	Function /Game/Animation/BP_Anim_Award.BP_Anim_Award_C:ExecuteUbergraph_BP_Anim_Award:00B1
[2023.01.31-01.38.17:084][544]LogScript: Warning: Accessed None trying to read property IsClearInstance
	BP_Anim_Award_C /Engine/Transient.World_2:PersistentLevel.BPAward_C_0.CharacterMesh0.BP_Anim_Award_C_8
	Function /Game/Animation/BP_Anim_Award.BP_Anim_Award_C:ExecuteUbergraph_BP_Anim_Award:01A5
[2023.01.31-01.40.25:987][545]Cmd: OBJ SAVEPACKAGE PACKAGE="/Game/Map/Game_Main" FILE="D:/UE4_RPG/THE7/Saved/Autosaves/Game/Map/Game_Main_Auto2.umap" SILENT=true AUTOSAVING=true KEEPDIRTY=false
[2023.01.31-01.40.26:022][545]LogSavePackage: Save=27.67ms
[2023.01.31-01.40.26:022][545]LogSavePackage: Moving 'D:/UE4_RPG/THE7/Saved/Game_Main_Auto2E82F95BA405ACE4AD1BA88B6668975EA.tmp' to 'D:/UE4_RPG/THE7/Saved/Autosaves/Game/Map/Game_Main_Auto2.umap'
[2023.01.31-01.40.26:023][545]LogSavePackage: Display: Finished SavePackage D:/UE4_RPG/THE7/Saved/Autosaves/Game/Map/Game_Main_Auto2.umap
[2023.01.31-01.40.26:025][545]Cmd: OBJ SAVEPACKAGE PACKAGE="/Game/Map/Floor1" FILE="D:/UE4_RPG/THE7/Saved/Autosaves/Game/Map/Floor1_Auto2.umap" SILENT=true AUTOSAVING=true KEEPDIRTY=false
[2023.01.31-01.40.26:033][545]LogSpawn: Warning: UWorld::DestroyActor: World has no context! World: Floor1, Actor: /Game/Map/Floor1.Floor1:PersistentLevel.Floor1_C_1
[2023.01.31-01.40.26:456][545]LogSavePackage: Save=426.07ms
[2023.01.31-01.40.26:456][545]LogSavePackage: Moving 'D:/UE4_RPG/THE7/Saved/Floor1_Auto2ABFA33E844574778886182991D51BF39.tmp' to 'D:/UE4_RPG/THE7/Saved/Autosaves/Game/Map/Floor1_Auto2.umap'
[2023.01.31-01.40.26:457][545]LogSavePackage: Display: Finished SavePackage D:/UE4_RPG/THE7/Saved/Autosaves/Game/Map/Floor1_Auto2.umap
[2023.01.31-01.40.26:459][545]Cmd: OBJ SAVEPACKAGE PACKAGE="/Game/Map/Floor3" FILE="D:/UE4_RPG/THE7/Saved/Autosaves/Game/Map/Floor3_Auto2.umap" SILENT=true AUTOSAVING=true KEEPDIRTY=false
[2023.01.31-01.40.27:234][545]LogSavePackage: Save=767.54ms
[2023.01.31-01.40.27:234][545]LogSavePackage: Moving 'D:/UE4_RPG/THE7/Saved/Floor3_Auto2A2088E8143731551B6EDCA85E4225A5B.tmp' to 'D:/UE4_RPG/THE7/Saved/Autosaves/Game/Map/Floor3_Auto2.umap'
[2023.01.31-01.40.27:235][545]LogSavePackage: Display: Finished SavePackage D:/UE4_RPG/THE7/Saved/Autosaves/Game/Map/Floor3_Auto2.umap
[2023.01.31-01.40.27:237][545]Cmd: OBJ SAVEPACKAGE PACKAGE="/Game/Map/Floor4" FILE="D:/UE4_RPG/THE7/Saved/Autosaves/Game/Map/Floor4_Auto2.umap" SILENT=true AUTOSAVING=true KEEPDIRTY=false
[2023.01.31-01.40.28:469][545]LogSavePackage: Save=1225.38ms
[2023.01.31-01.40.28:469][545]LogSavePackage: Moving 'D:/UE4_RPG/THE7/Saved/Floor4_Auto26A70E8CB4F777D7C6289DE8499516C82.tmp' to 'D:/UE4_RPG/THE7/Saved/Autosaves/Game/Map/Floor4_Auto2.umap'
[2023.01.31-01.40.28:470][545]LogSavePackage: Display: Finished SavePackage D:/UE4_RPG/THE7/Saved/Autosaves/Game/Map/Floor4_Auto2.umap
[2023.01.31-01.40.28:474][545]Cmd: OBJ SAVEPACKAGE PACKAGE="/Game/Map/Floor5" FILE="D:/UE4_RPG/THE7/Saved/Autosaves/Game/Map/Floor5_Auto2.umap" SILENT=true AUTOSAVING=true KEEPDIRTY=false
[2023.01.31-01.40.30:912][545]LogSavePackage: Save=2430.24ms
[2023.01.31-01.40.30:912][545]LogSavePackage: Moving 'D:/UE4_RPG/THE7/Saved/Floor5_Auto2A8F06395485F2E75A6E19E98C28BE544.tmp' to 'D:/UE4_RPG/THE7/Saved/Autosaves/Game/Map/Floor5_Auto2.umap'
[2023.01.31-01.40.30:914][545]LogSavePackage: Display: Finished SavePackage D:/UE4_RPG/THE7/Saved/Autosaves/Game/Map/Floor5_Auto2.umap
[2023.01.31-01.40.30:916][545]Cmd: OBJ SAVEPACKAGE PACKAGE="/Game/Map/Floor2" FILE="D:/UE4_RPG/THE7/Saved/Autosaves/Game/Map/Floor2_Auto2.umap" SILENT=true AUTOSAVING=true KEEPDIRTY=false
[2023.01.31-01.40.31:755][545]LogSavePackage: Save=832.45ms
[2023.01.31-01.40.31:755][545]LogSavePackage: Moving 'D:/UE4_RPG/THE7/Saved/Floor2_Auto20266BEA24AC47F9D38BF43852B8E0D6C.tmp' to 'D:/UE4_RPG/THE7/Saved/Autosaves/Game/Map/Floor2_Auto2.umap'
[2023.01.31-01.40.31:757][545]LogSavePackage: Display: Finished SavePackage D:/UE4_RPG/THE7/Saved/Autosaves/Game/Map/Floor2_Auto2.umap
[2023.01.31-01.40.31:757][545]LogFileHelpers: Editor autosave (incl. sublevels) for '/Game/Map/Game_Main' took 5.795
[2023.01.31-01.40.31:757][545]LogFileHelpers: Editor autosave (incl. sublevels) for all levels took 5.795
[2023.01.31-01.40.31:760][545]OBJ SavePackage: Generating thumbnails for [0] asset(s) in package [/Game/BP/BP_Award_GameController] ([1] browsable assets)...
[2023.01.31-01.40.31:760][545]OBJ SavePackage: Finished generating thumbnails for package [/Game/BP/BP_Award_GameController]
[2023.01.31-01.40.31:760][545]Cmd: OBJ SAVEPACKAGE PACKAGE="/Game/BP/BP_Award_GameController" FILE="D:/UE4_RPG/THE7/Saved/Autosaves/Game/BP/BP_Award_GameController_Auto2.uasset" SILENT=false AUTOSAVING=true
[2023.01.31-01.40.31:873][545]LogSavePackage: Save=106.11ms
[2023.01.31-01.40.31:873][545]LogSavePackage: Moving 'D:/UE4_RPG/THE7/Saved/BP_Award_GameController_Auto25566DA48454616C49434E1BD408E25BB.tmp' to 'D:/UE4_RPG/THE7/Saved/Autosaves/Game/BP/BP_Award_GameController_Auto2.uasset'
[2023.01.31-01.40.31:874][545]LogSavePackage: Display: Finished SavePackage D:/UE4_RPG/THE7/Saved/Autosaves/Game/BP/BP_Award_GameController_Auto2.uasset
[2023.01.31-01.40.31:874][545]LogFileHelpers: Auto-saving content packages took 0.115
[2023.01.31-01.40.57:919][837]LogTemp: Repeating last play command: 選択ビューポート
[2023.01.31-01.40.57:948][837]LogBlueprintUserMessages: Early PlayInEditor Detection: Level '/Game/Map/Game_Main.Game_Main:PersistentLevel' has LevelScriptBlueprint '/Game/Map/Game_Main.Game_Main:PersistentLevel.Game_Main' with GeneratedClass '/Game/Map/Game_Main.Game_Main_C' with ClassGeneratedBy '/Game/Map/Game_Main.Game_Main:PersistentLevel.Game_Main'
[2023.01.31-01.40.57:948][837]LogBlueprintUserMessages: Early PlayInEditor Detection: Level '/Game/Map/Floor1.Floor1:PersistentLevel' has LevelScriptBlueprint '/Game/Map/Floor1.Floor1:PersistentLevel.Floor1' with GeneratedClass '/Game/Map/Floor1.Floor1_C' with ClassGeneratedBy '/Game/Map/Floor1.Floor1:PersistentLevel.Floor1'
[2023.01.31-01.40.57:948][837]LogPlayLevel: PlayLevel: No blueprints needed recompiling
[2023.01.31-01.40.57:948][837]PIE: New page: PIEセッション: Game_Main (2023/01/31 19:40:57)
[2023.01.31-01.40.57:949][837]LogPlayLevel: Creating play world package: /Game/Map/UEDPIE_0_Game_Main
[2023.01.31-01.40.57:951][837]LogPlayLevel: PIE: StaticDuplicateObject took: (0.001678s)
[2023.01.31-01.40.57:951][837]LogAIModule: Creating AISystem for world Game_Main
[2023.01.31-01.40.57:951][837]LogPlayLevel: PIE: World Init took: (0.000508s)
[2023.01.31-01.40.57:952][837]LogPlayLevel: PIE: Created PIE world by copying editor world from /Game/Map/Game_Main.Game_Main to /Game/Map/UEDPIE_0_Game_Main.Game_Main (0.002668s)
[2023.01.31-01.40.57:982][837]LogInit: XAudio2 using 'スピーカー (Realtek(R) Audio)' : 2 channels at 48 kHz using 16 bits per sample (channel mask 0x3)
[2023.01.31-01.40.58:019][837]LogInit: FAudioDevice initialized.
[2023.01.31-01.40.58:069][837]LogLoad: Game class is 'BP_Award_GameMode_C'
[2023.01.31-01.40.58:072][837]LogWorld: Bringing World /Game/Map/UEDPIE_0_Game_Main.Game_Main up for play (max tick rate 60) at 2023.01.31-10.40.58
[2023.01.31-01.40.58:072][837]LogWorld: Bringing up level for play took: 0.001384
[2023.01.31-01.40.58:072][837]LogGameMode: FindPlayerStart: PATHS NOT DEFINED or NO PLAYERSTART with positive rating
[2023.01.31-01.40.58:073][837]LogLevel: ActivateLevel /Game/Map/UEDPIE_0_Floor1 1 1 1
[2023.01.31-01.40.58:079][837]PIE: /Game/Map/UEDPIE_0_Game_Main 0.057のプレイ イン エディタの開始時間
[2023.01.31-01.40.58:080][837]LogBlueprintUserMessages: Late PlayInEditor Detection: Level '/Game/Map/Game_Main.Game_Main:PersistentLevel' has LevelScriptBlueprint '/Game/Map/Game_Main.Game_Main:PersistentLevel.Game_Main' with GeneratedClass '/Game/Map/Game_Main.Game_Main_C' with ClassGeneratedBy '/Game/Map/Game_Main.Game_Main:PersistentLevel.Game_Main'
[2023.01.31-01.40.58:080][837]LogBlueprintUserMessages: Late PlayInEditor Detection: Level '/Game/Map/Floor1.Floor1:PersistentLevel' has LevelScriptBlueprint '/Game/Map/Floor1.Floor1:PersistentLevel.Floor1' with GeneratedClass '/Game/Map/Floor1.Floor1_C' with ClassGeneratedBy '/Game/Map/Floor1.Floor1:PersistentLevel.Floor1'
[2023.01.31-01.40.58:101][837]LogAudio: Warning: Detected orphaned looping sound 'bgm'.
[2023.01.31-01.41.37:823][209]LogBlueprintUserMessages: Early EndPlayMap Detection: Level '/Game/Map/Game_Main.Game_Main:PersistentLevel' has LevelScriptBlueprint '/Game/Map/Game_Main.Game_Main:PersistentLevel.Game_Main' with GeneratedClass '/Game/Map/Game_Main.Game_Main_C' with ClassGeneratedBy '/Game/Map/Game_Main.Game_Main:PersistentLevel.Game_Main'
[2023.01.31-01.41.37:823][209]LogBlueprintUserMessages: Early EndPlayMap Detection: Level '/Game/Map/Floor1.Floor1:PersistentLevel' has LevelScriptBlueprint '/Game/Map/Floor1.Floor1:PersistentLevel.Floor1' with GeneratedClass '/Game/Map/Floor1.Floor1_C' with ClassGeneratedBy '/Game/Map/Floor1.Floor1:PersistentLevel.Floor1'
[2023.01.31-01.41.37:870][209]LogBlueprintUserMessages: Late EndPlayMap Detection: Level '/Game/Map/Game_Main.Game_Main:PersistentLevel' has LevelScriptBlueprint '/Game/Map/Game_Main.Game_Main:PersistentLevel.Game_Main' with GeneratedClass '/Game/Map/Game_Main.Game_Main_C' with ClassGeneratedBy '/Game/Map/Game_Main.Game_Main:PersistentLevel.Game_Main'
[2023.01.31-01.41.37:870][209]LogBlueprintUserMessages: Late EndPlayMap Detection: Level '/Game/Map/Floor1.Floor1:PersistentLevel' has LevelScriptBlueprint '/Game/Map/Floor1.Floor1:PersistentLevel.Floor1' with GeneratedClass '/Game/Map/Floor1.Floor1_C' with ClassGeneratedBy '/Game/Map/Floor1.Floor1:PersistentLevel.Floor1'
[2023.01.31-01.42.01:941][223]Cmd: QUIT_EDITOR
[2023.01.31-01.42.02:400][223]LogWindowsTextInputMethodSystem: Display: IME system now activated using TSF (Microsoft IME).
[2023.01.31-01.42.02:433][223]LogExit: Preparing to exit.
[2023.01.31-01.42.03:724][223]LogExit: Editor shut down
[2023.01.31-01.42.03:728][223]LogExit: Transaction tracking system shut down
[2023.01.31-01.42.03:872][223]LogDirectoryWatcher: A directory notification for '../../../Engine/Content/' was aborted.
[2023.01.31-01.42.03:872][223]LogDirectoryWatcher: A directory notification for 'D:/UE4_RPG/THE7/Content/' was aborted.
[2023.01.31-01.42.03:872][223]LogDirectoryWatcher: A directory notification for '../../../Engine/Plugins/2D/Paper2D/Content/' was aborted.
[2023.01.31-01.42.03:872][223]LogDirectoryWatcher: A directory notification for '../../../Engine/Plugins/Runtime/Oculus/OculusVR/Content/' was aborted.
[2023.01.31-01.42.03:872][223]LogDirectoryWatcher: A directory notification for '../../../Engine/Plugins/Runtime/Steam/SteamVR/Content/' was aborted.
[2023.01.31-01.42.03:929][223]LogExit: Object subsystem successfully closed.
[2023.01.31-01.42.03:949][223]LogD3D11RHI: Shutdown
[2023.01.31-01.42.03:949][223]LogD3D11RHI: CleanupD3DDevice
[2023.01.31-01.42.04:102][223]LogD3D11RHI: ~FD3D11DynamicRHI
[2023.01.31-01.42.04:120][223]LogModuleManager: Shutting down and abandoning module BlueprintGraph (538)
[2023.01.31-01.42.04:120][223]LogModuleManager: Shutting down and abandoning module BlueprintProfiler (536)
[2023.01.31-01.42.04:120][223]LogModuleManager: Shutting down and abandoning module MovieSceneCapture (534)
[2023.01.31-01.42.04:120][223]LogModuleManager: Shutting down and abandoning module HierarchicalLODOutliner (532)
[2023.01.31-01.42.04:120][223]LogModuleManager: Shutting down and abandoning module WorldBrowser (530)
[2023.01.31-01.42.04:120][223]LogModuleManager: Shutting down and abandoning module SceneOutliner (528)
[2023.01.31-01.42.04:120][223]LogModuleManager: Shutting down and abandoning module AddContentDialog (526)
[2023.01.31-01.42.04:120][223]LogDirectoryWatcher: A directory notification for 'C:/Program Files/Epic Games/UE_4.17/FeaturePacks/' was aborted.
[2023.01.31-01.42.04:121][223]LogModuleManager: Shutting down and abandoning module WidgetCarousel (525)
[2023.01.31-01.42.04:121][223]LogModuleManager: Shutting down and abandoning module EditorWidgets (522)
[2023.01.31-01.42.04:121][223]LogModuleManager: Shutting down and abandoning module CollectionManager (520)
[2023.01.31-01.42.04:121][223]LogDirectoryWatcher: A directory notification for 'D:/UE4_RPG/THE7/Content/Collections/' was aborted.
[2023.01.31-01.42.04:121][223]LogDirectoryWatcher: A directory notification for 'D:/UE4_RPG/THE7/Content/Developers/kbc12006137/Collections/' was aborted.
[2023.01.31-01.42.04:121][223]LogDirectoryWatcher: A directory notification for 'D:/UE4_RPG/THE7/Saved/Collections/' was aborted.
[2023.01.31-01.42.04:121][223]LogModuleManager: Shutting down and abandoning module StatsViewer (518)
[2023.01.31-01.42.04:121][223]LogModuleManager: Shutting down and abandoning module FoliageEdit (516)
[2023.01.31-01.42.04:121][223]LogModuleManager: Shutting down and abandoning module LandscapeEditor (514)
[2023.01.31-01.42.04:121][223]LogModuleManager: Shutting down and abandoning module MeshPaintMode (512)
[2023.01.31-01.42.04:121][223]LogModuleManager: Shutting down and abandoning module SceneDepthPickerMode (510)
[2023.01.31-01.42.04:121][223]LogModuleManager: Shutting down and abandoning module ActorPickerMode (508)
[2023.01.31-01.42.04:121][223]LogModuleManager: Shutting down and abandoning module GeometryMode (506)
[2023.01.31-01.42.04:121][223]LogModuleManager: Shutting down and abandoning module TextureAlignMode (504)
[2023.01.31-01.42.04:121][223]LogModuleManager: Shutting down and abandoning module BspMode (502)
[2023.01.31-01.42.04:121][223]LogModuleManager: Shutting down and abandoning module PIEPreviewDeviceProfileSelector (500)
[2023.01.31-01.42.04:121][223]LogModuleManager: Shutting down and abandoning module HardwareSurvey (498)
[2023.01.31-01.42.04:121][223]LogModuleManager: Shutting down and abandoning module SequenceRecorderSections (496)
[2023.01.31-01.42.04:122][223]LogModuleManager: Shutting down and abandoning module AutomationWorker (494)
[2023.01.31-01.42.04:122][223]LogModuleManager: Shutting down and abandoning module MatineeToLevelSequence (492)
[2023.01.31-01.42.04:122][223]LogModuleManager: Shutting down and abandoning module LevelSequenceEditor (490)
[2023.01.31-01.42.04:122][223]LogModuleManager: Shutting down and abandoning module PlacementMode (489)
[2023.01.31-01.42.04:122][223]LogModuleManager: Shutting down and abandoning module WmfMediaFactory (486)
[2023.01.31-01.42.04:122][223]LogModuleManager: Shutting down and abandoning module WmfMediaEditor (484)
[2023.01.31-01.42.04:122][223]LogModuleManager: Shutting down and abandoning module AvfMediaFactory (482)
[2023.01.31-01.42.04:122][223]LogModuleManager: Shutting down and abandoning module AvfMediaEditor (480)
[2023.01.31-01.42.04:122][223]LogModuleManager: Shutting down and abandoning module AndroidMediaFactory (478)
[2023.01.31-01.42.04:122][223]LogModuleManager: Shutting down and abandoning module Media (477)
[2023.01.31-01.42.04:122][223]LogModuleManager: Shutting down and abandoning module AndroidMediaEditor (474)
[2023.01.31-01.42.04:122][223]LogModuleManager: Shutting down and abandoning module CharacterAI (472)
[2023.01.31-01.42.04:122][223]LogModuleManager: Shutting down and abandoning module AudioCapture (470)
[2023.01.31-01.42.04:122][223]LogModuleManager: Shutting down and abandoning module SequenceRecorder (469)
[2023.01.31-01.42.04:122][223]LogModuleManager: Shutting down and abandoning module SmartSnapping (466)
[2023.01.31-01.42.04:122][223]LogModuleManager: Shutting down and abandoning module SessionServices (464)
[2023.01.31-01.42.04:122][223]LogModuleManager: Shutting down and abandoning module ViewportSnapping (462)
[2023.01.31-01.42.04:122][223]LogModuleManager: Shutting down and abandoning module ViewportInteraction (460)
[2023.01.31-01.42.04:122][223]LogModuleManager: Shutting down and abandoning module ClothPainter (458)
[2023.01.31-01.42.04:122][223]LogModuleManager: Shutting down and abandoning module LogVisualizer (456)
[2023.01.31-01.42.04:122][223]LogModuleManager: Shutting down and abandoning module IntroTutorials (454)
[2023.01.31-01.42.04:122][223]LogModuleManager: Shutting down and abandoning module GameProjectGeneration (453)
[2023.01.31-01.42.04:122][223]LogModuleManager: Shutting down and abandoning module IOSPlatformEditor (450)
[2023.01.31-01.42.04:122][223]LogModuleManager: Shutting down and abandoning module HTML5PlatformEditor (448)
[2023.01.31-01.42.04:122][223]LogModuleManager: Shutting down and abandoning module AndroidPlatformEditor (446)
[2023.01.31-01.42.04:122][223]LogModuleManager: Shutting down and abandoning module AndroidDeviceDetection (445)
[2023.01.31-01.42.04:454][223]LogModuleManager: Shutting down and abandoning module WindowsPlatformEditor (442)
[2023.01.31-01.42.04:454][223]LogModuleManager: Shutting down and abandoning module IOSRuntimeSettings (440)
[2023.01.31-01.42.04:454][223]LogModuleManager: Shutting down and abandoning module AndroidRuntimeSettings (438)
[2023.01.31-01.42.04:454][223]LogModuleManager: Shutting down and abandoning module InputBindingEditor (436)
[2023.01.31-01.42.04:454][223]LogModuleManager: Shutting down and abandoning module MergeActors (434)
[2023.01.31-01.42.04:454][223]LogModuleManager: Shutting down and abandoning module SizeMap (432)
[2023.01.31-01.42.04:454][223]LogModuleManager: Shutting down and abandoning module TreeMap (430)
[2023.01.31-01.42.04:454][223]LogModuleManager: Shutting down and abandoning module ReferenceViewer (428)
[2023.01.31-01.42.04:454][223]LogModuleManager: Shutting down and abandoning module LocalizationDashboard (426)
[2023.01.31-01.42.04:454][223]LogModuleManager: Shutting down and abandoning module LocalizationService (425)
[2023.01.31-01.42.04:454][223]LogModuleManager: Shutting down and abandoning module HardwareTargeting (422)
[2023.01.31-01.42.04:454][223]LogModuleManager: Shutting down and abandoning module DeviceProfileEditor (420)
[2023.01.31-01.42.04:454][223]LogModuleManager: Shutting down and abandoning module UndoHistory (418)
[2023.01.31-01.42.04:454][223]LogModuleManager: Shutting down and abandoning module XmlParser (416)
[2023.01.31-01.42.04:454][223]LogModuleManager: Shutting down and abandoning module Blutility (414)
[2023.01.31-01.42.04:454][223]LogModuleManager: Shutting down and abandoning module ProjectSettingsViewer (412)
[2023.01.31-01.42.04:455][223]LogModuleManager: Shutting down and abandoning module ProjectTargetPlatformEditor (411)
[2023.01.31-01.42.04:455][223]LogModuleManager: Shutting down and abandoning module EditorSettingsViewer (408)
[2023.01.31-01.42.04:455][223]LogModuleManager: Shutting down and abandoning module SettingsEditor (406)
[2023.01.31-01.42.04:455][223]LogModuleManager: Shutting down and abandoning module ProjectLauncher (404)
[2023.01.31-01.42.04:455][223]LogModuleManager: Shutting down and abandoning module SessionFrontend (402)
[2023.01.31-01.42.04:455][223]LogModuleManager: Shutting down and abandoning module ProfilerClient (400)
[2023.01.31-01.42.04:455][223]LogModuleManager: Shutting down and abandoning module DeviceManager (398)
[2023.01.31-01.42.04:455][223]LogModuleManager: Shutting down and abandoning module TargetDeviceServices (397)
[2023.01.31-01.42.04:510][223]LogModuleManager: Shutting down and abandoning module AutomationController (394)
[2023.01.31-01.42.04:510][223]LogModuleManager: Shutting down and abandoning module AutomationWindow (392)
[2023.01.31-01.42.04:510][223]LogModuleManager: Shutting down and abandoning module Layers (390)
[2023.01.31-01.42.04:510][223]LogModuleManager: Shutting down and abandoning module ComponentVisualizers (388)
[2023.01.31-01.42.04:510][223]LogModuleManager: Shutting down and abandoning module DetailCustomizations (386)
[2023.01.31-01.42.04:510][223]LogModuleManager: Shutting down and abandoning module PackagesDialog (384)
[2023.01.31-01.42.04:510][223]LogModuleManager: Shutting down and abandoning module Persona (382)
[2023.01.31-01.42.04:510][223]LogModuleManager: Shutting down and abandoning module AdvancedPreviewScene (381)
[2023.01.31-01.42.04:510][223]LogModuleManager: Shutting down and abandoning module AnimGraph (379)
[2023.01.31-01.42.04:510][223]LogModuleManager: Shutting down and abandoning module Kismet (376)
[2023.01.31-01.42.04:516][223]LogModuleManager: Shutting down and abandoning module ClassViewer (374)
[2023.01.31-01.42.04:516][223]LogModuleManager: Shutting down and abandoning module Toolbox (372)
[2023.01.31-01.42.04:516][223]LogModuleManager: Shutting down and abandoning module ModuleUI (370)
[2023.01.31-01.42.04:516][223]LogModuleManager: Shutting down and abandoning module MovieSceneTools (368)
[2023.01.31-01.42.04:516][223]LogModuleManager: Shutting down and abandoning module OutputLog (366)
[2023.01.31-01.42.04:516][223]LogModuleManager: Shutting down and abandoning module GammaUI (364)
[2023.01.31-01.42.04:516][223]LogModuleManager: Shutting down and abandoning module Documentation (362)
[2023.01.31-01.42.04:516][223]LogModuleManager: Shutting down and abandoning module MovieSceneTracks (360)
[2023.01.31-01.42.04:516][223]LogModuleManager: Shutting down and abandoning module MovieScene (358)
[2023.01.31-01.42.04:516][223]LogModuleManager: Shutting down and abandoning module Niagara (356)
[2023.01.31-01.42.04:516][223]LogModuleManager: Shutting down and abandoning module NiagaraEditor (355)
[2023.01.31-01.42.04:516][223]LogModuleManager: Shutting down and abandoning module StreamingPauseRendering (352)
[2023.01.31-01.42.04:517][223]LogModuleManager: Shutting down and abandoning module LauncherPlatform (350)
[2023.01.31-01.42.04:517][223]LogModuleManager: Shutting down and abandoning module AnalyticsET (348)
[2023.01.31-01.42.04:517][223]LogModuleManager: Shutting down and abandoning module PortalServices (346)
[2023.01.31-01.42.04:517][223]LogModuleManager: Shutting down and abandoning module PortalRpc (344)
[2023.01.31-01.42.04:517][223]LogModuleManager: Shutting down and abandoning module MessagingRpc (342)
[2023.01.31-01.42.04:517][223]LogModuleManager: Shutting down and abandoning module AIModule (340)
[2023.01.31-01.42.04:517][223]LogModuleManager: Shutting down and abandoning module GameplayDebugger (339)
[2023.01.31-01.42.04:517][223]LogModuleManager: Shutting down and abandoning module AITestSuite (337)
[2023.01.31-01.42.04:517][223]LogModuleManager: Shutting down and abandoning module ProfilerService (334)
[2023.01.31-01.42.04:718][223]LogModuleManager: Shutting down and abandoning module TaskGraph (332)
[2023.01.31-01.42.04:718][223]LogModuleManager: Shutting down and abandoning module SteamVRController (330)
[2023.01.31-01.42.04:718][223]LogModuleManager: Shutting down and abandoning module ProceduralMeshComponentEditor (328)
[2023.01.31-01.42.04:718][223]LogModuleManager: Shutting down and abandoning module ProceduralMeshComponent (326)
[2023.01.31-01.42.04:718][223]LogModuleManager: Shutting down and abandoning module OculusInput (324)
[2023.01.31-01.42.04:718][223]LogModuleManager: Shutting down and abandoning module MobilePatchingUtils (322)
[2023.01.31-01.42.04:718][223]LogModuleManager: Shutting down and abandoning module CustomMeshComponent (320)
[2023.01.31-01.42.04:718][223]LogModuleManager: Shutting down and abandoning module CableComponent (318)
[2023.01.31-01.42.04:718][223]LogModuleManager: Shutting down and abandoning module ArchVisCharacter (316)
[2023.01.31-01.42.04:718][223]LogModuleManager: Shutting down and abandoning module AndroidPermission (314)
[2023.01.31-01.42.04:718][223]LogModuleManager: Shutting down and abandoning module MediaPlayerEditor (310)
[2023.01.31-01.42.04:718][223]LogModuleManager: Shutting down and abandoning module HTML5Networking (308)
[2023.01.31-01.42.04:718][223]LogModuleManager: Shutting down and abandoning module AlembicImporter (306)
[2023.01.31-01.42.04:718][223]LogModuleManager: Shutting down and abandoning module AlembicLibrary (305)
[2023.01.31-01.42.04:718][223]LogModuleManager: Shutting down and abandoning module GeometryCache (304)
[2023.01.31-01.42.04:718][223]LogModuleManager: Shutting down and abandoning module GeometryCacheEd (303)
[2023.01.31-01.42.04:718][223]LogModuleManager: Shutting down and abandoning module SpeedTreeImporter (298)
[2023.01.31-01.42.04:719][223]LogModuleManager: Shutting down and abandoning module PluginBrowser (296)
[2023.01.31-01.42.04:719][223]LogModuleManager: Shutting down and abandoning module MobileLauncherProfileWizard (294)
[2023.01.31-01.42.04:719][223]LogModuleManager: Shutting down and abandoning module VisualStudioSourceCodeAccess (292)
[2023.01.31-01.42.04:719][223]LogModuleManager: Shutting down and abandoning module DesktopPlatform (291)
[2023.01.31-01.42.04:719][223]LogModuleManager: Shutting down and abandoning module UObjectPlugin (288)
[2023.01.31-01.42.04:719][223]LogModuleManager: Shutting down and abandoning module SubversionSourceControl (286)
[2023.01.31-01.42.04:719][223]LogModuleManager: Shutting down and abandoning module PerforceSourceControl (284)
[2023.01.31-01.42.04:719][223]LogModuleManager: Shutting down and abandoning module GitSourceControl (282)
[2023.01.31-01.42.04:719][223]LogModuleManager: Shutting down and abandoning module SourceControl (281)
[2023.01.31-01.42.04:719][223]LogModuleManager: Shutting down and abandoning module LightPropagationVolumeEditor (278)
[2023.01.31-01.42.04:719][223]LogModuleManager: Shutting down and abandoning module PaperTiledImporter (276)
[2023.01.31-01.42.04:719][223]LogModuleManager: Shutting down and abandoning module PaperSpriteSheetImporter (274)
[2023.01.31-01.42.04:719][223]LogModuleManager: Shutting down and abandoning module Paper2DEditor (272)
[2023.01.31-01.42.04:719][223]LogModuleManager: Shutting down and abandoning module MeshPaint (271)
[2023.01.31-01.42.04:719][223]LogModuleManager: Shutting down and abandoning module LevelEditor (269)
[2023.01.31-01.42.04:719][223]LogModuleManager: Shutting down and abandoning module PixelInspectorModule (268)
[2023.01.31-01.42.04:719][223]LogModuleManager: Shutting down and abandoning module MainFrame (266)
[2023.01.31-01.42.04:719][223]LogModuleManager: Shutting down and abandoning module HotReload (265)
[2023.01.31-01.42.04:720][223]LogModuleManager: Shutting down and abandoning module RuntimePhysXCooking (260)
[2023.01.31-01.42.04:720][223]LogModuleManager: Shutting down and abandoning module PhysXVehiclesEditor (258)
[2023.01.31-01.42.04:720][223]LogModuleManager: Shutting down and abandoning module PhysXVehicles (256)
[2023.01.31-01.42.04:720][223]LogModuleManager: Shutting down and abandoning module OculusEditor (254)
[2023.01.31-01.42.04:720][223]LogModuleManager: Shutting down and abandoning module LocationServicesBPLibrary (252)
[2023.01.31-01.42.04:720][223]LogModuleManager: Shutting down and abandoning module ImmediatePhysicsEditor (250)
[2023.01.31-01.42.04:720][223]LogModuleManager: Shutting down and abandoning module ImmediatePhysics (248)
[2023.01.31-01.42.04:720][223]LogModuleManager: Shutting down and abandoning module UdpMessaging (246)
[2023.01.31-01.42.04:820][223]LogModuleManager: Shutting down and abandoning module TcpMessaging (244)
[2023.01.31-01.42.04:921][223]LogModuleManager: Shutting down and abandoning module GameplayTagsEditor (242)
[2023.01.31-01.42.04:921][223]LogModuleManager: Shutting down and abandoning module FacialAnimationEditor (240)
[2023.01.31-01.42.04:921][223]LogModuleManager: Shutting down and abandoning module FacialAnimation (238)
[2023.01.31-01.42.04:921][223]LogModuleManager: Shutting down and abandoning module AssetManagerEditor (236)
[2023.01.31-01.42.04:921][223]LogModuleManager: Shutting down and abandoning module GraphEditor (235)
[2023.01.31-01.42.04:921][223]LogModuleManager: Shutting down and abandoning module ContentBrowser (233)
[2023.01.31-01.42.04:921][223]LogModuleManager: Shutting down and abandoning module LightPropagationVolumeRuntime (230)
[2023.01.31-01.42.04:921][223]LogModuleManager: Shutting down and abandoning module Paper2D (228)
[2023.01.31-01.42.04:921][223]LogModuleManager: Shutting down and abandoning module WindowsMoviePlayer (226)
[2023.01.31-01.42.04:922][223]LogModuleManager: Shutting down and abandoning module WmfMedia (224)
[2023.01.31-01.42.04:923][223]LogModuleManager: Shutting down and abandoning module PacketHandler (222)
[2023.01.31-01.42.04:923][223]LogModuleManager: Shutting down and abandoning module ClothingSystemEditor (220)
[2023.01.31-01.42.04:923][223]LogModuleManager: Shutting down and abandoning module ClothingSystemRuntime (218)
[2023.01.31-01.42.04:923][223]LogModuleManager: Shutting down and abandoning module Overlay (216)
[2023.01.31-01.42.04:923][223]LogModuleManager: Shutting down and abandoning module OverlayEditor (215)
[2023.01.31-01.42.04:923][223]LogModuleManager: Shutting down and abandoning module MediaAssets (212)
[2023.01.31-01.42.04:923][223]LogModuleManager: Shutting down and abandoning module VREditor (210)
[2023.01.31-01.42.04:923][223]LogModuleManager: Shutting down and abandoning module StringTableEditor (208)
[2023.01.31-01.42.04:923][223]LogModuleManager: Shutting down and abandoning module GameplayTasksEditor (206)
[2023.01.31-01.42.04:923][223]LogModuleManager: Shutting down and abandoning module BehaviorTreeEditor (204)
[2023.01.31-01.42.04:923][223]LogModuleManager: Shutting down and abandoning module FunctionalTesting (202)
[2023.01.31-01.42.04:923][223]LogModuleManager: Shutting down and abandoning module CollisionAnalyzer (200)
[2023.01.31-01.42.04:923][223]LogModuleManager: Shutting down and abandoning module WorkspaceMenuStructure (199)
[2023.01.31-01.42.04:923][223]LogModuleManager: Shutting down and abandoning module UMG (196)
[2023.01.31-01.42.04:923][223]LogModuleManager: Shutting down and abandoning module UMGEditor (195)
[2023.01.31-01.42.04:923][223]LogModuleManager: Shutting down and abandoning module Sequencer (194)
[2023.01.31-01.42.04:923][223]LogModuleManager: Shutting down and abandoning module MessageLog (191)
[2023.01.31-01.42.04:923][223]LogModuleManager: Shutting down and abandoning module SlateReflector (186)
[2023.01.31-01.42.04:923][223]LogModuleManager: Shutting down and abandoning module Slate (184)
[2023.01.31-01.42.04:923][223]LogModuleManager: Shutting down and abandoning module EditorStyle (182)
[2023.01.31-01.42.04:925][223]LogModuleManager: Shutting down and abandoning module MRMesh (180)
[2023.01.31-01.42.04:925][223]LogModuleManager: Shutting down and abandoning module SourceCodeAccess (178)
[2023.01.31-01.42.04:925][223]LogModuleManager: Shutting down and abandoning module HeadMountedDisplay (176)
[2023.01.31-01.42.04:925][223]LogModuleManager: Shutting down and abandoning module XAudio2 (174)
[2023.01.31-01.42.04:925][223]LogModuleManager: Shutting down and abandoning module Networking (172)
[2023.01.31-01.42.04:925][223]LogModuleManager: Shutting down and abandoning module Core (168)
[2023.01.31-01.42.04:925][223]LogModuleManager: Shutting down and abandoning module KismetCompiler (164)
[2023.01.31-01.42.04:925][223]LogModuleManager: Shutting down and abandoning module LevelSequence (162)
[2023.01.31-01.42.04:925][223]LogModuleManager: Shutting down and abandoning module MeshUtilities (160)
[2023.01.31-01.42.04:925][223]LogModuleManager: Shutting down and abandoning module MeshMergeUtilities (159)
[2023.01.31-01.42.04:925][223]LogModuleManager: Shutting down and abandoning module MeshReductionInterface (158)
[2023.01.31-01.42.04:925][223]LogModuleManager: Shutting down and abandoning module SimplygonSwarm (157)
[2023.01.31-01.42.04:925][223]LogModuleManager: Shutting down and abandoning module SimplygonMeshReduction (155)
[2023.01.31-01.42.04:925][223]LogModuleManager: Shutting down and abandoning module QuadricMeshReduction (153)
[2023.01.31-01.42.04:925][223]LogModuleManager: Shutting down and abandoning module MaterialBaking (149)
[2023.01.31-01.42.04:925][223]LogModuleManager: Shutting down and abandoning module DirectoryWatcher (146)
[2023.01.31-01.42.04:926][223]LogModuleManager: Shutting down and abandoning module DerivedDataCache (144)
[2023.01.31-01.42.04:971][223]LogDerivedDataCache: Shutdown
[2023.01.31-01.42.04:971][223]LogModuleManager: Shutting down and abandoning module TargetPlatform (142)
[2023.01.31-01.42.04:971][223]LogModuleManager: Shutting down and abandoning module VulkanShaderFormat (141)
[2023.01.31-01.42.04:971][223]LogModuleManager: Shutting down and abandoning module ShaderFormatVectorVM (139)
[2023.01.31-01.42.04:971][223]LogModuleManager: Shutting down and abandoning module ShaderFormatOpenGL (137)
[2023.01.31-01.42.04:971][223]LogModuleManager: Shutting down and abandoning module ShaderFormatD3D (135)
[2023.01.31-01.42.04:971][223]LogModuleManager: Shutting down and abandoning module MetalShaderFormat (133)
[2023.01.31-01.42.04:971][223]LogModuleManager: Shutting down and abandoning module TextureFormatUncompressed (131)
[2023.01.31-01.42.04:971][223]LogModuleManager: Shutting down and abandoning module TextureFormatPVR (129)
[2023.01.31-01.42.04:971][223]LogModuleManager: Shutting down and abandoning module TextureFormatDXT (127)
[2023.01.31-01.42.04:971][223]LogModuleManager: Shutting down and abandoning module TextureFormatIntelISPCTexComp (125)
[2023.01.31-01.42.04:971][223]LogModuleManager: Shutting down and abandoning module TextureFormatASTC (123)
[2023.01.31-01.42.04:971][223]LogModuleManager: Shutting down and abandoning module ImageWrapper (122)
[2023.01.31-01.42.04:971][223]LogModuleManager: Shutting down and abandoning module TextureFormatAndroid (119)
[2023.01.31-01.42.04:971][223]LogModuleManager: Shutting down and abandoning module AudioFormatOpus (117)
[2023.01.31-01.42.04:971][223]LogModuleManager: Shutting down and abandoning module AudioFormatOgg (115)
[2023.01.31-01.42.04:971][223]LogModuleManager: Shutting down and abandoning module AudioFormatADPCM (113)
[2023.01.31-01.42.04:971][223]LogModuleManager: Shutting down and abandoning module LinuxTargetPlatform (111)
[2023.01.31-01.42.04:971][223]LogModuleManager: Shutting down and abandoning module LinuxServerTargetPlatform (109)
[2023.01.31-01.42.04:971][223]LogModuleManager: Shutting down and abandoning module LinuxNoEditorTargetPlatform (107)
[2023.01.31-01.42.04:972][223]LogModuleManager: Shutting down and abandoning module LinuxClientTargetPlatform (105)
[2023.01.31-01.42.04:972][223]LogModuleManager: Shutting down and abandoning module TVOSTargetPlatform (103)
[2023.01.31-01.42.04:972][223]LogModuleManager: Shutting down and abandoning module Messaging (101)
[2023.01.31-01.42.04:972][223]LogModuleManager: Shutting down and abandoning module IOSTargetPlatform (99)
[2023.01.31-01.42.04:972][223]LogModuleManager: Shutting down and abandoning module HTML5TargetPlatform (97)
[2023.01.31-01.42.04:972][223]LogModuleManager: Shutting down and abandoning module Android_PVRTCTargetPlatform (95)
[2023.01.31-01.42.04:972][223]LogModuleManager: Shutting down and abandoning module Android_MultiTargetPlatform (93)
[2023.01.31-01.42.04:972][223]LogModuleManager: Shutting down and abandoning module Android_ETC2TargetPlatform (91)
[2023.01.31-01.42.04:972][223]LogModuleManager: Shutting down and abandoning module Android_ETC1TargetPlatform (89)
[2023.01.31-01.42.04:972][223]LogModuleManager: Shutting down and abandoning module Android_DXTTargetPlatform (87)
[2023.01.31-01.42.04:972][223]LogModuleManager: Shutting down and abandoning module Android_ATCTargetPlatform (85)
[2023.01.31-01.42.04:972][223]LogModuleManager: Shutting down and abandoning module Android_ASTCTargetPlatform (83)
[2023.01.31-01.42.04:972][223]LogModuleManager: Shutting down and abandoning module AndroidTargetPlatform (81)
[2023.01.31-01.42.04:972][223]LogModuleManager: Shutting down and abandoning module WindowsTargetPlatform (79)
[2023.01.31-01.42.04:972][223]LogModuleManager: Shutting down and abandoning module WindowsServerTargetPlatform (77)
[2023.01.31-01.42.04:972][223]LogModuleManager: Shutting down and abandoning module WindowsNoEditorTargetPlatform (75)
[2023.01.31-01.42.04:972][223]LogModuleManager: Shutting down and abandoning module WindowsClientTargetPlatform (73)
[2023.01.31-01.42.04:972][223]LogModuleManager: Shutting down and abandoning module MacTargetPlatform (71)
[2023.01.31-01.42.04:972][223]LogModuleManager: Shutting down and abandoning module MacServerTargetPlatform (69)
[2023.01.31-01.42.04:972][223]LogModuleManager: Shutting down and abandoning module MacNoEditorTargetPlatform (67)
[2023.01.31-01.42.04:972][223]LogModuleManager: Shutting down and abandoning module MacClientTargetPlatform (65)
[2023.01.31-01.42.04:972][223]LogModuleManager: Shutting down and abandoning module AllDesktopTargetPlatform (63)
[2023.01.31-01.42.04:972][223]LogModuleManager: Shutting down and abandoning module InputCore (60)
[2023.01.31-01.42.04:972][223]LogModuleManager: Shutting down and abandoning module Settings (58)
[2023.01.31-01.42.04:972][223]LogModuleManager: Shutting down and abandoning module PhysXCooking (56)
[2023.01.31-01.42.04:972][223]LogModuleManager: Shutting down and abandoning module SteamVR (54)
[2023.01.31-01.42.04:972][223]LogModuleManager: Shutting down and abandoning module OculusHMD (52)
[2023.01.31-01.42.04:972][223]LogModuleManager: Shutting down and abandoning module ExampleDeviceProfileSelector (50)
[2023.01.31-01.42.04:972][223]LogModuleManager: Shutting down and abandoning module OnlineBlueprintSupport (48)
[2023.01.31-01.42.04:972][223]LogModuleManager: Shutting down and abandoning module OnlineSubsystem (44)
[2023.01.31-01.42.04:972][223]LogOnline: Display: Unloading online subsystem: NULL
[2023.01.31-01.42.04:972][223]LogModuleManager: Shutting down and abandoning module XMPP (43)
[2023.01.31-01.42.04:972][223]LogModuleManager: Shutting down and abandoning module HTTP (41)
[2023.01.31-01.42.04:972][223]LogHttp: Display: Http module shutting down, but needs to wait on 1 outstanding Http requests:
[2023.01.31-01.42.04:972][223]LogHttp: Display: 	verb=[POST] url=[https://datarouter.ol.epicgames.com/datarouter/api/v1/public/data?SessionID=%7BC9A33262-4A9D-A871-00E6-1AA173EABA18%7D&AppID=UEEditor.Rocket.Release&AppVersion=4.17.2-3658906%2B%2B%2BUE4%2BRelease-4.17&UserID=025d81ba4313f7ede2e4b5aade24dd58%7C1c396782e3db4fe199491e3a12fa3bc4%7Ce1625542-77cd-48e1-9c3c-790e23bc423d&AppEnvironment=datacollector-binary&UploadType=eteventstream] status=Processing
[2023.01.31-01.42.05:000][223]LogModuleManager: Shutting down and abandoning module SSL (40)
[2023.01.31-01.42.05:001][223]LogModuleManager: Shutting down and abandoning module AnimationModifiers (36)
[2023.01.31-01.42.05:001][223]LogModuleManager: Shutting down and abandoning module PropertyEditor (35)
[2023.01.31-01.42.05:002][223]LogModuleManager: Shutting down and abandoning module AudioEditor (32)
[2023.01.31-01.42.05:002][223]LogModuleManager: Shutting down and abandoning module TextureCompressor (30)
[2023.01.31-01.42.05:002][223]LogModuleManager: Shutting down and abandoning module ShaderCore (28)
[2023.01.31-01.42.05:002][223]LogModuleManager: Shutting down and abandoning module Landscape (26)
[2023.01.31-01.42.05:002][223]LogModuleManager: Shutting down and abandoning module SlateRHIRenderer (24)
[2023.01.31-01.42.05:003][223]LogModuleManager: Shutting down and abandoning module OpenGLDrv (22)
[2023.01.31-01.42.05:003][223]LogModuleManager: Shutting down and abandoning module D3D11RHI (20)
[2023.01.31-01.42.05:003][223]LogModuleManager: Shutting down and abandoning module AnimGraphRuntime (18)
[2023.01.31-01.42.05:003][223]LogModuleManager: Shutting down and abandoning module Renderer (16)
[2023.01.31-01.42.05:003][223]LogModuleManager: Shutting down and abandoning module Engine (14)
[2023.01.31-01.42.05:003][223]LogModuleManager: Shutting down and abandoning module CoreUObject (12)
[2023.01.31-01.42.05:003][223]LogModuleManager: Shutting down and abandoning module NetworkFile (10)
[2023.01.31-01.42.05:003][223]LogModuleManager: Shutting down and abandoning module CookedIterativeFile (8)
[2023.01.31-01.42.05:003][223]LogModuleManager: Shutting down and abandoning module StreamingFile (6)
[2023.01.31-01.42.05:003][223]LogModuleManager: Shutting down and abandoning module SandboxFile (4)
[2023.01.31-01.42.05:003][223]LogModuleManager: Shutting down and abandoning module PakFile (2)
[2023.01.31-01.42.05:007][223]LogExit: Exiting.
[2023.01.31-01.42.05:015][223]Log file closed, 01/31/23 10:42:05
