Log file open, 11/22/22 10:06:03
LogWindows: Failed to load 'aqProf.dll' (GetLastError=126)
LogWindows: File 'aqProf.dll' does not exist
LogWindows: Failed to load 'VSPerf140.dll' (GetLastError=126)
LogWindows: File 'VSPerf140.dll' does not exist
LogWindows: Failed to load 'VtuneApi.dll' (GetLastError=126)
LogWindows: File 'VtuneApi.dll' does not exist
LogWindows: Failed to load 'VtuneApi32e.dll' (GetLastError=126)
LogWindows: File 'VtuneApi32e.dll' does not exist
LogInit: Display: Running engine for game: THE7
LogPlatformFile: Not using cached read wrapper
LogInit: Display: RandInit(631146677) SRandInit(631146677).
LogTaskGraph: Started task graph with 5 named threads and 20 total threads with 3 sets of task threads.
LogStats: Stats thread started at 0.306621
LogD3D11RHI: Aftermath initialized
LogPluginManager: Mounting plugin Paper2D
LogPluginManager: Mounting plugin LightPropagationVolume
LogPluginManager: Mounting plugin CodeLiteSourceCodeAccess
LogPluginManager: Mounting plugin GitSourceControl
LogPluginManager: Mounting plugin KDevelopSourceCodeAccess
LogPluginManager: Mounting plugin NullSourceCodeAccess
LogPluginManager: Mounting plugin PerforceSourceControl
LogPluginManager: Mounting plugin SubversionSourceControl
LogPluginManager: Mounting plugin UObjectPlugin
LogPluginManager: Mounting plugin VisualStudioSourceCodeAccess
LogPluginManager: Mounting plugin XCodeSourceCodeAccess
LogPluginManager: Mounting plugin AssetManagerEditor
LogPluginManager: Mounting plugin AudioCapture
LogPluginManager: Mounting plugin FacialAnimation
LogPluginManager: Mounting plugin GameplayTagsEditor
LogPluginManager: Mounting plugin MobileLauncherProfileWizard
LogPluginManager: Mounting plugin PluginBrowser
LogPluginManager: Mounting plugin SpeedTreeImporter
LogPluginManager: Mounting plugin AlembicImporter
LogPluginManager: Mounting plugin CharacterAI
LogPluginManager: Mounting plugin HTML5Networking
LogPluginManager: Mounting plugin AndroidMedia
LogPluginManager: Mounting plugin AvfMedia
LogPluginManager: Mounting plugin MediaPlayerEditor
LogPluginManager: Mounting plugin WmfMedia
LogPluginManager: Mounting plugin TcpMessaging
LogPluginManager: Mounting plugin UdpMessaging
LogPluginManager: Mounting plugin LevelSequenceEditor
LogPluginManager: Mounting plugin MatineeToLevelSequence
LogPluginManager: Mounting plugin OnlineSubsystemGooglePlay
LogPluginManager: Mounting plugin OnlineSubsystemIOS
LogPluginManager: Mounting plugin OnlineSubsystem
LogPluginManager: Mounting plugin OnlineSubsystemNull
LogPluginManager: Mounting plugin OnlineSubsystemUtils
LogPluginManager: Mounting plugin AndroidDeviceProfileSelector
LogPluginManager: Mounting plugin AndroidMoviePlayer
LogPluginManager: Mounting plugin AndroidPermission
LogPluginManager: Mounting plugin AppleMoviePlayer
LogPluginManager: Mounting plugin ArchVisCharacter
LogPluginManager: Mounting plugin CableComponent
LogPluginManager: Mounting plugin CustomMeshComponent
LogPluginManager: Mounting plugin ExampleDeviceProfileSelector
LogPluginManager: Mounting plugin GoogleCloudMessaging
LogPluginManager: Mounting plugin ImmediatePhysics
LogPluginManager: Mounting plugin IOSDeviceProfileSelector
LogPluginManager: Mounting plugin LinuxDeviceProfileSelector
LogPluginManager: Mounting plugin LocationServicesBPLibrary
LogPluginManager: Mounting plugin MobilePatchingUtils
LogPluginManager: Mounting plugin OculusVR
LogPluginManager: Mounting plugin PhysXVehicles
LogPluginManager: Mounting plugin ProceduralMeshComponent
LogPluginManager: Mounting plugin RuntimePhysXCooking
LogPluginManager: Mounting plugin SteamVR
LogPluginManager: Mounting plugin WindowsMoviePlayer
LogInit: Using libcurl 7.47.1
LogInit:  - built for x86_64-pc-win32
LogInit:  - supports SSL with OpenSSL/1.0.2g
LogInit:  - supports HTTP deflate (compression) using libz 1.2.8
LogInit:  - other features:
LogInit:      CURL_VERSION_SSL
LogInit:      CURL_VERSION_LIBZ
LogInit:      CURL_VERSION_IPV6
LogInit:      CURL_VERSION_ASYNCHDNS
LogInit:      CURL_VERSION_LARGEFILE
LogInit:      CURL_VERSION_IDN
LogInit:  CurlRequestOptions (configurable via config and command line):
LogInit:  - bVerifyPeer = false  - Libcurl will NOT verify peer certificate
LogInit:  - bUseHttpProxy = false  - Libcurl will NOT use HTTP proxy
LogInit:  - bDontReuseConnections = false  - Libcurl will reuse connections
LogInit:  - CertBundlePath = nullptr  - Libcurl will use whatever was configured at build time.
LogInit: Build: ++UE4+Release-4.17-CL-3658906
LogInit: Engine Version: 4.17.2-3658906+++UE4+Release-4.17
LogInit: Compatible Engine Version: 4.17.0-3573198+++UE4+Release-4.17
LogInit: Net CL: 3573198
LogDevObjectVersion: Number of dev versions registered: 16
LogDevObjectVersion:   Dev-Blueprints (B0D832E4-1F89-4F0D-ACCF-7EB736FD4AA2): 10
LogDevObjectVersion:   Dev-Build (E1C64328-A22C-4D53-A36C-8E866417BD8C): 0
LogDevObjectVersion:   Dev-Core (375EC13C-06E4-48FB-B500-84F0262A717E): 2
LogDevObjectVersion:   Dev-Editor (E4B068ED-F494-42E9-A231-DA0B2E46BB41): 20
LogDevObjectVersion:   Dev-Framework (CFFC743F-43B0-4480-9391-14DF171D2073): 28
LogDevObjectVersion:   Dev-Mobile (B02B49B5-BB20-44E9-A304-32B752E40360): 0
LogDevObjectVersion:   Dev-Networking (A4E4105C-59A1-49B5-A7C5-40C4547EDFEE): 0
LogDevObjectVersion:   Dev-Online (39C831C9-5AE6-47DC-9A44-9C173E1C8E7C): 0
LogDevObjectVersion:   Dev-Physics (78F01B33-EBEA-4F98-B9B4-84EACCB95AA2): 0
LogDevObjectVersion:   Dev-Platform (6631380F-2D4D-43E0-8009-CF276956A95A): 0
LogDevObjectVersion:   Dev-Rendering (12F88B9F-8875-4AFC-A67C-D90C383ABD29): 19
LogDevObjectVersion:   Dev-Sequencer (7B5AE74C-D270-4C10-A958-57980B212A5A): 4
LogDevObjectVersion:   Dev-VR (D7296918-1DD6-4BDD-9DE2-64A83CC13884): 0
LogDevObjectVersion:   Dev-LoadTimes (C2A15278-BFE7-4AFE-6C17-90FF531DF755): 1
LogDevObjectVersion:   Private-Geometry (6EACA3D4-40EC-4CC1-B786-8BED09428FC5): 1
LogDevObjectVersion:   Dev-AnimPhys (29E575DD-E0A3-4627-9D10-D276232CDCEA): 7
LogInit: Compiled (64-bit): Sep 22 2017 13:47:16
LogInit: Compiled with Visual C++: 19.00.24215.01
LogInit: Build Configuration: Development
LogInit: Branch Name: ++UE4+Release-4.17
LogInit: Command line:  
LogInit: Base directory: D:/UE_4.17/Engine/Binaries/Win64/
LogInit: Installed Engine Build: 1
LogInit: Presizing for max 8388607 objects, including 0 objects not considered by GC, pre-allocating 0 bytes for permanent pool.
LogInit: Object subsystem initialized
[2022.11.22-01.06.03:573][  0]LogInit: Selected Device Profile: [Windows]
[2022.11.22-01.06.03:573][  0]LogInit: Applying CVar settings loaded from the selected device profile: [Windows]
[2022.11.22-01.06.03:581][  0]LogInit: Computer: KBC12006081
[2022.11.22-01.06.03:581][  0]LogInit: User: Owner
[2022.11.22-01.06.03:581][  0]LogInit: CPU Page size=4096, Cores=6
[2022.11.22-01.06.03:581][  0]LogInit: High frequency timer resolution =10.000000 MHz
[2022.11.22-01.06.03:581][  0]LogMemory: Memory total: Physical=15.8GB (16GB approx)
[2022.11.22-01.06.03:581][  0]LogMemory: Platform Memory Stats for Windows
[2022.11.22-01.06.03:581][  0]LogMemory: Process Physical Memory: 281.31 MB used, 281.31 MB peak
[2022.11.22-01.06.03:581][  0]LogMemory: Process Virtual Memory: 281.22 MB used, 281.22 MB peak
[2022.11.22-01.06.03:581][  0]LogMemory: Physical Memory: 6215.63 MB used,  10014.28 MB free, 16229.91 MB total
[2022.11.22-01.06.03:581][  0]LogMemory: Virtual Memory: 4799.75 MB used,  10014.28 MB free, 134217728.00 MB total
[2022.11.22-01.06.03:758][  0]LogInit: Using OS detected language (ja-JP).
[2022.11.22-01.06.03:759][  0]LogInit: Using OS detected locale (ja-JP).
[2022.11.22-01.06.03:761][  0]LogTextLocalizationManager: No specific localization for 'ja-JP' exists, so the 'ja' localization will be used.
[2022.11.22-01.06.04:163][  0]LogD3D11RHI: D3D11 adapters:
[2022.11.22-01.06.04:271][  0]LogD3D11RHI:    0. 'NVIDIA GeForce GTX 1650 with Max-Q Design' (Feature Level 11_0)
[2022.11.22-01.06.04:271][  0]LogD3D11RHI:       3962/0/8114 MB DedicatedVideo/DedicatedSystem/SharedSystem, Outputs:1, VendorId:0x10de
[2022.11.22-01.06.04:308][  0]LogD3D11RHI:    1. 'Intel(R) UHD Graphics 630' (Feature Level 11_0)
[2022.11.22-01.06.04:308][  0]LogD3D11RHI:       128/0/8114 MB DedicatedVideo/DedicatedSystem/SharedSystem, Outputs:0, VendorId:0x8086
[2022.11.22-01.06.04:310][  0]LogD3D11RHI:    2. 'Microsoft Basic Render Driver' (Feature Level 11_0)
[2022.11.22-01.06.04:310][  0]LogD3D11RHI:       0/0/8114 MB DedicatedVideo/DedicatedSystem/SharedSystem, Outputs:0, VendorId:0x1414
[2022.11.22-01.06.04:310][  0]LogD3D11RHI: Chosen D3D11 Adapter: 0
[2022.11.22-01.06.04:315][  0]LogD3D11RHI: Creating new Direct3DDevice
[2022.11.22-01.06.04:315][  0]LogD3D11RHI:     GPU DeviceId: 0x1f91 (for the marketing name, search the web for "GPU Device Id")
[2022.11.22-01.06.04:315][  0]LogWindows: EnumDisplayDevices:
[2022.11.22-01.06.04:316][  0]LogWindows:    0. 'Intel(R) UHD Graphics 630' (P:1 D:1)
[2022.11.22-01.06.04:316][  0]LogWindows:    1. 'Intel(R) UHD Graphics 630' (P:0 D:0)
[2022.11.22-01.06.04:316][  0]LogWindows:    2. 'Intel(R) UHD Graphics 630' (P:0 D:0)
[2022.11.22-01.06.04:316][  0]LogWindows: DebugString: GetVideoDriverDetailsInvalid PrimaryIsNotTheChoosenAdapter GetVideoDriverDetailsInvalid PrimaryIsNotTheChoosenAdapter GetVideoDriverDetailsInvalid PrimaryIsNotTheChoosenAdapter FoundDriverCount:0 
[2022.11.22-01.06.04:316][  0]LogD3D11RHI:     Adapter Name: NVIDIA GeForce GTX 1650 with Max-Q Design
[2022.11.22-01.06.04:316][  0]LogD3D11RHI:   Driver Version: Unknown (internal:Unknown, unified:Unknown)
[2022.11.22-01.06.04:316][  0]LogD3D11RHI:      Driver Date: Unknown
[2022.11.22-01.06.04:316][  0]LogRHI: Texture pool is 1361 MB (70% of 1945 MB)
[2022.11.22-01.06.04:389][  0]LogD3D11RHI: Async texture creation enabled
[2022.11.22-01.06.04:400][  0]LogD3D11RHI: GPU Timing Frequency: 1000.000000 (Debug: 2 1)
[2022.11.22-01.06.04:401][  0]LogShaderCompilers: Guid format shader working directory is 8 characters bigger than the processId version (C:/Users/Owner/Documents/UE4_RPG/THE7/Intermediate/Shaders/WorkingDirectory/10380/).
[2022.11.22-01.06.04:401][  0]LogShaderCompilers: Cleaned the shader compiler working directory 'C:/Users/Owner/AppData/Local/Temp/UnrealShaderWorkingDir/2BA57C4C4EBDB6CAC4E2809206D5F8B8/'.
[2022.11.22-01.06.04:401][  0]LogShaderCompilers: Display: Using Local Shader Compiler.
[2022.11.22-01.06.05:136][  0]LogTemp: Display: Loaded TP AllDesktopTargetPlatform
[2022.11.22-01.06.05:180][  0]LogTemp: Display: Loaded TP MacClientTargetPlatform
[2022.11.22-01.06.05:225][  0]LogTemp: Display: Loaded TP MacNoEditorTargetPlatform
[2022.11.22-01.06.05:269][  0]LogTemp: Display: Loaded TP MacServerTargetPlatform
[2022.11.22-01.06.05:313][  0]LogTemp: Display: Loaded TP MacTargetPlatform
[2022.11.22-01.06.05:358][  0]LogTemp: Display: Loaded TP WindowsClientTargetPlatform
[2022.11.22-01.06.05:402][  0]LogTemp: Display: Loaded TP WindowsNoEditorTargetPlatform
[2022.11.22-01.06.05:446][  0]LogTemp: Display: Loaded TP WindowsServerTargetPlatform
[2022.11.22-01.06.05:484][  0]LogTemp: Display: Loaded TP WindowsTargetPlatform
[2022.11.22-01.06.05:528][  0]LogTemp: Display: Loaded TP AndroidTargetPlatform
[2022.11.22-01.06.05:573][  0]LogTemp: Display: Loaded TP Android_ASTCTargetPlatform
[2022.11.22-01.06.05:617][  0]LogTemp: Display: Loaded TP Android_ATCTargetPlatform
[2022.11.22-01.06.05:660][  0]LogTemp: Display: Loaded TP Android_DXTTargetPlatform
[2022.11.22-01.06.05:702][  0]LogTemp: Display: Loaded TP Android_ETC1TargetPlatform
[2022.11.22-01.06.05:745][  0]LogTemp: Display: Loaded TP Android_ETC2TargetPlatform
[2022.11.22-01.06.05:831][  0]LogTemp: Display: Loaded TP Android_MultiTargetPlatform
[2022.11.22-01.06.05:831][  0]LogTemp: Display: Loaded TP Android_PVRTCTargetPlatform
[2022.11.22-01.06.05:865][  0]LogTemp: Display: Loaded TP HTML5TargetPlatform
[2022.11.22-01.06.05:949][  0]LogTemp: Display: Loaded TP IOSTargetPlatform
[2022.11.22-01.06.05:976][  0]LogTemp: Display: Loaded TP TVOSTargetPlatform
[2022.11.22-01.06.06:019][  0]LogTemp: Display: Loaded TP LinuxClientTargetPlatform
[2022.11.22-01.06.06:062][  0]LogTemp: Display: Loaded TP LinuxNoEditorTargetPlatform
[2022.11.22-01.06.06:105][  0]LogTemp: Display: Loaded TP LinuxServerTargetPlatform
[2022.11.22-01.06.06:148][  0]LogTemp: Display: Loaded TP LinuxTargetPlatform
[2022.11.22-01.06.06:148][  0]LogTargetPlatformManager: Display: Building Assets For Windows
[2022.11.22-01.06.06:572][  0]LogDerivedDataCache: Display: Max Cache Size: 512 MB
[2022.11.22-01.06.06:637][  0]LogDerivedDataCache: Loaded boot cache 0.07s 93MB C:/Users/Owner/AppData/Local/UnrealEngine/4.17/DerivedDataCache/Boot.ddc.
[2022.11.22-01.06.06:638][  0]LogDerivedDataCache: Display: Loaded Boot cache: C:/Users/Owner/AppData/Local/UnrealEngine/4.17/DerivedDataCache/Boot.ddc
[2022.11.22-01.06.06:638][  0]LogDerivedDataCache: FDerivedDataBackendGraph:  Pak pak cache file C:/Users/Owner/Documents/UE4_RPG/THE7/DerivedDataCache/DDC.ddp not found, will not use a pak cache.
[2022.11.22-01.06.06:638][  0]LogDerivedDataCache: Unable to find inner node Pak for hierarchical cache Hierarchy.
[2022.11.22-01.06.06:638][  0]LogDerivedDataCache: FDerivedDataBackendGraph:  CompressedPak pak cache file C:/Users/Owner/Documents/UE4_RPG/THE7/DerivedDataCache/Compressed.ddp not found, will not use a pak cache.
[2022.11.22-01.06.06:638][  0]LogDerivedDataCache: Unable to find inner node CompressedPak for hierarchical cache Hierarchy.
[2022.11.22-01.06.06:650][  0]LogDerivedDataCache: Display: Pak cache opened for reading ../../../Engine/DerivedDataCache/Compressed.ddp.
[2022.11.22-01.06.06:663][  0]LogDerivedDataCache: Using Local data cache path C:/Users/Owner/AppData/Local/UnrealEngine/Common/DerivedDataCache: Writable
[2022.11.22-01.06.06:671][  0]LogMaterial: Verifying Global Shaders for PCD3D_SM5
[2022.11.22-01.06.06:671][  0]LogSlate: Using Freetype 2.6.0
[2022.11.22-01.06.06:672][  0]LogSlate: SlateFontCache - WITH_FREETYPE: 1, WITH_HARFBUZZ: 1
[2022.11.22-01.06.06:672][  0]LogSlate: SlateFontCache - WITH_FREETYPE: 1, WITH_HARFBUZZ: 1
[2022.11.22-01.06.06:882][  0]LogAssetRegistry: FAssetRegistry took 0.0252 seconds to start up
[2022.11.22-01.06.06:998][  0]LogInit: Selected Device Profile: [Windows]
[2022.11.22-01.06.07:115][  0]LogContentStreaming: Texture pool size is 0.00 MB
[2022.11.22-01.06.07:380][  0]LogSimplygon: Simplygon DLL not present - disabling.
[2022.11.22-01.06.07:417][  0]LogMeshReduction: Using SimplygonSwarm for distributed automatic mesh merging
[2022.11.22-01.06.07:417][  0]LogMeshReduction: Using QuadricMeshReduction for automatic static mesh reduction
[2022.11.22-01.06.07:417][  0]LogMeshReduction: No automatic skeletal mesh reduction module available
[2022.11.22-01.06.07:417][  0]LogMeshReduction: No automatic mesh merging module available
[2022.11.22-01.06.07:417][  0]LogMeshMerging: No automatic mesh merging module available
[2022.11.22-01.06.07:702][  0]LogNetVersion: THE7 , NetCL: 3573198, EngineNetVer: 2, GameNetVer: 0 (Checksum: 151110352)
[2022.11.22-01.06.07:878][  0]LogPackageLocalizationCache: Processed 5 localized package path(s) for 2 prioritized culture(s) in 0.039662 seconds
[2022.11.22-01.06.07:882][  0]LogUObjectArray: 35825 objects as part of root set at end of initial load.
[2022.11.22-01.06.07:882][  0]LogUObjectAllocator: 7529104 out of 0 bytes used by permanent object pool.
[2022.11.22-01.06.07:882][  0]LogUObjectArray: CloseDisregardForGC: 0/0 objects in disregard for GC pool
[2022.11.22-01.06.07:939][  0]LogInit: WinSock: version 1.1 (2.2), MaxSocks=32767, MaxUdp=65467
[2022.11.22-01.06.10:582][  0]LogTcpMessaging: Initializing TcpMessaging bridge
[2022.11.22-01.06.10:620][  0]LogUdpMessaging: Initializing bridge on interface 0.0.0.0:0 to multicast group 230.0.0.1:6666.
[2022.11.22-01.06.11:186][  0]LogMaterial: Uniform references updated for custom material expression Custom.
[2022.11.22-01.06.11:560][  0]SourceControl: ソースコントロールは無効です
[2022.11.22-01.06.11:560][  0]SourceControl: ソースコントロールは無効です
[2022.11.22-01.06.11:604][  0]SourceControl: ソースコントロールは無効です
[2022.11.22-01.06.11:648][  0]SourceControl: ソースコントロールは無効です
[2022.11.22-01.06.12:188][  0]LogAndroidPermission: UAndroidPermissionCallbackProxy::GetInstance
[2022.11.22-01.06.12:407][  0]LogOcInput: OculusInput pre-init called
[2022.11.22-01.06.12:638][  0]LogEngine: Initializing Engine...
[2022.11.22-01.06.12:640][  0]LogHMD: Failed to initialize OpenVR with code 110
[2022.11.22-01.06.12:817][  0]LogStats: UGameplayTagsManager::ConstructGameplayTagTree: Construct from data asset -  0.000 s
[2022.11.22-01.06.12:817][  0]LogStats: UGameplayTagsManager::ConstructGameplayTagTree: GameplayTagTreeChangedEvent.Broadcast -  0.000 s
[2022.11.22-01.06.12:939][  0]LogAIModule: Creating AISystem for world Untitled
[2022.11.22-01.06.13:011][  0]LogInit: XAudio2 using 'スピーカー (Realtek(R) Audio)' : 2 channels at 48 kHz using 32 bits per sample (channel mask 0x3)
[2022.11.22-01.06.13:096][  0]LogInit: FAudioDevice initialized.
[2022.11.22-01.06.13:142][  0]LogDerivedDataCache: Saved boot cache 0.05s 93MB C:/Users/Owner/AppData/Local/UnrealEngine/4.17/DerivedDataCache/Boot.ddc.
[2022.11.22-01.06.13:146][  0]LogInit: Texture streaming: Enabled
[2022.11.22-01.06.13:257][  0]LogEngineSessionManager: EngineSessionManager initialized
[2022.11.22-01.06.13:460][  0]LogInit: Transaction tracking system initialized
[2022.11.22-01.06.13:755][  0]BlueprintLog: New page: エディタの読み込み
[2022.11.22-01.06.14:597][  0]LocalizationService: ローカライズのサービスが無効になりました
[2022.11.22-01.06.15:230][  0]LogConsoleResponse: Display: 
[2022.11.22-01.06.15:383][  0]LogCook: Display: Max memory allowance for cook 16384mb min free memory 0mb
[2022.11.22-01.06.15:383][  0]LogCook: Display: Mobile HDR setting 1
[2022.11.22-01.06.15:383][  0]LogGameplayTags: Display: UGameplayTagsManager::DoneAddingNativeTags. DelegateIsBound: 0
[2022.11.22-01.06.15:751][  0]LogFileCache: Scanning file cache for directory 'C:/Users/Owner/Documents/UE4_RPG/THE7/Content/' took 0.01s
[2022.11.22-01.06.16:346][  0]SourceControl: ソースコントロールは無効です
[2022.11.22-01.06.16:347][  0]Cmd: MAP LOAD FILE="C:/Users/Owner/Documents/UE4_RPG/THE7/Content/StarterContent/Maps/Minimal_Default.umap" TEMPLATE=0 SHOWPROGRESS=1 FEATURELEVEL=3
[2022.11.22-01.06.16:347][  0]LightingResults: New page: ライティングのビルド
[2022.11.22-01.06.16:383][  0]MapCheck: New page: マップをチェック
[2022.11.22-01.06.16:384][  0]LightingResults: New page: <何も選択されていません>
[2022.11.22-01.06.16:474][  0]LogLinker: Warning: ファイル '/Game/StarterContent/Maps/Minimal_Default_BuiltData' が見つかりません
[2022.11.22-01.06.16:474][  0]LogLinker: Warning: C:/Users/Owner/Documents/UE4_RPG/THE7/Content/StarterContent/Maps/Minimal_Default.umap のロード中にアセット '/Game/StarterContent/Maps/Minimal_Default_BuiltData'  のファイルが見つかりません
[2022.11.22-01.06.16:474][  0]LoadErrors: Error: /Game/StarterContent/Maps/Minimal_Default : アセットのファイルが見つかりません /Game/StarterContent/Maps/Minimal_Default_BuiltData
[2022.11.22-01.06.16:519][  0]LogLinker: Warning: ファイル '/Game/StarterContent/Maps/Minimal_Default_BuiltData' が見つかりません
[2022.11.22-01.06.16:519][  0]LogLinker: Warning: C:/Users/Owner/Documents/UE4_RPG/THE7/Content/StarterContent/Maps/Minimal_Default.umap のロード中にアセット '/Game/StarterContent/Maps/Minimal_Default_BuiltData'  のファイルが見つかりません
[2022.11.22-01.06.16:519][  0]LoadErrors: Error: /Game/StarterContent/Maps/Minimal_Default : アセットのファイルが見つかりません /Game/StarterContent/Maps/Minimal_Default_BuiltData
[2022.11.22-01.06.16:543][  0]LogLinker: Warning: ファイル '/Game/StarterContent/Maps/Minimal_Default_BuiltData' が見つかりません
[2022.11.22-01.06.16:543][  0]LogLinker: Warning: NULL のロード中にアセット '/Game/StarterContent/Maps/Minimal_Default_BuiltData'  のファイルが見つかりません
[2022.11.22-01.06.16:543][  0]LogLinker: Warning: ファイル '/Game/StarterContent/Maps/Minimal_Default_BuiltData' が見つかりません
[2022.11.22-01.06.16:543][  0]LogLinker: Warning: NULL のロード中にアセット '/Game/StarterContent/Maps/Minimal_Default_BuiltData'  のファイルが見つかりません
[2022.11.22-01.06.16:547][  0]LogLinker: Warning: ファイル '/Game/StarterContent/Maps/Minimal_Default_BuiltData' が見つかりません
[2022.11.22-01.06.16:547][  0]LoadErrors: ロードに失敗しました /Game/StarterContent/Maps/Minimal_Default_BuiltData.Minimal_Default_BuiltData 参照元 PersistentLevel
[2022.11.22-01.06.16:547][  0]LogLinker: Warning: NULL のロード中にアセット '/Game/StarterContent/Maps/Minimal_Default_BuiltData'  のファイルが見つかりません
[2022.11.22-01.06.16:547][  0]LoadErrors: ロードに失敗しました /Game/StarterContent/Maps/Minimal_Default_BuiltData.Minimal_Default_BuiltData 参照元 PersistentLevel
[2022.11.22-01.06.16:686][  0]LogAIModule: Creating AISystem for world Minimal_Default
[2022.11.22-01.06.16:693][  0]LogEditorServer: Finished looking for orphan Actors (0.000 secs)
[2022.11.22-01.06.16:706][  0]Cmd: MAP CHECKDEP NOCLEARLOG
[2022.11.22-01.06.16:752][  0]MapCheck: マップチェックが完了: 0 エラー、 0 警告、完了に 45.374ミリ秒かかりました。
[2022.11.22-01.06.16:753][  0]LogFileHelpers: Loading map 'Minimal_Default' took 0.406
[2022.11.22-01.06.16:818][  0]LogWindowsTextInputMethodSystem: Display: IME system now activated using TSF (Microsoft IME).
[2022.11.22-01.06.16:897][  0]LogCollectionManager: Loaded 0 collections in 0.000925 seconds
[2022.11.22-01.06.16:978][  0]LogFileCache: Scanning file cache for directory 'C:/Users/Owner/Documents/UE4_RPG/THE7/Saved/Collections/' took 0.01s
[2022.11.22-01.06.16:978][  0]LogFileCache: Scanning file cache for directory 'C:/Users/Owner/Documents/UE4_RPG/THE7/Content/Developers/Owner/Collections/' took 0.01s
[2022.11.22-01.06.16:978][  0]LogFileCache: Scanning file cache for directory 'C:/Users/Owner/Documents/UE4_RPG/THE7/Content/Collections/' took 0.01s
[2022.11.22-01.06.16:978][  0]LogCollectionManager: Rebuilt the GUID cache for 0 collections in 0.000000 seconds
[2022.11.22-01.06.16:986][  0]LogContentBrowser: Native class hierarchy populated in 0.0075 seconds. Added 2386 classes and 500 folders.
[2022.11.22-01.06.17:048][  0]LogContentBrowser: Native class hierarchy updated for 'WidgetCarousel' in 0.0006 seconds. Added 0 classes and 0 folders.
[2022.11.22-01.06.17:081][  0]LogContentBrowser: Native class hierarchy updated for 'AddContentDialog' in 0.0006 seconds. Added 0 classes and 0 folders.
[2022.11.22-01.06.17:123][  0]LogContentBrowser: Native class hierarchy updated for 'SceneOutliner' in 0.0006 seconds. Added 1 classes and 2 folders.
[2022.11.22-01.06.17:169][  0]LogContentBrowser: Native class hierarchy updated for 'WorldBrowser' in 0.0006 seconds. Added 2 classes and 3 folders.
[2022.11.22-01.06.17:226][  0]LogSlate: Took 0.000195 seconds to synchronously load lazily loaded font '../../../Engine/Content/Slate/Fonts/Roboto-Regular.ttf' (155K)
[2022.11.22-01.06.17:229][  0]LogSlate: Took 0.002186 seconds to synchronously load lazily loaded font '../../../Engine/Content/Slate/Fonts/DroidSansFallback.ttf' (3848K)
[2022.11.22-01.06.17:230][  0]LogSlate: Took 0.000155 seconds to synchronously load lazily loaded font '../../../Engine/Content/Slate/Fonts/Roboto-Bold.ttf' (160K)
[2022.11.22-01.06.17:232][  0]LogSlate: Took 0.000158 seconds to synchronously load lazily loaded font '../../../Engine/Content/Editor/Slate/Fonts/FontAwesome.ttf' (139K)
[2022.11.22-01.06.17:321][  0]LogRenderer: Reallocating scene render targets to support 1116x532 Format 10 NumSamples 1 (Frame:1).
[2022.11.22-01.06.17:501][  0]LogContentBrowser: Native class hierarchy updated for 'HierarchicalLODOutliner' in 0.0006 seconds. Added 1 classes and 2 folders.
[2022.11.22-01.06.17:501][  0]LogLoad: (Engine Initialization) Total time: 15.53 seconds
[2022.11.22-01.06.17:501][  0]LogLoad: (Engine Initialization) Total Blueprint compile time: 0.00 seconds
[2022.11.22-01.06.17:501][  0]LogExternalProfiler: No external profilers were discovered.  External profiling features will not be available.
[2022.11.22-01.06.17:541][  0]LogContentStreaming: Texture pool size now 1000 MB
[2022.11.22-01.06.17:594][  0]LogSlate: Took 0.000182 seconds to synchronously load lazily loaded font '../../../Engine/Content/Slate/Fonts/Roboto-Light.ttf' (159K)
[2022.11.22-01.06.17:615][  1]LogAssetRegistry: Asset discovery search completed in 10.7553 seconds
[2022.11.22-01.06.17:618][  1]LogCollectionManager: Rebuilt the object cache for 0 collections in 0.000001 seconds (found 0 objects)
[2022.11.22-01.06.17:619][  1]LogCollectionManager: Fixed up redirectors for 0 collections in 0.000097 seconds (updated 0 objects)
[2022.11.22-01.06.28:521][633]LogSlate: Took 0.000188 seconds to synchronously load lazily loaded font '../../../Engine/Content/Slate/Fonts/Roboto-Light.ttf' (159K)
[2022.11.22-01.06.28:767][633]LogLinker: Warning: ファイル '/Game/test_BuiltData' が見つかりません
[2022.11.22-01.06.28:767][633]LogLinker: Warning: C:/Users/Owner/Documents/UE4_RPG/THE7/Content/test.umap のロード中にアセット '/Game/test_BuiltData'  のファイルが見つかりません
[2022.11.22-01.06.28:767][633]LoadErrors: Error: /Game/test : アセットのファイルが見つかりません /Game/test_BuiltData
[2022.11.22-01.06.28:769][633]LogLinker: Warning: ファイル '/Game/test_BuiltData' が見つかりません
[2022.11.22-01.06.28:769][633]LogLinker: Warning: C:/Users/Owner/Documents/UE4_RPG/THE7/Content/test.umap のロード中にアセット '/Game/test_BuiltData'  のファイルが見つかりません
[2022.11.22-01.06.28:776][633]LogLinker: Warning: ファイル '/Game/test_BuiltData' が見つかりません
[2022.11.22-01.06.28:776][633]LoadErrors: ロードに失敗しました /Game/test_BuiltData.test_BuiltData 参照元 PersistentLevel
[2022.11.22-01.06.28:776][633]LogLinker: Warning: NULL のロード中にアセット '/Game/test_BuiltData'  のファイルが見つかりません
[2022.11.22-01.06.28:869][633]LogAIModule: Creating AISystem for world test
[2022.11.22-01.06.28:917][633]Cmd: MAP LOAD FILE="C:/Users/Owner/Documents/UE4_RPG/THE7/Content/test.umap" TEMPLATE=0 SHOWPROGRESS=1 FEATURELEVEL=3
[2022.11.22-01.06.28:917][633]LightingResults: New page: ライティングのビルド
[2022.11.22-01.06.28:917][633]LoadErrors: New page: マップをロード中: test.umap
[2022.11.22-01.06.28:918][633]MapCheck: New page: マップをチェック
[2022.11.22-01.06.28:918][633]LightingResults: New page: <何も選択されていません>
[2022.11.22-01.06.28:965][633]LogEditorServer: Finished looking for orphan Actors (0.000 secs)
[2022.11.22-01.06.28:989][633]Cmd: MAP CHECKDEP NOCLEARLOG
[2022.11.22-01.06.29:039][633]MapCheck: マップチェックが完了: 0 エラー、 0 警告、完了に 50.113ミリ秒かかりました。
[2022.11.22-01.06.29:039][633]LogFileHelpers: Loading map 'test' took 0.123
[2022.11.22-01.06.31:939][795]LogScript: Warning: Accessed None trying to read property CallFunc_TryGetPawnOwner_ReturnValue
	BP_Anim_Award_C /Engine/Transient.World_1:PersistentLevel.SkeletalMeshActor_0.SkeletalMeshComponent0.BP_Anim_Award_C_0
	Function /Game/Animation/BP_Anim_Award.BP_Anim_Award_C:ExecuteUbergraph_BP_Anim_Award:023A
[2022.11.22-01.06.31:939][795]LogScript: Warning: Accessed None trying to read property IsClearInstance
	BP_Anim_Award_C /Engine/Transient.World_1:PersistentLevel.SkeletalMeshActor_0.SkeletalMeshComponent0.BP_Anim_Award_C_0
	Function /Game/Animation/BP_Anim_Award.BP_Anim_Award_C:ExecuteUbergraph_BP_Anim_Award:00B1
[2022.11.22-01.06.31:939][795]LogScript: Warning: Accessed None trying to read property IsClearInstance
	BP_Anim_Award_C /Engine/Transient.World_1:PersistentLevel.SkeletalMeshActor_0.SkeletalMeshComponent0.BP_Anim_Award_C_0
	Function /Game/Animation/BP_Anim_Award.BP_Anim_Award_C:ExecuteUbergraph_BP_Anim_Award:01A5
[2022.11.22-01.06.35:130][981]LogScript: Warning: Accessed None trying to read property IsClearInstance
	BP_Anim_Award_C /Engine/Transient.World_2:PersistentLevel.BPAward_C_0.CharacterMesh0.BP_Anim_Award_C_1
	Function /Game/Animation/BP_Anim_Award.BP_Anim_Award_C:ExecuteUbergraph_BP_Anim_Award:00B1
[2022.11.22-01.06.35:130][981]LogScript: Warning: Accessed None trying to read property IsClearInstance
	BP_Anim_Award_C /Engine/Transient.World_2:PersistentLevel.BPAward_C_0.CharacterMesh0.BP_Anim_Award_C_1
	Function /Game/Animation/BP_Anim_Award.BP_Anim_Award_C:ExecuteUbergraph_BP_Anim_Award:01A5
[2022.11.22-01.06.45:305][559]LogAIModule: Creating AISystem for world Flore2
[2022.11.22-01.06.45:372][559]Cmd: MAP LOAD FILE="C:/Users/Owner/Documents/UE4_RPG/THE7/Content/Map/Flore2.umap" TEMPLATE=0 SHOWPROGRESS=1 FEATURELEVEL=3
[2022.11.22-01.06.45:372][559]LightingResults: New page: ライティングのビルド
[2022.11.22-01.06.45:372][559]LoadErrors: New page: マップをロード中: Flore2.umap
[2022.11.22-01.06.45:373][559]MapCheck: New page: マップをチェック
[2022.11.22-01.06.45:373][559]LightingResults: New page: <何も選択されていません>
[2022.11.22-01.06.45:487][559]LogEditorServer: Finished looking for orphan Actors (0.000 secs)
[2022.11.22-01.06.45:516][559]Cmd: MAP CHECKDEP NOCLEARLOG
[2022.11.22-01.06.45:571][559]MapCheck: マップチェックが完了: 0 エラー、 0 警告、完了に 55.52ミリ秒かかりました。
[2022.11.22-01.06.45:573][559]LogFileHelpers: Loading map 'Flore2' took 0.202
[2022.11.22-01.06.46:638][620]LogLinker: Warning: ファイル '/Game/Map/Floor5_BuiltData' が見つかりません
[2022.11.22-01.06.46:638][620]LogLinker: Warning: C:/Users/Owner/Documents/UE4_RPG/THE7/Content/Map/Floor5.umap のロード中にアセット '/Game/Map/Floor5_BuiltData'  のファイルが見つかりません
[2022.11.22-01.06.46:638][620]LoadErrors: Error: /Game/Map/Floor5 : アセットのファイルが見つかりません /Game/Map/Floor5_BuiltData
[2022.11.22-01.06.46:639][620]LogLinker: Warning: ファイル '/Game/Map/Floor5_BuiltData' が見つかりません
[2022.11.22-01.06.46:639][620]LogLinker: Warning: C:/Users/Owner/Documents/UE4_RPG/THE7/Content/Map/Floor5.umap のロード中にアセット '/Game/Map/Floor5_BuiltData'  のファイルが見つかりません
[2022.11.22-01.06.46:715][620]LogLinker: Warning: ファイル '/Game/Map/Floor5_BuiltData' が見つかりません
[2022.11.22-01.06.46:715][620]LoadErrors: ロードに失敗しました /Game/Map/Floor5_BuiltData.Floor5_BuiltData 参照元 PersistentLevel
[2022.11.22-01.06.46:715][620]LogLinker: Warning: NULL のロード中にアセット '/Game/Map/Floor5_BuiltData'  のファイルが見つかりません
[2022.11.22-01.06.46:781][620]LogAIModule: Creating AISystem for world Floor5
[2022.11.22-01.06.46:885][620]Cmd: MAP LOAD FILE="C:/Users/Owner/Documents/UE4_RPG/THE7/Content/Map/Floor5.umap" TEMPLATE=0 SHOWPROGRESS=1 FEATURELEVEL=3
[2022.11.22-01.06.46:885][620]LightingResults: New page: ライティングのビルド
[2022.11.22-01.06.46:885][620]LoadErrors: New page: マップをロード中: Floor5.umap
[2022.11.22-01.06.46:889][620]MapCheck: New page: マップをチェック
[2022.11.22-01.06.46:889][620]LightingResults: New page: <何も選択されていません>
[2022.11.22-01.06.47:064][620]LogEditorServer: Finished looking for orphan Actors (0.000 secs)
[2022.11.22-01.06.47:100][620]Cmd: MAP CHECKDEP NOCLEARLOG
[2022.11.22-01.06.47:156][620]MapCheck: マップチェックが完了: 0 エラー、 0 警告、完了に 55.761ミリ秒かかりました。
[2022.11.22-01.06.47:156][620]LogFileHelpers: Loading map 'Floor5' took 0.272
[2022.11.22-01.06.53:341][976]LogLinker: Warning: ファイル '/Game/Map/Floor4_BuiltData' が見つかりません
[2022.11.22-01.06.53:341][976]LogLinker: Warning: C:/Users/Owner/Documents/UE4_RPG/THE7/Content/Map/Floor4.umap のロード中にアセット '/Game/Map/Floor4_BuiltData'  のファイルが見つかりません
[2022.11.22-01.06.53:341][976]LoadErrors: Error: /Game/Map/Floor4 : アセットのファイルが見つかりません /Game/Map/Floor4_BuiltData
[2022.11.22-01.06.53:342][976]LogLinker: Warning: ファイル '/Game/Map/Floor4_BuiltData' が見つかりません
[2022.11.22-01.06.53:342][976]LogLinker: Warning: C:/Users/Owner/Documents/UE4_RPG/THE7/Content/Map/Floor4.umap のロード中にアセット '/Game/Map/Floor4_BuiltData'  のファイルが見つかりません
[2022.11.22-01.06.53:387][976]LogLinker: Warning: ファイル '/Game/Map/Floor4_BuiltData' が見つかりません
[2022.11.22-01.06.53:387][976]LoadErrors: ロードに失敗しました /Game/Map/Floor4_BuiltData.Floor4_BuiltData 参照元 PersistentLevel
[2022.11.22-01.06.53:387][976]LogLinker: Warning: NULL のロード中にアセット '/Game/Map/Floor4_BuiltData'  のファイルが見つかりません
[2022.11.22-01.06.53:423][976]LogAIModule: Creating AISystem for world Floor4
[2022.11.22-01.06.53:498][976]Cmd: MAP LOAD FILE="C:/Users/Owner/Documents/UE4_RPG/THE7/Content/Map/Floor4.umap" TEMPLATE=0 SHOWPROGRESS=1 FEATURELEVEL=3
[2022.11.22-01.06.53:498][976]LightingResults: New page: ライティングのビルド
[2022.11.22-01.06.53:499][976]LoadErrors: New page: マップをロード中: Floor4.umap
[2022.11.22-01.06.53:508][976]MapCheck: New page: マップをチェック
[2022.11.22-01.06.53:508][976]LightingResults: New page: <何も選択されていません>
[2022.11.22-01.06.53:667][976]LogEditorServer: Finished looking for orphan Actors (0.000 secs)
[2022.11.22-01.06.53:700][976]Cmd: MAP CHECKDEP NOCLEARLOG
[2022.11.22-01.06.53:766][976]MapCheck: マップチェックが完了: 0 エラー、 0 警告、完了に 66.144ミリ秒かかりました。
[2022.11.22-01.06.53:766][976]LogFileHelpers: Loading map 'Floor4' took 0.269
[2022.11.22-01.06.58:330][238]LogLinker: Warning: ファイル '/Game/Map/Floor5_BuiltData' が見つかりません
[2022.11.22-01.06.58:330][238]LogLinker: Warning: C:/Users/Owner/Documents/UE4_RPG/THE7/Content/Map/Floor5.umap のロード中にアセット '/Game/Map/Floor5_BuiltData'  のファイルが見つかりません
[2022.11.22-01.06.58:330][238]LoadErrors: Error: /Game/Map/Floor5 : アセットのファイルが見つかりません /Game/Map/Floor5_BuiltData
[2022.11.22-01.06.58:331][238]LogLinker: Warning: ファイル '/Game/Map/Floor5_BuiltData' が見つかりません
[2022.11.22-01.06.58:331][238]LogLinker: Warning: C:/Users/Owner/Documents/UE4_RPG/THE7/Content/Map/Floor5.umap のロード中にアセット '/Game/Map/Floor5_BuiltData'  のファイルが見つかりません
[2022.11.22-01.06.58:407][238]LogLinker: Warning: ファイル '/Game/Map/Floor5_BuiltData' が見つかりません
[2022.11.22-01.06.58:408][238]LoadErrors: ロードに失敗しました /Game/Map/Floor5_BuiltData.Floor5_BuiltData 参照元 PersistentLevel
[2022.11.22-01.06.58:408][238]LogLinker: Warning: NULL のロード中にアセット '/Game/Map/Floor5_BuiltData'  のファイルが見つかりません
[2022.11.22-01.06.58:476][238]LogAIModule: Creating AISystem for world Floor5
[2022.11.22-01.06.58:583][238]Cmd: MAP LOAD FILE="C:/Users/Owner/Documents/UE4_RPG/THE7/Content/Map/Floor5.umap" TEMPLATE=0 SHOWPROGRESS=1 FEATURELEVEL=3
[2022.11.22-01.06.58:583][238]LightingResults: New page: ライティングのビルド
[2022.11.22-01.06.58:584][238]LoadErrors: New page: マップをロード中: Floor5.umap
[2022.11.22-01.06.58:589][238]MapCheck: New page: マップをチェック
[2022.11.22-01.06.58:589][238]LightingResults: New page: <何も選択されていません>
[2022.11.22-01.06.58:806][238]LogEditorServer: Finished looking for orphan Actors (0.000 secs)
[2022.11.22-01.06.58:845][238]Cmd: MAP CHECKDEP NOCLEARLOG
[2022.11.22-01.06.58:908][238]MapCheck: マップチェックが完了: 0 エラー、 0 警告、完了に 62.453ミリ秒かかりました。
[2022.11.22-01.06.58:908][238]LogFileHelpers: Loading map 'Floor5' took 0.326
[2022.11.22-01.07.07:946][747]LogLinker: Warning: ファイル '/Game/Map/Floor3_BuiltData' が見つかりません
[2022.11.22-01.07.07:946][747]LogLinker: Warning: C:/Users/Owner/Documents/UE4_RPG/THE7/Content/Map/Floor3.umap のロード中にアセット '/Game/Map/Floor3_BuiltData'  のファイルが見つかりません
[2022.11.22-01.07.07:946][747]LoadErrors: Error: /Game/Map/Floor3 : アセットのファイルが見つかりません /Game/Map/Floor3_BuiltData
[2022.11.22-01.07.07:947][747]LogLinker: Warning: ファイル '/Game/Map/Floor3_BuiltData' が見つかりません
[2022.11.22-01.07.07:947][747]LogLinker: Warning: C:/Users/Owner/Documents/UE4_RPG/THE7/Content/Map/Floor3.umap のロード中にアセット '/Game/Map/Floor3_BuiltData'  のファイルが見つかりません
[2022.11.22-01.07.07:979][747]LogLinker: Warning: ファイル '/Game/Map/Floor3_BuiltData' が見つかりません
[2022.11.22-01.07.07:979][747]LoadErrors: ロードに失敗しました /Game/Map/Floor3_BuiltData.Floor3_BuiltData 参照元 PersistentLevel
[2022.11.22-01.07.07:979][747]LogLinker: Warning: NULL のロード中にアセット '/Game/Map/Floor3_BuiltData'  のファイルが見つかりません
[2022.11.22-01.07.08:004][747]LogAIModule: Creating AISystem for world Floor3
[2022.11.22-01.07.08:063][747]Cmd: MAP LOAD FILE="C:/Users/Owner/Documents/UE4_RPG/THE7/Content/Map/Floor3.umap" TEMPLATE=0 SHOWPROGRESS=1 FEATURELEVEL=3
[2022.11.22-01.07.08:063][747]LightingResults: New page: ライティングのビルド
[2022.11.22-01.07.08:063][747]LoadErrors: New page: マップをロード中: Floor3.umap
[2022.11.22-01.07.08:072][747]MapCheck: New page: マップをチェック
[2022.11.22-01.07.08:072][747]LightingResults: New page: <何も選択されていません>
[2022.11.22-01.07.08:230][747]LogEditorServer: Finished looking for orphan Actors (0.000 secs)
[2022.11.22-01.07.08:262][747]Cmd: MAP CHECKDEP NOCLEARLOG
[2022.11.22-01.07.08:327][747]MapCheck: マップチェックが完了: 0 エラー、 0 警告、完了に 64.915ミリ秒かかりました。
[2022.11.22-01.07.08:327][747]LogFileHelpers: Loading map 'Floor3' took 0.265
[2022.11.22-01.07.13:838][ 71]LogLinker: Warning: ファイル '/Game/Map/Floor1_BuiltData' が見つかりません
[2022.11.22-01.07.13:839][ 71]LogLinker: Warning: C:/Users/Owner/Documents/UE4_RPG/THE7/Content/Map/Floor1.umap のロード中にアセット '/Game/Map/Floor1_BuiltData'  のファイルが見つかりません
[2022.11.22-01.07.13:839][ 71]LoadErrors: Error: /Game/Map/Floor1 : アセットのファイルが見つかりません /Game/Map/Floor1_BuiltData
[2022.11.22-01.07.13:839][ 71]LogLinker: Warning: ファイル '/Game/Map/Floor1_BuiltData' が見つかりません
[2022.11.22-01.07.13:839][ 71]LogLinker: Warning: C:/Users/Owner/Documents/UE4_RPG/THE7/Content/Map/Floor1.umap のロード中にアセット '/Game/Map/Floor1_BuiltData'  のファイルが見つかりません
[2022.11.22-01.07.13:858][ 71]LogLinker: Warning: ファイル '/Game/Map/Floor1_BuiltData' が見つかりません
[2022.11.22-01.07.13:858][ 71]LoadErrors: ロードに失敗しました /Game/Map/Floor1_BuiltData.Floor1_BuiltData 参照元 PersistentLevel
[2022.11.22-01.07.13:858][ 71]LogLinker: Warning: NULL のロード中にアセット '/Game/Map/Floor1_BuiltData'  のファイルが見つかりません
[2022.11.22-01.07.13:871][ 71]LogAIModule: Creating AISystem for world Floor1
[2022.11.22-01.07.13:915][ 71]Cmd: MAP LOAD FILE="C:/Users/Owner/Documents/UE4_RPG/THE7/Content/Map/Floor1.umap" TEMPLATE=0 SHOWPROGRESS=1 FEATURELEVEL=3
[2022.11.22-01.07.13:916][ 71]LightingResults: New page: ライティングのビルド
[2022.11.22-01.07.13:916][ 71]LoadErrors: New page: マップをロード中: Floor1.umap
[2022.11.22-01.07.13:920][ 71]MapCheck: New page: マップをチェック
[2022.11.22-01.07.13:920][ 71]LightingResults: New page: <何も選択されていません>
[2022.11.22-01.07.14:063][ 71]LogEditorServer: Finished looking for orphan Actors (0.000 secs)
[2022.11.22-01.07.14:091][ 71]Cmd: MAP CHECKDEP NOCLEARLOG
[2022.11.22-01.07.14:155][ 71]MapCheck: マップチェックが完了: 0 エラー、 0 警告、完了に 63.388ミリ秒かかりました。
[2022.11.22-01.07.14:156][ 71]LogFileHelpers: Loading map 'Floor1' took 0.240
[2022.11.22-01.07.47:142][  9]LogAIModule: Creating AISystem for world Flore2
[2022.11.22-01.07.48:345][  9]Cmd: OBJ SAVEPACKAGE PACKAGE="/Game/Map/Floor2" FILE="C:/Users/Owner/Documents/UE4_RPG/THE7/Content/Map/Floor2.umap" SILENT=true AUTOSAVING=false KEEPDIRTY=false
[2022.11.22-01.07.49:492][  9]LogSlate: Took 0.000179 seconds to synchronously load lazily loaded font '../../../Engine/Content/Slate/Fonts/Roboto-Regular.ttf' (155K)
[2022.11.22-01.07.49:715][  9]LogSavePackage: Save=1305.60ms
[2022.11.22-01.07.49:715][  9]LogSavePackage: Moving 'C:/Users/Owner/Documents/UE4_RPG/THE7/Saved/Floor210E0B0A6432520114125F8B5F4A3A09E.tmp' to 'C:/Users/Owner/Documents/UE4_RPG/THE7/Content/Map/Floor2.umap'
[2022.11.22-01.07.49:719][  9]LogSavePackage: Display: Finished SavePackage C:/Users/Owner/Documents/UE4_RPG/THE7/Content/Map/Floor2.umap
[2022.11.22-01.07.49:854][  9]LogFileHelpers: Saving map 'Floor2' took 1.583
[2022.11.22-01.07.52:626][150]Cmd: OBJ SAVEPACKAGE PACKAGE="/Game/Map/Floor2" FILE="C:/Users/Owner/Documents/UE4_RPG/THE7/Content/Map/Floor2.umap" SILENT=true AUTOSAVING=false KEEPDIRTY=false
[2022.11.22-01.07.53:947][150]LogSavePackage: Save=1240.14ms
[2022.11.22-01.07.53:947][150]LogSavePackage: Moving 'C:/Users/Owner/Documents/UE4_RPG/THE7/Saved/Floor2F5243208409D0776946D4DACF2B6DD95.tmp' to 'C:/Users/Owner/Documents/UE4_RPG/THE7/Content/Map/Floor2.umap'
[2022.11.22-01.07.53:952][150]LogSavePackage: Display: Finished SavePackage C:/Users/Owner/Documents/UE4_RPG/THE7/Content/Map/Floor2.umap
[2022.11.22-01.07.53:994][150]LogFileHelpers: Saving map 'Floor2' took 1.427
[2022.11.22-01.07.55:287][220]Cmd: OBJ SAVEPACKAGE PACKAGE="/Game/Map/Floor2" FILE="C:/Users/Owner/Documents/UE4_RPG/THE7/Content/Map/Floor2.umap" SILENT=true AUTOSAVING=false KEEPDIRTY=false
[2022.11.22-01.07.56:666][220]LogSavePackage: Save=1306.07ms
[2022.11.22-01.07.56:666][220]LogSavePackage: Moving 'C:/Users/Owner/Documents/UE4_RPG/THE7/Saved/Floor2670222764522D6EE25493A8DAEE37835.tmp' to 'C:/Users/Owner/Documents/UE4_RPG/THE7/Content/Map/Floor2.umap'
[2022.11.22-01.07.56:673][220]LogSavePackage: Display: Finished SavePackage C:/Users/Owner/Documents/UE4_RPG/THE7/Content/Map/Floor2.umap
[2022.11.22-01.07.56:724][220]LogFileHelpers: Saving map 'Floor2' took 1.496
[2022.11.22-01.07.58:819][253]Cmd: OBJ SAVEPACKAGE PACKAGE="/Game/Map/Floor2" FILE="C:/Users/Owner/Documents/UE4_RPG/THE7/Content/Map/Floor2.umap" SILENT=true AUTOSAVING=false KEEPDIRTY=false
[2022.11.22-01.08.00:256][253]LogSavePackage: Save=1359.47ms
[2022.11.22-01.08.00:256][253]LogSavePackage: Moving 'C:/Users/Owner/Documents/UE4_RPG/THE7/Saved/Floor259B67EE342448C5F88AA1298150487EA.tmp' to 'C:/Users/Owner/Documents/UE4_RPG/THE7/Content/Map/Floor2.umap'
[2022.11.22-01.08.00:263][253]LogSavePackage: Display: Finished SavePackage C:/Users/Owner/Documents/UE4_RPG/THE7/Content/Map/Floor2.umap
[2022.11.22-01.08.00:315][253]LogFileHelpers: Saving map 'Floor2' took 1.556
[2022.11.22-01.08.00:317][253]Cmd: MAP LOAD FILE="C:/Users/Owner/Documents/UE4_RPG/THE7/Content/Map/Floor2.umap" TEMPLATE=0 SHOWPROGRESS=1 FEATURELEVEL=3
[2022.11.22-01.08.00:317][253]LightingResults: New page: ライティングのビルド
[2022.11.22-01.08.00:318][253]LoadErrors: New page: マップをロード中: Floor2.umap
[2022.11.22-01.08.00:321][253]MapCheck: New page: マップをチェック
[2022.11.22-01.08.00:321][253]LightingResults: New page: <何も選択されていません>
[2022.11.22-01.08.00:567][253]LogEditorServer: Finished looking for orphan Actors (0.000 secs)
[2022.11.22-01.08.00:600][253]Cmd: MAP CHECKDEP NOCLEARLOG
[2022.11.22-01.08.00:672][253]MapCheck: マップチェックが完了: 0 エラー、 0 警告、完了に 71.485ミリ秒かかりました。
[2022.11.22-01.08.00:672][253]LogFileHelpers: Loading map 'Floor2' took 0.356
[2022.11.22-01.08.03:373][405]Cmd: OBJ SAVEPACKAGE PACKAGE="/Game/Map/Floor2" FILE="C:/Users/Owner/Documents/UE4_RPG/THE7/Content/Map/Floor2.umap" SILENT=true AUTOSAVING=false KEEPDIRTY=false
[2022.11.22-01.08.04:801][405]LogSavePackage: Save=1403.37ms
[2022.11.22-01.08.04:801][405]LogSavePackage: Moving 'C:/Users/Owner/Documents/UE4_RPG/THE7/Saved/Floor2B7E6CB3947E2F4B5B9AF9B9F68D33445.tmp' to 'C:/Users/Owner/Documents/UE4_RPG/THE7/Content/Map/Floor2.umap'
[2022.11.22-01.08.04:808][405]LogSavePackage: Display: Finished SavePackage C:/Users/Owner/Documents/UE4_RPG/THE7/Content/Map/Floor2.umap
[2022.11.22-01.08.04:825][405]LogFileHelpers: Saving map 'Floor2' took 1.517
[2022.11.22-01.08.17:411][927]Cmd: MAP LOAD FILE="C:/Users/Owner/Documents/UE4_RPG/THE7/Content/Map/Floor2.umap" TEMPLATE=0 SHOWPROGRESS=1 FEATURELEVEL=3
[2022.11.22-01.08.17:411][927]LightingResults: New page: ライティングのビルド
[2022.11.22-01.08.17:412][927]LoadErrors: New page: マップをロード中: Floor2.umap
[2022.11.22-01.08.17:415][927]MapCheck: New page: マップをチェック
[2022.11.22-01.08.17:415][927]LightingResults: New page: <何も選択されていません>
[2022.11.22-01.08.17:613][927]LogAIModule: Creating AISystem for world Floor2
[2022.11.22-01.08.17:816][927]LogEditorServer: Finished looking for orphan Actors (0.000 secs)
[2022.11.22-01.08.17:980][927]Cmd: MAP CHECKDEP NOCLEARLOG
[2022.11.22-01.08.18:039][927]MapCheck: マップチェックが完了: 0 エラー、 0 警告、完了に 58.735ミリ秒かかりました。
[2022.11.22-01.08.18:041][927]LogFileHelpers: Loading map 'Floor2' took 0.631
[2022.11.22-01.08.21:401][124]LogLinker: Warning: ファイル '/Game/Map/Game_Main_BuiltData' が見つかりません
[2022.11.22-01.08.21:401][124]LogLinker: Warning: C:/Users/Owner/Documents/UE4_RPG/THE7/Content/Map/Game_Main.umap のロード中にアセット '/Game/Map/Game_Main_BuiltData'  のファイルが見つかりません
[2022.11.22-01.08.21:401][124]LoadErrors: Error: /Game/Map/Game_Main : アセットのファイルが見つかりません /Game/Map/Game_Main_BuiltData
[2022.11.22-01.08.21:402][124]LogLinker: Warning: ファイル '/Game/Map/Game_Main_BuiltData' が見つかりません
[2022.11.22-01.08.21:402][124]LogLinker: Warning: C:/Users/Owner/Documents/UE4_RPG/THE7/Content/Map/Game_Main.umap のロード中にアセット '/Game/Map/Game_Main_BuiltData'  のファイルが見つかりません
[2022.11.22-01.08.21:403][124]LogLinker: Warning: ファイル '/Game/Map/Game_Main_BuiltData' が見つかりません
[2022.11.22-01.08.21:403][124]LogLinker: Warning: NULL のロード中にアセット '/Game/Map/Game_Main_BuiltData'  のファイルが見つかりません
[2022.11.22-01.08.21:403][124]LogLinker: Warning: ファイル '/Game/Map/Game_Main_BuiltData' が見つかりません
[2022.11.22-01.08.21:403][124]LogLinker: Warning: NULL のロード中にアセット '/Game/Map/Game_Main_BuiltData'  のファイルが見つかりません
[2022.11.22-01.08.21:409][124]LogLinker: Warning: ファイル '/Game/Map/Game_Main_BuiltData' が見つかりません
[2022.11.22-01.08.21:409][124]LoadErrors: ロードに失敗しました /Game/Map/Game_Main_BuiltData.Game_Main_BuiltData 参照元 PersistentLevel
[2022.11.22-01.08.21:409][124]LogLinker: Warning: NULL のロード中にアセット '/Game/Map/Game_Main_BuiltData'  のファイルが見つかりません
[2022.11.22-01.08.21:414][124]LogAIModule: Creating AISystem for world Game_Main
[2022.11.22-01.08.21:450][124]Cmd: MAP LOAD FILE="C:/Users/Owner/Documents/UE4_RPG/THE7/Content/Map/Game_Main.umap" TEMPLATE=0 SHOWPROGRESS=1 FEATURELEVEL=3
[2022.11.22-01.08.21:450][124]LightingResults: New page: ライティングのビルド
[2022.11.22-01.08.21:450][124]LoadErrors: New page: マップをロード中: Game_Main.umap
[2022.11.22-01.08.21:454][124]MapCheck: New page: マップをチェック
[2022.11.22-01.08.21:454][124]LightingResults: New page: <何も選択されていません>
[2022.11.22-01.08.21:490][124]LogStreaming: Display: ULevelStreaming::RequestLevel(/Game/Map/Floor1) is flushing async loading
[2022.11.22-01.08.21:494][124]LogLinker: Warning: ファイル '/Game/Map/Floor1_BuiltData' が見つかりません
[2022.11.22-01.08.21:494][124]LogLinker: Warning: NULL のロード中にアセット '/Game/Map/Floor1_BuiltData'  のファイルが見つかりません
[2022.11.22-01.08.21:494][124]LogLinker: Warning: ファイル '/Game/Map/Floor1_BuiltData' が見つかりません
[2022.11.22-01.08.21:495][124]LogLinker: Warning: NULL のロード中にアセット '/Game/Map/Floor1_BuiltData'  のファイルが見つかりません
[2022.11.22-01.08.21:496][124]LogLinker: Warning: ファイル '/Game/Map/Floor1_BuiltData' が見つかりません
[2022.11.22-01.08.21:496][124]LogLinker: Warning: NULL のロード中にアセット '/Game/Map/Floor1_BuiltData'  のファイルが見つかりません
[2022.11.22-01.08.21:496][124]LogLinker: Warning: ファイル '/Game/Map/Floor1_BuiltData' が見つかりません
[2022.11.22-01.08.21:496][124]LogLinker: Warning: NULL のロード中にアセット '/Game/Map/Floor1_BuiltData'  のファイルが見つかりません
[2022.11.22-01.08.21:502][124]LogLinker: Warning: ファイル '/Game/Map/Floor1_BuiltData' が見つかりません
[2022.11.22-01.08.21:502][124]LoadErrors: ロードに失敗しました /Game/Map/Floor1_BuiltData.Floor1_BuiltData 参照元 PersistentLevel
[2022.11.22-01.08.21:502][124]LogLinker: Warning: NULL のロード中にアセット '/Game/Map/Floor1_BuiltData'  のファイルが見つかりません
[2022.11.22-01.08.21:551][124]LogStreaming: Display: ULevelStreaming::RequestLevel(/Game/Map/Floor3) is flushing async loading
[2022.11.22-01.08.21:555][124]LogLinker: Warning: ファイル '/Game/Map/Floor3_BuiltData' が見つかりません
[2022.11.22-01.08.21:555][124]LogLinker: Warning: NULL のロード中にアセット '/Game/Map/Floor3_BuiltData'  のファイルが見つかりません
[2022.11.22-01.08.21:555][124]LogLinker: Warning: ファイル '/Game/Map/Floor3_BuiltData' が見つかりません
[2022.11.22-01.08.21:555][124]LogLinker: Warning: NULL のロード中にアセット '/Game/Map/Floor3_BuiltData'  のファイルが見つかりません
[2022.11.22-01.08.21:556][124]LogLinker: Warning: ファイル '/Game/Map/Floor3_BuiltData' が見つかりません
[2022.11.22-01.08.21:557][124]LogLinker: Warning: NULL のロード中にアセット '/Game/Map/Floor3_BuiltData'  のファイルが見つかりません
[2022.11.22-01.08.21:557][124]LogLinker: Warning: ファイル '/Game/Map/Floor3_BuiltData' が見つかりません
[2022.11.22-01.08.21:557][124]LogLinker: Warning: NULL のロード中にアセット '/Game/Map/Floor3_BuiltData'  のファイルが見つかりません
[2022.11.22-01.08.21:565][124]LogLinker: Warning: ファイル '/Game/Map/Floor3_BuiltData' が見つかりません
[2022.11.22-01.08.21:565][124]LoadErrors: ロードに失敗しました /Game/Map/Floor3_BuiltData.Floor3_BuiltData 参照元 PersistentLevel
[2022.11.22-01.08.21:565][124]LogLinker: Warning: NULL のロード中にアセット '/Game/Map/Floor3_BuiltData'  のファイルが見つかりません
[2022.11.22-01.08.21:650][124]LogStreaming: Display: ULevelStreaming::RequestLevel(/Game/Map/Floor4) is flushing async loading
[2022.11.22-01.08.21:654][124]LogLinker: Warning: ファイル '/Game/Map/Floor4_BuiltData' が見つかりません
[2022.11.22-01.08.21:654][124]LogLinker: Warning: NULL のロード中にアセット '/Game/Map/Floor4_BuiltData'  のファイルが見つかりません
[2022.11.22-01.08.21:655][124]LogLinker: Warning: ファイル '/Game/Map/Floor4_BuiltData' が見つかりません
[2022.11.22-01.08.21:655][124]LogLinker: Warning: NULL のロード中にアセット '/Game/Map/Floor4_BuiltData'  のファイルが見つかりません
[2022.11.22-01.08.21:656][124]LogLinker: Warning: ファイル '/Game/Map/Floor4_BuiltData' が見つかりません
[2022.11.22-01.08.21:656][124]LogLinker: Warning: NULL のロード中にアセット '/Game/Map/Floor4_BuiltData'  のファイルが見つかりません
[2022.11.22-01.08.21:656][124]LogLinker: Warning: ファイル '/Game/Map/Floor4_BuiltData' が見つかりません
[2022.11.22-01.08.21:656][124]LogLinker: Warning: NULL のロード中にアセット '/Game/Map/Floor4_BuiltData'  のファイルが見つかりません
[2022.11.22-01.08.21:668][124]LogLinker: Warning: ファイル '/Game/Map/Floor4_BuiltData' が見つかりません
[2022.11.22-01.08.21:668][124]LoadErrors: ロードに失敗しました /Game/Map/Floor4_BuiltData.Floor4_BuiltData 参照元 PersistentLevel
[2022.11.22-01.08.21:668][124]LogLinker: Warning: NULL のロード中にアセット '/Game/Map/Floor4_BuiltData'  のファイルが見つかりません
[2022.11.22-01.08.21:800][124]LogStreaming: Display: ULevelStreaming::RequestLevel(/Game/Map/Floor5) is flushing async loading
[2022.11.22-01.08.21:806][124]LogLinker: Warning: ファイル '/Game/Map/Floor5_BuiltData' が見つかりません
[2022.11.22-01.08.21:806][124]LogLinker: Warning: NULL のロード中にアセット '/Game/Map/Floor5_BuiltData'  のファイルが見つかりません
[2022.11.22-01.08.21:806][124]LogLinker: Warning: ファイル '/Game/Map/Floor5_BuiltData' が見つかりません
[2022.11.22-01.08.21:806][124]LogLinker: Warning: NULL のロード中にアセット '/Game/Map/Floor5_BuiltData'  のファイルが見つかりません
[2022.11.22-01.08.21:807][124]LogLinker: Warning: ファイル '/Game/Map/Floor5_BuiltData' が見つかりません
[2022.11.22-01.08.21:807][124]LogLinker: Warning: NULL のロード中にアセット '/Game/Map/Floor5_BuiltData'  のファイルが見つかりません
[2022.11.22-01.08.21:808][124]LogLinker: Warning: ファイル '/Game/Map/Floor5_BuiltData' が見つかりません
[2022.11.22-01.08.21:808][124]LogLinker: Warning: NULL のロード中にアセット '/Game/Map/Floor5_BuiltData'  のファイルが見つかりません
[2022.11.22-01.08.21:824][124]LogLinker: Warning: ファイル '/Game/Map/Floor5_BuiltData' が見つかりません
[2022.11.22-01.08.21:824][124]LoadErrors: ロードに失敗しました /Game/Map/Floor5_BuiltData.Floor5_BuiltData 参照元 PersistentLevel
[2022.11.22-01.08.21:824][124]LogLinker: Warning: NULL のロード中にアセット '/Game/Map/Floor5_BuiltData'  のファイルが見つかりません
[2022.11.22-01.08.22:236][124]LogEditorServer: Finished looking for orphan Actors (0.000 secs)
[2022.11.22-01.08.22:323][124]Cmd: MAP CHECKDEP NOCLEARLOG
[2022.11.22-01.08.22:389][124]MapCheck: マップチェックが完了: 0 エラー、 0 警告、完了に 66.765ミリ秒かかりました。
[2022.11.22-01.08.22:389][124]LogFileHelpers: Loading map 'Game_Main' took 0.941
[2022.11.22-01.08.32:034][484]Cmd: TRANSACTION UNDO
[2022.11.22-01.08.32:034][484]LogEditorTransaction: Undo フォルダを作成
[2022.11.22-01.08.32:064][484]LogSlate: Took 0.000175 seconds to synchronously load lazily loaded font '../../../Engine/Content/Slate/Fonts/Roboto-Light.ttf' (159K)
[2022.11.22-01.08.42:290][881]LogStreaming: Display: ULevelStreaming::RequestLevel(/Game/Map/Floor2) is flushing async loading
[2022.11.22-01.08.58:677][389]Cmd: OBJ SAVEPACKAGE PACKAGE="/Game/Map/Game_Main" FILE="C:/Users/Owner/Documents/UE4_RPG/THE7/Content/Map/Game_Main.umap" SILENT=true AUTOSAVING=false KEEPDIRTY=false
[2022.11.22-01.08.59:165][389]LogSavePackage: Save=460.31ms
[2022.11.22-01.08.59:165][389]LogSavePackage: Moving 'C:/Users/Owner/Documents/UE4_RPG/THE7/Saved/Game_Main648AB51D4429F1BA7F6B7780055E21E0.tmp' to 'C:/Users/Owner/Documents/UE4_RPG/THE7/Content/Map/Game_Main.umap'
[2022.11.22-01.08.59:169][389]LogSavePackage: Display: Finished SavePackage C:/Users/Owner/Documents/UE4_RPG/THE7/Content/Map/Game_Main.umap
[2022.11.22-01.08.59:181][389]LogFileHelpers: Saving map 'Game_Main' took 0.567
[2022.11.22-01.08.59:189][389]Cmd: MAP LOAD FILE="C:/Users/Owner/Documents/UE4_RPG/THE7/Content/Map/Game_Main.umap" TEMPLATE=0 SHOWPROGRESS=1 FEATURELEVEL=3
[2022.11.22-01.08.59:189][389]LightingResults: New page: ライティングのビルド
[2022.11.22-01.08.59:190][389]LoadErrors: New page: マップをロード中: Game_Main.umap
[2022.11.22-01.08.59:194][389]MapCheck: New page: マップをチェック
[2022.11.22-01.08.59:194][389]LightingResults: New page: <何も選択されていません>
[2022.11.22-01.08.59:240][389]LogAIModule: Creating AISystem for world Game_Main
[2022.11.22-01.08.59:264][389]LogStreaming: Display: ULevelStreaming::RequestLevel(/Game/Map/Floor1) is flushing async loading
[2022.11.22-01.08.59:267][389]LogLinker: Warning: ファイル '/Game/Map/Floor1_BuiltData' が見つかりません
[2022.11.22-01.08.59:267][389]LogLinker: Warning: NULL のロード中にアセット '/Game/Map/Floor1_BuiltData'  のファイルが見つかりません
[2022.11.22-01.08.59:267][389]LogLinker: Warning: ファイル '/Game/Map/Floor1_BuiltData' が見つかりません
[2022.11.22-01.08.59:268][389]LogLinker: Warning: NULL のロード中にアセット '/Game/Map/Floor1_BuiltData'  のファイルが見つかりません
[2022.11.22-01.08.59:269][389]LogLinker: Warning: ファイル '/Game/Map/Floor1_BuiltData' が見つかりません
[2022.11.22-01.08.59:269][389]LogLinker: Warning: NULL のロード中にアセット '/Game/Map/Floor1_BuiltData'  のファイルが見つかりません
[2022.11.22-01.08.59:269][389]LogLinker: Warning: ファイル '/Game/Map/Floor1_BuiltData' が見つかりません
[2022.11.22-01.08.59:269][389]LogLinker: Warning: NULL のロード中にアセット '/Game/Map/Floor1_BuiltData'  のファイルが見つかりません
[2022.11.22-01.08.59:275][389]LogLinker: Warning: ファイル '/Game/Map/Floor1_BuiltData' が見つかりません
[2022.11.22-01.08.59:275][389]LoadErrors: ロードに失敗しました /Game/Map/Floor1_BuiltData.Floor1_BuiltData 参照元 PersistentLevel
[2022.11.22-01.08.59:276][389]LogLinker: Warning: NULL のロード中にアセット '/Game/Map/Floor1_BuiltData'  のファイルが見つかりません
[2022.11.22-01.08.59:296][389]LogStreaming: Display: ULevelStreaming::RequestLevel(/Game/Map/Floor3) is flushing async loading
[2022.11.22-01.08.59:299][389]LogLinker: Warning: ファイル '/Game/Map/Floor3_BuiltData' が見つかりません
[2022.11.22-01.08.59:299][389]LogLinker: Warning: NULL のロード中にアセット '/Game/Map/Floor3_BuiltData'  のファイルが見つかりません
[2022.11.22-01.08.59:300][389]LogLinker: Warning: ファイル '/Game/Map/Floor3_BuiltData' が見つかりません
[2022.11.22-01.08.59:300][389]LogLinker: Warning: NULL のロード中にアセット '/Game/Map/Floor3_BuiltData'  のファイルが見つかりません
[2022.11.22-01.08.59:301][389]LogLinker: Warning: ファイル '/Game/Map/Floor3_BuiltData' が見つかりません
[2022.11.22-01.08.59:301][389]LogLinker: Warning: NULL のロード中にアセット '/Game/Map/Floor3_BuiltData'  のファイルが見つかりません
[2022.11.22-01.08.59:301][389]LogLinker: Warning: ファイル '/Game/Map/Floor3_BuiltData' が見つかりません
[2022.11.22-01.08.59:301][389]LogLinker: Warning: NULL のロード中にアセット '/Game/Map/Floor3_BuiltData'  のファイルが見つかりません
[2022.11.22-01.08.59:309][389]LogLinker: Warning: ファイル '/Game/Map/Floor3_BuiltData' が見つかりません
[2022.11.22-01.08.59:309][389]LoadErrors: ロードに失敗しました /Game/Map/Floor3_BuiltData.Floor3_BuiltData 参照元 PersistentLevel
[2022.11.22-01.08.59:310][389]LogLinker: Warning: NULL のロード中にアセット '/Game/Map/Floor3_BuiltData'  のファイルが見つかりません
[2022.11.22-01.08.59:349][389]LogStreaming: Display: ULevelStreaming::RequestLevel(/Game/Map/Floor4) is flushing async loading
[2022.11.22-01.08.59:353][389]LogLinker: Warning: ファイル '/Game/Map/Floor4_BuiltData' が見つかりません
[2022.11.22-01.08.59:354][389]LogLinker: Warning: NULL のロード中にアセット '/Game/Map/Floor4_BuiltData'  のファイルが見つかりません
[2022.11.22-01.08.59:354][389]LogLinker: Warning: ファイル '/Game/Map/Floor4_BuiltData' が見つかりません
[2022.11.22-01.08.59:354][389]LogLinker: Warning: NULL のロード中にアセット '/Game/Map/Floor4_BuiltData'  のファイルが見つかりません
[2022.11.22-01.08.59:355][389]LogLinker: Warning: ファイル '/Game/Map/Floor4_BuiltData' が見つかりません
[2022.11.22-01.08.59:355][389]LogLinker: Warning: NULL のロード中にアセット '/Game/Map/Floor4_BuiltData'  のファイルが見つかりません
[2022.11.22-01.08.59:355][389]LogLinker: Warning: ファイル '/Game/Map/Floor4_BuiltData' が見つかりません
[2022.11.22-01.08.59:355][389]LogLinker: Warning: NULL のロード中にアセット '/Game/Map/Floor4_BuiltData'  のファイルが見つかりません
[2022.11.22-01.08.59:367][389]LogLinker: Warning: ファイル '/Game/Map/Floor4_BuiltData' が見つかりません
[2022.11.22-01.08.59:367][389]LoadErrors: ロードに失敗しました /Game/Map/Floor4_BuiltData.Floor4_BuiltData 参照元 PersistentLevel
[2022.11.22-01.08.59:367][389]LogLinker: Warning: NULL のロード中にアセット '/Game/Map/Floor4_BuiltData'  のファイルが見つかりません
[2022.11.22-01.08.59:427][389]LogStreaming: Display: ULevelStreaming::RequestLevel(/Game/Map/Floor5) is flushing async loading
[2022.11.22-01.08.59:433][389]LogLinker: Warning: ファイル '/Game/Map/Floor5_BuiltData' が見つかりません
[2022.11.22-01.08.59:433][389]LogLinker: Warning: NULL のロード中にアセット '/Game/Map/Floor5_BuiltData'  のファイルが見つかりません
[2022.11.22-01.08.59:434][389]LogLinker: Warning: ファイル '/Game/Map/Floor5_BuiltData' が見つかりません
[2022.11.22-01.08.59:434][389]LogLinker: Warning: NULL のロード中にアセット '/Game/Map/Floor5_BuiltData'  のファイルが見つかりません
[2022.11.22-01.08.59:435][389]LogLinker: Warning: ファイル '/Game/Map/Floor5_BuiltData' が見つかりません
[2022.11.22-01.08.59:435][389]LogLinker: Warning: NULL のロード中にアセット '/Game/Map/Floor5_BuiltData'  のファイルが見つかりません
[2022.11.22-01.08.59:435][389]LogLinker: Warning: ファイル '/Game/Map/Floor5_BuiltData' が見つかりません
[2022.11.22-01.08.59:435][389]LogLinker: Warning: NULL のロード中にアセット '/Game/Map/Floor5_BuiltData'  のファイルが見つかりません
[2022.11.22-01.08.59:450][389]LogLinker: Warning: ファイル '/Game/Map/Floor5_BuiltData' が見つかりません
[2022.11.22-01.08.59:450][389]LoadErrors: ロードに失敗しました /Game/Map/Floor5_BuiltData.Floor5_BuiltData 参照元 PersistentLevel
[2022.11.22-01.08.59:450][389]LogLinker: Warning: NULL のロード中にアセット '/Game/Map/Floor5_BuiltData'  のファイルが見つかりません
[2022.11.22-01.08.59:566][389]LogStreaming: Display: ULevelStreaming::RequestLevel(/Game/Map/Floor2) is flushing async loading
[2022.11.22-01.08.59:803][389]LogEditorServer: Finished looking for orphan Actors (0.000 secs)
[2022.11.22-01.08.59:849][389]Cmd: MAP CHECKDEP NOCLEARLOG
[2022.11.22-01.08.59:911][389]MapCheck: マップチェックが完了: 0 エラー、 0 警告、完了に 61.63ミリ秒かかりました。
[2022.11.22-01.08.59:913][389]LogFileHelpers: Loading map 'Game_Main' took 0.725
[2022.11.22-01.10.06:658][878]Cmd: OBJ SAVEPACKAGE PACKAGE="/Game/Map/Game_Main" FILE="C:/Users/Owner/Documents/UE4_RPG/THE7/Content/Map/Game_Main.umap" SILENT=true AUTOSAVING=false KEEPDIRTY=false
[2022.11.22-01.10.06:860][878]LogSavePackage: Save=159.57ms
[2022.11.22-01.10.06:860][878]LogSavePackage: Moving 'C:/Users/Owner/Documents/UE4_RPG/THE7/Saved/Game_Main922217B94D391B9ADD863890F2339CB1.tmp' to 'C:/Users/Owner/Documents/UE4_RPG/THE7/Content/Map/Game_Main.umap'
[2022.11.22-01.10.06:864][878]LogSavePackage: Display: Finished SavePackage C:/Users/Owner/Documents/UE4_RPG/THE7/Content/Map/Game_Main.umap
[2022.11.22-01.10.08:458][919]Cmd: QUIT_EDITOR
[2022.11.22-01.10.08:471][919]LogWindowsTextInputMethodSystem: Display: IME system now activated using TSF (Microsoft IME).
[2022.11.22-01.10.08:482][919]LogExit: Preparing to exit.
[2022.11.22-01.10.08:891][919]LogExit: Editor shut down
[2022.11.22-01.10.08:893][919]LogExit: Transaction tracking system shut down
[2022.11.22-01.10.08:991][919]LogDirectoryWatcher: A directory notification for '../../../Engine/Content/' was aborted.
[2022.11.22-01.10.08:991][919]LogDirectoryWatcher: A directory notification for 'C:/Users/Owner/Documents/UE4_RPG/THE7/Content/' was aborted.
[2022.11.22-01.10.08:991][919]LogDirectoryWatcher: A directory notification for '../../../Engine/Plugins/2D/Paper2D/Content/' was aborted.
[2022.11.22-01.10.08:991][919]LogDirectoryWatcher: A directory notification for '../../../Engine/Plugins/Runtime/Oculus/OculusVR/Content/' was aborted.
[2022.11.22-01.10.08:991][919]LogDirectoryWatcher: A directory notification for '../../../Engine/Plugins/Runtime/Steam/SteamVR/Content/' was aborted.
[2022.11.22-01.10.09:051][919]LogExit: Object subsystem successfully closed.
[2022.11.22-01.10.09:071][919]LogD3D11RHI: Shutdown
[2022.11.22-01.10.09:071][919]LogD3D11RHI: CleanupD3DDevice
[2022.11.22-01.10.09:225][919]LogD3D11RHI: ~FD3D11DynamicRHI
[2022.11.22-01.10.09:231][919]LogModuleManager: Shutting down and abandoning module HierarchicalLODOutliner (532)
[2022.11.22-01.10.09:231][919]LogModuleManager: Shutting down and abandoning module WorldBrowser (530)
[2022.11.22-01.10.09:231][919]LogModuleManager: Shutting down and abandoning module SceneOutliner (528)
[2022.11.22-01.10.09:231][919]LogModuleManager: Shutting down and abandoning module AddContentDialog (526)
[2022.11.22-01.10.09:231][919]LogDirectoryWatcher: A directory notification for 'D:/UE_4.17/FeaturePacks/' was aborted.
[2022.11.22-01.10.09:237][919]LogModuleManager: Shutting down and abandoning module WidgetCarousel (525)
[2022.11.22-01.10.09:237][919]LogModuleManager: Shutting down and abandoning module EditorWidgets (522)
[2022.11.22-01.10.09:237][919]LogModuleManager: Shutting down and abandoning module CollectionManager (520)
[2022.11.22-01.10.09:237][919]LogDirectoryWatcher: A directory notification for 'C:/Users/Owner/Documents/UE4_RPG/THE7/Content/Collections/' was aborted.
[2022.11.22-01.10.09:237][919]LogDirectoryWatcher: A directory notification for 'C:/Users/Owner/Documents/UE4_RPG/THE7/Content/Developers/Owner/Collections/' was aborted.
[2022.11.22-01.10.09:237][919]LogDirectoryWatcher: A directory notification for 'C:/Users/Owner/Documents/UE4_RPG/THE7/Saved/Collections/' was aborted.
[2022.11.22-01.10.09:237][919]LogModuleManager: Shutting down and abandoning module StatsViewer (518)
[2022.11.22-01.10.09:237][919]LogModuleManager: Shutting down and abandoning module FoliageEdit (516)
[2022.11.22-01.10.09:237][919]LogModuleManager: Shutting down and abandoning module LandscapeEditor (514)
[2022.11.22-01.10.09:237][919]LogModuleManager: Shutting down and abandoning module MeshPaintMode (512)
[2022.11.22-01.10.09:237][919]LogModuleManager: Shutting down and abandoning module SceneDepthPickerMode (510)
[2022.11.22-01.10.09:237][919]LogModuleManager: Shutting down and abandoning module ActorPickerMode (508)
[2022.11.22-01.10.09:237][919]LogModuleManager: Shutting down and abandoning module GeometryMode (506)
[2022.11.22-01.10.09:237][919]LogModuleManager: Shutting down and abandoning module TextureAlignMode (504)
[2022.11.22-01.10.09:238][919]LogModuleManager: Shutting down and abandoning module BspMode (502)
[2022.11.22-01.10.09:238][919]LogModuleManager: Shutting down and abandoning module PIEPreviewDeviceProfileSelector (500)
[2022.11.22-01.10.09:238][919]LogModuleManager: Shutting down and abandoning module HardwareSurvey (498)
[2022.11.22-01.10.09:238][919]LogModuleManager: Shutting down and abandoning module SequenceRecorderSections (496)
[2022.11.22-01.10.09:238][919]LogModuleManager: Shutting down and abandoning module AutomationWorker (494)
[2022.11.22-01.10.09:238][919]LogModuleManager: Shutting down and abandoning module MatineeToLevelSequence (492)
[2022.11.22-01.10.09:238][919]LogModuleManager: Shutting down and abandoning module LevelSequenceEditor (490)
[2022.11.22-01.10.09:238][919]LogModuleManager: Shutting down and abandoning module PlacementMode (489)
[2022.11.22-01.10.09:238][919]LogModuleManager: Shutting down and abandoning module WmfMediaFactory (486)
[2022.11.22-01.10.09:238][919]LogModuleManager: Shutting down and abandoning module WmfMediaEditor (484)
[2022.11.22-01.10.09:238][919]LogModuleManager: Shutting down and abandoning module AvfMediaFactory (482)
[2022.11.22-01.10.09:238][919]LogModuleManager: Shutting down and abandoning module AvfMediaEditor (480)
[2022.11.22-01.10.09:238][919]LogModuleManager: Shutting down and abandoning module AndroidMediaFactory (478)
[2022.11.22-01.10.09:238][919]LogModuleManager: Shutting down and abandoning module Media (477)
[2022.11.22-01.10.09:238][919]LogModuleManager: Shutting down and abandoning module AndroidMediaEditor (474)
[2022.11.22-01.10.09:238][919]LogModuleManager: Shutting down and abandoning module CharacterAI (472)
[2022.11.22-01.10.09:238][919]LogModuleManager: Shutting down and abandoning module AudioCapture (470)
[2022.11.22-01.10.09:238][919]LogModuleManager: Shutting down and abandoning module SequenceRecorder (469)
[2022.11.22-01.10.09:238][919]LogModuleManager: Shutting down and abandoning module SmartSnapping (466)
[2022.11.22-01.10.09:238][919]LogModuleManager: Shutting down and abandoning module SessionServices (464)
[2022.11.22-01.10.09:238][919]LogModuleManager: Shutting down and abandoning module ViewportSnapping (462)
[2022.11.22-01.10.09:238][919]LogModuleManager: Shutting down and abandoning module ViewportInteraction (460)
[2022.11.22-01.10.09:238][919]LogModuleManager: Shutting down and abandoning module ClothPainter (458)
[2022.11.22-01.10.09:238][919]LogModuleManager: Shutting down and abandoning module LogVisualizer (456)
[2022.11.22-01.10.09:238][919]LogModuleManager: Shutting down and abandoning module IntroTutorials (454)
[2022.11.22-01.10.09:238][919]LogModuleManager: Shutting down and abandoning module GameProjectGeneration (453)
[2022.11.22-01.10.09:238][919]LogModuleManager: Shutting down and abandoning module IOSPlatformEditor (450)
[2022.11.22-01.10.09:238][919]LogModuleManager: Shutting down and abandoning module HTML5PlatformEditor (448)
[2022.11.22-01.10.09:238][919]LogModuleManager: Shutting down and abandoning module AndroidPlatformEditor (446)
[2022.11.22-01.10.09:238][919]LogModuleManager: Shutting down and abandoning module AndroidDeviceDetection (445)
[2022.11.22-01.10.10:075][919]LogModuleManager: Shutting down and abandoning module WindowsPlatformEditor (442)
[2022.11.22-01.10.10:075][919]LogModuleManager: Shutting down and abandoning module IOSRuntimeSettings (440)
[2022.11.22-01.10.10:075][919]LogModuleManager: Shutting down and abandoning module AndroidRuntimeSettings (438)
[2022.11.22-01.10.10:075][919]LogModuleManager: Shutting down and abandoning module InputBindingEditor (436)
[2022.11.22-01.10.10:075][919]LogModuleManager: Shutting down and abandoning module MergeActors (434)
[2022.11.22-01.10.10:075][919]LogModuleManager: Shutting down and abandoning module SizeMap (432)
[2022.11.22-01.10.10:075][919]LogModuleManager: Shutting down and abandoning module TreeMap (430)
[2022.11.22-01.10.10:075][919]LogModuleManager: Shutting down and abandoning module ReferenceViewer (428)
[2022.11.22-01.10.10:075][919]LogModuleManager: Shutting down and abandoning module LocalizationDashboard (426)
[2022.11.22-01.10.10:075][919]LogModuleManager: Shutting down and abandoning module LocalizationService (425)
[2022.11.22-01.10.10:075][919]LogModuleManager: Shutting down and abandoning module HardwareTargeting (422)
[2022.11.22-01.10.10:075][919]LogModuleManager: Shutting down and abandoning module DeviceProfileEditor (420)
[2022.11.22-01.10.10:075][919]LogModuleManager: Shutting down and abandoning module UndoHistory (418)
[2022.11.22-01.10.10:075][919]LogModuleManager: Shutting down and abandoning module XmlParser (416)
[2022.11.22-01.10.10:075][919]LogModuleManager: Shutting down and abandoning module Blutility (414)
[2022.11.22-01.10.10:075][919]LogModuleManager: Shutting down and abandoning module ProjectSettingsViewer (412)
[2022.11.22-01.10.10:075][919]LogModuleManager: Shutting down and abandoning module ProjectTargetPlatformEditor (411)
[2022.11.22-01.10.10:075][919]LogModuleManager: Shutting down and abandoning module EditorSettingsViewer (408)
[2022.11.22-01.10.10:076][919]LogModuleManager: Shutting down and abandoning module SettingsEditor (406)
[2022.11.22-01.10.10:076][919]LogModuleManager: Shutting down and abandoning module ProjectLauncher (404)
[2022.11.22-01.10.10:076][919]LogModuleManager: Shutting down and abandoning module SessionFrontend (402)
[2022.11.22-01.10.10:076][919]LogModuleManager: Shutting down and abandoning module ProfilerClient (400)
[2022.11.22-01.10.10:076][919]LogModuleManager: Shutting down and abandoning module DeviceManager (398)
[2022.11.22-01.10.10:076][919]LogModuleManager: Shutting down and abandoning module TargetDeviceServices (397)
[2022.11.22-01.10.10:131][919]LogModuleManager: Shutting down and abandoning module AutomationController (394)
[2022.11.22-01.10.10:131][919]LogModuleManager: Shutting down and abandoning module AutomationWindow (392)
[2022.11.22-01.10.10:131][919]LogModuleManager: Shutting down and abandoning module Layers (390)
[2022.11.22-01.10.10:131][919]LogModuleManager: Shutting down and abandoning module ComponentVisualizers (388)
[2022.11.22-01.10.10:131][919]LogModuleManager: Shutting down and abandoning module DetailCustomizations (386)
[2022.11.22-01.10.10:131][919]LogModuleManager: Shutting down and abandoning module PackagesDialog (384)
[2022.11.22-01.10.10:131][919]LogModuleManager: Shutting down and abandoning module Persona (382)
[2022.11.22-01.10.10:131][919]LogModuleManager: Shutting down and abandoning module AdvancedPreviewScene (381)
[2022.11.22-01.10.10:131][919]LogModuleManager: Shutting down and abandoning module AnimGraph (379)
[2022.11.22-01.10.10:131][919]LogModuleManager: Shutting down and abandoning module Kismet (376)
[2022.11.22-01.10.10:132][919]LogModuleManager: Shutting down and abandoning module ClassViewer (374)
[2022.11.22-01.10.10:132][919]LogModuleManager: Shutting down and abandoning module Toolbox (372)
[2022.11.22-01.10.10:132][919]LogModuleManager: Shutting down and abandoning module ModuleUI (370)
[2022.11.22-01.10.10:132][919]LogModuleManager: Shutting down and abandoning module MovieSceneTools (368)
[2022.11.22-01.10.10:132][919]LogModuleManager: Shutting down and abandoning module OutputLog (366)
[2022.11.22-01.10.10:132][919]LogModuleManager: Shutting down and abandoning module GammaUI (364)
[2022.11.22-01.10.10:132][919]LogModuleManager: Shutting down and abandoning module Documentation (362)
[2022.11.22-01.10.10:132][919]LogModuleManager: Shutting down and abandoning module MovieSceneTracks (360)
[2022.11.22-01.10.10:132][919]LogModuleManager: Shutting down and abandoning module MovieScene (358)
[2022.11.22-01.10.10:132][919]LogModuleManager: Shutting down and abandoning module Niagara (356)
[2022.11.22-01.10.10:132][919]LogModuleManager: Shutting down and abandoning module NiagaraEditor (355)
[2022.11.22-01.10.10:132][919]LogModuleManager: Shutting down and abandoning module StreamingPauseRendering (352)
[2022.11.22-01.10.10:132][919]LogModuleManager: Shutting down and abandoning module LauncherPlatform (350)
[2022.11.22-01.10.10:132][919]LogModuleManager: Shutting down and abandoning module AnalyticsET (348)
[2022.11.22-01.10.10:132][919]LogModuleManager: Shutting down and abandoning module PortalServices (346)
[2022.11.22-01.10.10:132][919]LogModuleManager: Shutting down and abandoning module PortalRpc (344)
[2022.11.22-01.10.10:132][919]LogModuleManager: Shutting down and abandoning module MessagingRpc (342)
[2022.11.22-01.10.10:132][919]LogModuleManager: Shutting down and abandoning module AIModule (340)
[2022.11.22-01.10.10:132][919]LogModuleManager: Shutting down and abandoning module GameplayDebugger (339)
[2022.11.22-01.10.10:132][919]LogModuleManager: Shutting down and abandoning module AITestSuite (337)
[2022.11.22-01.10.10:132][919]LogModuleManager: Shutting down and abandoning module ProfilerService (334)
[2022.11.22-01.10.10:328][919]LogModuleManager: Shutting down and abandoning module TaskGraph (332)
[2022.11.22-01.10.10:328][919]LogModuleManager: Shutting down and abandoning module SteamVRController (330)
[2022.11.22-01.10.10:328][919]LogModuleManager: Shutting down and abandoning module ProceduralMeshComponentEditor (328)
[2022.11.22-01.10.10:328][919]LogModuleManager: Shutting down and abandoning module ProceduralMeshComponent (326)
[2022.11.22-01.10.10:328][919]LogModuleManager: Shutting down and abandoning module OculusInput (324)
[2022.11.22-01.10.10:328][919]LogModuleManager: Shutting down and abandoning module MobilePatchingUtils (322)
[2022.11.22-01.10.10:328][919]LogModuleManager: Shutting down and abandoning module CustomMeshComponent (320)
[2022.11.22-01.10.10:328][919]LogModuleManager: Shutting down and abandoning module CableComponent (318)
[2022.11.22-01.10.10:328][919]LogModuleManager: Shutting down and abandoning module ArchVisCharacter (316)
[2022.11.22-01.10.10:328][919]LogModuleManager: Shutting down and abandoning module AndroidPermission (314)
[2022.11.22-01.10.10:328][919]LogModuleManager: Shutting down and abandoning module MediaPlayerEditor (310)
[2022.11.22-01.10.10:328][919]LogModuleManager: Shutting down and abandoning module HTML5Networking (308)
[2022.11.22-01.10.10:328][919]LogModuleManager: Shutting down and abandoning module AlembicImporter (306)
[2022.11.22-01.10.10:328][919]LogModuleManager: Shutting down and abandoning module AlembicLibrary (305)
[2022.11.22-01.10.10:328][919]LogModuleManager: Shutting down and abandoning module GeometryCache (304)
[2022.11.22-01.10.10:328][919]LogModuleManager: Shutting down and abandoning module GeometryCacheEd (303)
[2022.11.22-01.10.10:328][919]LogModuleManager: Shutting down and abandoning module SpeedTreeImporter (298)
[2022.11.22-01.10.10:328][919]LogModuleManager: Shutting down and abandoning module PluginBrowser (296)
[2022.11.22-01.10.10:329][919]LogModuleManager: Shutting down and abandoning module MobileLauncherProfileWizard (294)
[2022.11.22-01.10.10:329][919]LogModuleManager: Shutting down and abandoning module VisualStudioSourceCodeAccess (292)
[2022.11.22-01.10.10:329][919]LogModuleManager: Shutting down and abandoning module DesktopPlatform (291)
[2022.11.22-01.10.10:329][919]LogModuleManager: Shutting down and abandoning module UObjectPlugin (288)
[2022.11.22-01.10.10:329][919]LogModuleManager: Shutting down and abandoning module SubversionSourceControl (286)
[2022.11.22-01.10.10:329][919]LogModuleManager: Shutting down and abandoning module PerforceSourceControl (284)
[2022.11.22-01.10.10:329][919]LogModuleManager: Shutting down and abandoning module GitSourceControl (282)
[2022.11.22-01.10.10:329][919]LogModuleManager: Shutting down and abandoning module SourceControl (281)
[2022.11.22-01.10.10:329][919]LogModuleManager: Shutting down and abandoning module LightPropagationVolumeEditor (278)
[2022.11.22-01.10.10:329][919]LogModuleManager: Shutting down and abandoning module PaperTiledImporter (276)
[2022.11.22-01.10.10:329][919]LogModuleManager: Shutting down and abandoning module PaperSpriteSheetImporter (274)
[2022.11.22-01.10.10:329][919]LogModuleManager: Shutting down and abandoning module Paper2DEditor (272)
[2022.11.22-01.10.10:329][919]LogModuleManager: Shutting down and abandoning module MeshPaint (271)
[2022.11.22-01.10.10:329][919]LogModuleManager: Shutting down and abandoning module LevelEditor (269)
[2022.11.22-01.10.10:329][919]LogModuleManager: Shutting down and abandoning module PixelInspectorModule (268)
[2022.11.22-01.10.10:329][919]LogModuleManager: Shutting down and abandoning module MainFrame (266)
[2022.11.22-01.10.10:329][919]LogModuleManager: Shutting down and abandoning module HotReload (265)
[2022.11.22-01.10.10:330][919]LogModuleManager: Shutting down and abandoning module RuntimePhysXCooking (260)
[2022.11.22-01.10.10:330][919]LogModuleManager: Shutting down and abandoning module PhysXVehiclesEditor (258)
[2022.11.22-01.10.10:330][919]LogModuleManager: Shutting down and abandoning module PhysXVehicles (256)
[2022.11.22-01.10.10:330][919]LogModuleManager: Shutting down and abandoning module OculusEditor (254)
[2022.11.22-01.10.10:330][919]LogModuleManager: Shutting down and abandoning module LocationServicesBPLibrary (252)
[2022.11.22-01.10.10:330][919]LogModuleManager: Shutting down and abandoning module ImmediatePhysicsEditor (250)
[2022.11.22-01.10.10:330][919]LogModuleManager: Shutting down and abandoning module ImmediatePhysics (248)
[2022.11.22-01.10.10:330][919]LogModuleManager: Shutting down and abandoning module UdpMessaging (246)
[2022.11.22-01.10.10:431][919]LogModuleManager: Shutting down and abandoning module TcpMessaging (244)
[2022.11.22-01.10.10:532][919]LogModuleManager: Shutting down and abandoning module GameplayTagsEditor (242)
[2022.11.22-01.10.10:532][919]LogModuleManager: Shutting down and abandoning module FacialAnimationEditor (240)
[2022.11.22-01.10.10:532][919]LogModuleManager: Shutting down and abandoning module FacialAnimation (238)
[2022.11.22-01.10.10:532][919]LogModuleManager: Shutting down and abandoning module AssetManagerEditor (236)
[2022.11.22-01.10.10:532][919]LogModuleManager: Shutting down and abandoning module GraphEditor (235)
[2022.11.22-01.10.10:532][919]LogModuleManager: Shutting down and abandoning module ContentBrowser (233)
[2022.11.22-01.10.10:532][919]LogModuleManager: Shutting down and abandoning module LightPropagationVolumeRuntime (230)
[2022.11.22-01.10.10:532][919]LogModuleManager: Shutting down and abandoning module Paper2D (228)
[2022.11.22-01.10.10:532][919]LogModuleManager: Shutting down and abandoning module WindowsMoviePlayer (226)
[2022.11.22-01.10.10:532][919]LogModuleManager: Shutting down and abandoning module WmfMedia (224)
[2022.11.22-01.10.10:534][919]LogModuleManager: Shutting down and abandoning module PacketHandler (222)
[2022.11.22-01.10.10:534][919]LogModuleManager: Shutting down and abandoning module ClothingSystemEditor (220)
[2022.11.22-01.10.10:534][919]LogModuleManager: Shutting down and abandoning module ClothingSystemRuntime (218)
[2022.11.22-01.10.10:534][919]LogModuleManager: Shutting down and abandoning module Overlay (216)
[2022.11.22-01.10.10:534][919]LogModuleManager: Shutting down and abandoning module OverlayEditor (215)
[2022.11.22-01.10.10:534][919]LogModuleManager: Shutting down and abandoning module MediaAssets (212)
[2022.11.22-01.10.10:534][919]LogModuleManager: Shutting down and abandoning module VREditor (210)
[2022.11.22-01.10.10:534][919]LogModuleManager: Shutting down and abandoning module StringTableEditor (208)
[2022.11.22-01.10.10:534][919]LogModuleManager: Shutting down and abandoning module GameplayTasksEditor (206)
[2022.11.22-01.10.10:534][919]LogModuleManager: Shutting down and abandoning module BehaviorTreeEditor (204)
[2022.11.22-01.10.10:534][919]LogModuleManager: Shutting down and abandoning module FunctionalTesting (202)
[2022.11.22-01.10.10:534][919]LogModuleManager: Shutting down and abandoning module CollisionAnalyzer (200)
[2022.11.22-01.10.10:534][919]LogModuleManager: Shutting down and abandoning module WorkspaceMenuStructure (199)
[2022.11.22-01.10.10:534][919]LogModuleManager: Shutting down and abandoning module UMG (196)
[2022.11.22-01.10.10:534][919]LogModuleManager: Shutting down and abandoning module UMGEditor (195)
[2022.11.22-01.10.10:534][919]LogModuleManager: Shutting down and abandoning module Sequencer (194)
[2022.11.22-01.10.10:534][919]LogModuleManager: Shutting down and abandoning module MessageLog (191)
[2022.11.22-01.10.10:534][919]LogModuleManager: Shutting down and abandoning module SlateReflector (186)
[2022.11.22-01.10.10:534][919]LogModuleManager: Shutting down and abandoning module Slate (184)
[2022.11.22-01.10.10:534][919]LogModuleManager: Shutting down and abandoning module EditorStyle (182)
[2022.11.22-01.10.10:536][919]LogModuleManager: Shutting down and abandoning module MRMesh (180)
[2022.11.22-01.10.10:536][919]LogModuleManager: Shutting down and abandoning module SourceCodeAccess (178)
[2022.11.22-01.10.10:536][919]LogModuleManager: Shutting down and abandoning module HeadMountedDisplay (176)
[2022.11.22-01.10.10:536][919]LogModuleManager: Shutting down and abandoning module XAudio2 (174)
[2022.11.22-01.10.10:536][919]LogModuleManager: Shutting down and abandoning module Networking (172)
[2022.11.22-01.10.10:536][919]LogModuleManager: Shutting down and abandoning module Core (168)
[2022.11.22-01.10.10:536][919]LogModuleManager: Shutting down and abandoning module KismetCompiler (164)
[2022.11.22-01.10.10:536][919]LogModuleManager: Shutting down and abandoning module LevelSequence (162)
[2022.11.22-01.10.10:536][919]LogModuleManager: Shutting down and abandoning module MeshUtilities (160)
[2022.11.22-01.10.10:536][919]LogModuleManager: Shutting down and abandoning module MeshMergeUtilities (159)
[2022.11.22-01.10.10:536][919]LogModuleManager: Shutting down and abandoning module MeshReductionInterface (158)
[2022.11.22-01.10.10:536][919]LogModuleManager: Shutting down and abandoning module SimplygonSwarm (157)
[2022.11.22-01.10.10:536][919]LogModuleManager: Shutting down and abandoning module SimplygonMeshReduction (155)
[2022.11.22-01.10.10:536][919]LogModuleManager: Shutting down and abandoning module QuadricMeshReduction (153)
[2022.11.22-01.10.10:536][919]LogModuleManager: Shutting down and abandoning module MaterialBaking (149)
[2022.11.22-01.10.10:536][919]LogModuleManager: Shutting down and abandoning module DirectoryWatcher (146)
[2022.11.22-01.10.10:536][919]LogModuleManager: Shutting down and abandoning module DerivedDataCache (144)
[2022.11.22-01.10.10:582][919]LogDerivedDataCache: Shutdown
[2022.11.22-01.10.10:582][919]LogModuleManager: Shutting down and abandoning module TargetPlatform (142)
[2022.11.22-01.10.10:582][919]LogModuleManager: Shutting down and abandoning module VulkanShaderFormat (141)
[2022.11.22-01.10.10:582][919]LogModuleManager: Shutting down and abandoning module ShaderFormatVectorVM (139)
[2022.11.22-01.10.10:582][919]LogModuleManager: Shutting down and abandoning module ShaderFormatOpenGL (137)
[2022.11.22-01.10.10:582][919]LogModuleManager: Shutting down and abandoning module ShaderFormatD3D (135)
[2022.11.22-01.10.10:582][919]LogModuleManager: Shutting down and abandoning module MetalShaderFormat (133)
[2022.11.22-01.10.10:582][919]LogModuleManager: Shutting down and abandoning module TextureFormatUncompressed (131)
[2022.11.22-01.10.10:582][919]LogModuleManager: Shutting down and abandoning module TextureFormatPVR (129)
[2022.11.22-01.10.10:582][919]LogModuleManager: Shutting down and abandoning module TextureFormatDXT (127)
[2022.11.22-01.10.10:582][919]LogModuleManager: Shutting down and abandoning module TextureFormatIntelISPCTexComp (125)
[2022.11.22-01.10.10:582][919]LogModuleManager: Shutting down and abandoning module TextureFormatASTC (123)
[2022.11.22-01.10.10:582][919]LogModuleManager: Shutting down and abandoning module ImageWrapper (122)
[2022.11.22-01.10.10:582][919]LogModuleManager: Shutting down and abandoning module TextureFormatAndroid (119)
[2022.11.22-01.10.10:582][919]LogModuleManager: Shutting down and abandoning module AudioFormatOpus (117)
[2022.11.22-01.10.10:582][919]LogModuleManager: Shutting down and abandoning module AudioFormatOgg (115)
[2022.11.22-01.10.10:582][919]LogModuleManager: Shutting down and abandoning module AudioFormatADPCM (113)
[2022.11.22-01.10.10:583][919]LogModuleManager: Shutting down and abandoning module LinuxTargetPlatform (111)
[2022.11.22-01.10.10:583][919]LogModuleManager: Shutting down and abandoning module LinuxServerTargetPlatform (109)
[2022.11.22-01.10.10:583][919]LogModuleManager: Shutting down and abandoning module LinuxNoEditorTargetPlatform (107)
[2022.11.22-01.10.10:583][919]LogModuleManager: Shutting down and abandoning module LinuxClientTargetPlatform (105)
[2022.11.22-01.10.10:583][919]LogModuleManager: Shutting down and abandoning module TVOSTargetPlatform (103)
[2022.11.22-01.10.10:583][919]LogModuleManager: Shutting down and abandoning module Messaging (101)
[2022.11.22-01.10.10:583][919]LogModuleManager: Shutting down and abandoning module IOSTargetPlatform (99)
[2022.11.22-01.10.10:583][919]LogModuleManager: Shutting down and abandoning module HTML5TargetPlatform (97)
[2022.11.22-01.10.10:583][919]LogModuleManager: Shutting down and abandoning module Android_PVRTCTargetPlatform (95)
[2022.11.22-01.10.10:583][919]LogModuleManager: Shutting down and abandoning module Android_MultiTargetPlatform (93)
[2022.11.22-01.10.10:583][919]LogModuleManager: Shutting down and abandoning module Android_ETC2TargetPlatform (91)
[2022.11.22-01.10.10:583][919]LogModuleManager: Shutting down and abandoning module Android_ETC1TargetPlatform (89)
[2022.11.22-01.10.10:583][919]LogModuleManager: Shutting down and abandoning module Android_DXTTargetPlatform (87)
[2022.11.22-01.10.10:583][919]LogModuleManager: Shutting down and abandoning module Android_ATCTargetPlatform (85)
[2022.11.22-01.10.10:583][919]LogModuleManager: Shutting down and abandoning module Android_ASTCTargetPlatform (83)
[2022.11.22-01.10.10:583][919]LogModuleManager: Shutting down and abandoning module AndroidTargetPlatform (81)
[2022.11.22-01.10.10:583][919]LogModuleManager: Shutting down and abandoning module WindowsTargetPlatform (79)
[2022.11.22-01.10.10:583][919]LogModuleManager: Shutting down and abandoning module WindowsServerTargetPlatform (77)
[2022.11.22-01.10.10:583][919]LogModuleManager: Shutting down and abandoning module WindowsNoEditorTargetPlatform (75)
[2022.11.22-01.10.10:583][919]LogModuleManager: Shutting down and abandoning module WindowsClientTargetPlatform (73)
[2022.11.22-01.10.10:583][919]LogModuleManager: Shutting down and abandoning module MacTargetPlatform (71)
[2022.11.22-01.10.10:583][919]LogModuleManager: Shutting down and abandoning module MacServerTargetPlatform (69)
[2022.11.22-01.10.10:583][919]LogModuleManager: Shutting down and abandoning module MacNoEditorTargetPlatform (67)
[2022.11.22-01.10.10:583][919]LogModuleManager: Shutting down and abandoning module MacClientTargetPlatform (65)
[2022.11.22-01.10.10:583][919]LogModuleManager: Shutting down and abandoning module AllDesktopTargetPlatform (63)
[2022.11.22-01.10.10:583][919]LogModuleManager: Shutting down and abandoning module InputCore (60)
[2022.11.22-01.10.10:583][919]LogModuleManager: Shutting down and abandoning module Settings (58)
[2022.11.22-01.10.10:583][919]LogModuleManager: Shutting down and abandoning module PhysXCooking (56)
[2022.11.22-01.10.10:583][919]LogModuleManager: Shutting down and abandoning module SteamVR (54)
[2022.11.22-01.10.10:583][919]LogModuleManager: Shutting down and abandoning module OculusHMD (52)
[2022.11.22-01.10.10:583][919]LogModuleManager: Shutting down and abandoning module ExampleDeviceProfileSelector (50)
[2022.11.22-01.10.10:583][919]LogModuleManager: Shutting down and abandoning module OnlineBlueprintSupport (48)
[2022.11.22-01.10.10:583][919]LogModuleManager: Shutting down and abandoning module OnlineSubsystem (44)
[2022.11.22-01.10.10:583][919]LogOnline: Display: Unloading online subsystem: NULL
[2022.11.22-01.10.10:583][919]LogModuleManager: Shutting down and abandoning module XMPP (43)
[2022.11.22-01.10.10:583][919]LogModuleManager: Shutting down and abandoning module HTTP (41)
[2022.11.22-01.10.10:583][919]LogHttp: Display: Http module shutting down, but needs to wait on 1 outstanding Http requests:
[2022.11.22-01.10.10:583][919]LogHttp: Display: 	verb=[POST] url=[https://datarouter.ol.epicgames.com/datarouter/api/v1/public/data?SessionID=%7BCC8F3B61-48C4-A6A8-41DB-1D8D43321A7A%7D&AppID=UEEditor.Rocket.Release&AppVersion=4.17.2-3658906%2B%2B%2BUE4%2BRelease-4.17&UserID=ae805a914356b2aa000f63a0edcc236c%7Cd81addf00e464976a83f59091fc25d80%7C79aa7d22-b9f4-4679-ac0a-24b08774ed4c&AppEnvironment=datacollector-binary&UploadType=eteventstream] status=Processing
[2022.11.22-01.10.10:608][919]LogModuleManager: Shutting down and abandoning module SSL (40)
[2022.11.22-01.10.10:609][919]LogModuleManager: Shutting down and abandoning module AnimationModifiers (36)
[2022.11.22-01.10.10:609][919]LogModuleManager: Shutting down and abandoning module PropertyEditor (35)
[2022.11.22-01.10.10:609][919]LogModuleManager: Shutting down and abandoning module AudioEditor (32)
[2022.11.22-01.10.10:609][919]LogModuleManager: Shutting down and abandoning module TextureCompressor (30)
[2022.11.22-01.10.10:609][919]LogModuleManager: Shutting down and abandoning module ShaderCore (28)
[2022.11.22-01.10.10:609][919]LogModuleManager: Shutting down and abandoning module Landscape (26)
[2022.11.22-01.10.10:609][919]LogModuleManager: Shutting down and abandoning module SlateRHIRenderer (24)
[2022.11.22-01.10.10:610][919]LogModuleManager: Shutting down and abandoning module OpenGLDrv (22)
[2022.11.22-01.10.10:610][919]LogModuleManager: Shutting down and abandoning module D3D11RHI (20)
[2022.11.22-01.10.10:610][919]LogModuleManager: Shutting down and abandoning module AnimGraphRuntime (18)
[2022.11.22-01.10.10:610][919]LogModuleManager: Shutting down and abandoning module Renderer (16)
[2022.11.22-01.10.10:610][919]LogModuleManager: Shutting down and abandoning module Engine (14)
[2022.11.22-01.10.10:610][919]LogModuleManager: Shutting down and abandoning module CoreUObject (12)
[2022.11.22-01.10.10:610][919]LogModuleManager: Shutting down and abandoning module NetworkFile (10)
[2022.11.22-01.10.10:610][919]LogModuleManager: Shutting down and abandoning module CookedIterativeFile (8)
[2022.11.22-01.10.10:610][919]LogModuleManager: Shutting down and abandoning module StreamingFile (6)
[2022.11.22-01.10.10:610][919]LogModuleManager: Shutting down and abandoning module SandboxFile (4)
[2022.11.22-01.10.10:610][919]LogModuleManager: Shutting down and abandoning module PakFile (2)
[2022.11.22-01.10.10:614][919]LogExit: Exiting.
[2022.11.22-01.10.10:620][919]Log file closed, 11/22/22 10:10:10
