Log file open, 01/31/23 09:27:07
LogWindows: Failed to load 'aqProf.dll' (GetLastError=126)
LogWindows: File 'aqProf.dll' does not exist
LogWindows: Failed to load 'VSPerf140.dll' (GetLastError=126)
LogWindows: File 'VSPerf140.dll' does not exist
LogWindows: Failed to load 'VtuneApi.dll' (GetLastError=126)
LogWindows: File 'VtuneApi.dll' does not exist
LogWindows: Failed to load 'VtuneApi32e.dll' (GetLastError=126)
LogWindows: File 'VtuneApi32e.dll' does not exist
LogInit: Display: Running engine for game: THE7
LogPlatformFile: Not using cached read wrapper
LogInit: Display: RandInit(-1722079970) SRandInit(-1722079970).
LogTaskGraph: Started task graph with 5 named threads and 20 total threads with 3 sets of task threads.
LogStats: Stats thread started at 0.314613
LogD3D11RHI: Aftermath initialized
LogPluginManager: Mounting plugin Paper2D
LogPluginManager: Mounting plugin LightPropagationVolume
LogPluginManager: Mounting plugin CodeLiteSourceCodeAccess
LogPluginManager: Mounting plugin GitSourceControl
LogPluginManager: Mounting plugin KDevelopSourceCodeAccess
LogPluginManager: Mounting plugin NullSourceCodeAccess
LogPluginManager: Mounting plugin PerforceSourceControl
LogPluginManager: Mounting plugin SubversionSourceControl
LogPluginManager: Mounting plugin UObjectPlugin
LogPluginManager: Mounting plugin VisualStudioSourceCodeAccess
LogPluginManager: Mounting plugin XCodeSourceCodeAccess
LogPluginManager: Mounting plugin AssetManagerEditor
LogPluginManager: Mounting plugin AudioCapture
LogPluginManager: Mounting plugin FacialAnimation
LogPluginManager: Mounting plugin GameplayTagsEditor
LogPluginManager: Mounting plugin MobileLauncherProfileWizard
LogPluginManager: Mounting plugin PluginBrowser
LogPluginManager: Mounting plugin SpeedTreeImporter
LogPluginManager: Mounting plugin AlembicImporter
LogPluginManager: Mounting plugin CharacterAI
LogPluginManager: Mounting plugin HTML5Networking
LogPluginManager: Mounting plugin AndroidMedia
LogPluginManager: Mounting plugin AvfMedia
LogPluginManager: Mounting plugin MediaPlayerEditor
LogPluginManager: Mounting plugin WmfMedia
LogPluginManager: Mounting plugin TcpMessaging
LogPluginManager: Mounting plugin UdpMessaging
LogPluginManager: Mounting plugin LevelSequenceEditor
LogPluginManager: Mounting plugin MatineeToLevelSequence
LogPluginManager: Mounting plugin OnlineSubsystemGooglePlay
LogPluginManager: Mounting plugin OnlineSubsystemIOS
LogPluginManager: Mounting plugin OnlineSubsystem
LogPluginManager: Mounting plugin OnlineSubsystemNull
LogPluginManager: Mounting plugin OnlineSubsystemUtils
LogPluginManager: Mounting plugin AndroidDeviceProfileSelector
LogPluginManager: Mounting plugin AndroidMoviePlayer
LogPluginManager: Mounting plugin AndroidPermission
LogPluginManager: Mounting plugin AppleMoviePlayer
LogPluginManager: Mounting plugin ArchVisCharacter
LogPluginManager: Mounting plugin CableComponent
LogPluginManager: Mounting plugin CustomMeshComponent
LogPluginManager: Mounting plugin ExampleDeviceProfileSelector
LogPluginManager: Mounting plugin GoogleCloudMessaging
LogPluginManager: Mounting plugin ImmediatePhysics
LogPluginManager: Mounting plugin IOSDeviceProfileSelector
LogPluginManager: Mounting plugin LinuxDeviceProfileSelector
LogPluginManager: Mounting plugin LocationServicesBPLibrary
LogPluginManager: Mounting plugin MobilePatchingUtils
LogPluginManager: Mounting plugin OculusVR
LogPluginManager: Mounting plugin PhysXVehicles
LogPluginManager: Mounting plugin ProceduralMeshComponent
LogPluginManager: Mounting plugin RuntimePhysXCooking
LogPluginManager: Mounting plugin SteamVR
LogPluginManager: Mounting plugin WindowsMoviePlayer
LogInit: Using libcurl 7.47.1
LogInit:  - built for x86_64-pc-win32
LogInit:  - supports SSL with OpenSSL/1.0.2g
LogInit:  - supports HTTP deflate (compression) using libz 1.2.8
LogInit:  - other features:
LogInit:      CURL_VERSION_SSL
LogInit:      CURL_VERSION_LIBZ
LogInit:      CURL_VERSION_IPV6
LogInit:      CURL_VERSION_ASYNCHDNS
LogInit:      CURL_VERSION_LARGEFILE
LogInit:      CURL_VERSION_IDN
LogInit:  CurlRequestOptions (configurable via config and command line):
LogInit:  - bVerifyPeer = false  - Libcurl will NOT verify peer certificate
LogInit:  - bUseHttpProxy = false  - Libcurl will NOT use HTTP proxy
LogInit:  - bDontReuseConnections = false  - Libcurl will reuse connections
LogInit:  - CertBundlePath = nullptr  - Libcurl will use whatever was configured at build time.
LogInit: Build: ++UE4+Release-4.17-CL-3658906
LogInit: Engine Version: 4.17.2-3658906+++UE4+Release-4.17
LogInit: Compatible Engine Version: 4.17.0-3573198+++UE4+Release-4.17
LogInit: Net CL: 3573198
LogDevObjectVersion: Number of dev versions registered: 16
LogDevObjectVersion:   Dev-Blueprints (B0D832E4-1F89-4F0D-ACCF-7EB736FD4AA2): 10
LogDevObjectVersion:   Dev-Build (E1C64328-A22C-4D53-A36C-8E866417BD8C): 0
LogDevObjectVersion:   Dev-Core (375EC13C-06E4-48FB-B500-84F0262A717E): 2
LogDevObjectVersion:   Dev-Editor (E4B068ED-F494-42E9-A231-DA0B2E46BB41): 20
LogDevObjectVersion:   Dev-Framework (CFFC743F-43B0-4480-9391-14DF171D2073): 28
LogDevObjectVersion:   Dev-Mobile (B02B49B5-BB20-44E9-A304-32B752E40360): 0
LogDevObjectVersion:   Dev-Networking (A4E4105C-59A1-49B5-A7C5-40C4547EDFEE): 0
LogDevObjectVersion:   Dev-Online (39C831C9-5AE6-47DC-9A44-9C173E1C8E7C): 0
LogDevObjectVersion:   Dev-Physics (78F01B33-EBEA-4F98-B9B4-84EACCB95AA2): 0
LogDevObjectVersion:   Dev-Platform (6631380F-2D4D-43E0-8009-CF276956A95A): 0
LogDevObjectVersion:   Dev-Rendering (12F88B9F-8875-4AFC-A67C-D90C383ABD29): 19
LogDevObjectVersion:   Dev-Sequencer (7B5AE74C-D270-4C10-A958-57980B212A5A): 4
LogDevObjectVersion:   Dev-VR (D7296918-1DD6-4BDD-9DE2-64A83CC13884): 0
LogDevObjectVersion:   Dev-LoadTimes (C2A15278-BFE7-4AFE-6C17-90FF531DF755): 1
LogDevObjectVersion:   Private-Geometry (6EACA3D4-40EC-4CC1-B786-8BED09428FC5): 1
LogDevObjectVersion:   Dev-AnimPhys (29E575DD-E0A3-4627-9D10-D276232CDCEA): 7
LogInit: Compiled (64-bit): Sep 22 2017 13:47:16
LogInit: Compiled with Visual C++: 19.00.24215.01
LogInit: Build Configuration: Development
LogInit: Branch Name: ++UE4+Release-4.17
LogInit: Command line:  
LogInit: Base directory: C:/Program Files/Epic Games/UE_4.17/Engine/Binaries/Win64/
LogInit: Installed Engine Build: 1
LogInit: Presizing for max 8388607 objects, including 0 objects not considered by GC, pre-allocating 0 bytes for permanent pool.
LogInit: Object subsystem initialized
[2023.01.31-00.27.08:288][  0]LogInit: Selected Device Profile: [Windows]
[2023.01.31-00.27.08:288][  0]LogInit: Applying CVar settings loaded from the selected device profile: [Windows]
[2023.01.31-00.27.08:298][  0]LogInit: Computer: KBCKUBA
[2023.01.31-00.27.08:298][  0]LogInit: User: Owner
[2023.01.31-00.27.08:298][  0]LogInit: CPU Page size=4096, Cores=6
[2023.01.31-00.27.08:298][  0]LogInit: High frequency timer resolution =10.000000 MHz
[2023.01.31-00.27.08:298][  0]LogMemory: Memory total: Physical=15.8GB (16GB approx)
[2023.01.31-00.27.08:298][  0]LogMemory: Platform Memory Stats for Windows
[2023.01.31-00.27.08:298][  0]LogMemory: Process Physical Memory: 280.77 MB used, 280.77 MB peak
[2023.01.31-00.27.08:298][  0]LogMemory: Process Virtual Memory: 280.85 MB used, 280.85 MB peak
[2023.01.31-00.27.08:298][  0]LogMemory: Physical Memory: 10415.18 MB used,  5814.74 MB free, 16229.92 MB total
[2023.01.31-00.27.08:298][  0]LogMemory: Virtual Memory: 4805.81 MB used,  5814.74 MB free, 134217728.00 MB total
[2023.01.31-00.27.08:532][  0]LogInit: Using OS detected language (ja-JP).
[2023.01.31-00.27.08:532][  0]LogInit: Using OS detected locale (ja-JP).
[2023.01.31-00.27.08:535][  0]LogTextLocalizationManager: No specific localization for 'ja-JP' exists, so the 'ja' localization will be used.
[2023.01.31-00.27.08:992][  0]LogD3D11RHI: D3D11 adapters:
[2023.01.31-00.27.09:057][  0]LogD3D11RHI:    0. 'NVIDIA GeForce GTX 1650 with Max-Q Design' (Feature Level 11_0)
[2023.01.31-00.27.09:057][  0]LogD3D11RHI:       3962/0/8114 MB DedicatedVideo/DedicatedSystem/SharedSystem, Outputs:1, VendorId:0x10de
[2023.01.31-00.27.09:089][  0]LogD3D11RHI:    1. 'Intel(R) UHD Graphics 630' (Feature Level 11_0)
[2023.01.31-00.27.09:089][  0]LogD3D11RHI:       128/0/8114 MB DedicatedVideo/DedicatedSystem/SharedSystem, Outputs:0, VendorId:0x8086
[2023.01.31-00.27.09:091][  0]LogD3D11RHI:    2. 'Microsoft Basic Render Driver' (Feature Level 11_0)
[2023.01.31-00.27.09:091][  0]LogD3D11RHI:       0/0/8114 MB DedicatedVideo/DedicatedSystem/SharedSystem, Outputs:0, VendorId:0x1414
[2023.01.31-00.27.09:091][  0]LogD3D11RHI: Chosen D3D11 Adapter: 0
[2023.01.31-00.27.09:142][  0]LogD3D11RHI: Creating new Direct3DDevice
[2023.01.31-00.27.09:142][  0]LogD3D11RHI:     GPU DeviceId: 0x1f91 (for the marketing name, search the web for "GPU Device Id")
[2023.01.31-00.27.09:142][  0]LogWindows: EnumDisplayDevices:
[2023.01.31-00.27.09:142][  0]LogWindows:    0. 'Intel(R) UHD Graphics 630' (P:1 D:1)
[2023.01.31-00.27.09:142][  0]LogWindows:    1. 'Intel(R) UHD Graphics 630' (P:0 D:0)
[2023.01.31-00.27.09:142][  0]LogWindows:    2. 'Intel(R) UHD Graphics 630' (P:0 D:0)
[2023.01.31-00.27.09:142][  0]LogWindows: DebugString: GetVideoDriverDetailsInvalid PrimaryIsNotTheChoosenAdapter GetVideoDriverDetailsInvalid PrimaryIsNotTheChoosenAdapter GetVideoDriverDetailsInvalid PrimaryIsNotTheChoosenAdapter FoundDriverCount:0 
[2023.01.31-00.27.09:142][  0]LogD3D11RHI:     Adapter Name: NVIDIA GeForce GTX 1650 with Max-Q Design
[2023.01.31-00.27.09:142][  0]LogD3D11RHI:   Driver Version: Unknown (internal:Unknown, unified:Unknown)
[2023.01.31-00.27.09:142][  0]LogD3D11RHI:      Driver Date: Unknown
[2023.01.31-00.27.09:142][  0]LogRHI: Texture pool is 1361 MB (70% of 1945 MB)
[2023.01.31-00.27.09:182][  0]LogD3D11RHI: Async texture creation enabled
[2023.01.31-00.27.09:193][  0]LogD3D11RHI: GPU Timing Frequency: 1000.000000 (Debug: 2 1)
[2023.01.31-00.27.09:194][  0]LogShaderCompilers: Guid format shader working directory is -6 characters bigger than the processId version (../../../../../../Users/Owner/Documents/UE4_RPG/THE7/Intermediate/Shaders/WorkingDirectory/9368/).
[2023.01.31-00.27.09:194][  0]LogShaderCompilers: Cleaned the shader compiler working directory 'C:/Users/Owner/AppData/Local/Temp/UnrealShaderWorkingDir/3F90F2074C86D46A866CB0A6738727B4/'.
[2023.01.31-00.27.09:194][  0]LogShaderCompilers: Display: Using Local Shader Compiler.
[2023.01.31-00.27.10:027][  0]LogTemp: Display: Loaded TP AllDesktopTargetPlatform
[2023.01.31-00.27.10:088][  0]LogTemp: Display: Loaded TP MacClientTargetPlatform
[2023.01.31-00.27.10:141][  0]LogTemp: Display: Loaded TP MacNoEditorTargetPlatform
[2023.01.31-00.27.10:194][  0]LogTemp: Display: Loaded TP MacServerTargetPlatform
[2023.01.31-00.27.10:248][  0]LogTemp: Display: Loaded TP MacTargetPlatform
[2023.01.31-00.27.10:303][  0]LogTemp: Display: Loaded TP WindowsClientTargetPlatform
[2023.01.31-00.27.10:361][  0]LogTemp: Display: Loaded TP WindowsNoEditorTargetPlatform
[2023.01.31-00.27.10:419][  0]LogTemp: Display: Loaded TP WindowsServerTargetPlatform
[2023.01.31-00.27.10:467][  0]LogTemp: Display: Loaded TP WindowsTargetPlatform
[2023.01.31-00.27.10:523][  0]LogTemp: Display: Loaded TP AndroidTargetPlatform
[2023.01.31-00.27.10:576][  0]LogTemp: Display: Loaded TP Android_ASTCTargetPlatform
[2023.01.31-00.27.10:627][  0]LogTemp: Display: Loaded TP Android_ATCTargetPlatform
[2023.01.31-00.27.10:683][  0]LogTemp: Display: Loaded TP Android_DXTTargetPlatform
[2023.01.31-00.27.10:737][  0]LogTemp: Display: Loaded TP Android_ETC1TargetPlatform
[2023.01.31-00.27.10:796][  0]LogTemp: Display: Loaded TP Android_ETC2TargetPlatform
[2023.01.31-00.27.10:903][  0]LogTemp: Display: Loaded TP Android_MultiTargetPlatform
[2023.01.31-00.27.10:903][  0]LogTemp: Display: Loaded TP Android_PVRTCTargetPlatform
[2023.01.31-00.27.10:946][  0]LogTemp: Display: Loaded TP HTML5TargetPlatform
[2023.01.31-00.27.11:044][  0]LogTemp: Display: Loaded TP IOSTargetPlatform
[2023.01.31-00.27.11:078][  0]LogTemp: Display: Loaded TP TVOSTargetPlatform
[2023.01.31-00.27.11:134][  0]LogTemp: Display: Loaded TP LinuxClientTargetPlatform
[2023.01.31-00.27.11:187][  0]LogTemp: Display: Loaded TP LinuxNoEditorTargetPlatform
[2023.01.31-00.27.11:241][  0]LogTemp: Display: Loaded TP LinuxServerTargetPlatform
[2023.01.31-00.27.11:296][  0]LogTemp: Display: Loaded TP LinuxTargetPlatform
[2023.01.31-00.27.11:296][  0]LogTargetPlatformManager: Display: Building Assets For Windows
[2023.01.31-00.27.11:840][  0]LogDerivedDataCache: Display: Max Cache Size: 512 MB
[2023.01.31-00.27.11:911][  0]LogDerivedDataCache: Loaded boot cache 0.07s 93MB C:/Users/Owner/AppData/Local/UnrealEngine/4.17/DerivedDataCache/Boot.ddc.
[2023.01.31-00.27.11:911][  0]LogDerivedDataCache: Display: Loaded Boot cache: C:/Users/Owner/AppData/Local/UnrealEngine/4.17/DerivedDataCache/Boot.ddc
[2023.01.31-00.27.11:911][  0]LogDerivedDataCache: FDerivedDataBackendGraph:  Pak pak cache file ../../../../../../Users/Owner/Documents/UE4_RPG/THE7/DerivedDataCache/DDC.ddp not found, will not use a pak cache.
[2023.01.31-00.27.11:911][  0]LogDerivedDataCache: Unable to find inner node Pak for hierarchical cache Hierarchy.
[2023.01.31-00.27.11:911][  0]LogDerivedDataCache: FDerivedDataBackendGraph:  CompressedPak pak cache file ../../../../../../Users/Owner/Documents/UE4_RPG/THE7/DerivedDataCache/Compressed.ddp not found, will not use a pak cache.
[2023.01.31-00.27.11:911][  0]LogDerivedDataCache: Unable to find inner node CompressedPak for hierarchical cache Hierarchy.
[2023.01.31-00.27.11:923][  0]LogDerivedDataCache: Display: Pak cache opened for reading ../../../Engine/DerivedDataCache/Compressed.ddp.
[2023.01.31-00.27.11:936][  0]LogDerivedDataCache: Using Local data cache path C:/Users/Owner/AppData/Local/UnrealEngine/Common/DerivedDataCache: Writable
[2023.01.31-00.27.11:947][  0]LogMaterial: Verifying Global Shaders for PCD3D_SM5
[2023.01.31-00.27.11:948][  0]LogSlate: Using Freetype 2.6.0
[2023.01.31-00.27.11:948][  0]LogSlate: SlateFontCache - WITH_FREETYPE: 1, WITH_HARFBUZZ: 1
[2023.01.31-00.27.11:948][  0]LogSlate: SlateFontCache - WITH_FREETYPE: 1, WITH_HARFBUZZ: 1
[2023.01.31-00.27.12:184][  0]LogAssetRegistry: FAssetRegistry took 0.0261 seconds to start up
[2023.01.31-00.27.12:288][  0]LogInit: Selected Device Profile: [Windows]
[2023.01.31-00.27.12:671][  0]LogSimplygon: Simplygon DLL not present - disabling.
[2023.01.31-00.27.12:718][  0]LogMeshReduction: Using SimplygonSwarm for distributed automatic mesh merging
[2023.01.31-00.27.12:718][  0]LogMeshReduction: Using QuadricMeshReduction for automatic static mesh reduction
[2023.01.31-00.27.12:718][  0]LogMeshReduction: No automatic skeletal mesh reduction module available
[2023.01.31-00.27.12:718][  0]LogMeshReduction: No automatic mesh merging module available
[2023.01.31-00.27.12:718][  0]LogMeshMerging: No automatic mesh merging module available
[2023.01.31-00.27.12:729][  0]LogContentStreaming: Texture pool size is 0.00 MB
[2023.01.31-00.27.13:120][  0]LogNetVersion: THE7 , NetCL: 3573198, EngineNetVer: 2, GameNetVer: 0 (Checksum: 151110352)
[2023.01.31-00.27.13:349][  0]LogPackageLocalizationCache: Processed 5 localized package path(s) for 2 prioritized culture(s) in 0.054244 seconds
[2023.01.31-00.27.13:353][  0]LogUObjectArray: 35825 objects as part of root set at end of initial load.
[2023.01.31-00.27.13:353][  0]LogUObjectAllocator: 7529104 out of 0 bytes used by permanent object pool.
[2023.01.31-00.27.13:353][  0]LogUObjectArray: CloseDisregardForGC: 0/0 objects in disregard for GC pool
[2023.01.31-00.27.13:424][  0]LogInit: WinSock: version 1.1 (2.2), MaxSocks=32767, MaxUdp=65467
[2023.01.31-00.27.16:095][  0]LogTcpMessaging: Initializing TcpMessaging bridge
[2023.01.31-00.27.16:138][  0]LogUdpMessaging: Initializing bridge on interface 0.0.0.0:0 to multicast group 230.0.0.1:6666.
[2023.01.31-00.27.16:832][  0]LogMaterial: Uniform references updated for custom material expression Custom.
[2023.01.31-00.27.17:264][  0]SourceControl: ソースコントロールは無効です
[2023.01.31-00.27.17:264][  0]SourceControl: ソースコントロールは無効です
[2023.01.31-00.27.17:317][  0]SourceControl: ソースコントロールは無効です
[2023.01.31-00.27.17:377][  0]SourceControl: ソースコントロールは無効です
[2023.01.31-00.27.18:010][  0]LogAndroidPermission: UAndroidPermissionCallbackProxy::GetInstance
[2023.01.31-00.27.18:271][  0]LogOcInput: OculusInput pre-init called
[2023.01.31-00.27.18:560][  0]LogEngine: Initializing Engine...
[2023.01.31-00.27.18:562][  0]LogHMD: Failed to initialize OpenVR with code 110
[2023.01.31-00.27.18:913][  0]LogStats: UGameplayTagsManager::ConstructGameplayTagTree: Construct from data asset -  0.000 s
[2023.01.31-00.27.18:913][  0]LogStats: UGameplayTagsManager::ConstructGameplayTagTree: GameplayTagTreeChangedEvent.Broadcast -  0.000 s
[2023.01.31-00.27.19:095][  0]LogAIModule: Creating AISystem for world Untitled
[2023.01.31-00.27.19:187][  0]LogInit: XAudio2 using 'スピーカー (Realtek(R) Audio)' : 2 channels at 48 kHz using 32 bits per sample (channel mask 0x3)
[2023.01.31-00.27.19:386][  0]LogInit: FAudioDevice initialized.
[2023.01.31-00.27.19:472][  0]LogDerivedDataCache: Saved boot cache 0.09s 93MB C:/Users/Owner/AppData/Local/UnrealEngine/4.17/DerivedDataCache/Boot.ddc.
[2023.01.31-00.27.19:487][  0]LogInit: Texture streaming: Enabled
[2023.01.31-00.27.19:685][  0]LogEngineSessionManager: EngineSessionManager initialized
[2023.01.31-00.27.20:013][  0]LogInit: Transaction tracking system initialized
[2023.01.31-00.27.20:438][  0]BlueprintLog: New page: エディタの読み込み
[2023.01.31-00.27.21:618][  0]LocalizationService: ローカライズのサービスが無効になりました
[2023.01.31-00.27.22:256][  0]LogLinker: Warning: ファイル '/Game/ThirdPersonBP/ThirdPersonOverview' が見つかりません
[2023.01.31-00.27.22:256][  0]LogLinker: Warning: ファイル '/Game/ThirdPersonBP/ThirdPersonOverview' が見つかりません
[2023.01.31-00.27.22:256][  0]LogUObjectGlobals: Warning: オブジェクト 'Class /Game/ThirdPersonBP/ThirdPersonOverview.ThirdPersonOverview_C' が見つかりませんでした
[2023.01.31-00.27.22:471][  0]LogConsoleResponse: Display: 
[2023.01.31-00.27.22:671][  0]LogCook: Display: Max memory allowance for cook 16384mb min free memory 0mb
[2023.01.31-00.27.22:671][  0]LogCook: Display: Mobile HDR setting 1
[2023.01.31-00.27.22:671][  0]LogGameplayTags: Display: UGameplayTagsManager::DoneAddingNativeTags. DelegateIsBound: 0
[2023.01.31-00.27.23:295][  0]LogFileCache: Scanning file cache for directory 'C:/Users/Owner/Documents/UE4_RPG/THE7/Content/' took 0.02s
[2023.01.31-00.27.23:956][  0]SourceControl: ソースコントロールは無効です
[2023.01.31-00.27.23:956][  0]Cmd: MAP LOAD FILE="../../../../../../Users/Owner/Documents/UE4_RPG/THE7/Content/Map/Game_Main.umap" TEMPLATE=0 SHOWPROGRESS=1 FEATURELEVEL=3
[2023.01.31-00.27.23:956][  0]LightingResults: New page: ライティングのビルド
[2023.01.31-00.27.24:010][  0]MapCheck: New page: マップをチェック
[2023.01.31-00.27.24:010][  0]LightingResults: New page: <何も選択されていません>
[2023.01.31-00.27.24:456][  0]LogAIModule: Creating AISystem for world Game_Main
[2023.01.31-00.27.24:467][  0]LogStreaming: Display: ULevelStreaming::RequestLevel(/Game/Map/Floor1) is flushing async loading
[2023.01.31-00.27.24:704][  0]LogStreaming: Display: ULevelStreaming::RequestLevel(/Game/Map/Floor3) is flushing async loading
[2023.01.31-00.27.24:893][  0]LogStreaming: Display: ULevelStreaming::RequestLevel(/Game/Map/Floor4) is flushing async loading
[2023.01.31-00.27.25:182][  0]LogStreaming: Display: ULevelStreaming::RequestLevel(/Game/Map/Floor5) is flushing async loading
[2023.01.31-00.27.25:811][  0]LogStreaming: Display: ULevelStreaming::RequestLevel(/Game/Map/Floor2) is flushing async loading
[2023.01.31-00.27.26:018][  0]LogEditorServer: Finished looking for orphan Actors (0.000 secs)
[2023.01.31-00.27.26:086][  0]Cmd: MAP CHECKDEP NOCLEARLOG
[2023.01.31-00.27.26:155][  0]MapCheck: マップチェックが完了: 0 エラー、 0 警告、完了に 68.765ミリ秒かかりました。
[2023.01.31-00.27.26:155][  0]LogFileHelpers: Loading map 'Game_Main' took 2.199
[2023.01.31-00.27.26:224][  0]LogWindowsTextInputMethodSystem: Display: IME system now activated using TSF (Microsoft IME).
[2023.01.31-00.27.26:313][  0]LogCollectionManager: Loaded 0 collections in 0.001660 seconds
[2023.01.31-00.27.26:420][  0]LogFileCache: Scanning file cache for directory 'C:/Users/Owner/Documents/UE4_RPG/THE7/Saved/Collections/' took 0.01s
[2023.01.31-00.27.26:420][  0]LogFileCache: Scanning file cache for directory 'C:/Users/Owner/Documents/UE4_RPG/THE7/Content/Developers/Owner/Collections/' took 0.01s
[2023.01.31-00.27.26:420][  0]LogFileCache: Scanning file cache for directory 'C:/Users/Owner/Documents/UE4_RPG/THE7/Content/Collections/' took 0.01s
[2023.01.31-00.27.26:420][  0]LogCollectionManager: Rebuilt the GUID cache for 0 collections in 0.000000 seconds
[2023.01.31-00.27.26:431][  0]LogContentBrowser: Native class hierarchy populated in 0.0105 seconds. Added 2386 classes and 500 folders.
[2023.01.31-00.27.26:514][  0]LogContentBrowser: Native class hierarchy updated for 'WidgetCarousel' in 0.0005 seconds. Added 0 classes and 0 folders.
[2023.01.31-00.27.26:557][  0]LogContentBrowser: Native class hierarchy updated for 'AddContentDialog' in 0.0006 seconds. Added 0 classes and 0 folders.
[2023.01.31-00.27.26:612][  0]LogContentBrowser: Native class hierarchy updated for 'SceneOutliner' in 0.0005 seconds. Added 1 classes and 2 folders.
[2023.01.31-00.27.26:674][  0]LogContentBrowser: Native class hierarchy updated for 'WorldBrowser' in 0.0006 seconds. Added 2 classes and 3 folders.
[2023.01.31-00.27.26:705][  0]LogSlate: Took 0.000356 seconds to synchronously load lazily loaded font '../../../Engine/Content/Slate/Fonts/Roboto-Regular.ttf' (155K)
[2023.01.31-00.27.26:712][  0]LogSlate: Took 0.005097 seconds to synchronously load lazily loaded font '../../../Engine/Content/Slate/Fonts/DroidSansFallback.ttf' (3848K)
[2023.01.31-00.27.26:715][  0]LogSlate: Took 0.000473 seconds to synchronously load lazily loaded font '../../../Engine/Content/Slate/Fonts/Roboto-Bold.ttf' (160K)
[2023.01.31-00.27.26:718][  0]LogSlate: Took 0.000625 seconds to synchronously load lazily loaded font '../../../Engine/Content/Editor/Slate/Fonts/FontAwesome.ttf' (139K)
[2023.01.31-00.27.26:811][  0]LogRenderer: Reallocating scene render targets to support 848x428 Format 10 NumSamples 1 (Frame:1).
[2023.01.31-00.27.27:004][  0]LogContentBrowser: Native class hierarchy updated for 'HierarchicalLODOutliner' in 0.0006 seconds. Added 1 classes and 2 folders.
[2023.01.31-00.27.27:004][  0]LogLoad: (Engine Initialization) Total time: 20.73 seconds
[2023.01.31-00.27.27:004][  0]LogLoad: (Engine Initialization) Total Blueprint compile time: 0.00 seconds
[2023.01.31-00.27.27:004][  0]LogExternalProfiler: No external profilers were discovered.  External profiling features will not be available.
[2023.01.31-00.27.27:046][  0]LogContentStreaming: Texture pool size now 1000 MB
[2023.01.31-00.27.27:167][  0]LogRenderer: Reallocating scene render targets to support 848x440 Format 10 NumSamples 1 (Frame:2).
[2023.01.31-00.27.27:167][  0]LogSlate: Took 0.000495 seconds to synchronously load lazily loaded font '../../../Engine/Content/Slate/Fonts/Roboto-Light.ttf' (159K)
[2023.01.31-00.27.27:191][  1]LogScript: Warning: Accessed None trying to read property IsClearInstance
	BP_Anim_Award_C /Engine/Transient.World_0:PersistentLevel.BPAward_C_0.CharacterMesh0.BP_Anim_Award_C_0
	Function /Game/Animation/BP_Anim_Award.BP_Anim_Award_C:ExecuteUbergraph_BP_Anim_Award:00B1
[2023.01.31-00.27.27:191][  1]LogScript: Warning: Accessed None trying to read property IsClearInstance
	BP_Anim_Award_C /Engine/Transient.World_0:PersistentLevel.BPAward_C_0.CharacterMesh0.BP_Anim_Award_C_0
	Function /Game/Animation/BP_Anim_Award.BP_Anim_Award_C:ExecuteUbergraph_BP_Anim_Award:01A5
[2023.01.31-00.27.27:201][  1]LogAssetRegistry: Asset discovery search completed in 15.0395 seconds
[2023.01.31-00.27.27:203][  1]LogCollectionManager: Rebuilt the object cache for 0 collections in 0.000000 seconds (found 0 objects)
[2023.01.31-00.27.27:203][  1]LogCollectionManager: Fixed up redirectors for 0 collections in 0.000059 seconds (updated 0 objects)
[2023.01.31-00.27.28:058][ 26]LogSlate: Took 0.000227 seconds to synchronously load lazily loaded font '../../../Engine/Content/Slate/Fonts/Roboto-Light.ttf' (159K)
[2023.01.31-00.28.03:869][ 88]LogSlate: Took 0.000174 seconds to synchronously load lazily loaded font '../../../Engine/Content/Slate/Fonts/Roboto-Light.ttf' (159K)
[2023.01.31-00.28.04:223][ 88]LogContentBrowser: Native class hierarchy updated for 'BlueprintGraph' in 0.0008 seconds. Added 113 classes and 0 folders.
[2023.01.31-00.28.04:751][ 88]LogSlate: Took 0.000149 seconds to synchronously load lazily loaded font '../../../Engine/Content/Slate/Fonts/Roboto-Regular.ttf' (155K)
[2023.01.31-00.28.04:865][ 88]LogSlate: Took 0.004852 seconds to synchronously load lazily loaded font '../../../Engine/Content/Editor/Slate/Fonts/Roboto-BoldCondensed.ttf' (158K)
[2023.01.31-00.28.05:200][ 89]LogSlate: Took 0.004205 seconds to synchronously load lazily loaded font '../../../Engine/Content/Editor/Slate/Fonts/Roboto-Italic.ttf' (157K)
[2023.01.31-00.29.02:356][271]LogEditorTransaction: Undo ウィジェットを取り除く
[2023.01.31-00.29.19:507][991]PIE: UWidget::RemoveFromParent() called on '/Engine/Transient.ItemText' which has no UMG parent (if it was added directly to a native Slate widget via TakeWidget() then it must be removed explicitly rather than via RemoveFromParent())
[2023.01.31-00.29.24:613][185]Cmd: OBJ SAVEPACKAGE PACKAGE="/Game/UI/W_Play" FILE="../../../../../../Users/Owner/Documents/UE4_RPG/THE7/Content/UI/W_Play.uasset" SILENT=true
[2023.01.31-00.29.24:707][185]LogSavePackage: Save=54.34ms
[2023.01.31-00.29.24:707][185]LogSavePackage: Moving '../../../../../../Users/Owner/Documents/UE4_RPG/THE7/Saved/W_PlayD2DD3F074F09CCAFA1857D867CE76508.tmp' to '../../../../../../Users/Owner/Documents/UE4_RPG/THE7/Content/UI/W_Play.uasset'
[2023.01.31-00.29.24:711][185]LogSavePackage: Display: Finished SavePackage ../../../../../../Users/Owner/Documents/UE4_RPG/THE7/Content/UI/W_Play.uasset
[2023.01.31-00.29.27:514][285]LogTemp: Repeating last play command: 選択ビューポート
[2023.01.31-00.29.27:645][285]LogBlueprintUserMessages: Early PlayInEditor Detection: Level '/Game/Map/Game_Main.Game_Main:PersistentLevel' has LevelScriptBlueprint '/Game/Map/Game_Main.Game_Main:PersistentLevel.Game_Main' with GeneratedClass '/Game/Map/Game_Main.Game_Main_C' with ClassGeneratedBy '/Game/Map/Game_Main.Game_Main:PersistentLevel.Game_Main'
[2023.01.31-00.29.27:645][285]LogBlueprintUserMessages: Early PlayInEditor Detection: Level '/Game/Map/Floor1.Floor1:PersistentLevel' has LevelScriptBlueprint '/Game/Map/Floor1.Floor1:PersistentLevel.Floor1' with GeneratedClass '/Game/Map/Floor1.Floor1_C' with ClassGeneratedBy '/Game/Map/Floor1.Floor1:PersistentLevel.Floor1'
[2023.01.31-00.29.27:645][285]BlueprintLog: New page: プレイ前に自動再コンパイル
[2023.01.31-00.29.27:655][285]LogPlayLevel: [PlayLevel] Compiling BP_Award_GameMode before play...
[2023.01.31-00.29.27:695][285]LogPlayLevel: [PlayLevel]   Compiling W_Play as a dependent...
[2023.01.31-00.29.27:909][285]LogPlayLevel: PlayLevel: Blueprint regeneration took 264 ms (2 blueprints)
[2023.01.31-00.29.27:912][285]PIE: New page: PIEセッション: Game_Main (2023/01/31 18:29:27)
[2023.01.31-00.29.27:913][285]LogPlayLevel: Creating play world package: /Game/Map/UEDPIE_0_Game_Main
[2023.01.31-00.29.27:915][285]LogPlayLevel: PIE: StaticDuplicateObject took: (0.002001s)
[2023.01.31-00.29.27:915][285]LogAIModule: Creating AISystem for world Game_Main
[2023.01.31-00.29.27:915][285]LogPlayLevel: PIE: World Init took: (0.000709s)
[2023.01.31-00.29.27:916][285]LogPlayLevel: PIE: Created PIE world by copying editor world from /Game/Map/Game_Main.Game_Main to /Game/Map/UEDPIE_0_Game_Main.Game_Main (0.003417s)
[2023.01.31-00.29.27:944][285]LogInit: XAudio2 using 'スピーカー (Realtek(R) Audio)' : 2 channels at 48 kHz using 32 bits per sample (channel mask 0x3)
[2023.01.31-00.29.27:987][285]LogInit: FAudioDevice initialized.
[2023.01.31-00.29.28:030][285]LogLoad: Game class is 'BP_Award_GameMode_C'
[2023.01.31-00.29.28:032][285]LogWorld: Bringing World /Game/Map/UEDPIE_0_Game_Main.Game_Main up for play (max tick rate 60) at 2023.01.31-09.29.28
[2023.01.31-00.29.28:034][285]LogWorld: Bringing up level for play took: 0.003096
[2023.01.31-00.29.28:035][285]LogGameMode: FindPlayerStart: PATHS NOT DEFINED or NO PLAYERSTART with positive rating
[2023.01.31-00.29.28:087][285]LogContentBrowser: Native class hierarchy updated for 'MovieSceneCapture' in 0.0005 seconds. Added 11 classes and 0 folders.
[2023.01.31-00.29.28:089][285]LogLevel: ActivateLevel /Game/Map/UEDPIE_0_Floor1 1 1 1
[2023.01.31-00.29.28:094][285]PIE: /Game/Map/UEDPIE_0_Game_Main 1.409のプレイ イン エディタの開始時間
[2023.01.31-00.29.28:094][285]LogBlueprintUserMessages: Late PlayInEditor Detection: Level '/Game/Map/Game_Main.Game_Main:PersistentLevel' has LevelScriptBlueprint '/Game/Map/Game_Main.Game_Main:PersistentLevel.Game_Main' with GeneratedClass '/Game/Map/Game_Main.Game_Main_C' with ClassGeneratedBy '/Game/Map/Game_Main.Game_Main:PersistentLevel.Game_Main'
[2023.01.31-00.29.28:094][285]LogBlueprintUserMessages: Late PlayInEditor Detection: Level '/Game/Map/Floor1.Floor1:PersistentLevel' has LevelScriptBlueprint '/Game/Map/Floor1.Floor1:PersistentLevel.Floor1' with GeneratedClass '/Game/Map/Floor1.Floor1_C' with ClassGeneratedBy '/Game/Map/Floor1.Floor1:PersistentLevel.Floor1'
[2023.01.31-00.29.28:117][285]LogAudio: Warning: Detected orphaned looping sound 'bgm'.
[2023.01.31-00.29.34:014][636]LogBlueprintUserMessages: Early EndPlayMap Detection: Level '/Game/Map/Game_Main.Game_Main:PersistentLevel' has LevelScriptBlueprint '/Game/Map/Game_Main.Game_Main:PersistentLevel.Game_Main' with GeneratedClass '/Game/Map/Game_Main.Game_Main_C' with ClassGeneratedBy '/Game/Map/Game_Main.Game_Main:PersistentLevel.Game_Main'
[2023.01.31-00.29.34:014][636]LogBlueprintUserMessages: Early EndPlayMap Detection: Level '/Game/Map/Floor1.Floor1:PersistentLevel' has LevelScriptBlueprint '/Game/Map/Floor1.Floor1:PersistentLevel.Floor1' with GeneratedClass '/Game/Map/Floor1.Floor1_C' with ClassGeneratedBy '/Game/Map/Floor1.Floor1:PersistentLevel.Floor1'
[2023.01.31-00.29.34:055][636]LogBlueprintUserMessages: Late EndPlayMap Detection: Level '/Game/Map/Game_Main.Game_Main:PersistentLevel' has LevelScriptBlueprint '/Game/Map/Game_Main.Game_Main:PersistentLevel.Game_Main' with GeneratedClass '/Game/Map/Game_Main.Game_Main_C' with ClassGeneratedBy '/Game/Map/Game_Main.Game_Main:PersistentLevel.Game_Main'
[2023.01.31-00.29.34:055][636]LogBlueprintUserMessages: Late EndPlayMap Detection: Level '/Game/Map/Floor1.Floor1:PersistentLevel' has LevelScriptBlueprint '/Game/Map/Floor1.Floor1:PersistentLevel.Floor1' with GeneratedClass '/Game/Map/Floor1.Floor1_C' with ClassGeneratedBy '/Game/Map/Floor1.Floor1:PersistentLevel.Floor1'
[2023.01.31-00.29.35:911][696]Cmd: OBJ SAVEPACKAGE PACKAGE="/Game/Map/Game_Main" FILE="../../../../../../Users/Owner/Documents/UE4_RPG/THE7/Content/Map/Game_Main.umap" SILENT=true AUTOSAVING=false KEEPDIRTY=false
[2023.01.31-00.29.35:983][696]LogSavePackage: Save=31.09ms
[2023.01.31-00.29.35:983][696]LogSavePackage: Moving '../../../../../../Users/Owner/Documents/UE4_RPG/THE7/Saved/Game_Main4488866A4C7B9979F9DB36B430F27AE4.tmp' to '../../../../../../Users/Owner/Documents/UE4_RPG/THE7/Content/Map/Game_Main.umap'
[2023.01.31-00.29.35:985][696]LogSavePackage: Display: Finished SavePackage ../../../../../../Users/Owner/Documents/UE4_RPG/THE7/Content/Map/Game_Main.umap
[2023.01.31-00.29.37:758][745]Cmd: QUIT_EDITOR
[2023.01.31-00.29.37:848][745]LogWindowsTextInputMethodSystem: Display: IME system now activated using TSF (Microsoft IME).
[2023.01.31-00.29.37:858][745]LogExit: Preparing to exit.
[2023.01.31-00.29.38:362][745]LogDirectoryWatcher: A directory notification for 'C:/Users/Owner/Documents/UE4_RPG/THE7/Content/' was aborted.
[2023.01.31-00.29.38:451][745]LogExit: Editor shut down
[2023.01.31-00.29.38:461][745]LogExit: Transaction tracking system shut down
[2023.01.31-00.29.38:670][745]LogDirectoryWatcher: A directory notification for '../../../Engine/Content/' was aborted.
[2023.01.31-00.29.38:670][745]LogDirectoryWatcher: A directory notification for '../../../../../../Users/Owner/Documents/UE4_RPG/THE7/Content/' was aborted.
[2023.01.31-00.29.38:670][745]LogDirectoryWatcher: A directory notification for '../../../Engine/Plugins/2D/Paper2D/Content/' was aborted.
[2023.01.31-00.29.38:671][745]LogDirectoryWatcher: A directory notification for '../../../Engine/Plugins/Runtime/Oculus/OculusVR/Content/' was aborted.
[2023.01.31-00.29.38:671][745]LogDirectoryWatcher: A directory notification for '../../../Engine/Plugins/Runtime/Steam/SteamVR/Content/' was aborted.
[2023.01.31-00.29.38:758][745]LogExit: Object subsystem successfully closed.
[2023.01.31-00.29.38:788][745]LogD3D11RHI: Shutdown
[2023.01.31-00.29.38:788][745]LogD3D11RHI: CleanupD3DDevice
[2023.01.31-00.29.38:938][745]LogD3D11RHI: ~FD3D11DynamicRHI
[2023.01.31-00.29.38:955][745]LogModuleManager: Shutting down and abandoning module MovieSceneCapture (540)
[2023.01.31-00.29.38:955][745]LogModuleManager: Shutting down and abandoning module SequencerWidgets (538)
[2023.01.31-00.29.38:955][745]LogModuleManager: Shutting down and abandoning module BlueprintGraph (536)
[2023.01.31-00.29.38:955][745]LogModuleManager: Shutting down and abandoning module BlueprintProfiler (534)
[2023.01.31-00.29.38:956][745]LogModuleManager: Shutting down and abandoning module HierarchicalLODOutliner (532)
[2023.01.31-00.29.38:956][745]LogModuleManager: Shutting down and abandoning module WorldBrowser (530)
[2023.01.31-00.29.38:956][745]LogModuleManager: Shutting down and abandoning module SceneOutliner (528)
[2023.01.31-00.29.38:956][745]LogModuleManager: Shutting down and abandoning module AddContentDialog (526)
[2023.01.31-00.29.38:956][745]LogDirectoryWatcher: A directory notification for 'C:/Program Files/Epic Games/UE_4.17/FeaturePacks/' was aborted.
[2023.01.31-00.29.38:957][745]LogModuleManager: Shutting down and abandoning module WidgetCarousel (525)
[2023.01.31-00.29.38:957][745]LogModuleManager: Shutting down and abandoning module EditorWidgets (522)
[2023.01.31-00.29.38:957][745]LogModuleManager: Shutting down and abandoning module CollectionManager (520)
[2023.01.31-00.29.38:957][745]LogDirectoryWatcher: A directory notification for 'C:/Users/Owner/Documents/UE4_RPG/THE7/Content/Collections/' was aborted.
[2023.01.31-00.29.38:957][745]LogDirectoryWatcher: A directory notification for 'C:/Users/Owner/Documents/UE4_RPG/THE7/Content/Developers/Owner/Collections/' was aborted.
[2023.01.31-00.29.38:957][745]LogDirectoryWatcher: A directory notification for 'C:/Users/Owner/Documents/UE4_RPG/THE7/Saved/Collections/' was aborted.
[2023.01.31-00.29.38:957][745]LogModuleManager: Shutting down and abandoning module StatsViewer (518)
[2023.01.31-00.29.38:957][745]LogModuleManager: Shutting down and abandoning module FoliageEdit (516)
[2023.01.31-00.29.38:957][745]LogModuleManager: Shutting down and abandoning module LandscapeEditor (514)
[2023.01.31-00.29.38:957][745]LogModuleManager: Shutting down and abandoning module MeshPaintMode (512)
[2023.01.31-00.29.38:957][745]LogModuleManager: Shutting down and abandoning module SceneDepthPickerMode (510)
[2023.01.31-00.29.38:957][745]LogModuleManager: Shutting down and abandoning module ActorPickerMode (508)
[2023.01.31-00.29.38:957][745]LogModuleManager: Shutting down and abandoning module GeometryMode (506)
[2023.01.31-00.29.38:957][745]LogModuleManager: Shutting down and abandoning module TextureAlignMode (504)
[2023.01.31-00.29.38:957][745]LogModuleManager: Shutting down and abandoning module BspMode (502)
[2023.01.31-00.29.38:957][745]LogModuleManager: Shutting down and abandoning module PIEPreviewDeviceProfileSelector (500)
[2023.01.31-00.29.38:957][745]LogModuleManager: Shutting down and abandoning module HardwareSurvey (498)
[2023.01.31-00.29.38:957][745]LogModuleManager: Shutting down and abandoning module SequenceRecorderSections (496)
[2023.01.31-00.29.38:957][745]LogModuleManager: Shutting down and abandoning module AutomationWorker (494)
[2023.01.31-00.29.38:957][745]LogModuleManager: Shutting down and abandoning module MatineeToLevelSequence (492)
[2023.01.31-00.29.38:957][745]LogModuleManager: Shutting down and abandoning module LevelSequenceEditor (490)
[2023.01.31-00.29.38:958][745]LogModuleManager: Shutting down and abandoning module PlacementMode (489)
[2023.01.31-00.29.38:958][745]LogModuleManager: Shutting down and abandoning module WmfMediaFactory (486)
[2023.01.31-00.29.38:958][745]LogModuleManager: Shutting down and abandoning module WmfMediaEditor (484)
[2023.01.31-00.29.38:958][745]LogModuleManager: Shutting down and abandoning module AvfMediaFactory (482)
[2023.01.31-00.29.38:958][745]LogModuleManager: Shutting down and abandoning module AvfMediaEditor (480)
[2023.01.31-00.29.38:958][745]LogModuleManager: Shutting down and abandoning module AndroidMediaFactory (478)
[2023.01.31-00.29.38:958][745]LogModuleManager: Shutting down and abandoning module Media (477)
[2023.01.31-00.29.38:958][745]LogModuleManager: Shutting down and abandoning module AndroidMediaEditor (474)
[2023.01.31-00.29.38:958][745]LogModuleManager: Shutting down and abandoning module CharacterAI (472)
[2023.01.31-00.29.38:958][745]LogModuleManager: Shutting down and abandoning module AudioCapture (470)
[2023.01.31-00.29.38:958][745]LogModuleManager: Shutting down and abandoning module SequenceRecorder (469)
[2023.01.31-00.29.38:958][745]LogModuleManager: Shutting down and abandoning module SmartSnapping (466)
[2023.01.31-00.29.38:958][745]LogModuleManager: Shutting down and abandoning module SessionServices (464)
[2023.01.31-00.29.38:958][745]LogModuleManager: Shutting down and abandoning module ViewportSnapping (462)
[2023.01.31-00.29.38:958][745]LogModuleManager: Shutting down and abandoning module ViewportInteraction (460)
[2023.01.31-00.29.38:958][745]LogModuleManager: Shutting down and abandoning module ClothPainter (458)
[2023.01.31-00.29.38:958][745]LogModuleManager: Shutting down and abandoning module LogVisualizer (456)
[2023.01.31-00.29.38:958][745]LogModuleManager: Shutting down and abandoning module IntroTutorials (454)
[2023.01.31-00.29.38:958][745]LogModuleManager: Shutting down and abandoning module GameProjectGeneration (453)
[2023.01.31-00.29.38:958][745]LogModuleManager: Shutting down and abandoning module IOSPlatformEditor (450)
[2023.01.31-00.29.38:958][745]LogModuleManager: Shutting down and abandoning module HTML5PlatformEditor (448)
[2023.01.31-00.29.38:958][745]LogModuleManager: Shutting down and abandoning module AndroidPlatformEditor (446)
[2023.01.31-00.29.38:958][745]LogModuleManager: Shutting down and abandoning module AndroidDeviceDetection (445)
[2023.01.31-00.29.39:157][745]LogModuleManager: Shutting down and abandoning module WindowsPlatformEditor (442)
[2023.01.31-00.29.39:157][745]LogModuleManager: Shutting down and abandoning module IOSRuntimeSettings (440)
[2023.01.31-00.29.39:157][745]LogModuleManager: Shutting down and abandoning module AndroidRuntimeSettings (438)
[2023.01.31-00.29.39:157][745]LogModuleManager: Shutting down and abandoning module InputBindingEditor (436)
[2023.01.31-00.29.39:157][745]LogModuleManager: Shutting down and abandoning module MergeActors (434)
[2023.01.31-00.29.39:157][745]LogModuleManager: Shutting down and abandoning module SizeMap (432)
[2023.01.31-00.29.39:157][745]LogModuleManager: Shutting down and abandoning module TreeMap (430)
[2023.01.31-00.29.39:157][745]LogModuleManager: Shutting down and abandoning module ReferenceViewer (428)
[2023.01.31-00.29.39:157][745]LogModuleManager: Shutting down and abandoning module LocalizationDashboard (426)
[2023.01.31-00.29.39:157][745]LogModuleManager: Shutting down and abandoning module LocalizationService (425)
[2023.01.31-00.29.39:157][745]LogModuleManager: Shutting down and abandoning module HardwareTargeting (422)
[2023.01.31-00.29.39:157][745]LogModuleManager: Shutting down and abandoning module DeviceProfileEditor (420)
[2023.01.31-00.29.39:157][745]LogModuleManager: Shutting down and abandoning module UndoHistory (418)
[2023.01.31-00.29.39:157][745]LogModuleManager: Shutting down and abandoning module XmlParser (416)
[2023.01.31-00.29.39:157][745]LogModuleManager: Shutting down and abandoning module Blutility (414)
[2023.01.31-00.29.39:157][745]LogModuleManager: Shutting down and abandoning module ProjectSettingsViewer (412)
[2023.01.31-00.29.39:157][745]LogModuleManager: Shutting down and abandoning module ProjectTargetPlatformEditor (411)
[2023.01.31-00.29.39:157][745]LogModuleManager: Shutting down and abandoning module EditorSettingsViewer (408)
[2023.01.31-00.29.39:157][745]LogModuleManager: Shutting down and abandoning module SettingsEditor (406)
[2023.01.31-00.29.39:157][745]LogModuleManager: Shutting down and abandoning module ProjectLauncher (404)
[2023.01.31-00.29.39:157][745]LogModuleManager: Shutting down and abandoning module SessionFrontend (402)
[2023.01.31-00.29.39:157][745]LogModuleManager: Shutting down and abandoning module ProfilerClient (400)
[2023.01.31-00.29.39:157][745]LogModuleManager: Shutting down and abandoning module DeviceManager (398)
[2023.01.31-00.29.39:157][745]LogModuleManager: Shutting down and abandoning module TargetDeviceServices (397)
[2023.01.31-00.29.39:210][745]LogModuleManager: Shutting down and abandoning module AutomationController (394)
[2023.01.31-00.29.39:210][745]LogModuleManager: Shutting down and abandoning module AutomationWindow (392)
[2023.01.31-00.29.39:210][745]LogModuleManager: Shutting down and abandoning module Layers (390)
[2023.01.31-00.29.39:210][745]LogModuleManager: Shutting down and abandoning module ComponentVisualizers (388)
[2023.01.31-00.29.39:210][745]LogModuleManager: Shutting down and abandoning module DetailCustomizations (386)
[2023.01.31-00.29.39:210][745]LogModuleManager: Shutting down and abandoning module PackagesDialog (384)
[2023.01.31-00.29.39:210][745]LogModuleManager: Shutting down and abandoning module Persona (382)
[2023.01.31-00.29.39:210][745]LogModuleManager: Shutting down and abandoning module AdvancedPreviewScene (381)
[2023.01.31-00.29.39:210][745]LogModuleManager: Shutting down and abandoning module AnimGraph (379)
[2023.01.31-00.29.39:210][745]LogModuleManager: Shutting down and abandoning module Kismet (376)
[2023.01.31-00.29.39:217][745]LogModuleManager: Shutting down and abandoning module ClassViewer (374)
[2023.01.31-00.29.39:217][745]LogModuleManager: Shutting down and abandoning module Toolbox (372)
[2023.01.31-00.29.39:217][745]LogModuleManager: Shutting down and abandoning module ModuleUI (370)
[2023.01.31-00.29.39:217][745]LogModuleManager: Shutting down and abandoning module MovieSceneTools (368)
[2023.01.31-00.29.39:217][745]LogModuleManager: Shutting down and abandoning module OutputLog (366)
[2023.01.31-00.29.39:217][745]LogModuleManager: Shutting down and abandoning module GammaUI (364)
[2023.01.31-00.29.39:217][745]LogModuleManager: Shutting down and abandoning module Documentation (362)
[2023.01.31-00.29.39:217][745]LogModuleManager: Shutting down and abandoning module MovieSceneTracks (360)
[2023.01.31-00.29.39:217][745]LogModuleManager: Shutting down and abandoning module MovieScene (358)
[2023.01.31-00.29.39:217][745]LogModuleManager: Shutting down and abandoning module Niagara (356)
[2023.01.31-00.29.39:218][745]LogModuleManager: Shutting down and abandoning module NiagaraEditor (355)
[2023.01.31-00.29.39:218][745]LogModuleManager: Shutting down and abandoning module StreamingPauseRendering (352)
[2023.01.31-00.29.39:218][745]LogModuleManager: Shutting down and abandoning module LauncherPlatform (350)
[2023.01.31-00.29.39:218][745]LogModuleManager: Shutting down and abandoning module AnalyticsET (348)
[2023.01.31-00.29.39:218][745]LogModuleManager: Shutting down and abandoning module PortalServices (346)
[2023.01.31-00.29.39:218][745]LogModuleManager: Shutting down and abandoning module PortalRpc (344)
[2023.01.31-00.29.39:218][745]LogModuleManager: Shutting down and abandoning module MessagingRpc (342)
[2023.01.31-00.29.39:218][745]LogModuleManager: Shutting down and abandoning module AIModule (340)
[2023.01.31-00.29.39:218][745]LogModuleManager: Shutting down and abandoning module GameplayDebugger (339)
[2023.01.31-00.29.39:218][745]LogModuleManager: Shutting down and abandoning module AITestSuite (337)
[2023.01.31-00.29.39:218][745]LogModuleManager: Shutting down and abandoning module ProfilerService (334)
[2023.01.31-00.29.39:291][745]LogModuleManager: Shutting down and abandoning module TaskGraph (332)
[2023.01.31-00.29.39:291][745]LogModuleManager: Shutting down and abandoning module SteamVRController (330)
[2023.01.31-00.29.39:292][745]LogModuleManager: Shutting down and abandoning module ProceduralMeshComponentEditor (328)
[2023.01.31-00.29.39:292][745]LogModuleManager: Shutting down and abandoning module ProceduralMeshComponent (326)
[2023.01.31-00.29.39:292][745]LogModuleManager: Shutting down and abandoning module OculusInput (324)
[2023.01.31-00.29.39:292][745]LogModuleManager: Shutting down and abandoning module MobilePatchingUtils (322)
[2023.01.31-00.29.39:292][745]LogModuleManager: Shutting down and abandoning module CustomMeshComponent (320)
[2023.01.31-00.29.39:292][745]LogModuleManager: Shutting down and abandoning module CableComponent (318)
[2023.01.31-00.29.39:292][745]LogModuleManager: Shutting down and abandoning module ArchVisCharacter (316)
[2023.01.31-00.29.39:292][745]LogModuleManager: Shutting down and abandoning module AndroidPermission (314)
[2023.01.31-00.29.39:292][745]LogModuleManager: Shutting down and abandoning module MediaPlayerEditor (310)
[2023.01.31-00.29.39:292][745]LogModuleManager: Shutting down and abandoning module HTML5Networking (308)
[2023.01.31-00.29.39:292][745]LogModuleManager: Shutting down and abandoning module AlembicImporter (306)
[2023.01.31-00.29.39:292][745]LogModuleManager: Shutting down and abandoning module AlembicLibrary (305)
[2023.01.31-00.29.39:292][745]LogModuleManager: Shutting down and abandoning module GeometryCache (304)
[2023.01.31-00.29.39:292][745]LogModuleManager: Shutting down and abandoning module GeometryCacheEd (303)
[2023.01.31-00.29.39:292][745]LogModuleManager: Shutting down and abandoning module SpeedTreeImporter (298)
[2023.01.31-00.29.39:292][745]LogModuleManager: Shutting down and abandoning module PluginBrowser (296)
[2023.01.31-00.29.39:292][745]LogModuleManager: Shutting down and abandoning module MobileLauncherProfileWizard (294)
[2023.01.31-00.29.39:292][745]LogModuleManager: Shutting down and abandoning module VisualStudioSourceCodeAccess (292)
[2023.01.31-00.29.39:292][745]LogModuleManager: Shutting down and abandoning module DesktopPlatform (291)
[2023.01.31-00.29.39:292][745]LogModuleManager: Shutting down and abandoning module UObjectPlugin (288)
[2023.01.31-00.29.39:292][745]LogModuleManager: Shutting down and abandoning module SubversionSourceControl (286)
[2023.01.31-00.29.39:292][745]LogModuleManager: Shutting down and abandoning module PerforceSourceControl (284)
[2023.01.31-00.29.39:292][745]LogModuleManager: Shutting down and abandoning module GitSourceControl (282)
[2023.01.31-00.29.39:292][745]LogModuleManager: Shutting down and abandoning module SourceControl (281)
[2023.01.31-00.29.39:293][745]LogModuleManager: Shutting down and abandoning module LightPropagationVolumeEditor (278)
[2023.01.31-00.29.39:293][745]LogModuleManager: Shutting down and abandoning module PaperTiledImporter (276)
[2023.01.31-00.29.39:293][745]LogModuleManager: Shutting down and abandoning module PaperSpriteSheetImporter (274)
[2023.01.31-00.29.39:293][745]LogModuleManager: Shutting down and abandoning module Paper2DEditor (272)
[2023.01.31-00.29.39:293][745]LogModuleManager: Shutting down and abandoning module MeshPaint (271)
[2023.01.31-00.29.39:293][745]LogModuleManager: Shutting down and abandoning module LevelEditor (269)
[2023.01.31-00.29.39:294][745]LogModuleManager: Shutting down and abandoning module PixelInspectorModule (268)
[2023.01.31-00.29.39:294][745]LogModuleManager: Shutting down and abandoning module MainFrame (266)
[2023.01.31-00.29.39:294][745]LogModuleManager: Shutting down and abandoning module HotReload (265)
[2023.01.31-00.29.39:295][745]LogModuleManager: Shutting down and abandoning module RuntimePhysXCooking (260)
[2023.01.31-00.29.39:295][745]LogModuleManager: Shutting down and abandoning module PhysXVehiclesEditor (258)
[2023.01.31-00.29.39:295][745]LogModuleManager: Shutting down and abandoning module PhysXVehicles (256)
[2023.01.31-00.29.39:295][745]LogModuleManager: Shutting down and abandoning module OculusEditor (254)
[2023.01.31-00.29.39:295][745]LogModuleManager: Shutting down and abandoning module LocationServicesBPLibrary (252)
[2023.01.31-00.29.39:295][745]LogModuleManager: Shutting down and abandoning module ImmediatePhysicsEditor (250)
[2023.01.31-00.29.39:295][745]LogModuleManager: Shutting down and abandoning module ImmediatePhysics (248)
[2023.01.31-00.29.39:295][745]LogModuleManager: Shutting down and abandoning module UdpMessaging (246)
[2023.01.31-00.29.39:395][745]LogModuleManager: Shutting down and abandoning module TcpMessaging (244)
[2023.01.31-00.29.39:496][745]LogModuleManager: Shutting down and abandoning module GameplayTagsEditor (242)
[2023.01.31-00.29.39:496][745]LogModuleManager: Shutting down and abandoning module FacialAnimationEditor (240)
[2023.01.31-00.29.39:496][745]LogModuleManager: Shutting down and abandoning module FacialAnimation (238)
[2023.01.31-00.29.39:496][745]LogModuleManager: Shutting down and abandoning module AssetManagerEditor (236)
[2023.01.31-00.29.39:496][745]LogModuleManager: Shutting down and abandoning module GraphEditor (235)
[2023.01.31-00.29.39:496][745]LogModuleManager: Shutting down and abandoning module ContentBrowser (233)
[2023.01.31-00.29.39:497][745]LogModuleManager: Shutting down and abandoning module LightPropagationVolumeRuntime (230)
[2023.01.31-00.29.39:497][745]LogModuleManager: Shutting down and abandoning module Paper2D (228)
[2023.01.31-00.29.39:497][745]LogModuleManager: Shutting down and abandoning module WindowsMoviePlayer (226)
[2023.01.31-00.29.39:497][745]LogModuleManager: Shutting down and abandoning module WmfMedia (224)
[2023.01.31-00.29.39:499][745]LogModuleManager: Shutting down and abandoning module PacketHandler (222)
[2023.01.31-00.29.39:499][745]LogModuleManager: Shutting down and abandoning module ClothingSystemEditor (220)
[2023.01.31-00.29.39:499][745]LogModuleManager: Shutting down and abandoning module ClothingSystemRuntime (218)
[2023.01.31-00.29.39:499][745]LogModuleManager: Shutting down and abandoning module Overlay (216)
[2023.01.31-00.29.39:499][745]LogModuleManager: Shutting down and abandoning module OverlayEditor (215)
[2023.01.31-00.29.39:499][745]LogModuleManager: Shutting down and abandoning module MediaAssets (212)
[2023.01.31-00.29.39:499][745]LogModuleManager: Shutting down and abandoning module VREditor (210)
[2023.01.31-00.29.39:499][745]LogModuleManager: Shutting down and abandoning module StringTableEditor (208)
[2023.01.31-00.29.39:499][745]LogModuleManager: Shutting down and abandoning module GameplayTasksEditor (206)
[2023.01.31-00.29.39:499][745]LogModuleManager: Shutting down and abandoning module BehaviorTreeEditor (204)
[2023.01.31-00.29.39:499][745]LogModuleManager: Shutting down and abandoning module FunctionalTesting (202)
[2023.01.31-00.29.39:499][745]LogModuleManager: Shutting down and abandoning module CollisionAnalyzer (200)
[2023.01.31-00.29.39:499][745]LogModuleManager: Shutting down and abandoning module WorkspaceMenuStructure (199)
[2023.01.31-00.29.39:499][745]LogModuleManager: Shutting down and abandoning module UMG (196)
[2023.01.31-00.29.39:499][745]LogModuleManager: Shutting down and abandoning module UMGEditor (195)
[2023.01.31-00.29.39:499][745]LogModuleManager: Shutting down and abandoning module Sequencer (194)
[2023.01.31-00.29.39:499][745]LogModuleManager: Shutting down and abandoning module MessageLog (191)
[2023.01.31-00.29.39:499][745]LogModuleManager: Shutting down and abandoning module SlateReflector (186)
[2023.01.31-00.29.39:499][745]LogModuleManager: Shutting down and abandoning module Slate (184)
[2023.01.31-00.29.39:499][745]LogModuleManager: Shutting down and abandoning module EditorStyle (182)
[2023.01.31-00.29.39:501][745]LogModuleManager: Shutting down and abandoning module MRMesh (180)
[2023.01.31-00.29.39:501][745]LogModuleManager: Shutting down and abandoning module SourceCodeAccess (178)
[2023.01.31-00.29.39:501][745]LogModuleManager: Shutting down and abandoning module HeadMountedDisplay (176)
[2023.01.31-00.29.39:501][745]LogModuleManager: Shutting down and abandoning module XAudio2 (174)
[2023.01.31-00.29.39:501][745]LogModuleManager: Shutting down and abandoning module Networking (172)
[2023.01.31-00.29.39:501][745]LogModuleManager: Shutting down and abandoning module Core (168)
[2023.01.31-00.29.39:501][745]LogModuleManager: Shutting down and abandoning module KismetCompiler (164)
[2023.01.31-00.29.39:501][745]LogModuleManager: Shutting down and abandoning module LevelSequence (162)
[2023.01.31-00.29.39:501][745]LogModuleManager: Shutting down and abandoning module MeshUtilities (160)
[2023.01.31-00.29.39:501][745]LogModuleManager: Shutting down and abandoning module MeshMergeUtilities (159)
[2023.01.31-00.29.39:501][745]LogModuleManager: Shutting down and abandoning module MeshReductionInterface (158)
[2023.01.31-00.29.39:501][745]LogModuleManager: Shutting down and abandoning module SimplygonSwarm (157)
[2023.01.31-00.29.39:501][745]LogModuleManager: Shutting down and abandoning module SimplygonMeshReduction (155)
[2023.01.31-00.29.39:501][745]LogModuleManager: Shutting down and abandoning module QuadricMeshReduction (153)
[2023.01.31-00.29.39:501][745]LogModuleManager: Shutting down and abandoning module MaterialBaking (149)
[2023.01.31-00.29.39:501][745]LogModuleManager: Shutting down and abandoning module DirectoryWatcher (146)
[2023.01.31-00.29.39:504][745]LogModuleManager: Shutting down and abandoning module DerivedDataCache (144)
[2023.01.31-00.29.39:542][745]LogDerivedDataCache: Shutdown
[2023.01.31-00.29.39:542][745]LogModuleManager: Shutting down and abandoning module TargetPlatform (142)
[2023.01.31-00.29.39:542][745]LogModuleManager: Shutting down and abandoning module VulkanShaderFormat (141)
[2023.01.31-00.29.39:542][745]LogModuleManager: Shutting down and abandoning module ShaderFormatVectorVM (139)
[2023.01.31-00.29.39:542][745]LogModuleManager: Shutting down and abandoning module ShaderFormatOpenGL (137)
[2023.01.31-00.29.39:542][745]LogModuleManager: Shutting down and abandoning module ShaderFormatD3D (135)
[2023.01.31-00.29.39:542][745]LogModuleManager: Shutting down and abandoning module MetalShaderFormat (133)
[2023.01.31-00.29.39:543][745]LogModuleManager: Shutting down and abandoning module TextureFormatUncompressed (131)
[2023.01.31-00.29.39:543][745]LogModuleManager: Shutting down and abandoning module TextureFormatPVR (129)
[2023.01.31-00.29.39:543][745]LogModuleManager: Shutting down and abandoning module TextureFormatDXT (127)
[2023.01.31-00.29.39:543][745]LogModuleManager: Shutting down and abandoning module TextureFormatIntelISPCTexComp (125)
[2023.01.31-00.29.39:543][745]LogModuleManager: Shutting down and abandoning module TextureFormatASTC (123)
[2023.01.31-00.29.39:543][745]LogModuleManager: Shutting down and abandoning module ImageWrapper (122)
[2023.01.31-00.29.39:543][745]LogModuleManager: Shutting down and abandoning module TextureFormatAndroid (119)
[2023.01.31-00.29.39:543][745]LogModuleManager: Shutting down and abandoning module AudioFormatOpus (117)
[2023.01.31-00.29.39:543][745]LogModuleManager: Shutting down and abandoning module AudioFormatOgg (115)
[2023.01.31-00.29.39:543][745]LogModuleManager: Shutting down and abandoning module AudioFormatADPCM (113)
[2023.01.31-00.29.39:543][745]LogModuleManager: Shutting down and abandoning module LinuxTargetPlatform (111)
[2023.01.31-00.29.39:543][745]LogModuleManager: Shutting down and abandoning module LinuxServerTargetPlatform (109)
[2023.01.31-00.29.39:543][745]LogModuleManager: Shutting down and abandoning module LinuxNoEditorTargetPlatform (107)
[2023.01.31-00.29.39:543][745]LogModuleManager: Shutting down and abandoning module LinuxClientTargetPlatform (105)
[2023.01.31-00.29.39:543][745]LogModuleManager: Shutting down and abandoning module TVOSTargetPlatform (103)
[2023.01.31-00.29.39:543][745]LogModuleManager: Shutting down and abandoning module Messaging (101)
[2023.01.31-00.29.39:543][745]LogModuleManager: Shutting down and abandoning module IOSTargetPlatform (99)
[2023.01.31-00.29.39:543][745]LogModuleManager: Shutting down and abandoning module HTML5TargetPlatform (97)
[2023.01.31-00.29.39:543][745]LogModuleManager: Shutting down and abandoning module Android_PVRTCTargetPlatform (95)
[2023.01.31-00.29.39:543][745]LogModuleManager: Shutting down and abandoning module Android_MultiTargetPlatform (93)
[2023.01.31-00.29.39:543][745]LogModuleManager: Shutting down and abandoning module Android_ETC2TargetPlatform (91)
[2023.01.31-00.29.39:543][745]LogModuleManager: Shutting down and abandoning module Android_ETC1TargetPlatform (89)
[2023.01.31-00.29.39:543][745]LogModuleManager: Shutting down and abandoning module Android_DXTTargetPlatform (87)
[2023.01.31-00.29.39:543][745]LogModuleManager: Shutting down and abandoning module Android_ATCTargetPlatform (85)
[2023.01.31-00.29.39:543][745]LogModuleManager: Shutting down and abandoning module Android_ASTCTargetPlatform (83)
[2023.01.31-00.29.39:543][745]LogModuleManager: Shutting down and abandoning module AndroidTargetPlatform (81)
[2023.01.31-00.29.39:543][745]LogModuleManager: Shutting down and abandoning module WindowsTargetPlatform (79)
[2023.01.31-00.29.39:543][745]LogModuleManager: Shutting down and abandoning module WindowsServerTargetPlatform (77)
[2023.01.31-00.29.39:543][745]LogModuleManager: Shutting down and abandoning module WindowsNoEditorTargetPlatform (75)
[2023.01.31-00.29.39:543][745]LogModuleManager: Shutting down and abandoning module WindowsClientTargetPlatform (73)
[2023.01.31-00.29.39:543][745]LogModuleManager: Shutting down and abandoning module MacTargetPlatform (71)
[2023.01.31-00.29.39:543][745]LogModuleManager: Shutting down and abandoning module MacServerTargetPlatform (69)
[2023.01.31-00.29.39:543][745]LogModuleManager: Shutting down and abandoning module MacNoEditorTargetPlatform (67)
[2023.01.31-00.29.39:543][745]LogModuleManager: Shutting down and abandoning module MacClientTargetPlatform (65)
[2023.01.31-00.29.39:543][745]LogModuleManager: Shutting down and abandoning module AllDesktopTargetPlatform (63)
[2023.01.31-00.29.39:543][745]LogModuleManager: Shutting down and abandoning module InputCore (60)
[2023.01.31-00.29.39:543][745]LogModuleManager: Shutting down and abandoning module Settings (58)
[2023.01.31-00.29.39:544][745]LogModuleManager: Shutting down and abandoning module PhysXCooking (56)
[2023.01.31-00.29.39:544][745]LogModuleManager: Shutting down and abandoning module SteamVR (54)
[2023.01.31-00.29.39:544][745]LogModuleManager: Shutting down and abandoning module OculusHMD (52)
[2023.01.31-00.29.39:544][745]LogModuleManager: Shutting down and abandoning module ExampleDeviceProfileSelector (50)
[2023.01.31-00.29.39:544][745]LogModuleManager: Shutting down and abandoning module OnlineBlueprintSupport (48)
[2023.01.31-00.29.39:544][745]LogModuleManager: Shutting down and abandoning module OnlineSubsystem (44)
[2023.01.31-00.29.39:544][745]LogOnline: Display: Unloading online subsystem: NULL
[2023.01.31-00.29.39:544][745]LogModuleManager: Shutting down and abandoning module XMPP (43)
[2023.01.31-00.29.39:544][745]LogModuleManager: Shutting down and abandoning module HTTP (41)
[2023.01.31-00.29.39:544][745]LogHttp: Display: Http module shutting down, but needs to wait on 1 outstanding Http requests:
[2023.01.31-00.29.39:544][745]LogHttp: Display: 	verb=[POST] url=[https://datarouter.ol.epicgames.com/datarouter/api/v1/public/data?SessionID=%7B87A0F284-4A47-6151-9F14-6B9376EA1811%7D&AppID=UEEditor.Rocket.Release&AppVersion=4.17.2-3658906%2B%2B%2BUE4%2BRelease-4.17&UserID=0eccd2d64fa59f4243532f884f6d57e6%7C27082e73835547bcb02cb42b8f4d4fe6%7Ca84fe853-153c-4e38-b590-f7273bbdb729&AppEnvironment=datacollector-binary&UploadType=eteventstream] status=Processing
[2023.01.31-00.29.39:552][745]LogModuleManager: Shutting down and abandoning module SSL (40)
[2023.01.31-00.29.39:553][745]LogModuleManager: Shutting down and abandoning module AnimationModifiers (36)
[2023.01.31-00.29.39:553][745]LogModuleManager: Shutting down and abandoning module PropertyEditor (35)
[2023.01.31-00.29.39:553][745]LogModuleManager: Shutting down and abandoning module AudioEditor (32)
[2023.01.31-00.29.39:553][745]LogModuleManager: Shutting down and abandoning module TextureCompressor (30)
[2023.01.31-00.29.39:553][745]LogModuleManager: Shutting down and abandoning module ShaderCore (28)
[2023.01.31-00.29.39:553][745]LogModuleManager: Shutting down and abandoning module Landscape (26)
[2023.01.31-00.29.39:553][745]LogModuleManager: Shutting down and abandoning module SlateRHIRenderer (24)
[2023.01.31-00.29.39:554][745]LogModuleManager: Shutting down and abandoning module OpenGLDrv (22)
[2023.01.31-00.29.39:554][745]LogModuleManager: Shutting down and abandoning module D3D11RHI (20)
[2023.01.31-00.29.39:554][745]LogModuleManager: Shutting down and abandoning module AnimGraphRuntime (18)
[2023.01.31-00.29.39:554][745]LogModuleManager: Shutting down and abandoning module Renderer (16)
[2023.01.31-00.29.39:554][745]LogModuleManager: Shutting down and abandoning module Engine (14)
[2023.01.31-00.29.39:554][745]LogModuleManager: Shutting down and abandoning module CoreUObject (12)
[2023.01.31-00.29.39:554][745]LogModuleManager: Shutting down and abandoning module NetworkFile (10)
[2023.01.31-00.29.39:554][745]LogModuleManager: Shutting down and abandoning module CookedIterativeFile (8)
[2023.01.31-00.29.39:554][745]LogModuleManager: Shutting down and abandoning module StreamingFile (6)
[2023.01.31-00.29.39:554][745]LogModuleManager: Shutting down and abandoning module SandboxFile (4)
[2023.01.31-00.29.39:554][745]LogModuleManager: Shutting down and abandoning module PakFile (2)
[2023.01.31-00.29.39:560][745]LogExit: Exiting.
[2023.01.31-00.29.39:574][745]Log file closed, 01/31/23 09:29:39
