Log file open, 01/30/23 10:45:41
LogWindows: Failed to load 'aqProf.dll' (GetLastError=126)
LogWindows: File 'aqProf.dll' does not exist
LogWindows: Failed to load 'VSPerf140.dll' (GetLastError=126)
LogWindows: File 'VSPerf140.dll' does not exist
LogWindows: Failed to load 'VtuneApi.dll' (GetLastError=126)
LogWindows: File 'VtuneApi.dll' does not exist
LogWindows: Failed to load 'VtuneApi32e.dll' (GetLastError=126)
LogWindows: File 'VtuneApi32e.dll' does not exist
LogInit: Display: Running engine for game: THE7
LogPlatformFile: Not using cached read wrapper
LogInit: Display: RandInit(455174815) SRandInit(455174816).
LogTaskGraph: Started task graph with 5 named threads and 26 total threads with 3 sets of task threads.
LogStats: Stats thread started at 0.291595
LogD3D11RHI: Aftermath initialized
LogPluginManager: Mounting plugin Paper2D
LogPluginManager: Mounting plugin LightPropagationVolume
LogPluginManager: Mounting plugin CodeLiteSourceCodeAccess
LogPluginManager: Mounting plugin GitSourceControl
LogPluginManager: Mounting plugin KDevelopSourceCodeAccess
LogPluginManager: Mounting plugin NullSourceCodeAccess
LogPluginManager: Mounting plugin PerforceSourceControl
LogPluginManager: Mounting plugin SubversionSourceControl
LogPluginManager: Mounting plugin UObjectPlugin
LogPluginManager: Mounting plugin VisualStudioSourceCodeAccess
LogPluginManager: Mounting plugin XCodeSourceCodeAccess
LogPluginManager: Mounting plugin AssetManagerEditor
LogPluginManager: Mounting plugin AudioCapture
LogPluginManager: Mounting plugin FacialAnimation
LogPluginManager: Mounting plugin GameplayTagsEditor
LogPluginManager: Mounting plugin MobileLauncherProfileWizard
LogPluginManager: Mounting plugin PluginBrowser
LogPluginManager: Mounting plugin SpeedTreeImporter
LogPluginManager: Mounting plugin AlembicImporter
LogPluginManager: Mounting plugin CharacterAI
LogPluginManager: Mounting plugin HTML5Networking
LogPluginManager: Mounting plugin AndroidMedia
LogPluginManager: Mounting plugin AvfMedia
LogPluginManager: Mounting plugin MediaPlayerEditor
LogPluginManager: Mounting plugin WmfMedia
LogPluginManager: Mounting plugin TcpMessaging
LogPluginManager: Mounting plugin UdpMessaging
LogPluginManager: Mounting plugin LevelSequenceEditor
LogPluginManager: Mounting plugin MatineeToLevelSequence
LogPluginManager: Mounting plugin OnlineSubsystemGooglePlay
LogPluginManager: Mounting plugin OnlineSubsystemIOS
LogPluginManager: Mounting plugin OnlineSubsystem
LogPluginManager: Mounting plugin OnlineSubsystemNull
LogPluginManager: Mounting plugin OnlineSubsystemUtils
LogPluginManager: Mounting plugin AndroidDeviceProfileSelector
LogPluginManager: Mounting plugin AndroidMoviePlayer
LogPluginManager: Mounting plugin AndroidPermission
LogPluginManager: Mounting plugin AppleMoviePlayer
LogPluginManager: Mounting plugin ArchVisCharacter
LogPluginManager: Mounting plugin CableComponent
LogPluginManager: Mounting plugin CustomMeshComponent
LogPluginManager: Mounting plugin ExampleDeviceProfileSelector
LogPluginManager: Mounting plugin GoogleCloudMessaging
LogPluginManager: Mounting plugin ImmediatePhysics
LogPluginManager: Mounting plugin IOSDeviceProfileSelector
LogPluginManager: Mounting plugin LinuxDeviceProfileSelector
LogPluginManager: Mounting plugin LocationServicesBPLibrary
LogPluginManager: Mounting plugin MobilePatchingUtils
LogPluginManager: Mounting plugin OculusVR
LogPluginManager: Mounting plugin PhysXVehicles
LogPluginManager: Mounting plugin ProceduralMeshComponent
LogPluginManager: Mounting plugin RuntimePhysXCooking
LogPluginManager: Mounting plugin SteamVR
LogPluginManager: Mounting plugin WindowsMoviePlayer
LogInit: Using libcurl 7.47.1
LogInit:  - built for x86_64-pc-win32
LogInit:  - supports SSL with OpenSSL/1.0.2g
LogInit:  - supports HTTP deflate (compression) using libz 1.2.8
LogInit:  - other features:
LogInit:      CURL_VERSION_SSL
LogInit:      CURL_VERSION_LIBZ
LogInit:      CURL_VERSION_IPV6
LogInit:      CURL_VERSION_ASYNCHDNS
LogInit:      CURL_VERSION_LARGEFILE
LogInit:      CURL_VERSION_IDN
LogInit:  CurlRequestOptions (configurable via config and command line):
LogInit:  - bVerifyPeer = false  - Libcurl will NOT verify peer certificate
LogInit:  - bUseHttpProxy = false  - Libcurl will NOT use HTTP proxy
LogInit:  - bDontReuseConnections = false  - Libcurl will reuse connections
LogInit:  - CertBundlePath = nullptr  - Libcurl will use whatever was configured at build time.
LogInit: Build: ++UE4+Release-4.17-CL-3658906
LogInit: Engine Version: 4.17.2-3658906+++UE4+Release-4.17
LogInit: Compatible Engine Version: 4.17.0-3573198+++UE4+Release-4.17
LogInit: Net CL: 3573198
LogDevObjectVersion: Number of dev versions registered: 16
LogDevObjectVersion:   Dev-Blueprints (B0D832E4-1F89-4F0D-ACCF-7EB736FD4AA2): 10
LogDevObjectVersion:   Dev-Build (E1C64328-A22C-4D53-A36C-8E866417BD8C): 0
LogDevObjectVersion:   Dev-Core (375EC13C-06E4-48FB-B500-84F0262A717E): 2
LogDevObjectVersion:   Dev-Editor (E4B068ED-F494-42E9-A231-DA0B2E46BB41): 20
LogDevObjectVersion:   Dev-Framework (CFFC743F-43B0-4480-9391-14DF171D2073): 28
LogDevObjectVersion:   Dev-Mobile (B02B49B5-BB20-44E9-A304-32B752E40360): 0
LogDevObjectVersion:   Dev-Networking (A4E4105C-59A1-49B5-A7C5-40C4547EDFEE): 0
LogDevObjectVersion:   Dev-Online (39C831C9-5AE6-47DC-9A44-9C173E1C8E7C): 0
LogDevObjectVersion:   Dev-Physics (78F01B33-EBEA-4F98-B9B4-84EACCB95AA2): 0
LogDevObjectVersion:   Dev-Platform (6631380F-2D4D-43E0-8009-CF276956A95A): 0
LogDevObjectVersion:   Dev-Rendering (12F88B9F-8875-4AFC-A67C-D90C383ABD29): 19
LogDevObjectVersion:   Dev-Sequencer (7B5AE74C-D270-4C10-A958-57980B212A5A): 4
LogDevObjectVersion:   Dev-VR (D7296918-1DD6-4BDD-9DE2-64A83CC13884): 0
LogDevObjectVersion:   Dev-LoadTimes (C2A15278-BFE7-4AFE-6C17-90FF531DF755): 1
LogDevObjectVersion:   Private-Geometry (6EACA3D4-40EC-4CC1-B786-8BED09428FC5): 1
LogDevObjectVersion:   Dev-AnimPhys (29E575DD-E0A3-4627-9D10-D276232CDCEA): 7
LogInit: Compiled (64-bit): Sep 22 2017 13:47:16
LogInit: Compiled with Visual C++: 19.00.24215.01
LogInit: Build Configuration: Development
LogInit: Branch Name: ++UE4+Release-4.17
LogInit: Command line:  
LogInit: Base directory: C:/Program Files/Epic Games/UE_4.17/Engine/Binaries/Win64/
LogInit: Installed Engine Build: 1
LogInit: Presizing for max 8388607 objects, including 0 objects not considered by GC, pre-allocating 0 bytes for permanent pool.
LogInit: Object subsystem initialized
[2023.01.30-01.45.41:884][  0]LogInit: Selected Device Profile: [Windows]
[2023.01.30-01.45.41:884][  0]LogInit: Applying CVar settings loaded from the selected device profile: [Windows]
[2023.01.30-01.45.41:893][  0]LogInit: Computer: KBC12006017
[2023.01.30-01.45.41:893][  0]LogInit: User: 小浜大和
[2023.01.30-01.45.41:893][  0]LogInit: CPU Page size=4096, Cores=8
[2023.01.30-01.45.41:893][  0]LogInit: High frequency timer resolution =10.000000 MHz
[2023.01.30-01.45.41:893][  0]LogMemory: Memory total: Physical=63.9GB (64GB approx)
[2023.01.30-01.45.41:893][  0]LogMemory: Platform Memory Stats for Windows
[2023.01.30-01.45.41:893][  0]LogMemory: Process Physical Memory: 281.27 MB used, 281.27 MB peak
[2023.01.30-01.45.41:893][  0]LogMemory: Process Virtual Memory: 281.22 MB used, 281.22 MB peak
[2023.01.30-01.45.41:893][  0]LogMemory: Physical Memory: 8491.56 MB used,  56936.59 MB free, 65428.15 MB total
[2023.01.30-01.45.41:893][  0]LogMemory: Virtual Memory: 4804.55 MB used,  56936.59 MB free, 134217728.00 MB total
[2023.01.30-01.45.42:164][  0]LogInit: Using OS detected language (ja-JP).
[2023.01.30-01.45.42:164][  0]LogInit: Using OS detected locale (ja-JP).
[2023.01.30-01.45.42:166][  0]LogTextLocalizationManager: No specific localization for 'ja-JP' exists, so the 'ja' localization will be used.
[2023.01.30-01.45.42:574][  0]LogD3D11RHI: D3D11 adapters:
[2023.01.30-01.45.42:624][  0]LogD3D11RHI:    0. 'AMD Radeon Pro 5500M' (Feature Level 11_0)
[2023.01.30-01.45.42:624][  0]LogD3D11RHI:       8151/0/32714 MB DedicatedVideo/DedicatedSystem/SharedSystem, Outputs:1, VendorId:0x1002
[2023.01.30-01.45.42:626][  0]LogD3D11RHI:    1. 'Microsoft Basic Render Driver' (Feature Level 11_0)
[2023.01.30-01.45.42:626][  0]LogD3D11RHI:       0/0/32714 MB DedicatedVideo/DedicatedSystem/SharedSystem, Outputs:0, VendorId:0x1414
[2023.01.30-01.45.42:626][  0]LogD3D11RHI: Chosen D3D11 Adapter: 0
[2023.01.30-01.45.42:630][  0]LogD3D11RHI: Creating new Direct3DDevice
[2023.01.30-01.45.42:630][  0]LogD3D11RHI:     GPU DeviceId: 0x7340 (for the marketing name, search the web for "GPU Device Id")
[2023.01.30-01.45.42:631][  0]LogWindows: EnumDisplayDevices:
[2023.01.30-01.45.42:631][  0]LogWindows:    0. 'AMD Radeon Pro 5500M' (P:1 D:1)
[2023.01.30-01.45.42:631][  0]LogWindows:    1. 'AMD Radeon Pro 5500M' (P:0 D:0)
[2023.01.30-01.45.42:631][  0]LogWindows:    2. 'AMD Radeon Pro 5500M' (P:0 D:0)
[2023.01.30-01.45.42:631][  0]LogWindows:    3. 'AMD Radeon Pro 5500M' (P:0 D:0)
[2023.01.30-01.45.42:631][  0]LogWindows:    4. 'AMD Radeon Pro 5500M' (P:0 D:0)
[2023.01.30-01.45.42:631][  0]LogWindows:    5. 'AMD Radeon Pro 5500M' (P:0 D:0)
[2023.01.30-01.45.42:631][  0]LogWindows:    6. 'AMD Radeon Pro 5500M' (P:0 D:0)
[2023.01.30-01.45.42:632][  0]LogWindows: DebugString: GetVideoDriverDetailsInvalid PrimaryIsNotTheChoosenAdapter GetVideoDriverDetailsInvalid PrimaryIsNotTheChoosenAdapter GetVideoDriverDetailsInvalid PrimaryIsNotTheChoosenAdapter GetVideoDriverDetailsInvalid PrimaryIsNotTheChoosenAdapter GetVideoDriverDetailsInvalid PrimaryIsNotTheChoosenAdapter GetVideoDriverDetailsInvalid PrimaryIsNotTheChoosenAdapter GetVideoDriverDetailsInvalid PrimaryIsNotTheChoosenAdapter FoundDriverCount:0 
[2023.01.30-01.45.42:632][  0]LogD3D11RHI:     Adapter Name: AMD Radeon Pro 5500M
[2023.01.30-01.45.42:632][  0]LogD3D11RHI:   Driver Version: Unknown (internal:Unknown, unified:Unknown)
[2023.01.30-01.45.42:632][  0]LogD3D11RHI:      Driver Date: Unknown
[2023.01.30-01.45.42:632][  0]LogRHI: Texture pool is 1361 MB (70% of 1945 MB)
[2023.01.30-01.45.42:678][  0]LogD3D11RHI: Async texture creation enabled
[2023.01.30-01.45.42:701][  0]LogD3D11RHI: GPU Timing Frequency: 100.000000 (Debug: 2 1)
[2023.01.30-01.45.42:703][  0]LogShaderCompilers: Guid format shader working directory is -12 characters bigger than the processId version (../../../../../../Users/81806/OneDrive/ドキュメント/UE4_RPG/THE7/Intermediate/Shaders/WorkingDirectory/1260/).
[2023.01.30-01.45.42:703][  0]LogShaderCompilers: Cleaned the shader compiler working directory 'C:/Users/81806/AppData/Local/Temp/UnrealShaderWorkingDir/F31A396342EDDD31872E0BBDAD9AE34D/'.
[2023.01.30-01.45.42:703][  0]LogShaderCompilers: Display: Using Local Shader Compiler.
[2023.01.30-01.45.43:584][  0]LogTemp: Display: Loaded TP AllDesktopTargetPlatform
[2023.01.30-01.45.43:652][  0]LogTemp: Display: Loaded TP MacClientTargetPlatform
[2023.01.30-01.45.43:719][  0]LogTemp: Display: Loaded TP MacNoEditorTargetPlatform
[2023.01.30-01.45.43:785][  0]LogTemp: Display: Loaded TP MacServerTargetPlatform
[2023.01.30-01.45.43:859][  0]LogTemp: Display: Loaded TP MacTargetPlatform
[2023.01.30-01.45.43:924][  0]LogTemp: Display: Loaded TP WindowsClientTargetPlatform
[2023.01.30-01.45.43:990][  0]LogTemp: Display: Loaded TP WindowsNoEditorTargetPlatform
[2023.01.30-01.45.44:055][  0]LogTemp: Display: Loaded TP WindowsServerTargetPlatform
[2023.01.30-01.45.44:112][  0]LogTemp: Display: Loaded TP WindowsTargetPlatform
[2023.01.30-01.45.44:177][  0]LogTemp: Display: Loaded TP AndroidTargetPlatform
[2023.01.30-01.45.44:254][  0]LogTemp: Display: Loaded TP Android_ASTCTargetPlatform
[2023.01.30-01.45.44:318][  0]LogTemp: Display: Loaded TP Android_ATCTargetPlatform
[2023.01.30-01.45.44:397][  0]LogTemp: Display: Loaded TP Android_DXTTargetPlatform
[2023.01.30-01.45.44:464][  0]LogTemp: Display: Loaded TP Android_ETC1TargetPlatform
[2023.01.30-01.45.44:528][  0]LogTemp: Display: Loaded TP Android_ETC2TargetPlatform
[2023.01.30-01.45.44:656][  0]LogTemp: Display: Loaded TP Android_MultiTargetPlatform
[2023.01.30-01.45.44:656][  0]LogTemp: Display: Loaded TP Android_PVRTCTargetPlatform
[2023.01.30-01.45.44:711][  0]LogTemp: Display: Loaded TP HTML5TargetPlatform
[2023.01.30-01.45.44:832][  0]LogTemp: Display: Loaded TP IOSTargetPlatform
[2023.01.30-01.45.44:875][  0]LogTemp: Display: Loaded TP TVOSTargetPlatform
[2023.01.30-01.45.44:939][  0]LogTemp: Display: Loaded TP LinuxClientTargetPlatform
[2023.01.30-01.45.45:007][  0]LogTemp: Display: Loaded TP LinuxNoEditorTargetPlatform
[2023.01.30-01.45.45:074][  0]LogTemp: Display: Loaded TP LinuxServerTargetPlatform
[2023.01.30-01.45.45:138][  0]LogTemp: Display: Loaded TP LinuxTargetPlatform
[2023.01.30-01.45.45:138][  0]LogTargetPlatformManager: Display: Building Assets For Windows
[2023.01.30-01.45.45:865][  0]LogDerivedDataCache: Display: Max Cache Size: 512 MB
[2023.01.30-01.45.45:928][  0]LogDerivedDataCache: Loaded boot cache 0.06s 93MB C:/Users/81806/AppData/Local/UnrealEngine/4.17/DerivedDataCache/Boot.ddc.
[2023.01.30-01.45.45:928][  0]LogDerivedDataCache: Display: Loaded Boot cache: C:/Users/81806/AppData/Local/UnrealEngine/4.17/DerivedDataCache/Boot.ddc
[2023.01.30-01.45.45:929][  0]LogDerivedDataCache: FDerivedDataBackendGraph:  Pak pak cache file ../../../../../../Users/81806/OneDrive/ドキュメント/UE4_RPG/THE7/DerivedDataCache/DDC.ddp not found, will not use a pak cache.
[2023.01.30-01.45.45:929][  0]LogDerivedDataCache: Unable to find inner node Pak for hierarchical cache Hierarchy.
[2023.01.30-01.45.45:929][  0]LogDerivedDataCache: FDerivedDataBackendGraph:  CompressedPak pak cache file ../../../../../../Users/81806/OneDrive/ドキュメント/UE4_RPG/THE7/DerivedDataCache/Compressed.ddp not found, will not use a pak cache.
[2023.01.30-01.45.45:929][  0]LogDerivedDataCache: Unable to find inner node CompressedPak for hierarchical cache Hierarchy.
[2023.01.30-01.45.45:942][  0]LogDerivedDataCache: Display: Pak cache opened for reading ../../../Engine/DerivedDataCache/Compressed.ddp.
[2023.01.30-01.45.45:954][  0]LogDerivedDataCache: Using Local data cache path C:/Users/81806/AppData/Local/UnrealEngine/Common/DerivedDataCache: Writable
[2023.01.30-01.45.45:962][  0]LogMaterial: Verifying Global Shaders for PCD3D_SM5
[2023.01.30-01.45.45:963][  0]LogSlate: Using Freetype 2.6.0
[2023.01.30-01.45.45:963][  0]LogSlate: SlateFontCache - WITH_FREETYPE: 1, WITH_HARFBUZZ: 1
[2023.01.30-01.45.45:963][  0]LogSlate: SlateFontCache - WITH_FREETYPE: 1, WITH_HARFBUZZ: 1
[2023.01.30-01.45.46:192][  0]LogAssetRegistry: FAssetRegistry took 0.0262 seconds to start up
[2023.01.30-01.45.46:318][  0]LogInit: Selected Device Profile: [Windows]
[2023.01.30-01.45.46:459][  0]LogContentStreaming: Texture pool size is 0.00 MB
[2023.01.30-01.45.46:847][  0]LogSimplygon: Simplygon DLL not present - disabling.
[2023.01.30-01.45.46:911][  0]LogMeshReduction: Using SimplygonSwarm for distributed automatic mesh merging
[2023.01.30-01.45.46:911][  0]LogMeshReduction: Using QuadricMeshReduction for automatic static mesh reduction
[2023.01.30-01.45.46:911][  0]LogMeshReduction: No automatic skeletal mesh reduction module available
[2023.01.30-01.45.46:911][  0]LogMeshReduction: No automatic mesh merging module available
[2023.01.30-01.45.46:912][  0]LogMeshMerging: No automatic mesh merging module available
[2023.01.30-01.45.47:252][  0]LogNetVersion: THE7 , NetCL: 3573198, EngineNetVer: 2, GameNetVer: 0 (Checksum: 151110352)
[2023.01.30-01.45.47:487][  0]LogPackageLocalizationCache: Processed 5 localized package path(s) for 2 prioritized culture(s) in 0.039316 seconds
[2023.01.30-01.45.47:492][  0]LogUObjectArray: 35825 objects as part of root set at end of initial load.
[2023.01.30-01.45.47:492][  0]LogUObjectAllocator: 7529104 out of 0 bytes used by permanent object pool.
[2023.01.30-01.45.47:492][  0]LogUObjectArray: CloseDisregardForGC: 0/0 objects in disregard for GC pool
[2023.01.30-01.45.47:597][  0]LogInit: WinSock: version 1.1 (2.2), MaxSocks=32767, MaxUdp=65467
[2023.01.30-01.45.50:698][  0]LogTcpMessaging: Initializing TcpMessaging bridge
[2023.01.30-01.45.50:748][  0]LogUdpMessaging: Initializing bridge on interface 0.0.0.0:0 to multicast group 230.0.0.1:6666.
[2023.01.30-01.45.51:556][  0]LogMaterial: Uniform references updated for custom material expression Custom.
[2023.01.30-01.45.52:068][  0]SourceControl: ソースコントロールは無効です
[2023.01.30-01.45.52:068][  0]SourceControl: ソースコントロールは無効です
[2023.01.30-01.45.52:134][  0]SourceControl: ソースコントロールは無効です
[2023.01.30-01.45.52:198][  0]SourceControl: ソースコントロールは無効です
[2023.01.30-01.45.53:032][  0]LogAndroidPermission: UAndroidPermissionCallbackProxy::GetInstance
[2023.01.30-01.45.53:359][  0]LogOcInput: OculusInput pre-init called
[2023.01.30-01.45.53:691][  0]LogEngine: Initializing Engine...
[2023.01.30-01.45.53:693][  0]LogHMD: Failed to initialize OpenVR with code 110
[2023.01.30-01.45.53:887][  0]LogStats: UGameplayTagsManager::ConstructGameplayTagTree: Construct from data asset -  0.000 s
[2023.01.30-01.45.53:887][  0]LogStats: UGameplayTagsManager::ConstructGameplayTagTree: GameplayTagTreeChangedEvent.Broadcast -  0.000 s
[2023.01.30-01.45.54:073][  0]LogAIModule: Creating AISystem for world Untitled
[2023.01.30-01.45.54:100][  0]LogInit: XAudio2 using 'ヘッドホン (Apple Audio Device)' : 2 channels at 48 kHz using 16 bits per sample (channel mask 0x3)
[2023.01.30-01.45.54:117][  0]LogInit: FAudioDevice initialized.
[2023.01.30-01.45.54:168][  0]LogDerivedDataCache: Saved boot cache 0.05s 93MB C:/Users/81806/AppData/Local/UnrealEngine/4.17/DerivedDataCache/Boot.ddc.
[2023.01.30-01.45.54:173][  0]LogInit: Texture streaming: Enabled
[2023.01.30-01.45.54:352][  0]LogEngineSessionManager: EngineSessionManager initialized
[2023.01.30-01.45.54:649][  0]LogInit: Transaction tracking system initialized
[2023.01.30-01.45.55:089][  0]BlueprintLog: New page: エディタの読み込み
[2023.01.30-01.45.56:302][  0]LocalizationService: ローカライズのサービスが無効になりました
[2023.01.30-01.45.56:980][  0]LogLinker: Warning: ファイル '/Game/ThirdPersonBP/ThirdPersonOverview' が見つかりません
[2023.01.30-01.45.56:981][  0]LogLinker: Warning: ファイル '/Game/ThirdPersonBP/ThirdPersonOverview' が見つかりません
[2023.01.30-01.45.56:981][  0]LogUObjectGlobals: Warning: オブジェクト 'Class /Game/ThirdPersonBP/ThirdPersonOverview.ThirdPersonOverview_C' が見つかりませんでした
[2023.01.30-01.45.57:213][  0]LogConsoleResponse: Display: 
[2023.01.30-01.45.57:390][  0]LogCook: Display: Max memory allowance for cook 16384mb min free memory 0mb
[2023.01.30-01.45.57:390][  0]LogCook: Display: Mobile HDR setting 1
[2023.01.30-01.45.57:390][  0]LogGameplayTags: Display: UGameplayTagsManager::DoneAddingNativeTags. DelegateIsBound: 0
[2023.01.30-01.45.58:171][  0]LogFileCache: Scanning file cache for directory 'C:/Users/81806/OneDrive/ドキュメント/UE4_RPG/THE7/Content/' took 0.02s
[2023.01.30-01.45.58:815][  0]SourceControl: ソースコントロールは無効です
[2023.01.30-01.45.58:815][  0]Cmd: MAP LOAD FILE="../../../../../../Users/81806/OneDrive/ドキュメント/UE4_RPG/THE7/Content/Map/Game_Main.umap" TEMPLATE=0 SHOWPROGRESS=1 FEATURELEVEL=3
[2023.01.30-01.45.58:816][  0]LightingResults: New page: ライティングのビルド
[2023.01.30-01.45.58:872][  0]MapCheck: New page: マップをチェック
[2023.01.30-01.45.58:872][  0]LightingResults: New page: <何も選択されていません>
[2023.01.30-01.45.59:262][  0]LogAIModule: Creating AISystem for world Game_Main
[2023.01.30-01.45.59:269][  0]LogStreaming: Display: ULevelStreaming::RequestLevel(/Game/Map/Floor1) is flushing async loading
[2023.01.30-01.45.59:435][  0]LogStreaming: Display: ULevelStreaming::RequestLevel(/Game/Map/Floor3) is flushing async loading
[2023.01.30-01.45.59:541][  0]LogStreaming: Display: ULevelStreaming::RequestLevel(/Game/Map/Floor4) is flushing async loading
[2023.01.30-01.45.59:708][  0]LogStreaming: Display: ULevelStreaming::RequestLevel(/Game/Map/Floor5) is flushing async loading
[2023.01.30-01.46.00:029][  0]LogStreaming: Display: ULevelStreaming::RequestLevel(/Game/Map/Floor2) is flushing async loading
[2023.01.30-01.46.00:153][  0]LogEditorServer: Finished looking for orphan Actors (0.000 secs)
[2023.01.30-01.46.00:243][  0]Cmd: MAP CHECKDEP NOCLEARLOG
[2023.01.30-01.46.00:300][  0]MapCheck: マップチェックが完了: 0 エラー、 0 警告、完了に 56.393ミリ秒かかりました。
[2023.01.30-01.46.00:300][  0]LogFileHelpers: Loading map 'Game_Main' took 1.484
[2023.01.30-01.46.00:410][  0]LogCollectionManager: Loaded 0 collections in 0.001508 seconds
[2023.01.30-01.46.00:503][  0]LogFileCache: Scanning file cache for directory 'C:/Users/81806/OneDrive/ドキュメント/UE4_RPG/THE7/Saved/Collections/' took 0.01s
[2023.01.30-01.46.00:503][  0]LogFileCache: Scanning file cache for directory 'C:/Users/81806/OneDrive/ドキュメント/UE4_RPG/THE7/Content/Developers/小浜大和/Collections/' took 0.01s
[2023.01.30-01.46.00:503][  0]LogFileCache: Scanning file cache for directory 'C:/Users/81806/OneDrive/ドキュメント/UE4_RPG/THE7/Content/Collections/' took 0.01s
[2023.01.30-01.46.00:503][  0]LogCollectionManager: Rebuilt the GUID cache for 0 collections in 0.000001 seconds
[2023.01.30-01.46.00:510][  0]LogContentBrowser: Native class hierarchy populated in 0.0067 seconds. Added 2386 classes and 500 folders.
[2023.01.30-01.46.00:599][  0]LogContentBrowser: Native class hierarchy updated for 'WidgetCarousel' in 0.0005 seconds. Added 0 classes and 0 folders.
[2023.01.30-01.46.00:634][  0]LogContentBrowser: Native class hierarchy updated for 'AddContentDialog' in 0.0006 seconds. Added 0 classes and 0 folders.
[2023.01.30-01.46.00:743][  0]LogContentBrowser: Native class hierarchy updated for 'SceneOutliner' in 0.0005 seconds. Added 1 classes and 2 folders.
[2023.01.30-01.46.00:810][  0]LogContentBrowser: Native class hierarchy updated for 'WorldBrowser' in 0.0005 seconds. Added 2 classes and 3 folders.
[2023.01.30-01.46.00:904][  0]LogSlate: Took 0.000248 seconds to synchronously load lazily loaded font '../../../Engine/Content/Slate/Fonts/Roboto-Regular.ttf' (155K)
[2023.01.30-01.46.00:905][  0]LogSlate: Took 0.001595 seconds to synchronously load lazily loaded font '../../../Engine/Content/Slate/Fonts/DroidSansFallback.ttf' (3848K)
[2023.01.30-01.46.00:906][  0]LogSlate: Took 0.000156 seconds to synchronously load lazily loaded font '../../../Engine/Content/Slate/Fonts/Roboto-Bold.ttf' (160K)
[2023.01.30-01.46.00:908][  0]LogSlate: Took 0.000117 seconds to synchronously load lazily loaded font '../../../Engine/Content/Editor/Slate/Fonts/FontAwesome.ttf' (139K)
[2023.01.30-01.46.01:000][  0]LogRenderer: Reallocating scene render targets to support 924x496 Format 10 NumSamples 1 (Frame:1).
[2023.01.30-01.46.01:355][  0]LogContentBrowser: Native class hierarchy updated for 'HierarchicalLODOutliner' in 0.0005 seconds. Added 1 classes and 2 folders.
[2023.01.30-01.46.01:355][  0]LogLoad: (Engine Initialization) Total time: 21.36 seconds
[2023.01.30-01.46.01:355][  0]LogLoad: (Engine Initialization) Total Blueprint compile time: 0.00 seconds
[2023.01.30-01.46.01:356][  0]LogExternalProfiler: No external profilers were discovered.  External profiling features will not be available.
[2023.01.30-01.46.01:722][  0]LogContentStreaming: Texture pool size now 1000 MB
[2023.01.30-01.46.01:789][  0]LogSlate: Took 0.000129 seconds to synchronously load lazily loaded font '../../../Engine/Content/Slate/Fonts/Roboto-Light.ttf' (159K)
[2023.01.30-01.46.02:043][  1]LogScript: Warning: Accessed None trying to read property IsClearInstance
	BP_Anim_Award_C /Engine/Transient.World_0:PersistentLevel.BPAward_C_0.CharacterMesh0.BP_Anim_Award_C_0
	Function /Game/Animation/BP_Anim_Award.BP_Anim_Award_C:ExecuteUbergraph_BP_Anim_Award:00B1
[2023.01.30-01.46.02:043][  1]LogScript: Warning: Accessed None trying to read property IsClearInstance
	BP_Anim_Award_C /Engine/Transient.World_0:PersistentLevel.BPAward_C_0.CharacterMesh0.BP_Anim_Award_C_0
	Function /Game/Animation/BP_Anim_Award.BP_Anim_Award_C:ExecuteUbergraph_BP_Anim_Award:01A5
[2023.01.30-01.46.02:048][  1]LogAssetRegistry: Asset discovery search completed in 15.8788 seconds
[2023.01.30-01.46.02:050][  1]LogCollectionManager: Rebuilt the object cache for 0 collections in 0.000000 seconds (found 0 objects)
[2023.01.30-01.46.02:050][  1]LogCollectionManager: Fixed up redirectors for 0 collections in 0.000033 seconds (updated 0 objects)
[2023.01.30-01.46.02:703][  3]LogSlate: Took 0.000183 seconds to synchronously load lazily loaded font '../../../Engine/Content/Slate/Fonts/Roboto-Light.ttf' (159K)
[2023.01.30-01.47.35:058][906]LogEditorViewport: Clicking Background
[2023.01.30-01.47.39:420][ 47]LogEditorViewport: Clicking on Actor (LMB): BP_Block_C (BP_Block)
[2023.01.30-01.47.40:893][ 93]LogEditorViewport: Clicking Background
[2023.01.30-01.47.41:818][124]LogEditorViewport: Clicking on Actor (LMB): BP_Block_C (BP_Block)
[2023.01.30-01.47.44:676][216]Cmd: EDIT COPY
[2023.01.30-01.47.46:076][261]LogEditorViewport: Clicking on Actor (LMB): StaticMeshActor (wall_box48)
[2023.01.30-01.47.54:590][536]LogSlate: Took 0.000137 seconds to synchronously load lazily loaded font '../../../Engine/Content/Slate/Fonts/Roboto-Light.ttf' (159K)
[2023.01.30-01.48.04:581][948]LogEditorViewport: Clicking on Actor (context menu): StaticMeshActor (plane71)
[2023.01.30-01.48.05:556][999]LogEditorViewport: Clicking Background
[2023.01.30-01.49.30:253][726]LogRenderer: Reallocating scene render targets to support 1144x804 Format 10 NumSamples 1 (Frame:1).
[2023.01.30-01.51.27:554][290]LogEditorViewport: Clicking Background
[2023.01.30-01.51.55:159][ 37]LogEditorViewport: Clicking on Actor (LMB): BP_Block_C (BP_Block)
[2023.01.30-01.52.53:103][836]Cmd: ACTOR SELECT MATCHINGSTATICMESH
[2023.01.30-01.55.02:966][611]Cmd: ACTOR SELECT MATCHINGSTATICMESH
[2023.01.30-01.56.07:467][454]LogMaterial: Missing cached shader map for material Material_0, compiling. 
[2023.01.30-01.57.56:971][167]Cmd: MAP LOAD FILE="../../../../../../Users/81806/OneDrive/ドキュメント/UE4_RPG/THE7/Content/Map/Floor1.umap" TEMPLATE=0 SHOWPROGRESS=1 FEATURELEVEL=3
[2023.01.30-01.57.56:971][167]LightingResults: New page: ライティングのビルド
[2023.01.30-01.57.56:972][167]LoadErrors: New page: マップをロード中: Floor1.umap
[2023.01.30-01.57.57:003][167]MapCheck: New page: マップをチェック
[2023.01.30-01.57.57:003][167]LightingResults: New page: <何も選択されていません>
[2023.01.30-01.57.57:037][167]LogAIModule: Creating AISystem for world Floor1
[2023.01.30-01.57.57:216][167]LogEditorServer: Finished looking for orphan Actors (0.000 secs)
[2023.01.30-01.57.57:253][167]Cmd: MAP CHECKDEP NOCLEARLOG
[2023.01.30-01.57.57:311][167]MapCheck: マップチェックが完了: 0 エラー、 0 警告、完了に 58.02ミリ秒かかりました。
[2023.01.30-01.57.57:312][167]LogFileHelpers: Loading map 'Floor1' took 0.342
[2023.01.30-01.58.27:147][885]Cmd: ACTOR SELECT MATCHINGSTATICMESH
[2023.01.30-01.58.53:060][629]LogStaticMesh: スタティックメッシュ StaticMesh をビルド中...
[2023.01.30-01.58.53:083][629]LogStaticMesh: Built static mesh [0.02s] /Game/material/StaticMesh.StaticMesh
[2023.01.30-01.58.58:978][971]Cmd: TRANSACTION UNDO
[2023.01.30-01.58.58:978][971]LogEditorTransaction: Undo 一致するスタティックメッシュを選択
[2023.01.30-01.59.14:803][784]LogContentBrowser: Native class hierarchy updated for 'BlueprintGraph' in 0.0010 seconds. Added 113 classes and 0 folders.
[2023.01.30-01.59.15:386][784]LogSlate: Took 0.000210 seconds to synchronously load lazily loaded font '../../../Engine/Content/Slate/Fonts/Roboto-Regular.ttf' (155K)
[2023.01.30-01.59.15:483][784]LogSlate: Took 0.004568 seconds to synchronously load lazily loaded font '../../../Engine/Content/Editor/Slate/Fonts/Roboto-BoldCondensed.ttf' (158K)
[2023.01.30-02.02.06:734][226]Cmd: ACTOR SELECT MATCHINGSTATICMESH
[2023.01.30-02.06.19:136][183]Cmd: TRANSACTION UNDO
[2023.01.30-02.06.19:136][183]LogEditorTransaction: Undo アクタをクリック
[2023.01.30-02.06.20:415][244]Cmd: TRANSACTION UNDO
[2023.01.30-02.06.20:415][244]LogEditorTransaction: Undo 複数のアクタを作成
[2023.01.30-02.06.53:616][173]LogAIModule: Creating AISystem for world Game_Main
[2023.01.30-02.06.53:665][173]Cmd: MAP LOAD FILE="../../../../../../Users/81806/OneDrive/ドキュメント/UE4_RPG/THE7/Content/Map/Game_Main.umap" TEMPLATE=0 SHOWPROGRESS=1 FEATURELEVEL=3
[2023.01.30-02.06.53:665][173]LightingResults: New page: ライティングのビルド
[2023.01.30-02.06.53:667][173]LoadErrors: New page: マップをロード中: Game_Main.umap
[2023.01.30-02.06.53:671][173]MapCheck: New page: マップをチェック
[2023.01.30-02.06.53:671][173]LightingResults: New page: <何も選択されていません>
[2023.01.30-02.06.53:712][173]LogStreaming: Display: ULevelStreaming::RequestLevel(/Game/Map/Floor1) is flushing async loading
[2023.01.30-02.06.53:821][173]LogStreaming: Display: ULevelStreaming::RequestLevel(/Game/Map/Floor3) is flushing async loading
[2023.01.30-02.06.53:994][173]LogStreaming: Display: ULevelStreaming::RequestLevel(/Game/Map/Floor4) is flushing async loading
[2023.01.30-02.06.54:258][173]LogStreaming: Display: ULevelStreaming::RequestLevel(/Game/Map/Floor5) is flushing async loading
[2023.01.30-02.06.54:599][173]LogStreaming: Display: ULevelStreaming::RequestLevel(/Game/Map/Floor2) is flushing async loading
[2023.01.30-02.06.55:046][173]LogEditorServer: Finished looking for orphan Actors (0.000 secs)
[2023.01.30-02.06.55:158][173]Cmd: MAP CHECKDEP NOCLEARLOG
[2023.01.30-02.06.55:220][173]MapCheck: マップチェックが完了: 0 エラー、 0 警告、完了に 62.96ミリ秒かかりました。
[2023.01.30-02.06.55:220][173]LogFileHelpers: Loading map 'Game_Main' took 1.558
[2023.01.30-02.09.12:987][585]LogEditorViewport: Clicking on Actor (context menu): StaticMeshActor (plane8)
[2023.01.30-02.09.22:453][ 90]LogEditorViewport: Clicking on Actor (LMB): StaticMeshActor (wall_box3)
[2023.01.30-02.09.23:612][114]LogEditorViewport: Clicking on Actor (context menu): StaticMeshActor (wall_box3)
[2023.01.30-02.09.28:625][286]LogEditorViewport: Clicking on Actor (context menu): StaticMeshActor (wall_box3)
[2023.01.30-02.09.44:505][223]Cmd: ACTOR SELECT MATCHINGSTATICMESH
[2023.01.30-02.09.46:019][249]LogEditorViewport: Clicking on Actor (context menu): StaticMeshActor (wall_box3)
