Log file open, 01/30/23 11:20:23
LogWindows: Failed to load 'aqProf.dll' (GetLastError=126)
LogWindows: File 'aqProf.dll' does not exist
LogWindows: Failed to load 'VSPerf140.dll' (GetLastError=126)
LogWindows: File 'VSPerf140.dll' does not exist
LogWindows: Failed to load 'VtuneApi.dll' (GetLastError=126)
LogWindows: File 'VtuneApi.dll' does not exist
LogWindows: Failed to load 'VtuneApi32e.dll' (GetLastError=126)
LogWindows: File 'VtuneApi32e.dll' does not exist
LogInit: Display: Running engine for game: THE7
LogPlatformFile: Not using cached read wrapper
LogInit: Display: RandInit(-200842639) SRandInit(-200842639).
LogTaskGraph: Started task graph with 5 named threads and 26 total threads with 3 sets of task threads.
LogStats: Stats thread started at 0.410593
LogD3D11RHI: Aftermath initialized
LogPluginManager: Mounting plugin Paper2D
LogPluginManager: Mounting plugin LightPropagationVolume
LogPluginManager: Mounting plugin CodeLiteSourceCodeAccess
LogPluginManager: Mounting plugin GitSourceControl
LogPluginManager: Mounting plugin KDevelopSourceCodeAccess
LogPluginManager: Mounting plugin NullSourceCodeAccess
LogPluginManager: Mounting plugin PerforceSourceControl
LogPluginManager: Mounting plugin SubversionSourceControl
LogPluginManager: Mounting plugin UObjectPlugin
LogPluginManager: Mounting plugin VisualStudioSourceCodeAccess
LogPluginManager: Mounting plugin XCodeSourceCodeAccess
LogPluginManager: Mounting plugin AssetManagerEditor
LogPluginManager: Mounting plugin AudioCapture
LogPluginManager: Mounting plugin FacialAnimation
LogPluginManager: Mounting plugin GameplayTagsEditor
LogPluginManager: Mounting plugin MobileLauncherProfileWizard
LogPluginManager: Mounting plugin PluginBrowser
LogPluginManager: Mounting plugin SpeedTreeImporter
LogPluginManager: Mounting plugin AlembicImporter
LogPluginManager: Mounting plugin CharacterAI
LogPluginManager: Mounting plugin HTML5Networking
LogPluginManager: Mounting plugin AndroidMedia
LogPluginManager: Mounting plugin AvfMedia
LogPluginManager: Mounting plugin MediaPlayerEditor
LogPluginManager: Mounting plugin WmfMedia
LogPluginManager: Mounting plugin TcpMessaging
LogPluginManager: Mounting plugin UdpMessaging
LogPluginManager: Mounting plugin LevelSequenceEditor
LogPluginManager: Mounting plugin MatineeToLevelSequence
LogPluginManager: Mounting plugin OnlineSubsystemGooglePlay
LogPluginManager: Mounting plugin OnlineSubsystemIOS
LogPluginManager: Mounting plugin OnlineSubsystem
LogPluginManager: Mounting plugin OnlineSubsystemNull
LogPluginManager: Mounting plugin OnlineSubsystemUtils
LogPluginManager: Mounting plugin AndroidDeviceProfileSelector
LogPluginManager: Mounting plugin AndroidMoviePlayer
LogPluginManager: Mounting plugin AndroidPermission
LogPluginManager: Mounting plugin AppleMoviePlayer
LogPluginManager: Mounting plugin ArchVisCharacter
LogPluginManager: Mounting plugin CableComponent
LogPluginManager: Mounting plugin CustomMeshComponent
LogPluginManager: Mounting plugin ExampleDeviceProfileSelector
LogPluginManager: Mounting plugin GoogleCloudMessaging
LogPluginManager: Mounting plugin ImmediatePhysics
LogPluginManager: Mounting plugin IOSDeviceProfileSelector
LogPluginManager: Mounting plugin LinuxDeviceProfileSelector
LogPluginManager: Mounting plugin LocationServicesBPLibrary
LogPluginManager: Mounting plugin MobilePatchingUtils
LogPluginManager: Mounting plugin OculusVR
LogPluginManager: Mounting plugin PhysXVehicles
LogPluginManager: Mounting plugin ProceduralMeshComponent
LogPluginManager: Mounting plugin RuntimePhysXCooking
LogPluginManager: Mounting plugin SteamVR
LogPluginManager: Mounting plugin WindowsMoviePlayer
LogInit: Using libcurl 7.47.1
LogInit:  - built for x86_64-pc-win32
LogInit:  - supports SSL with OpenSSL/1.0.2g
LogInit:  - supports HTTP deflate (compression) using libz 1.2.8
LogInit:  - other features:
LogInit:      CURL_VERSION_SSL
LogInit:      CURL_VERSION_LIBZ
LogInit:      CURL_VERSION_IPV6
LogInit:      CURL_VERSION_ASYNCHDNS
LogInit:      CURL_VERSION_LARGEFILE
LogInit:      CURL_VERSION_IDN
LogInit:  CurlRequestOptions (configurable via config and command line):
LogInit:  - bVerifyPeer = false  - Libcurl will NOT verify peer certificate
LogInit:  - bUseHttpProxy = false  - Libcurl will NOT use HTTP proxy
LogInit:  - bDontReuseConnections = false  - Libcurl will reuse connections
LogInit:  - CertBundlePath = nullptr  - Libcurl will use whatever was configured at build time.
LogInit: Build: ++UE4+Release-4.17-CL-3658906
LogInit: Engine Version: 4.17.2-3658906+++UE4+Release-4.17
LogInit: Compatible Engine Version: 4.17.0-3573198+++UE4+Release-4.17
LogInit: Net CL: 3573198
LogDevObjectVersion: Number of dev versions registered: 16
LogDevObjectVersion:   Dev-Blueprints (B0D832E4-1F89-4F0D-ACCF-7EB736FD4AA2): 10
LogDevObjectVersion:   Dev-Build (E1C64328-A22C-4D53-A36C-8E866417BD8C): 0
LogDevObjectVersion:   Dev-Core (375EC13C-06E4-48FB-B500-84F0262A717E): 2
LogDevObjectVersion:   Dev-Editor (E4B068ED-F494-42E9-A231-DA0B2E46BB41): 20
LogDevObjectVersion:   Dev-Framework (CFFC743F-43B0-4480-9391-14DF171D2073): 28
LogDevObjectVersion:   Dev-Mobile (B02B49B5-BB20-44E9-A304-32B752E40360): 0
LogDevObjectVersion:   Dev-Networking (A4E4105C-59A1-49B5-A7C5-40C4547EDFEE): 0
LogDevObjectVersion:   Dev-Online (39C831C9-5AE6-47DC-9A44-9C173E1C8E7C): 0
LogDevObjectVersion:   Dev-Physics (78F01B33-EBEA-4F98-B9B4-84EACCB95AA2): 0
LogDevObjectVersion:   Dev-Platform (6631380F-2D4D-43E0-8009-CF276956A95A): 0
LogDevObjectVersion:   Dev-Rendering (12F88B9F-8875-4AFC-A67C-D90C383ABD29): 19
LogDevObjectVersion:   Dev-Sequencer (7B5AE74C-D270-4C10-A958-57980B212A5A): 4
LogDevObjectVersion:   Dev-VR (D7296918-1DD6-4BDD-9DE2-64A83CC13884): 0
LogDevObjectVersion:   Dev-LoadTimes (C2A15278-BFE7-4AFE-6C17-90FF531DF755): 1
LogDevObjectVersion:   Private-Geometry (6EACA3D4-40EC-4CC1-B786-8BED09428FC5): 1
LogDevObjectVersion:   Dev-AnimPhys (29E575DD-E0A3-4627-9D10-D276232CDCEA): 7
LogInit: Compiled (64-bit): Sep 22 2017 13:47:16
LogInit: Compiled with Visual C++: 19.00.24215.01
LogInit: Build Configuration: Development
LogInit: Branch Name: ++UE4+Release-4.17
LogInit: Command line:  
LogInit: Base directory: C:/Program Files/Epic Games/UE_4.17/Engine/Binaries/Win64/
LogInit: Installed Engine Build: 1
LogInit: Presizing for max 8388607 objects, including 0 objects not considered by GC, pre-allocating 0 bytes for permanent pool.
LogInit: Object subsystem initialized
[2023.01.30-02.20.23:984][  0]LogInit: Selected Device Profile: [Windows]
[2023.01.30-02.20.23:984][  0]LogInit: Applying CVar settings loaded from the selected device profile: [Windows]
[2023.01.30-02.20.23:993][  0]LogInit: Computer: KBC12006017
[2023.01.30-02.20.23:993][  0]LogInit: User: 小浜大和
[2023.01.30-02.20.23:993][  0]LogInit: CPU Page size=4096, Cores=8
[2023.01.30-02.20.23:993][  0]LogInit: High frequency timer resolution =10.000000 MHz
[2023.01.30-02.20.23:993][  0]LogMemory: Memory total: Physical=63.9GB (64GB approx)
[2023.01.30-02.20.23:993][  0]LogMemory: Platform Memory Stats for Windows
[2023.01.30-02.20.23:993][  0]LogMemory: Process Physical Memory: 281.22 MB used, 281.22 MB peak
[2023.01.30-02.20.23:993][  0]LogMemory: Process Virtual Memory: 281.17 MB used, 281.17 MB peak
[2023.01.30-02.20.23:993][  0]LogMemory: Physical Memory: 9755.33 MB used,  55672.82 MB free, 65428.15 MB total
[2023.01.30-02.20.23:993][  0]LogMemory: Virtual Memory: 4804.55 MB used,  55672.82 MB free, 134217728.00 MB total
[2023.01.30-02.20.24:345][  0]LogInit: Using OS detected language (ja-JP).
[2023.01.30-02.20.24:345][  0]LogInit: Using OS detected locale (ja-JP).
[2023.01.30-02.20.24:347][  0]LogTextLocalizationManager: No specific localization for 'ja-JP' exists, so the 'ja' localization will be used.
[2023.01.30-02.20.24:764][  0]LogD3D11RHI: D3D11 adapters:
[2023.01.30-02.20.24:824][  0]LogD3D11RHI:    0. 'AMD Radeon Pro 5500M' (Feature Level 11_0)
[2023.01.30-02.20.24:824][  0]LogD3D11RHI:       8151/0/32714 MB DedicatedVideo/DedicatedSystem/SharedSystem, Outputs:1, VendorId:0x1002
[2023.01.30-02.20.24:826][  0]LogD3D11RHI:    1. 'Microsoft Basic Render Driver' (Feature Level 11_0)
[2023.01.30-02.20.24:826][  0]LogD3D11RHI:       0/0/32714 MB DedicatedVideo/DedicatedSystem/SharedSystem, Outputs:0, VendorId:0x1414
[2023.01.30-02.20.24:826][  0]LogD3D11RHI: Chosen D3D11 Adapter: 0
[2023.01.30-02.20.24:834][  0]LogD3D11RHI: Creating new Direct3DDevice
[2023.01.30-02.20.24:834][  0]LogD3D11RHI:     GPU DeviceId: 0x7340 (for the marketing name, search the web for "GPU Device Id")
[2023.01.30-02.20.24:834][  0]LogWindows: EnumDisplayDevices:
[2023.01.30-02.20.24:834][  0]LogWindows:    0. 'AMD Radeon Pro 5500M' (P:1 D:1)
[2023.01.30-02.20.24:834][  0]LogWindows:    1. 'AMD Radeon Pro 5500M' (P:0 D:0)
[2023.01.30-02.20.24:835][  0]LogWindows:    2. 'AMD Radeon Pro 5500M' (P:0 D:0)
[2023.01.30-02.20.24:835][  0]LogWindows:    3. 'AMD Radeon Pro 5500M' (P:0 D:0)
[2023.01.30-02.20.24:835][  0]LogWindows:    4. 'AMD Radeon Pro 5500M' (P:0 D:0)
[2023.01.30-02.20.24:835][  0]LogWindows:    5. 'AMD Radeon Pro 5500M' (P:0 D:0)
[2023.01.30-02.20.24:836][  0]LogWindows:    6. 'AMD Radeon Pro 5500M' (P:0 D:0)
[2023.01.30-02.20.24:836][  0]LogWindows: DebugString: GetVideoDriverDetailsInvalid PrimaryIsNotTheChoosenAdapter GetVideoDriverDetailsInvalid PrimaryIsNotTheChoosenAdapter GetVideoDriverDetailsInvalid PrimaryIsNotTheChoosenAdapter GetVideoDriverDetailsInvalid PrimaryIsNotTheChoosenAdapter GetVideoDriverDetailsInvalid PrimaryIsNotTheChoosenAdapter GetVideoDriverDetailsInvalid PrimaryIsNotTheChoosenAdapter GetVideoDriverDetailsInvalid PrimaryIsNotTheChoosenAdapter FoundDriverCount:0 
[2023.01.30-02.20.24:836][  0]LogD3D11RHI:     Adapter Name: AMD Radeon Pro 5500M
[2023.01.30-02.20.24:836][  0]LogD3D11RHI:   Driver Version: Unknown (internal:Unknown, unified:Unknown)
[2023.01.30-02.20.24:836][  0]LogD3D11RHI:      Driver Date: Unknown
[2023.01.30-02.20.24:836][  0]LogRHI: Texture pool is 1361 MB (70% of 1945 MB)
[2023.01.30-02.20.24:913][  0]LogD3D11RHI: Async texture creation enabled
[2023.01.30-02.20.24:938][  0]LogD3D11RHI: GPU Timing Frequency: 100.000000 (Debug: 2 1)
[2023.01.30-02.20.24:941][  0]LogShaderCompilers: Guid format shader working directory is -13 characters bigger than the processId version (../../../../../../Users/81806/OneDrive/ドキュメント/UE4_RPG/THE7/Intermediate/Shaders/WorkingDirectory/15572/).
[2023.01.30-02.20.24:942][  0]LogShaderCompilers: Cleaned the shader compiler working directory 'C:/Users/81806/AppData/Local/Temp/UnrealShaderWorkingDir/FA4C428A4DEF73341986BDB58736DB77/'.
[2023.01.30-02.20.24:942][  0]LogShaderCompilers: Display: Using Local Shader Compiler.
[2023.01.30-02.20.26:026][  0]LogTemp: Display: Loaded TP AllDesktopTargetPlatform
[2023.01.30-02.20.26:115][  0]LogTemp: Display: Loaded TP MacClientTargetPlatform
[2023.01.30-02.20.26:180][  0]LogTemp: Display: Loaded TP MacNoEditorTargetPlatform
[2023.01.30-02.20.26:245][  0]LogTemp: Display: Loaded TP MacServerTargetPlatform
[2023.01.30-02.20.26:340][  0]LogTemp: Display: Loaded TP MacTargetPlatform
[2023.01.30-02.20.26:448][  0]LogTemp: Display: Loaded TP WindowsClientTargetPlatform
[2023.01.30-02.20.26:552][  0]LogTemp: Display: Loaded TP WindowsNoEditorTargetPlatform
[2023.01.30-02.20.26:627][  0]LogTemp: Display: Loaded TP WindowsServerTargetPlatform
[2023.01.30-02.20.26:687][  0]LogTemp: Display: Loaded TP WindowsTargetPlatform
[2023.01.30-02.20.26:754][  0]LogTemp: Display: Loaded TP AndroidTargetPlatform
[2023.01.30-02.20.26:828][  0]LogTemp: Display: Loaded TP Android_ASTCTargetPlatform
[2023.01.30-02.20.26:893][  0]LogTemp: Display: Loaded TP Android_ATCTargetPlatform
[2023.01.30-02.20.26:957][  0]LogTemp: Display: Loaded TP Android_DXTTargetPlatform
[2023.01.30-02.20.27:019][  0]LogTemp: Display: Loaded TP Android_ETC1TargetPlatform
[2023.01.30-02.20.27:081][  0]LogTemp: Display: Loaded TP Android_ETC2TargetPlatform
[2023.01.30-02.20.27:203][  0]LogTemp: Display: Loaded TP Android_MultiTargetPlatform
[2023.01.30-02.20.27:203][  0]LogTemp: Display: Loaded TP Android_PVRTCTargetPlatform
[2023.01.30-02.20.27:257][  0]LogTemp: Display: Loaded TP HTML5TargetPlatform
[2023.01.30-02.20.27:397][  0]LogTemp: Display: Loaded TP IOSTargetPlatform
[2023.01.30-02.20.27:453][  0]LogTemp: Display: Loaded TP TVOSTargetPlatform
[2023.01.30-02.20.27:546][  0]LogTemp: Display: Loaded TP LinuxClientTargetPlatform
[2023.01.30-02.20.27:635][  0]LogTemp: Display: Loaded TP LinuxNoEditorTargetPlatform
[2023.01.30-02.20.27:718][  0]LogTemp: Display: Loaded TP LinuxServerTargetPlatform
[2023.01.30-02.20.27:785][  0]LogTemp: Display: Loaded TP LinuxTargetPlatform
[2023.01.30-02.20.27:785][  0]LogTargetPlatformManager: Display: Building Assets For Windows
[2023.01.30-02.20.28:522][  0]LogDerivedDataCache: Display: Max Cache Size: 512 MB
[2023.01.30-02.20.28:590][  0]LogDerivedDataCache: Loaded boot cache 0.07s 93MB C:/Users/81806/AppData/Local/UnrealEngine/4.17/DerivedDataCache/Boot.ddc.
[2023.01.30-02.20.28:590][  0]LogDerivedDataCache: Display: Loaded Boot cache: C:/Users/81806/AppData/Local/UnrealEngine/4.17/DerivedDataCache/Boot.ddc
[2023.01.30-02.20.28:590][  0]LogDerivedDataCache: FDerivedDataBackendGraph:  Pak pak cache file ../../../../../../Users/81806/OneDrive/ドキュメント/UE4_RPG/THE7/DerivedDataCache/DDC.ddp not found, will not use a pak cache.
[2023.01.30-02.20.28:590][  0]LogDerivedDataCache: Unable to find inner node Pak for hierarchical cache Hierarchy.
[2023.01.30-02.20.28:590][  0]LogDerivedDataCache: FDerivedDataBackendGraph:  CompressedPak pak cache file ../../../../../../Users/81806/OneDrive/ドキュメント/UE4_RPG/THE7/DerivedDataCache/Compressed.ddp not found, will not use a pak cache.
[2023.01.30-02.20.28:590][  0]LogDerivedDataCache: Unable to find inner node CompressedPak for hierarchical cache Hierarchy.
[2023.01.30-02.20.28:603][  0]LogDerivedDataCache: Display: Pak cache opened for reading ../../../Engine/DerivedDataCache/Compressed.ddp.
[2023.01.30-02.20.28:615][  0]LogDerivedDataCache: Using Local data cache path C:/Users/81806/AppData/Local/UnrealEngine/Common/DerivedDataCache: Writable
[2023.01.30-02.20.28:624][  0]LogMaterial: Verifying Global Shaders for PCD3D_SM5
[2023.01.30-02.20.28:624][  0]LogSlate: Using Freetype 2.6.0
[2023.01.30-02.20.28:624][  0]LogSlate: SlateFontCache - WITH_FREETYPE: 1, WITH_HARFBUZZ: 1
[2023.01.30-02.20.28:624][  0]LogSlate: SlateFontCache - WITH_FREETYPE: 1, WITH_HARFBUZZ: 1
[2023.01.30-02.20.28:877][  0]LogAssetRegistry: FAssetRegistry took 0.0256 seconds to start up
[2023.01.30-02.20.28:996][  0]LogInit: Selected Device Profile: [Windows]
[2023.01.30-02.20.29:158][  0]LogContentStreaming: Texture pool size is 0.00 MB
[2023.01.30-02.20.29:541][  0]LogSimplygon: Simplygon DLL not present - disabling.
[2023.01.30-02.20.29:610][  0]LogMeshReduction: Using SimplygonSwarm for distributed automatic mesh merging
[2023.01.30-02.20.29:610][  0]LogMeshReduction: Using QuadricMeshReduction for automatic static mesh reduction
[2023.01.30-02.20.29:610][  0]LogMeshReduction: No automatic skeletal mesh reduction module available
[2023.01.30-02.20.29:610][  0]LogMeshReduction: No automatic mesh merging module available
[2023.01.30-02.20.29:610][  0]LogMeshMerging: No automatic mesh merging module available
[2023.01.30-02.20.29:965][  0]LogNetVersion: THE7 , NetCL: 3573198, EngineNetVer: 2, GameNetVer: 0 (Checksum: 151110352)
[2023.01.30-02.20.30:197][  0]LogPackageLocalizationCache: Processed 5 localized package path(s) for 2 prioritized culture(s) in 0.037008 seconds
[2023.01.30-02.20.30:202][  0]LogUObjectArray: 35825 objects as part of root set at end of initial load.
[2023.01.30-02.20.30:202][  0]LogUObjectAllocator: 7529112 out of 0 bytes used by permanent object pool.
[2023.01.30-02.20.30:202][  0]LogUObjectArray: CloseDisregardForGC: 0/0 objects in disregard for GC pool
[2023.01.30-02.20.30:303][  0]LogInit: WinSock: version 1.1 (2.2), MaxSocks=32767, MaxUdp=65467
[2023.01.30-02.20.33:172][  0]LogTcpMessaging: Initializing TcpMessaging bridge
[2023.01.30-02.20.33:221][  0]LogUdpMessaging: Initializing bridge on interface 0.0.0.0:0 to multicast group 230.0.0.1:6666.
[2023.01.30-02.20.33:983][  0]LogMaterial: Uniform references updated for custom material expression Custom.
[2023.01.30-02.20.34:445][  0]SourceControl: ソースコントロールは無効です
[2023.01.30-02.20.34:445][  0]SourceControl: ソースコントロールは無効です
[2023.01.30-02.20.34:505][  0]SourceControl: ソースコントロールは無効です
[2023.01.30-02.20.34:562][  0]SourceControl: ソースコントロールは無効です
[2023.01.30-02.20.35:288][  0]LogAndroidPermission: UAndroidPermissionCallbackProxy::GetInstance
[2023.01.30-02.20.35:590][  0]LogOcInput: OculusInput pre-init called
[2023.01.30-02.20.35:890][  0]LogEngine: Initializing Engine...
[2023.01.30-02.20.35:892][  0]LogHMD: Failed to initialize OpenVR with code 110
[2023.01.30-02.20.36:058][  0]LogStats: UGameplayTagsManager::ConstructGameplayTagTree: Construct from data asset -  0.000 s
[2023.01.30-02.20.36:059][  0]LogStats: UGameplayTagsManager::ConstructGameplayTagTree: GameplayTagTreeChangedEvent.Broadcast -  0.000 s
[2023.01.30-02.20.36:218][  0]LogAIModule: Creating AISystem for world Untitled
[2023.01.30-02.20.36:243][  0]LogInit: XAudio2 using 'ヘッドホン (Apple Audio Device)' : 2 channels at 48 kHz using 16 bits per sample (channel mask 0x3)
[2023.01.30-02.20.36:334][  0]LogInit: FAudioDevice initialized.
[2023.01.30-02.20.36:386][  0]LogDerivedDataCache: Saved boot cache 0.05s 93MB C:/Users/81806/AppData/Local/UnrealEngine/4.17/DerivedDataCache/Boot.ddc.
[2023.01.30-02.20.36:390][  0]LogInit: Texture streaming: Enabled
[2023.01.30-02.20.36:564][  0]LogEngineSessionManager: EngineSessionManager initialized
[2023.01.30-02.20.36:844][  0]LogInit: Transaction tracking system initialized
[2023.01.30-02.20.37:250][  0]BlueprintLog: New page: エディタの読み込み
[2023.01.30-02.20.38:426][  0]LocalizationService: ローカライズのサービスが無効になりました
[2023.01.30-02.20.39:078][  0]LogLinker: Warning: ファイル '/Game/ThirdPersonBP/ThirdPersonOverview' が見つかりません
[2023.01.30-02.20.39:078][  0]LogLinker: Warning: ファイル '/Game/ThirdPersonBP/ThirdPersonOverview' が見つかりません
[2023.01.30-02.20.39:078][  0]LogUObjectGlobals: Warning: オブジェクト 'Class /Game/ThirdPersonBP/ThirdPersonOverview.ThirdPersonOverview_C' が見つかりませんでした
[2023.01.30-02.20.39:293][  0]LogConsoleResponse: Display: 
[2023.01.30-02.20.39:467][  0]LogCook: Display: Max memory allowance for cook 16384mb min free memory 0mb
[2023.01.30-02.20.39:467][  0]LogCook: Display: Mobile HDR setting 1
[2023.01.30-02.20.39:467][  0]LogGameplayTags: Display: UGameplayTagsManager::DoneAddingNativeTags. DelegateIsBound: 0
[2023.01.30-02.20.40:201][  0]LogFileCache: Scanning file cache for directory 'C:/Users/81806/OneDrive/ドキュメント/UE4_RPG/THE7/Content/' took 0.02s
[2023.01.30-02.20.40:801][  0]SourceControl: ソースコントロールは無効です
[2023.01.30-02.20.40:802][  0]Cmd: MAP LOAD FILE="../../../../../../Users/81806/OneDrive/ドキュメント/UE4_RPG/THE7/Content/Map/Game_Main.umap" TEMPLATE=0 SHOWPROGRESS=1 FEATURELEVEL=3
[2023.01.30-02.20.40:802][  0]LightingResults: New page: ライティングのビルド
[2023.01.30-02.20.40:863][  0]MapCheck: New page: マップをチェック
[2023.01.30-02.20.40:863][  0]LightingResults: New page: <何も選択されていません>
[2023.01.30-02.20.41:238][  0]LogAIModule: Creating AISystem for world Game_Main
[2023.01.30-02.20.41:245][  0]LogStreaming: Display: ULevelStreaming::RequestLevel(/Game/Map/Floor1) is flushing async loading
[2023.01.30-02.20.41:411][  0]LogStreaming: Display: ULevelStreaming::RequestLevel(/Game/Map/Floor3) is flushing async loading
[2023.01.30-02.20.41:516][  0]LogStreaming: Display: ULevelStreaming::RequestLevel(/Game/Map/Floor4) is flushing async loading
[2023.01.30-02.20.41:673][  0]LogStreaming: Display: ULevelStreaming::RequestLevel(/Game/Map/Floor5) is flushing async loading
[2023.01.30-02.20.41:979][  0]LogStreaming: Display: ULevelStreaming::RequestLevel(/Game/Map/Floor2) is flushing async loading
[2023.01.30-02.20.42:097][  0]LogEditorServer: Finished looking for orphan Actors (0.000 secs)
[2023.01.30-02.20.42:183][  0]Cmd: MAP CHECKDEP NOCLEARLOG
[2023.01.30-02.20.42:239][  0]MapCheck: マップチェックが完了: 0 エラー、 0 警告、完了に 55.426ミリ秒かかりました。
[2023.01.30-02.20.42:239][  0]LogFileHelpers: Loading map 'Game_Main' took 1.437
[2023.01.30-02.20.42:345][  0]LogCollectionManager: Loaded 0 collections in 0.001465 seconds
[2023.01.30-02.20.42:437][  0]LogFileCache: Scanning file cache for directory 'C:/Users/81806/OneDrive/ドキュメント/UE4_RPG/THE7/Saved/Collections/' took 0.01s
[2023.01.30-02.20.42:437][  0]LogFileCache: Scanning file cache for directory 'C:/Users/81806/OneDrive/ドキュメント/UE4_RPG/THE7/Content/Developers/小浜大和/Collections/' took 0.01s
[2023.01.30-02.20.42:437][  0]LogFileCache: Scanning file cache for directory 'C:/Users/81806/OneDrive/ドキュメント/UE4_RPG/THE7/Content/Collections/' took 0.01s
[2023.01.30-02.20.42:437][  0]LogCollectionManager: Rebuilt the GUID cache for 0 collections in 0.000001 seconds
[2023.01.30-02.20.42:443][  0]LogContentBrowser: Native class hierarchy populated in 0.0066 seconds. Added 2386 classes and 500 folders.
[2023.01.30-02.20.42:529][  0]LogContentBrowser: Native class hierarchy updated for 'WidgetCarousel' in 0.0005 seconds. Added 0 classes and 0 folders.
[2023.01.30-02.20.42:560][  0]LogContentBrowser: Native class hierarchy updated for 'AddContentDialog' in 0.0005 seconds. Added 0 classes and 0 folders.
[2023.01.30-02.20.42:666][  0]LogContentBrowser: Native class hierarchy updated for 'SceneOutliner' in 0.0006 seconds. Added 1 classes and 2 folders.
[2023.01.30-02.20.42:727][  0]LogContentBrowser: Native class hierarchy updated for 'WorldBrowser' in 0.0005 seconds. Added 2 classes and 3 folders.
[2023.01.30-02.20.42:817][  0]LogSlate: Took 0.000287 seconds to synchronously load lazily loaded font '../../../Engine/Content/Slate/Fonts/Roboto-Regular.ttf' (155K)
[2023.01.30-02.20.42:820][  0]LogSlate: Took 0.001724 seconds to synchronously load lazily loaded font '../../../Engine/Content/Slate/Fonts/DroidSansFallback.ttf' (3848K)
[2023.01.30-02.20.42:820][  0]LogSlate: Took 0.000118 seconds to synchronously load lazily loaded font '../../../Engine/Content/Slate/Fonts/Roboto-Bold.ttf' (160K)
[2023.01.30-02.20.42:823][  0]LogSlate: Took 0.000097 seconds to synchronously load lazily loaded font '../../../Engine/Content/Editor/Slate/Fonts/FontAwesome.ttf' (139K)
[2023.01.30-02.20.42:921][  0]LogRenderer: Reallocating scene render targets to support 924x496 Format 10 NumSamples 1 (Frame:1).
[2023.01.30-02.20.43:285][  0]LogContentBrowser: Native class hierarchy updated for 'HierarchicalLODOutliner' in 0.0005 seconds. Added 1 classes and 2 folders.
[2023.01.30-02.20.43:285][  0]LogLoad: (Engine Initialization) Total time: 21.43 seconds
[2023.01.30-02.20.43:285][  0]LogLoad: (Engine Initialization) Total Blueprint compile time: 0.00 seconds
[2023.01.30-02.20.43:285][  0]LogExternalProfiler: No external profilers were discovered.  External profiling features will not be available.
[2023.01.30-02.20.43:659][  0]LogContentStreaming: Texture pool size now 1000 MB
[2023.01.30-02.20.43:727][  0]LogSlate: Took 0.000146 seconds to synchronously load lazily loaded font '../../../Engine/Content/Slate/Fonts/Roboto-Light.ttf' (159K)
[2023.01.30-02.20.43:982][  1]LogScript: Warning: Accessed None trying to read property IsClearInstance
	BP_Anim_Award_C /Engine/Transient.World_0:PersistentLevel.BPAward_C_0.CharacterMesh0.BP_Anim_Award_C_0
	Function /Game/Animation/BP_Anim_Award.BP_Anim_Award_C:ExecuteUbergraph_BP_Anim_Award:00B1
[2023.01.30-02.20.43:982][  1]LogScript: Warning: Accessed None trying to read property IsClearInstance
	BP_Anim_Award_C /Engine/Transient.World_0:PersistentLevel.BPAward_C_0.CharacterMesh0.BP_Anim_Award_C_0
	Function /Game/Animation/BP_Anim_Award.BP_Anim_Award_C:ExecuteUbergraph_BP_Anim_Award:01A5
[2023.01.30-02.20.43:988][  1]LogAssetRegistry: Asset discovery search completed in 15.1336 seconds
[2023.01.30-02.20.43:989][  1]LogCollectionManager: Rebuilt the object cache for 0 collections in 0.000000 seconds (found 0 objects)
[2023.01.30-02.20.43:989][  1]LogCollectionManager: Fixed up redirectors for 0 collections in 0.000029 seconds (updated 0 objects)
[2023.01.30-02.20.49:777][ 65]LogSlate: Took 0.000159 seconds to synchronously load lazily loaded font '../../../Engine/Content/Slate/Fonts/Roboto-Light.ttf' (159K)
[2023.01.30-02.20.49:807][ 65]Cmd: MAP LOAD FILE="../../../../../../Users/81806/OneDrive/ドキュメント/UE4_RPG/THE7/Content/Map/Floor1.umap" TEMPLATE=0 SHOWPROGRESS=1 FEATURELEVEL=3
[2023.01.30-02.20.49:807][ 65]LightingResults: New page: ライティングのビルド
[2023.01.30-02.20.49:808][ 65]LoadErrors: New page: マップをロード中: Floor1.umap
[2023.01.30-02.20.49:829][ 65]MapCheck: New page: マップをチェック
[2023.01.30-02.20.49:829][ 65]LightingResults: New page: <何も選択されていません>
[2023.01.30-02.20.49:862][ 65]LogAIModule: Creating AISystem for world Floor1
[2023.01.30-02.20.49:966][ 65]LogEditorServer: Finished looking for orphan Actors (0.000 secs)
[2023.01.30-02.20.50:006][ 65]Cmd: MAP CHECKDEP NOCLEARLOG
[2023.01.30-02.20.50:068][ 65]MapCheck: マップチェックが完了: 0 エラー、 0 警告、完了に 62.962ミリ秒かかりました。
[2023.01.30-02.20.50:069][ 65]LogFileHelpers: Loading map 'Floor1' took 0.263
[2023.01.30-02.21.12:790][399]LogEditorViewport: Clicking on Actor (context menu): StaticMeshActor (plane51)
[2023.01.30-02.21.18:194][476]EditorErrors: New page: アクタを再度親子付け
[2023.01.30-02.21.18:198][476]LogEditorViewport: Clicking on Actor (context menu): StaticMeshActor (plane87)
[2023.01.30-02.21.27:146][972]LogEditorViewport: Clicking on Actor (LMB): BP_Wall_C (plane49)
[2023.01.30-02.21.36:818][547]LogEditorViewport: Clicking Background
[2023.01.30-02.21.38:107][624]LogEditorViewport: Clicking on Actor (LMB): BP_Wall_C (plane49)
[2023.01.30-02.21.39:534][706]LogEditorViewport: Clicking Background
[2023.01.30-02.22.00:585][966]LogEditorViewport: Clicking on Actor (LMB): BP_Wall_C (plane49)
[2023.01.30-02.22.01:353][  9]LogEditorViewport: Clicking on Actor (context menu): BP_Wall_C (plane49)
[2023.01.30-02.22.15:153][810]Cmd: ACTOR SELECT MATCHINGSKELETALMESH ALLCLASSES
[2023.01.30-02.22.15:153][810]LogEditorActor: No worlds found in edactSelectMatchingSkeletalMesh
[2023.01.30-02.22.16:569][895]LogEditorViewport: Clicking Background
[2023.01.30-02.22.17:904][975]LogEditorViewport: Clicking on Actor (LMB): BP_Wall_C (plane49)
[2023.01.30-02.22.18:358][  0]LogEditorViewport: Clicking on Actor (context menu): BP_Wall_C (plane49)
[2023.01.30-02.22.24:413][336]Cmd: ACTOR SELECT MATCHINGSKELETALMESH
[2023.01.30-02.22.24:413][336]LogEditorActor: No worlds found in edactSelectMatchingSkeletalMesh
[2023.01.30-02.22.25:492][401]LogEditorViewport: Clicking Background
[2023.01.30-02.22.27:222][504]LogEditorViewport: Clicking on Actor (LMB): BP_Wall_C (plane51)
[2023.01.30-02.22.27:843][539]LogEditorViewport: Clicking on Actor (context menu): BP_Wall_C (plane51)
[2023.01.30-02.22.41:347][316]Cmd: ACTOR SELECT ALL
[2023.01.30-02.22.43:026][411]LogEditorViewport: Clicking Background
[2023.01.30-02.23.22:729][750]LogEditorViewport: Clicking on Actor (context menu): StaticMeshActor (wall_box11)
[2023.01.30-02.23.27:946][864]EditorErrors: New page: アクタを再度親子付け
[2023.01.30-02.23.43:655][764]LogAIModule: Creating AISystem for world Floor2
[2023.01.30-02.23.45:239][764]Cmd: OBJ SAVEPACKAGE PACKAGE="/Game/Map/Floor1" FILE="../../../../../../Users/81806/OneDrive/ドキュメント/UE4_RPG/THE7/Content/Map/Floor1.umap" SILENT=true AUTOSAVING=false KEEPDIRTY=false
[2023.01.30-02.23.45:657][764]LogSlate: Took 0.000168 seconds to synchronously load lazily loaded font '../../../Engine/Content/Slate/Fonts/Roboto-Regular.ttf' (155K)
[2023.01.30-02.23.45:714][764]LogSavePackage: Save=425.57ms
[2023.01.30-02.23.45:714][764]LogSavePackage: Moving '../../../../../../Users/81806/OneDrive/ドキュメント/UE4_RPG/THE7/Saved/Floor13669666E4D2B8B9F1405BDBCD8D79F3C.tmp' to '../../../../../../Users/81806/OneDrive/ドキュメント/UE4_RPG/THE7/Content/Map/Floor1.umap'
[2023.01.30-02.23.45:717][764]LogSavePackage: Display: Finished SavePackage ../../../../../../Users/81806/OneDrive/ドキュメント/UE4_RPG/THE7/Content/Map/Floor1.umap
[2023.01.30-02.23.45:733][764]LogFileHelpers: Saving map 'Floor1' took 0.553
[2023.01.30-02.23.45:734][764]Cmd: MAP LOAD FILE="../../../../../../Users/81806/OneDrive/ドキュメント/UE4_RPG/THE7/Content/Map/Floor2.umap" TEMPLATE=0 SHOWPROGRESS=1 FEATURELEVEL=3
[2023.01.30-02.23.45:734][764]LightingResults: New page: ライティングのビルド
[2023.01.30-02.23.45:736][764]LoadErrors: New page: マップをロード中: Floor2.umap
[2023.01.30-02.23.45:740][764]MapCheck: New page: マップをチェック
[2023.01.30-02.23.45:740][764]LightingResults: New page: <何も選択されていません>
[2023.01.30-02.23.45:900][764]LogEditorServer: Finished looking for orphan Actors (0.000 secs)
[2023.01.30-02.23.45:936][764]Cmd: MAP CHECKDEP NOCLEARLOG
[2023.01.30-02.23.45:990][764]MapCheck: マップチェックが完了: 0 エラー、 0 警告、完了に 53.962ミリ秒かかりました。
[2023.01.30-02.23.45:990][764]LogFileHelpers: Loading map 'Floor2' took 0.257
[2023.01.30-02.24.06:411][916]LogEditorViewport: Clicking on Actor (context menu): StaticMeshActor (plane467)
[2023.01.30-02.25.57:206][980]EditorErrors: New page: アクタを再度親子付け
[2023.01.30-02.26.58:423][274]LogEditorViewport: Clicking Background
[2023.01.30-02.27.05:362][666]Cmd: ACTOR SELECT MATCHINGSTATICMESH
[2023.01.30-02.27.07:727][802]LogEditorViewport: Clicking on Actor (context menu): StaticMeshActor (wall_box8)
[2023.01.30-02.27.11:789][904]EditorErrors: New page: アクタを再度親子付け
[2023.01.30-02.27.22:084][486]LogAIModule: Creating AISystem for world Floor3
[2023.01.30-02.27.23:374][486]Cmd: OBJ SAVEPACKAGE PACKAGE="/Game/Map/Floor2" FILE="../../../../../../Users/81806/OneDrive/ドキュメント/UE4_RPG/THE7/Content/Map/Floor2.umap" SILENT=true AUTOSAVING=false KEEPDIRTY=false
[2023.01.30-02.27.24:309][486]LogSavePackage: Save=890.33ms
[2023.01.30-02.27.24:310][486]LogSavePackage: Moving '../../../../../../Users/81806/OneDrive/ドキュメント/UE4_RPG/THE7/Saved/Floor2E4FCAF4F44E4059B7E352985CB3D5DAC.tmp' to '../../../../../../Users/81806/OneDrive/ドキュメント/UE4_RPG/THE7/Content/Map/Floor2.umap'
[2023.01.30-02.27.24:312][486]LogSavePackage: Display: Finished SavePackage ../../../../../../Users/81806/OneDrive/ドキュメント/UE4_RPG/THE7/Content/Map/Floor2.umap
[2023.01.30-02.27.24:329][486]LogFileHelpers: Saving map 'Floor2' took 1.016
[2023.01.30-02.27.24:330][486]Cmd: MAP LOAD FILE="../../../../../../Users/81806/OneDrive/ドキュメント/UE4_RPG/THE7/Content/Map/Floor3.umap" TEMPLATE=0 SHOWPROGRESS=1 FEATURELEVEL=3
[2023.01.30-02.27.24:330][486]LightingResults: New page: ライティングのビルド
[2023.01.30-02.27.24:332][486]LoadErrors: New page: マップをロード中: Floor3.umap
[2023.01.30-02.27.24:337][486]MapCheck: New page: マップをチェック
[2023.01.30-02.27.24:338][486]LightingResults: New page: <何も選択されていません>
[2023.01.30-02.27.24:548][486]LogEditorServer: Finished looking for orphan Actors (0.000 secs)
[2023.01.30-02.27.24:584][486]Cmd: MAP CHECKDEP NOCLEARLOG
[2023.01.30-02.27.24:640][486]MapCheck: マップチェックが完了: 0 エラー、 0 警告、完了に 55.422ミリ秒かかりました。
[2023.01.30-02.27.24:645][486]LogFileHelpers: Loading map 'Floor3' took 0.315
[2023.01.30-02.27.26:459][593]LogEditorViewport: Clicking on Actor (LMB): StaticMeshActor (wall_box63)
[2023.01.30-02.27.26:968][618]LogEditorViewport: Clicking on Actor (context menu): StaticMeshActor (wall_box63)
[2023.01.30-02.27.32:265][911]Cmd: ACTOR SELECT MATCHINGSTATICMESH
[2023.01.30-02.27.39:328][318]LogEditorViewport: Clicking on Actor (context menu): StaticMeshActor (wall_box63)
[2023.01.30-02.28.47:358][375]EditorErrors: New page: アクタを再度親子付け
[2023.01.30-02.29.46:153][927]LogEditorViewport: Clicking Background
[2023.01.30-02.29.47:724][ 20]LogEditorViewport: Clicking on Actor (LMB): StaticMeshActor (plane278)
[2023.01.30-02.29.49:673][131]LogEditorViewport: Clicking on Actor (context menu): StaticMeshActor (plane278)
[2023.01.30-02.29.53:362][346]Cmd: ACTOR SELECT MATCHINGSTATICMESH
[2023.01.30-02.30.02:497][859]LogEditorViewport: Clicking Background
[2023.01.30-02.30.14:381][559]LogEditorViewport: Clicking on Actor (context menu): StaticMeshActor (plane356)
[2023.01.30-02.30.16:377][667]EditorErrors: New page: アクタを再度親子付け
[2023.01.30-02.30.19:272][838]LogEditorViewport: Clicking Background
[2023.01.30-02.30.22:889][ 54]LogEditorViewport: Clicking on Actor (LMB): StaticMeshActor (plane376)
[2023.01.30-02.30.40:978][117]LogEditorViewport: Clicking on Actor (context menu): StaticMeshActor (plane364)
[2023.01.30-02.30.51:917][210]EditorErrors: New page: アクタを再度親子付け
[2023.01.30-02.31.16:271][227]LogAIModule: Creating AISystem for world Floor4
[2023.01.30-02.31.17:767][227]Cmd: OBJ SAVEPACKAGE PACKAGE="/Game/Map/Floor3" FILE="../../../../../../Users/81806/OneDrive/ドキュメント/UE4_RPG/THE7/Content/Map/Floor3.umap" SILENT=true AUTOSAVING=false KEEPDIRTY=false
[2023.01.30-02.31.18:692][227]LogSavePackage: Save=878.07ms
[2023.01.30-02.31.18:692][227]LogSavePackage: Moving '../../../../../../Users/81806/OneDrive/ドキュメント/UE4_RPG/THE7/Saved/Floor3C0F93D414B0C6E4F80E787B91697565E.tmp' to '../../../../../../Users/81806/OneDrive/ドキュメント/UE4_RPG/THE7/Content/Map/Floor3.umap'
[2023.01.30-02.31.18:695][227]LogSavePackage: Display: Finished SavePackage ../../../../../../Users/81806/OneDrive/ドキュメント/UE4_RPG/THE7/Content/Map/Floor3.umap
[2023.01.30-02.31.18:714][227]LogFileHelpers: Saving map 'Floor3' took 1.013
[2023.01.30-02.31.18:715][227]Cmd: MAP LOAD FILE="../../../../../../Users/81806/OneDrive/ドキュメント/UE4_RPG/THE7/Content/Map/Floor4.umap" TEMPLATE=0 SHOWPROGRESS=1 FEATURELEVEL=3
[2023.01.30-02.31.18:715][227]LightingResults: New page: ライティングのビルド
[2023.01.30-02.31.18:717][227]LoadErrors: New page: マップをロード中: Floor4.umap
[2023.01.30-02.31.18:725][227]MapCheck: New page: マップをチェック
[2023.01.30-02.31.18:725][227]LightingResults: New page: <何も選択されていません>
[2023.01.30-02.31.19:006][227]LogEditorServer: Finished looking for orphan Actors (0.000 secs)
[2023.01.30-02.31.19:056][227]Cmd: MAP CHECKDEP NOCLEARLOG
[2023.01.30-02.31.19:113][227]MapCheck: マップチェックが完了: 0 エラー、 0 警告、完了に 57.772ミリ秒かかりました。
[2023.01.30-02.31.19:113][227]LogFileHelpers: Loading map 'Floor4' took 0.400
[2023.01.30-02.31.29:964][813]LogEditorViewport: Clicking on Actor (context menu): StaticMeshActor (plane781)
[2023.01.30-02.32.01:914][937]EditorErrors: New page: アクタを再度親子付け
[2023.01.30-02.32.22:025][991]LogEditorViewport: Clicking on Actor (context menu): StaticMeshActor (wall_box416)
[2023.01.30-02.36.18:335][ 51]EditorErrors: New page: アクタを再度親子付け
[2023.01.30-02.37.53:890][783]LogAIModule: Creating AISystem for world Floor5
[2023.01.30-02.37.55:313][783]Cmd: OBJ SAVEPACKAGE PACKAGE="/Game/Map/Floor4" FILE="../../../../../../Users/81806/OneDrive/ドキュメント/UE4_RPG/THE7/Content/Map/Floor4.umap" SILENT=true AUTOSAVING=false KEEPDIRTY=false
[2023.01.30-02.37.56:585][783]LogSavePackage: Save=1227.20ms
[2023.01.30-02.37.56:585][783]LogSavePackage: Moving '../../../../../../Users/81806/OneDrive/ドキュメント/UE4_RPG/THE7/Saved/Floor4CA65E406427A08AE61EC40B8A1DD49BB.tmp' to '../../../../../../Users/81806/OneDrive/ドキュメント/UE4_RPG/THE7/Content/Map/Floor4.umap'
[2023.01.30-02.37.56:589][783]LogSavePackage: Display: Finished SavePackage ../../../../../../Users/81806/OneDrive/ドキュメント/UE4_RPG/THE7/Content/Map/Floor4.umap
[2023.01.30-02.37.56:607][783]LogFileHelpers: Saving map 'Floor4' took 1.352
[2023.01.30-02.37.56:609][783]Cmd: MAP LOAD FILE="../../../../../../Users/81806/OneDrive/ドキュメント/UE4_RPG/THE7/Content/Map/Floor5.umap" TEMPLATE=0 SHOWPROGRESS=1 FEATURELEVEL=3
[2023.01.30-02.37.56:609][783]LightingResults: New page: ライティングのビルド
[2023.01.30-02.37.56:611][783]LoadErrors: New page: マップをロード中: Floor5.umap
[2023.01.30-02.37.56:619][783]MapCheck: New page: マップをチェック
[2023.01.30-02.37.56:619][783]LightingResults: New page: <何も選択されていません>
[2023.01.30-02.37.56:990][783]LogEditorServer: Finished looking for orphan Actors (0.000 secs)
[2023.01.30-02.37.57:038][783]Cmd: MAP CHECKDEP NOCLEARLOG
[2023.01.30-02.37.57:101][783]MapCheck: マップチェックが完了: 0 エラー、 0 警告、完了に 62.337ミリ秒かかりました。
[2023.01.30-02.37.57:101][783]LogFileHelpers: Loading map 'Floor5' took 0.494
[2023.01.30-02.38.02:296][ 69]LogEditorViewport: Clicking on Actor (LMB): StaticMeshActor (wall_box456)
[2023.01.30-02.38.03:881][146]LogEditorViewport: Clicking on Actor (context menu): StaticMeshActor (wall_box456)
[2023.01.30-02.38.11:647][562]Cmd: ACTOR SELECT MATCHINGSTATICMESH
[2023.01.30-02.38.17:512][752]LogEditorViewport: Clicking on Actor (context menu): StaticMeshActor (wall_box600)
[2023.01.30-03.58.08:831][810]EditorErrors: New page: アクタを再度親子付け
[2023.01.30-03.58.39:843][815]LogSlate: Took 0.004305 seconds to synchronously load lazily loaded font '../../../Engine/Content/Slate/Fonts/Roboto-Light.ttf' (159K)
[2023.01.30-03.58.48:892][842]Cmd: OBJ SAVEPACKAGE PACKAGE="/Game/Map/Floor5" FILE="../../../../../../Users/81806/OneDrive/ドキュメント/UE4_RPG/THE7/Saved/Autosaves/Game/Map/Floor5_Auto1.umap" SILENT=true AUTOSAVING=true KEEPDIRTY=false
[2023.01.30-03.58.51:405][842]LogSavePackage: Save=2478.61ms
[2023.01.30-03.58.51:405][842]LogSavePackage: Moving '../../../../../../Users/81806/OneDrive/ドキュメント/UE4_RPG/THE7/Saved/Floor5_Auto1012C24BA4E22CEBDF648D18CDE130F43.tmp' to '../../../../../../Users/81806/OneDrive/ドキュメント/UE4_RPG/THE7/Saved/Autosaves/Game/Map/Floor5_Auto1.umap'
[2023.01.30-03.58.51:407][842]LogSavePackage: Display: Finished SavePackage ../../../../../../Users/81806/OneDrive/ドキュメント/UE4_RPG/THE7/Saved/Autosaves/Game/Map/Floor5_Auto1.umap
[2023.01.30-03.58.51:415][842]LogFileHelpers: Editor autosave (incl. sublevels) for '/Game/Map/Floor5' took 2.556
[2023.01.30-03.58.51:415][842]LogFileHelpers: Editor autosave (incl. sublevels) for all levels took 2.556
[2023.01.30-04.07.22:059][436]Cmd: ACTOR SELECT MATCHINGSTATICMESH
[2023.01.30-04.07.25:593][538]LogEditorViewport: Clicking on Actor (context menu): StaticMeshActor (plane1513)
