Log file open, 11/16/22 09:22:06
LogWindows: Failed to load 'aqProf.dll' (GetLastError=126)
LogWindows: File 'aqProf.dll' does not exist
LogWindows: Failed to load 'VSPerf140.dll' (GetLastError=126)
LogWindows: File 'VSPerf140.dll' does not exist
LogWindows: Failed to load 'VtuneApi.dll' (GetLastError=126)
LogWindows: File 'VtuneApi.dll' does not exist
LogWindows: Failed to load 'VtuneApi32e.dll' (GetLastError=126)
LogWindows: File 'VtuneApi32e.dll' does not exist
LogInit: Display: Running engine for game: THE7
LogPlatformFile: Not using cached read wrapper
LogInit: Display: RandInit(-750162933) SRandInit(-750162933).
LogTaskGraph: Started task graph with 5 named threads and 20 total threads with 3 sets of task threads.
LogStats: Stats thread started at 0.794028
LogD3D11RHI: Aftermath initialized
LogPluginManager: Mounting plugin Paper2D
LogPluginManager: Mounting plugin LightPropagationVolume
LogPluginManager: Mounting plugin CodeLiteSourceCodeAccess
LogPluginManager: Mounting plugin GitSourceControl
LogPluginManager: Mounting plugin KDevelopSourceCodeAccess
LogPluginManager: Mounting plugin NullSourceCodeAccess
LogPluginManager: Mounting plugin PerforceSourceControl
LogPluginManager: Mounting plugin SubversionSourceControl
LogPluginManager: Mounting plugin UObjectPlugin
LogPluginManager: Mounting plugin VisualStudioSourceCodeAccess
LogPluginManager: Mounting plugin XCodeSourceCodeAccess
LogPluginManager: Mounting plugin AssetManagerEditor
LogPluginManager: Mounting plugin AudioCapture
LogPluginManager: Mounting plugin FacialAnimation
LogPluginManager: Mounting plugin GameplayTagsEditor
LogPluginManager: Mounting plugin MobileLauncherProfileWizard
LogPluginManager: Mounting plugin PluginBrowser
LogPluginManager: Mounting plugin SpeedTreeImporter
LogPluginManager: Mounting plugin AlembicImporter
LogPluginManager: Mounting plugin CharacterAI
LogPluginManager: Mounting plugin HTML5Networking
LogPluginManager: Mounting plugin AndroidMedia
LogPluginManager: Mounting plugin AvfMedia
LogPluginManager: Mounting plugin MediaPlayerEditor
LogPluginManager: Mounting plugin WmfMedia
LogPluginManager: Mounting plugin TcpMessaging
LogPluginManager: Mounting plugin UdpMessaging
LogPluginManager: Mounting plugin LevelSequenceEditor
LogPluginManager: Mounting plugin MatineeToLevelSequence
LogPluginManager: Mounting plugin OnlineSubsystemGooglePlay
LogPluginManager: Mounting plugin OnlineSubsystemIOS
LogPluginManager: Mounting plugin OnlineSubsystem
LogPluginManager: Mounting plugin OnlineSubsystemNull
LogPluginManager: Mounting plugin OnlineSubsystemUtils
LogPluginManager: Mounting plugin AndroidDeviceProfileSelector
LogPluginManager: Mounting plugin AndroidMoviePlayer
LogPluginManager: Mounting plugin AndroidPermission
LogPluginManager: Mounting plugin AppleMoviePlayer
LogPluginManager: Mounting plugin ArchVisCharacter
LogPluginManager: Mounting plugin CableComponent
LogPluginManager: Mounting plugin CustomMeshComponent
LogPluginManager: Mounting plugin ExampleDeviceProfileSelector
LogPluginManager: Mounting plugin GoogleCloudMessaging
LogPluginManager: Mounting plugin ImmediatePhysics
LogPluginManager: Mounting plugin IOSDeviceProfileSelector
LogPluginManager: Mounting plugin LinuxDeviceProfileSelector
LogPluginManager: Mounting plugin LocationServicesBPLibrary
LogPluginManager: Mounting plugin MobilePatchingUtils
LogPluginManager: Mounting plugin OculusVR
LogPluginManager: Mounting plugin PhysXVehicles
LogPluginManager: Mounting plugin ProceduralMeshComponent
LogPluginManager: Mounting plugin RuntimePhysXCooking
LogPluginManager: Mounting plugin SteamVR
LogPluginManager: Mounting plugin WindowsMoviePlayer
LogInit: Using libcurl 7.47.1
LogInit:  - built for x86_64-pc-win32
LogInit:  - supports SSL with OpenSSL/1.0.2g
LogInit:  - supports HTTP deflate (compression) using libz 1.2.8
LogInit:  - other features:
LogInit:      CURL_VERSION_SSL
LogInit:      CURL_VERSION_LIBZ
LogInit:      CURL_VERSION_IPV6
LogInit:      CURL_VERSION_ASYNCHDNS
LogInit:      CURL_VERSION_LARGEFILE
LogInit:      CURL_VERSION_IDN
LogInit:  CurlRequestOptions (configurable via config and command line):
LogInit:  - bVerifyPeer = false  - Libcurl will NOT verify peer certificate
LogInit:  - bUseHttpProxy = false  - Libcurl will NOT use HTTP proxy
LogInit:  - bDontReuseConnections = false  - Libcurl will reuse connections
LogInit:  - CertBundlePath = nullptr  - Libcurl will use whatever was configured at build time.
LogInit: Build: ++UE4+Release-4.17-CL-3658906
LogInit: Engine Version: 4.17.2-3658906+++UE4+Release-4.17
LogInit: Compatible Engine Version: 4.17.0-3573198+++UE4+Release-4.17
LogInit: Net CL: 3573198
LogDevObjectVersion: Number of dev versions registered: 16
LogDevObjectVersion:   Dev-Blueprints (B0D832E4-1F89-4F0D-ACCF-7EB736FD4AA2): 10
LogDevObjectVersion:   Dev-Build (E1C64328-A22C-4D53-A36C-8E866417BD8C): 0
LogDevObjectVersion:   Dev-Core (375EC13C-06E4-48FB-B500-84F0262A717E): 2
LogDevObjectVersion:   Dev-Editor (E4B068ED-F494-42E9-A231-DA0B2E46BB41): 20
LogDevObjectVersion:   Dev-Framework (CFFC743F-43B0-4480-9391-14DF171D2073): 28
LogDevObjectVersion:   Dev-Mobile (B02B49B5-BB20-44E9-A304-32B752E40360): 0
LogDevObjectVersion:   Dev-Networking (A4E4105C-59A1-49B5-A7C5-40C4547EDFEE): 0
LogDevObjectVersion:   Dev-Online (39C831C9-5AE6-47DC-9A44-9C173E1C8E7C): 0
LogDevObjectVersion:   Dev-Physics (78F01B33-EBEA-4F98-B9B4-84EACCB95AA2): 0
LogDevObjectVersion:   Dev-Platform (6631380F-2D4D-43E0-8009-CF276956A95A): 0
LogDevObjectVersion:   Dev-Rendering (12F88B9F-8875-4AFC-A67C-D90C383ABD29): 19
LogDevObjectVersion:   Dev-Sequencer (7B5AE74C-D270-4C10-A958-57980B212A5A): 4
LogDevObjectVersion:   Dev-VR (D7296918-1DD6-4BDD-9DE2-64A83CC13884): 0
LogDevObjectVersion:   Dev-LoadTimes (C2A15278-BFE7-4AFE-6C17-90FF531DF755): 1
LogDevObjectVersion:   Private-Geometry (6EACA3D4-40EC-4CC1-B786-8BED09428FC5): 1
LogDevObjectVersion:   Dev-AnimPhys (29E575DD-E0A3-4627-9D10-D276232CDCEA): 7
LogInit: Compiled (64-bit): Sep 22 2017 13:47:16
LogInit: Compiled with Visual C++: 19.00.24215.01
LogInit: Build Configuration: Development
LogInit: Branch Name: ++UE4+Release-4.17
LogInit: Command line:  
LogInit: Base directory: D:/UE_4.17/Engine/Binaries/Win64/
LogInit: Installed Engine Build: 1
LogInit: Presizing for max 8388607 objects, including 0 objects not considered by GC, pre-allocating 0 bytes for permanent pool.
LogInit: Object subsystem initialized
[2022.11.16-00.22.08:085][  0]LogInit: Selected Device Profile: [Windows]
[2022.11.16-00.22.08:085][  0]LogInit: Applying CVar settings loaded from the selected device profile: [Windows]
[2022.11.16-00.22.08:093][  0]LogInit: Computer: KBC12006081
[2022.11.16-00.22.08:093][  0]LogInit: User: Owner
[2022.11.16-00.22.08:093][  0]LogInit: CPU Page size=4096, Cores=6
[2022.11.16-00.22.08:093][  0]LogInit: High frequency timer resolution =10.000000 MHz
[2022.11.16-00.22.08:093][  0]LogMemory: Memory total: Physical=15.8GB (16GB approx)
[2022.11.16-00.22.08:093][  0]LogMemory: Platform Memory Stats for Windows
[2022.11.16-00.22.08:093][  0]LogMemory: Process Physical Memory: 284.00 MB used, 284.01 MB peak
[2022.11.16-00.22.08:093][  0]LogMemory: Process Virtual Memory: 281.04 MB used, 281.04 MB peak
[2022.11.16-00.22.08:093][  0]LogMemory: Physical Memory: 9552.57 MB used,  6677.34 MB free, 16229.91 MB total
[2022.11.16-00.22.08:093][  0]LogMemory: Virtual Memory: 4800.31 MB used,  6677.34 MB free, 134217728.00 MB total
[2022.11.16-00.22.08:872][  0]LogInit: Using OS detected language (ja-JP).
[2022.11.16-00.22.08:872][  0]LogInit: Using OS detected locale (ja-JP).
[2022.11.16-00.22.09:626][  0]LogTextLocalizationManager: No specific localization for 'ja-JP' exists, so the 'ja' localization will be used.
[2022.11.16-00.22.12:866][  0]LogD3D11RHI: D3D11 adapters:
[2022.11.16-00.22.13:015][  0]LogD3D11RHI:    0. 'NVIDIA GeForce GTX 1650 with Max-Q Design' (Feature Level 11_0)
[2022.11.16-00.22.13:015][  0]LogD3D11RHI:       3962/0/8114 MB DedicatedVideo/DedicatedSystem/SharedSystem, Outputs:1, VendorId:0x10de
[2022.11.16-00.22.13:078][  0]LogD3D11RHI:    1. 'Intel(R) UHD Graphics 630' (Feature Level 11_0)
[2022.11.16-00.22.13:078][  0]LogD3D11RHI:       128/0/8114 MB DedicatedVideo/DedicatedSystem/SharedSystem, Outputs:0, VendorId:0x8086
[2022.11.16-00.22.13:082][  0]LogD3D11RHI:    2. 'Microsoft Basic Render Driver' (Feature Level 11_0)
[2022.11.16-00.22.13:082][  0]LogD3D11RHI:       0/0/8114 MB DedicatedVideo/DedicatedSystem/SharedSystem, Outputs:0, VendorId:0x1414
[2022.11.16-00.22.13:082][  0]LogD3D11RHI: Chosen D3D11 Adapter: 0
[2022.11.16-00.22.13:089][  0]LogD3D11RHI: Creating new Direct3DDevice
[2022.11.16-00.22.13:090][  0]LogD3D11RHI:     GPU DeviceId: 0x1f91 (for the marketing name, search the web for "GPU Device Id")
[2022.11.16-00.22.13:090][  0]LogWindows: EnumDisplayDevices:
[2022.11.16-00.22.13:090][  0]LogWindows:    0. 'Intel(R) UHD Graphics 630' (P:1 D:1)
[2022.11.16-00.22.13:090][  0]LogWindows:    1. 'Intel(R) UHD Graphics 630' (P:0 D:0)
[2022.11.16-00.22.13:090][  0]LogWindows:    2. 'Intel(R) UHD Graphics 630' (P:0 D:0)
[2022.11.16-00.22.13:090][  0]LogWindows: DebugString: GetVideoDriverDetailsInvalid PrimaryIsNotTheChoosenAdapter GetVideoDriverDetailsInvalid PrimaryIsNotTheChoosenAdapter GetVideoDriverDetailsInvalid PrimaryIsNotTheChoosenAdapter FoundDriverCount:0 
[2022.11.16-00.22.13:090][  0]LogD3D11RHI:     Adapter Name: NVIDIA GeForce GTX 1650 with Max-Q Design
[2022.11.16-00.22.13:090][  0]LogD3D11RHI:   Driver Version: Unknown (internal:Unknown, unified:Unknown)
[2022.11.16-00.22.13:090][  0]LogD3D11RHI:      Driver Date: Unknown
[2022.11.16-00.22.13:090][  0]LogRHI: Texture pool is 1361 MB (70% of 1945 MB)
[2022.11.16-00.22.13:174][  0]LogD3D11RHI: Async texture creation enabled
[2022.11.16-00.22.13:186][  0]LogD3D11RHI: GPU Timing Frequency: 1000.000000 (Debug: 2 1)
[2022.11.16-00.22.13:187][  0]LogShaderCompilers: Guid format shader working directory is 8 characters bigger than the processId version (C:/Users/Owner/Documents/UE4_RPG/THE7/Intermediate/Shaders/WorkingDirectory/21156/).
[2022.11.16-00.22.13:187][  0]LogShaderCompilers: Cleaned the shader compiler working directory 'C:/Users/Owner/AppData/Local/Temp/UnrealShaderWorkingDir/F6BBE2304FB756A0F1001F975C318FC1/'.
[2022.11.16-00.22.13:187][  0]LogShaderCompilers: Display: Using Local Shader Compiler.
[2022.11.16-00.22.17:142][  0]LogTemp: Display: Loaded TP AllDesktopTargetPlatform
[2022.11.16-00.22.17:184][  0]LogTemp: Display: Loaded TP MacClientTargetPlatform
[2022.11.16-00.22.17:227][  0]LogTemp: Display: Loaded TP MacNoEditorTargetPlatform
[2022.11.16-00.22.17:270][  0]LogTemp: Display: Loaded TP MacServerTargetPlatform
[2022.11.16-00.22.17:362][  0]LogTemp: Display: Loaded TP MacTargetPlatform
[2022.11.16-00.22.17:404][  0]LogTemp: Display: Loaded TP WindowsClientTargetPlatform
[2022.11.16-00.22.17:446][  0]LogTemp: Display: Loaded TP WindowsNoEditorTargetPlatform
[2022.11.16-00.22.17:488][  0]LogTemp: Display: Loaded TP WindowsServerTargetPlatform
[2022.11.16-00.22.17:526][  0]LogTemp: Display: Loaded TP WindowsTargetPlatform
[2022.11.16-00.22.17:586][  0]LogTemp: Display: Loaded TP AndroidTargetPlatform
[2022.11.16-00.22.17:628][  0]LogTemp: Display: Loaded TP Android_ASTCTargetPlatform
[2022.11.16-00.22.17:669][  0]LogTemp: Display: Loaded TP Android_ATCTargetPlatform
[2022.11.16-00.22.17:711][  0]LogTemp: Display: Loaded TP Android_DXTTargetPlatform
[2022.11.16-00.22.17:753][  0]LogTemp: Display: Loaded TP Android_ETC1TargetPlatform
[2022.11.16-00.22.17:795][  0]LogTemp: Display: Loaded TP Android_ETC2TargetPlatform
[2022.11.16-00.22.17:878][  0]LogTemp: Display: Loaded TP Android_MultiTargetPlatform
[2022.11.16-00.22.17:878][  0]LogTemp: Display: Loaded TP Android_PVRTCTargetPlatform
[2022.11.16-00.22.17:912][  0]LogTemp: Display: Loaded TP HTML5TargetPlatform
[2022.11.16-00.22.18:044][  0]LogTemp: Display: Loaded TP IOSTargetPlatform
[2022.11.16-00.22.18:069][  0]LogTemp: Display: Loaded TP TVOSTargetPlatform
[2022.11.16-00.22.18:111][  0]LogTemp: Display: Loaded TP LinuxClientTargetPlatform
[2022.11.16-00.22.18:152][  0]LogTemp: Display: Loaded TP LinuxNoEditorTargetPlatform
[2022.11.16-00.22.18:194][  0]LogTemp: Display: Loaded TP LinuxServerTargetPlatform
[2022.11.16-00.22.18:240][  0]LogTemp: Display: Loaded TP LinuxTargetPlatform
[2022.11.16-00.22.18:240][  0]LogTargetPlatformManager: Display: Building Assets For Windows
[2022.11.16-00.22.19:769][  0]LogDerivedDataCache: Display: Max Cache Size: 512 MB
[2022.11.16-00.22.19:965][  0]LogDerivedDataCache: Loaded boot cache 0.19s 93MB C:/Users/Owner/AppData/Local/UnrealEngine/4.17/DerivedDataCache/Boot.ddc.
[2022.11.16-00.22.19:965][  0]LogDerivedDataCache: Display: Loaded Boot cache: C:/Users/Owner/AppData/Local/UnrealEngine/4.17/DerivedDataCache/Boot.ddc
[2022.11.16-00.22.19:965][  0]LogDerivedDataCache: FDerivedDataBackendGraph:  Pak pak cache file C:/Users/Owner/Documents/UE4_RPG/THE7/DerivedDataCache/DDC.ddp not found, will not use a pak cache.
[2022.11.16-00.22.19:965][  0]LogDerivedDataCache: Unable to find inner node Pak for hierarchical cache Hierarchy.
[2022.11.16-00.22.19:965][  0]LogDerivedDataCache: FDerivedDataBackendGraph:  CompressedPak pak cache file C:/Users/Owner/Documents/UE4_RPG/THE7/DerivedDataCache/Compressed.ddp not found, will not use a pak cache.
[2022.11.16-00.22.19:965][  0]LogDerivedDataCache: Unable to find inner node CompressedPak for hierarchical cache Hierarchy.
[2022.11.16-00.22.20:069][  0]LogDerivedDataCache: Display: Pak cache opened for reading ../../../Engine/DerivedDataCache/Compressed.ddp.
[2022.11.16-00.22.20:082][  0]LogDerivedDataCache: Using Local data cache path C:/Users/Owner/AppData/Local/UnrealEngine/Common/DerivedDataCache: Writable
[2022.11.16-00.22.20:090][  0]LogMaterial: Verifying Global Shaders for PCD3D_SM5
[2022.11.16-00.22.20:090][  0]LogSlate: Using Freetype 2.6.0
[2022.11.16-00.22.20:158][  0]LogSlate: SlateFontCache - WITH_FREETYPE: 1, WITH_HARFBUZZ: 1
[2022.11.16-00.22.20:158][  0]LogSlate: SlateFontCache - WITH_FREETYPE: 1, WITH_HARFBUZZ: 1
[2022.11.16-00.22.22:383][  0]LogAssetRegistry: FAssetRegistry took 0.0251 seconds to start up
[2022.11.16-00.22.22:631][  0]LogInit: Selected Device Profile: [Windows]
[2022.11.16-00.22.24:895][  0]LogContentStreaming: Texture pool size is 0.00 MB
[2022.11.16-00.22.25:335][  0]LogSimplygon: Simplygon DLL not present - disabling.
[2022.11.16-00.22.25:370][  0]LogMeshReduction: Using SimplygonSwarm for distributed automatic mesh merging
[2022.11.16-00.22.25:370][  0]LogMeshReduction: Using QuadricMeshReduction for automatic static mesh reduction
[2022.11.16-00.22.25:370][  0]LogMeshReduction: No automatic skeletal mesh reduction module available
[2022.11.16-00.22.25:370][  0]LogMeshReduction: No automatic mesh merging module available
[2022.11.16-00.22.25:370][  0]LogMeshMerging: No automatic mesh merging module available
[2022.11.16-00.22.27:263][  0]LogNetVersion: THE7 , NetCL: 3573198, EngineNetVer: 2, GameNetVer: 0 (Checksum: 151110352)
[2022.11.16-00.22.27:845][  0]LogPackageLocalizationCache: Processed 5 localized package path(s) for 2 prioritized culture(s) in 0.040565 seconds
[2022.11.16-00.22.27:849][  0]LogUObjectArray: 35825 objects as part of root set at end of initial load.
[2022.11.16-00.22.27:849][  0]LogUObjectAllocator: 7529112 out of 0 bytes used by permanent object pool.
[2022.11.16-00.22.27:849][  0]LogUObjectArray: CloseDisregardForGC: 0/0 objects in disregard for GC pool
[2022.11.16-00.22.27:903][  0]LogInit: WinSock: version 1.1 (2.2), MaxSocks=32767, MaxUdp=65467
[2022.11.16-00.22.43:835][  0]LogTcpMessaging: Initializing TcpMessaging bridge
[2022.11.16-00.22.43:871][  0]LogUdpMessaging: Initializing bridge on interface 0.0.0.0:0 to multicast group 230.0.0.1:6666.
[2022.11.16-00.22.45:035][  0]LogMaterial: Uniform references updated for custom material expression Custom.
[2022.11.16-00.22.45:643][  0]SourceControl: ソースコントロールは無効です
[2022.11.16-00.22.45:643][  0]SourceControl: ソースコントロールは無効です
[2022.11.16-00.22.45:683][  0]SourceControl: ソースコントロールは無効です
[2022.11.16-00.22.45:724][  0]SourceControl: ソースコントロールは無効です
[2022.11.16-00.22.46:477][  0]LogAndroidPermission: UAndroidPermissionCallbackProxy::GetInstance
[2022.11.16-00.22.46:683][  0]LogOcInput: OculusInput pre-init called
[2022.11.16-00.22.46:972][  0]LogEngine: Initializing Engine...
[2022.11.16-00.22.46:974][  0]LogHMD: Failed to initialize OpenVR with code 110
[2022.11.16-00.22.47:543][  0]LogStats: UGameplayTagsManager::ConstructGameplayTagTree: Construct from data asset -  0.000 s
[2022.11.16-00.22.47:543][  0]LogStats: UGameplayTagsManager::ConstructGameplayTagTree: GameplayTagTreeChangedEvent.Broadcast -  0.000 s
[2022.11.16-00.22.47:649][  0]LogAIModule: Creating AISystem for world Untitled
[2022.11.16-00.22.47:729][  0]LogInit: XAudio2 using 'スピーカー (Realtek(R) Audio)' : 2 channels at 48 kHz using 32 bits per sample (channel mask 0x3)
[2022.11.16-00.22.47:810][  0]LogInit: FAudioDevice initialized.
[2022.11.16-00.22.47:852][  0]LogDerivedDataCache: Saved boot cache 0.04s 93MB C:/Users/Owner/AppData/Local/UnrealEngine/4.17/DerivedDataCache/Boot.ddc.
[2022.11.16-00.22.47:860][  0]LogInit: Texture streaming: Enabled
[2022.11.16-00.22.47:959][  0]LogEngineSessionManager: EngineSessionManager initialized
[2022.11.16-00.22.48:254][  0]LogInit: Transaction tracking system initialized
[2022.11.16-00.22.48:517][  0]BlueprintLog: New page: エディタの読み込み
[2022.11.16-00.22.49:321][  0]LocalizationService: ローカライズのサービスが無効になりました
[2022.11.16-00.22.50:051][  0]LogConsoleResponse: Display: 
[2022.11.16-00.22.52:441][  0]LogCook: Display: Max memory allowance for cook 16384mb min free memory 0mb
[2022.11.16-00.22.52:441][  0]LogCook: Display: Mobile HDR setting 1
[2022.11.16-00.22.52:441][  0]LogGameplayTags: Display: UGameplayTagsManager::DoneAddingNativeTags. DelegateIsBound: 0
[2022.11.16-00.22.52:628][  0]LogFileCache: Scanning file cache for directory 'C:/Users/Owner/Documents/UE4_RPG/THE7/Content/' took 0.02s
[2022.11.16-00.22.54:599][  0]SourceControl: ソースコントロールは無効です
[2022.11.16-00.22.54:599][  0]Cmd: MAP LOAD FILE="C:/Users/Owner/Documents/UE4_RPG/THE7/Content/StarterContent/Maps/Minimal_Default.umap" TEMPLATE=0 SHOWPROGRESS=1 FEATURELEVEL=3
[2022.11.16-00.22.54:601][  0]LightingResults: New page: ライティングのビルド
[2022.11.16-00.22.54:636][  0]MapCheck: New page: マップをチェック
[2022.11.16-00.22.54:636][  0]LightingResults: New page: <何も選択されていません>
[2022.11.16-00.22.55:117][  0]LogLinker: Warning: ファイル '/Game/StarterContent/Maps/Minimal_Default_BuiltData' が見つかりません
[2022.11.16-00.22.55:117][  0]LogLinker: Warning: C:/Users/Owner/Documents/UE4_RPG/THE7/Content/StarterContent/Maps/Minimal_Default.umap のロード中にアセット '/Game/StarterContent/Maps/Minimal_Default_BuiltData'  のファイルが見つかりません
[2022.11.16-00.22.55:117][  0]LoadErrors: Error: /Game/StarterContent/Maps/Minimal_Default : アセットのファイルが見つかりません /Game/StarterContent/Maps/Minimal_Default_BuiltData
[2022.11.16-00.22.55:190][  0]LogLinker: Warning: ファイル '/Game/StarterContent/Maps/Minimal_Default_BuiltData' が見つかりません
[2022.11.16-00.22.55:191][  0]LogLinker: Warning: C:/Users/Owner/Documents/UE4_RPG/THE7/Content/StarterContent/Maps/Minimal_Default.umap のロード中にアセット '/Game/StarterContent/Maps/Minimal_Default_BuiltData'  のファイルが見つかりません
[2022.11.16-00.22.55:191][  0]LoadErrors: Error: /Game/StarterContent/Maps/Minimal_Default : アセットのファイルが見つかりません /Game/StarterContent/Maps/Minimal_Default_BuiltData
[2022.11.16-00.22.55:231][  0]LogLinker: Warning: ファイル '/Game/StarterContent/Maps/Minimal_Default_BuiltData' が見つかりません
[2022.11.16-00.22.55:231][  0]LogLinker: Warning: NULL のロード中にアセット '/Game/StarterContent/Maps/Minimal_Default_BuiltData'  のファイルが見つかりません
[2022.11.16-00.22.55:231][  0]LogLinker: Warning: ファイル '/Game/StarterContent/Maps/Minimal_Default_BuiltData' が見つかりません
[2022.11.16-00.22.55:231][  0]LogLinker: Warning: NULL のロード中にアセット '/Game/StarterContent/Maps/Minimal_Default_BuiltData'  のファイルが見つかりません
[2022.11.16-00.22.55:236][  0]LogLinker: Warning: ファイル '/Game/StarterContent/Maps/Minimal_Default_BuiltData' が見つかりません
[2022.11.16-00.22.55:236][  0]LoadErrors: ロードに失敗しました /Game/StarterContent/Maps/Minimal_Default_BuiltData.Minimal_Default_BuiltData 参照元 PersistentLevel
[2022.11.16-00.22.55:237][  0]LogLinker: Warning: NULL のロード中にアセット '/Game/StarterContent/Maps/Minimal_Default_BuiltData'  のファイルが見つかりません
[2022.11.16-00.22.55:237][  0]LoadErrors: ロードに失敗しました /Game/StarterContent/Maps/Minimal_Default_BuiltData.Minimal_Default_BuiltData 参照元 PersistentLevel
[2022.11.16-00.22.57:174][  0]LogAIModule: Creating AISystem for world Minimal_Default
[2022.11.16-00.22.57:251][  0]LogEditorServer: Finished looking for orphan Actors (0.000 secs)
[2022.11.16-00.22.57:265][  0]Cmd: MAP CHECKDEP NOCLEARLOG
[2022.11.16-00.22.57:307][  0]MapCheck: マップチェックが完了: 0 エラー、 0 警告、完了に 40.881ミリ秒かかりました。
[2022.11.16-00.22.57:307][  0]LogFileHelpers: Loading map 'Minimal_Default' took 2.707
[2022.11.16-00.22.57:383][  0]LogWindowsTextInputMethodSystem: Display: IME system now activated using TSF (Microsoft IME).
[2022.11.16-00.22.57:815][  0]LogCollectionManager: Loaded 0 collections in 0.000776 seconds
[2022.11.16-00.22.57:889][  0]LogFileCache: Scanning file cache for directory 'C:/Users/Owner/Documents/UE4_RPG/THE7/Saved/Collections/' took 0.01s
[2022.11.16-00.22.57:889][  0]LogFileCache: Scanning file cache for directory 'C:/Users/Owner/Documents/UE4_RPG/THE7/Content/Developers/Owner/Collections/' took 0.01s
[2022.11.16-00.22.57:889][  0]LogFileCache: Scanning file cache for directory 'C:/Users/Owner/Documents/UE4_RPG/THE7/Content/Collections/' took 0.01s
[2022.11.16-00.22.57:889][  0]LogCollectionManager: Rebuilt the GUID cache for 0 collections in 0.000000 seconds
[2022.11.16-00.22.57:896][  0]LogContentBrowser: Native class hierarchy populated in 0.0068 seconds. Added 2386 classes and 500 folders.
[2022.11.16-00.22.57:953][  0]LogContentBrowser: Native class hierarchy updated for 'WidgetCarousel' in 0.0006 seconds. Added 0 classes and 0 folders.
[2022.11.16-00.23.02:109][  0]LogContentBrowser: Native class hierarchy updated for 'AddContentDialog' in 0.0005 seconds. Added 0 classes and 0 folders.
[2022.11.16-00.23.02:146][  0]LogContentBrowser: Native class hierarchy updated for 'SceneOutliner' in 0.0005 seconds. Added 1 classes and 2 folders.
[2022.11.16-00.23.02:187][  0]LogContentBrowser: Native class hierarchy updated for 'WorldBrowser' in 0.0005 seconds. Added 2 classes and 3 folders.
[2022.11.16-00.23.02:455][  0]LogSlate: Took 0.020492 seconds to synchronously load lazily loaded font '../../../Engine/Content/Slate/Fonts/Roboto-Regular.ttf' (155K)
[2022.11.16-00.23.02:664][  0]LogSlate: Took 0.208295 seconds to synchronously load lazily loaded font '../../../Engine/Content/Slate/Fonts/DroidSansFallback.ttf' (3848K)
[2022.11.16-00.23.02:695][  0]LogSlate: Took 0.030525 seconds to synchronously load lazily loaded font '../../../Engine/Content/Slate/Fonts/Roboto-Bold.ttf' (160K)
[2022.11.16-00.23.02:732][  0]LogSlate: Took 0.034207 seconds to synchronously load lazily loaded font '../../../Engine/Content/Editor/Slate/Fonts/FontAwesome.ttf' (139K)
[2022.11.16-00.23.03:013][  0]LogRenderer: Reallocating scene render targets to support 1116x532 Format 10 NumSamples 1 (Frame:1).
[2022.11.16-00.23.03:194][  0]LogContentBrowser: Native class hierarchy updated for 'HierarchicalLODOutliner' in 0.0006 seconds. Added 1 classes and 2 folders.
[2022.11.16-00.23.03:194][  0]LogLoad: (Engine Initialization) Total time: 66.31 seconds
[2022.11.16-00.23.03:194][  0]LogLoad: (Engine Initialization) Total Blueprint compile time: 0.00 seconds
[2022.11.16-00.23.03:194][  0]LogExternalProfiler: No external profilers were discovered.  External profiling features will not be available.
[2022.11.16-00.23.03:224][  0]LogContentStreaming: Texture pool size now 1000 MB
[2022.11.16-00.23.03:435][  0]LogSlate: Took 0.024716 seconds to synchronously load lazily loaded font '../../../Engine/Content/Slate/Fonts/Roboto-Light.ttf' (159K)
[2022.11.16-00.23.03:469][  1]LogAssetRegistry: Asset discovery search completed in 41.1076 seconds
[2022.11.16-00.23.03:470][  1]LogCollectionManager: Rebuilt the object cache for 0 collections in 0.000000 seconds (found 0 objects)
[2022.11.16-00.23.03:470][  1]LogCollectionManager: Fixed up redirectors for 0 collections in 0.000042 seconds (updated 0 objects)
[2022.11.16-00.23.10:407][804]LogAIModule: Creating AISystem for world Flore2
[2022.11.16-00.23.13:122][128]LogSlate: Took 0.000157 seconds to synchronously load lazily loaded font '../../../Engine/Content/Slate/Fonts/Roboto-Light.ttf' (159K)
[2022.11.16-00.23.13:146][128]Cmd: MAP LOAD FILE="C:/Users/Owner/Documents/UE4_RPG/THE7/Content/Map/Flore2.umap" TEMPLATE=0 SHOWPROGRESS=1 FEATURELEVEL=3
[2022.11.16-00.23.13:146][128]LightingResults: New page: ライティングのビルド
[2022.11.16-00.23.13:146][128]LoadErrors: New page: マップをロード中: Flore2.umap
[2022.11.16-00.23.13:147][128]MapCheck: New page: マップをチェック
[2022.11.16-00.23.13:148][128]LightingResults: New page: <何も選択されていません>
[2022.11.16-00.23.13:203][128]LogEditorServer: Finished looking for orphan Actors (0.000 secs)
[2022.11.16-00.23.13:231][128]Cmd: MAP CHECKDEP NOCLEARLOG
[2022.11.16-00.23.13:276][128]MapCheck: マップチェックが完了: 0 エラー、 0 警告、完了に 45.43ミリ秒かかりました。
[2022.11.16-00.23.13:277][128]LogFileHelpers: Loading map 'Flore2' took 0.132
[2022.11.16-01.53.56:935][929]LogEditorViewport: Clicking Background
[2022.11.16-01.54.36:626][163]LogEditorViewport: Clicking Background
[2022.11.16-01.54.43:977][604]LogEditorViewport: Clicking on Actor (LMB): StaticMeshActor (plane282)
[2022.11.16-01.54.51:859][ 50]LogEditorViewport: Clicking on Actor (LMB): StaticMeshActor (plane282)
[2022.11.16-01.54.52:449][ 84]LogEditorViewport: Clicking on Actor (LMB): StaticMeshActor (plane282)
[2022.11.16-01.55.07:085][958]LogEditorViewport: Clicking on Actor (LMB): StaticMeshActor (plane274)
[2022.11.16-01.55.18:843][657]LogEditorActor: Deleted Actor: StaticMeshActor
[2022.11.16-01.55.18:854][657]LogEditorActor: Deleted 1 Actors (0.012 secs)
[2022.11.16-01.55.25:449][ 51]LogEditorViewport: Clicking on Actor (LMB): StaticMeshActor (plane280)
[2022.11.16-01.55.42:375][ 55]Cmd: ACTOR MIRROR Y=-1
[2022.11.16-01.55.44:934][209]LogEditorViewport: Clicking on Actor (LMB): StaticMeshActor (plane284)
[2022.11.16-01.55.45:929][267]Cmd: DELETE
[2022.11.16-01.55.45:929][267]Cmd: ACTOR DELETE
[2022.11.16-01.55.45:930][267]LogEditorActor: Deleted Actor: StaticMeshActor
[2022.11.16-01.55.45:942][267]LogEditorActor: Deleted 1 Actors (0.012 secs)
[2022.11.16-01.56.12:443][847]LogBlueprint: Warning: [Compiler BP_Award_GameController] インプット軸イベントは  InputAxis MoveRight  に不明な軸 'MoveRight' を参照しています
[2022.11.16-01.56.12:443][847]LogBlueprint: Warning: [Compiler BP_Award_GameController] インプット軸イベントは  InputAxis MoveForward  に不明な軸 'MoveForward' を参照しています
[2022.11.16-01.56.12:444][847]LogBlueprint: Warning: [Compiler BP_Award_GameController] [5655.56] Compile of BP_Award_GameController successful, but with 2 Warning(s) [in 2 ms] (/Game/BP/BP_Award_GameController.BP_Award_GameController)
[2022.11.16-01.56.14:381][943]Cmd: ACTOR MIRROR X=-1
[2022.11.16-01.56.15:506][ 11]LogEditorViewport: Clicking on Actor (LMB): StaticMeshActor (plane284)
[2022.11.16-01.56.17:580][132]Cmd: DELETE
[2022.11.16-01.56.17:580][132]Cmd: ACTOR DELETE
[2022.11.16-01.56.17:580][132]LogEditorActor: Deleted Actor: StaticMeshActor
[2022.11.16-01.56.17:580][132]LogEditorActor: Deleted Actor: StaticMeshActor
[2022.11.16-01.56.17:594][132]LogEditorActor: Deleted 2 Actors (0.014 secs)
[2022.11.16-01.56.22:118][404]LogEditorViewport: Clicking on Actor (LMB): StaticMeshActor (plane291)
[2022.11.16-01.56.36:103][233]Cmd: ACTOR MIRROR X=-1
[2022.11.16-01.56.37:129][295]LogEditorViewport: Clicking on Actor (LMB): LightmassImportanceVolume (LightmassImportanceVolume2)
[2022.11.16-01.56.57:960][535]LogEditorViewport: Clicking on Actor (LMB): StaticMeshActor (plane36)
[2022.11.16-01.57.01:784][762]LogEditorViewport: Clicking on Actor (LMB): StaticMeshActor (plane282)
[2022.11.16-01.57.27:208][273]Cmd: ACTOR MIRROR X=-1
[2022.11.16-01.57.28:971][379]LogEditorViewport: Clicking on Actor (LMB): StaticMeshActor (plane303)
[2022.11.16-01.57.37:147][862]LogEditorViewport: Clicking on Actor (context menu): StaticMeshActor (plane306)
[2022.11.16-01.57.39:332][991]Cmd: ACTOR MIRROR X=-1
[2022.11.16-01.57.45:880][384]LogEditorViewport: Clicking on Actor (LMB): StaticMeshActor (plane282)
[2022.11.16-01.58.00:051][220]Cmd: ACTOR MIRROR Y=-1
[2022.11.16-01.58.24:150][666]LogEditorViewport: Clicking on Actor (LMB): StaticMeshActor (plane304)
[2022.11.16-01.58.24:849][706]LogEditorViewport: Clicking on Actor (LMB): StaticMeshActor (plane303)
[2022.11.16-01.58.37:136][437]LogEditorViewport: Clicking on Actor (LMB): StaticMeshActor (plane275)
[2022.11.16-01.59.12:761][564]LogEditorViewport: Clicking on Actor (LMB): StaticMeshActor (plane314)
[2022.11.16-02.00.09:287][940]LogEditorViewport: Clicking on Actor (context menu): StaticMeshActor (plane328)
[2022.11.16-02.00.11:454][ 68]Cmd: ACTOR MIRROR Y=-1
[2022.11.16-02.00.16:999][401]LogEditorViewport: Clicking on Actor (LMB): StaticMeshActor (plane325)
[2022.11.16-02.00.43:206][963]LogEditorViewport: Clicking on Actor (LMB): StaticMeshActor (plane336)
[2022.11.16-02.00.44:030][ 11]Cmd: DELETE
[2022.11.16-02.00.44:030][ 11]Cmd: ACTOR DELETE
[2022.11.16-02.00.44:031][ 11]LogEditorActor: Deleted Actor: StaticMeshActor
[2022.11.16-02.00.44:044][ 11]LogEditorActor: Deleted 1 Actors (0.013 secs)
[2022.11.16-02.01.07:173][399]LogEditorViewport: Clicking on Actor (LMB): StaticMeshActor (plane285)
[2022.11.16-02.01.08:239][461]Cmd: DELETE
[2022.11.16-02.01.08:239][461]Cmd: ACTOR DELETE
[2022.11.16-02.01.08:240][461]LogEditorActor: Deleted Actor: StaticMeshActor
[2022.11.16-02.01.08:252][461]LogEditorActor: Deleted 1 Actors (0.013 secs)
[2022.11.16-02.01.08:998][506]LogEditorViewport: Clicking on Actor (LMB): StaticMeshActor (plane286)
[2022.11.16-02.01.09:058][508]Cmd: DELETE
[2022.11.16-02.01.09:058][508]Cmd: ACTOR DELETE
[2022.11.16-02.01.09:059][508]LogEditorActor: Deleted Actor: StaticMeshActor
[2022.11.16-02.01.09:071][508]LogEditorActor: Deleted 1 Actors (0.014 secs)
[2022.11.16-02.01.09:495][534]LogEditorViewport: Clicking on Actor (LMB): StaticMeshActor (plane287)
[2022.11.16-02.01.09:571][537]Cmd: DELETE
[2022.11.16-02.01.09:571][537]Cmd: ACTOR DELETE
[2022.11.16-02.01.09:572][537]LogEditorActor: Deleted Actor: StaticMeshActor
[2022.11.16-02.01.09:584][537]LogEditorActor: Deleted 1 Actors (0.013 secs)
[2022.11.16-02.01.09:964][560]LogEditorViewport: Clicking on Actor (LMB): StaticMeshActor (plane288)
[2022.11.16-02.01.10:055][564]Cmd: DELETE
[2022.11.16-02.01.10:055][564]Cmd: ACTOR DELETE
[2022.11.16-02.01.10:055][564]LogEditorActor: Deleted Actor: StaticMeshActor
[2022.11.16-02.01.10:067][564]LogEditorActor: Deleted 1 Actors (0.013 secs)
[2022.11.16-02.01.10:481][589]LogEditorViewport: Clicking on Actor (LMB): StaticMeshActor (plane289)
[2022.11.16-02.01.10:827][608]Cmd: DELETE
[2022.11.16-02.01.10:827][608]Cmd: ACTOR DELETE
[2022.11.16-02.01.10:828][608]LogEditorActor: Deleted Actor: StaticMeshActor
[2022.11.16-02.01.10:841][608]LogEditorActor: Deleted 1 Actors (0.013 secs)
[2022.11.16-02.01.18:212][ 48]LogScript: Warning: Accessed None trying to read property IsClearInstance
	BP_Anim_Award_C /Engine/Transient.World_4:PersistentLevel.BPAward_C_0.CharacterMesh0.BP_Anim_Award_C_0
	Function /Game/Animation/BP_Anim_Award.BP_Anim_Award_C:ExecuteUbergraph_BP_Anim_Award:00B1
[2022.11.16-02.01.18:212][ 48]LogScript: Warning: Accessed None trying to read property IsClearInstance
	BP_Anim_Award_C /Engine/Transient.World_4:PersistentLevel.BPAward_C_0.CharacterMesh0.BP_Anim_Award_C_0
	Function /Game/Animation/BP_Anim_Award.BP_Anim_Award_C:ExecuteUbergraph_BP_Anim_Award:01A5
[2022.11.16-02.01.22:323][294]LogActorFactory: Actor Factory created wall_box
[2022.11.16-02.01.24:672][435]LogActorFactory: Actor Factory created wall_box
[2022.11.16-02.01.37:329][192]LogEditorViewport: Clicking on Actor (LMB): StaticMeshActor (wall_box)
[2022.11.16-02.01.40:185][363]LogEditorViewport: Clicking on Actor (LMB): StaticMeshActor (plane305)
[2022.11.16-02.01.41:102][416]Cmd: DELETE
[2022.11.16-02.01.41:103][416]Cmd: ACTOR DELETE
[2022.11.16-02.01.41:103][416]LogEditorActor: Deleted Actor: StaticMeshActor
[2022.11.16-02.01.41:115][416]LogEditorActor: Deleted 1 Actors (0.013 secs)
[2022.11.16-02.01.41:906][464]LogEditorViewport: Clicking on Actor (LMB): StaticMeshActor (wall_box)
[2022.11.16-02.01.53:674][168]Cmd: TRANSACTION UNDO
[2022.11.16-02.01.53:674][168]LogEditorTransaction: Undo アクタ を移動
[2022.11.16-02.01.53:681][168]LogSlate: Took 0.000178 seconds to synchronously load lazily loaded font '../../../Engine/Content/Slate/Fonts/Roboto-Light.ttf' (159K)
[2022.11.16-02.01.54:010][188]Cmd: TRANSACTION UNDO
[2022.11.16-02.01.54:010][188]LogEditorTransaction: Undo アクタをクリック
[2022.11.16-02.01.54:399][211]Cmd: TRANSACTION UNDO
[2022.11.16-02.01.54:399][211]LogEditorTransaction: Undo アクタを削除
[2022.11.16-02.01.54:696][227]Cmd: TRANSACTION UNDO
[2022.11.16-02.01.54:696][227]LogEditorTransaction: Undo アクタをクリック
[2022.11.16-02.01.54:939][240]Cmd: TRANSACTION UNDO
[2022.11.16-02.01.54:939][240]LogEditorTransaction: Undo アクタ を移動
[2022.11.16-02.01.55:122][251]Cmd: TRANSACTION UNDO
[2022.11.16-02.01.55:122][251]LogEditorTransaction: Undo アクタをクリック
[2022.11.16-02.01.55:406][268]Cmd: TRANSACTION UNDO
[2022.11.16-02.01.55:406][268]LogEditorTransaction: Undo アクタ を移動
[2022.11.16-02.01.55:639][282]Cmd: TRANSACTION UNDO
[2022.11.16-02.01.55:639][282]LogEditorTransaction: Undo アクタ を移動
[2022.11.16-02.01.55:839][294]Cmd: TRANSACTION UNDO
[2022.11.16-02.01.55:839][294]LogEditorTransaction: Undo アクタ を移動
[2022.11.16-02.01.56:305][322]Cmd: TRANSACTION UNDO
[2022.11.16-02.01.56:305][322]LogEditorTransaction: Undo アクタ を移動
[2022.11.16-02.01.56:606][340]Cmd: TRANSACTION UNDO
[2022.11.16-02.01.56:606][340]LogEditorTransaction: Undo 複数のアクタを作成
[2022.11.16-02.02.15:826][493]LogEditorViewport: Clicking on Actor (LMB): StaticMeshActor (plane325)
[2022.11.16-02.02.44:241][183]Cmd: ACTOR MIRROR Y=-1
[2022.11.16-02.02.48:478][436]LogEditorViewport: Clicking on Actor (LMB): StaticMeshActor (plane340)
[2022.11.16-02.02.53:166][712]LogEditorViewport: Clicking on Actor (LMB): StaticMeshActor (plane345)
[2022.11.16-02.02.54:657][800]LogEditorViewport: Clicking on Actor (LMB): StaticMeshActor (plane230)
[2022.11.16-02.02.56:828][928]LogEditorViewport: Clicking on Actor (LMB): StaticMeshActor (plane336)
[2022.11.16-02.03.03:866][346]LogEditorViewport: Clicking on Actor (LMB): StaticMeshActor (plane345)
[2022.11.16-02.03.24:145][557]LogEditorViewport: Clicking on Actor (LMB): StaticMeshActor (plane347)
[2022.11.16-02.03.26:036][669]LogEditorViewport: Clicking on Actor (LMB): StaticMeshActor (plane262)
[2022.11.16-02.03.26:933][721]LogEditorViewport: Clicking on Actor (LMB): StaticMeshActor (plane347)
[2022.11.16-02.03.29:312][860]LogEditorViewport: Clicking on Actor (context menu): StaticMeshActor (plane349)
[2022.11.16-02.03.32:116][ 24]Cmd: ACTOR MIRROR X=-1
[2022.11.16-02.03.47:675][954]LogEditorViewport: Clicking on Actor (LMB): StaticMeshActor (plane343)
[2022.11.16-02.04.13:455][488]LogEditorViewport: Clicking on Actor (context menu): StaticMeshActor (plane350)
[2022.11.16-02.04.16:245][654]Cmd: ACTOR MIRROR Y=-1
[2022.11.16-02.04.23:985][113]LogEditorViewport: Clicking Background
[2022.11.16-02.04.27:747][338]LogEditorViewport: Clicking Background
[2022.11.16-02.04.46:992][486]LogEditorViewport: Clicking on Actor (LMB): StaticMeshActor (plane353)
[2022.11.16-02.04.49:619][641]LogEditorViewport: Clicking Background
[2022.11.16-02.04.51:953][781]LogEditorViewport: Clicking on Actor (LMB): StaticMeshActor (plane353)
[2022.11.16-02.05.17:042][275]LogEditorViewport: Clicking on Actor (LMB): StaticMeshActor (plane363)
[2022.11.16-02.05.17:872][323]Cmd: DELETE
[2022.11.16-02.05.17:872][323]Cmd: ACTOR DELETE
[2022.11.16-02.05.17:873][323]LogEditorActor: Deleted Actor: StaticMeshActor
[2022.11.16-02.05.17:886][323]LogEditorActor: Deleted 1 Actors (0.013 secs)
[2022.11.16-02.05.23:969][688]LogEditorViewport: Clicking on Actor (LMB): StaticMeshActor (plane342)
[2022.11.16-02.05.35:027][341]LogEditorViewport: Clicking on Actor (LMB): StaticMeshActor (plane363)
[2022.11.16-02.05.42:949][809]LogEditorViewport: Clicking on Actor (LMB): StaticMeshActor (plane368)
[2022.11.16-02.05.43:724][854]LogEditorViewport: Clicking on Actor (LMB): StaticMeshActor (plane370)
[2022.11.16-02.06.30:402][645]LogEditorViewport: Clicking on Actor (LMB): StaticMeshActor (plane324)
[2022.11.16-02.06.39:981][208]LogEditorViewport: Clicking on Actor (LMB): StaticMeshActor (plane377)
[2022.11.16-02.06.40:674][248]Cmd: DELETE
[2022.11.16-02.06.40:674][248]Cmd: ACTOR DELETE
[2022.11.16-02.06.40:675][248]LogEditorActor: Deleted Actor: StaticMeshActor
[2022.11.16-02.06.40:687][248]LogEditorActor: Deleted 1 Actors (0.013 secs)
[2022.11.16-02.06.45:862][559]LogEditorViewport: Clicking on Actor (LMB): StaticMeshActor (plane381)
[2022.11.16-02.06.53:666][ 19]LogEditorViewport: Clicking on Actor (context menu): StaticMeshActor (plane382)
[2022.11.16-02.06.55:926][150]Cmd: ACTOR MIRROR Y=-1
[2022.11.16-02.06.59:495][364]LogEditorViewport: Clicking on Actor (LMB): StaticMeshActor (plane385)
[2022.11.16-02.07.03:752][616]LogEditorViewport: Clicking on Actor (LMB): StaticMeshActor (plane382)
[2022.11.16-02.07.29:150][125]LogEditorViewport: Clicking on Actor (context menu): StaticMeshActor (plane393)
[2022.11.16-02.07.31:842][283]Cmd: ACTOR MIRROR X=-1
[2022.11.16-02.07.52:301][499]Cmd: ACTOR MIRROR X=-1
[2022.11.16-02.08.08:614][473]LogEditorViewport: Clicking on Actor (LMB): StaticMeshActor (plane404)
[2022.11.16-02.08.17:981][ 31]LogEditorViewport: Clicking on Actor (LMB): StaticMeshActor (plane397)
[2022.11.16-02.08.44:867][632]Cmd: TRANSACTION UNDO
[2022.11.16-02.08.44:867][632]LogEditorTransaction: Undo アクタ を移動
[2022.11.16-02.08.46:210][712]Cmd: TRANSACTION UNDO
[2022.11.16-02.08.46:210][712]LogEditorTransaction: Undo アクタ を回転
[2022.11.16-02.08.56:604][331]LogEditorViewport: Clicking on Actor (LMB): StaticMeshActor (plane414)
[2022.11.16-02.09.07:037][953]LogEditorViewport: Clicking on Actor (LMB): StaticMeshActor (plane404)
[2022.11.16-02.09.27:915][194]LogEditorViewport: Clicking on Actor (LMB): StaticMeshActor (plane415)
[2022.11.16-02.09.35:309][631]Cmd: ACTOR MIRROR X=-1
[2022.11.16-02.09.37:292][749]LogEditorViewport: Clicking on Actor (LMB): StaticMeshActor (plane402)
[2022.11.16-02.09.47:872][378]LogEditorViewport: Clicking on Actor (LMB): StaticMeshActor (plane420)
[2022.11.16-02.09.55:107][804]LogEditorViewport: Clicking on Actor (LMB): StaticMeshActor (plane427)
[2022.11.16-02.09.56:051][859]LogEditorViewport: Clicking on Actor (LMB): StaticMeshActor (plane424)
[2022.11.16-02.09.59:914][ 84]LogEditorViewport: Clicking on Actor (context menu): StaticMeshActor (plane429)
[2022.11.16-02.10.02:780][253]Cmd: ACTOR MIRROR Y=-1
[2022.11.16-02.10.06:191][453]LogEditorViewport: Clicking on Actor (LMB): StaticMeshActor (plane427)
[2022.11.16-02.10.12:819][847]LogEditorViewport: Clicking on Actor (LMB): StaticMeshActor (plane427)
[2022.11.16-02.10.13:227][870]LogEditorViewport: Clicking on Actor (LMB): StaticMeshActor (plane424)
[2022.11.16-02.10.20:335][291]LogEditorViewport: Clicking on Actor (context menu): StaticMeshActor (plane432)
[2022.11.16-02.10.23:249][463]Cmd: ACTOR MIRROR Y=-1
[2022.11.16-02.10.39:665][436]Cmd: ACTOR MIRROR X=-1
[2022.11.16-02.10.42:245][586]LogEditorViewport: Clicking on Actor (LMB): StaticMeshActor (plane437)
[2022.11.16-02.10.48:452][954]LogEditorViewport: Clicking on Actor (LMB): StaticMeshActor (plane434)
[2022.11.16-02.11.02:691][803]LogEditorViewport: Clicking on Actor (LMB): StaticMeshActor (plane407)
[2022.11.16-02.11.32:450][582]Cmd: OBJ SAVEPACKAGE PACKAGE="/Game/Map/Flore2" FILE="C:/Users/Owner/Documents/UE4_RPG/THE7/Saved/Autosaves/Game/Map/Flore2_Auto1.umap" SILENT=true AUTOSAVING=true KEEPDIRTY=false
[2022.11.16-02.11.32:853][582]LogSavePackage: Save=395.64ms
[2022.11.16-02.11.32:853][582]LogSavePackage: Moving 'C:/Users/Owner/Documents/UE4_RPG/THE7/Saved/Flore2_Auto16C17A0CC472659F8FC35B392D3ADA0D6.tmp' to 'C:/Users/Owner/Documents/UE4_RPG/THE7/Saved/Autosaves/Game/Map/Flore2_Auto1.umap'
[2022.11.16-02.11.32:855][582]LogSavePackage: Display: Finished SavePackage C:/Users/Owner/Documents/UE4_RPG/THE7/Saved/Autosaves/Game/Map/Flore2_Auto1.umap
[2022.11.16-02.11.32:857][582]LogFileHelpers: Editor autosave (incl. sublevels) for '/Game/Map/Flore2' took 0.422
[2022.11.16-02.11.32:857][582]LogFileHelpers: Editor autosave (incl. sublevels) for all levels took 0.422
[2022.11.16-02.11.46:956][252]Cmd: OBJ SAVEPACKAGE PACKAGE="/Game/Map/Flore2" FILE="C:/Users/Owner/Documents/UE4_RPG/THE7/Content/Map/Flore2.umap" SILENT=true AUTOSAVING=false KEEPDIRTY=false
[2022.11.16-02.11.47:366][252]LogSavePackage: Save=393.43ms
[2022.11.16-02.11.47:366][252]LogSavePackage: Moving 'C:/Users/Owner/Documents/UE4_RPG/THE7/Saved/Flore28B32A6A847CF25FF7340F1BE1679905E.tmp' to 'C:/Users/Owner/Documents/UE4_RPG/THE7/Content/Map/Flore2.umap'
[2022.11.16-02.11.47:369][252]LogSavePackage: Display: Finished SavePackage C:/Users/Owner/Documents/UE4_RPG/THE7/Content/Map/Flore2.umap
[2022.11.16-02.11.47:381][252]LogFileHelpers: Saving map 'Flore2' took 0.479
[2022.11.16-02.11.48:378][300]Cmd: QUIT_EDITOR
[2022.11.16-02.11.48:390][300]LogWindowsTextInputMethodSystem: Display: IME system now activated using TSF (Microsoft IME).
[2022.11.16-02.11.48:402][300]LogExit: Preparing to exit.
[2022.11.16-02.11.49:293][300]LogExit: Editor shut down
[2022.11.16-02.11.49:302][300]LogExit: Transaction tracking system shut down
[2022.11.16-02.11.49:468][300]LogDirectoryWatcher: A directory notification for '../../../Engine/Content/' was aborted.
[2022.11.16-02.11.49:468][300]LogDirectoryWatcher: A directory notification for 'C:/Users/Owner/Documents/UE4_RPG/THE7/Content/' was aborted.
[2022.11.16-02.11.49:468][300]LogDirectoryWatcher: A directory notification for '../../../Engine/Plugins/2D/Paper2D/Content/' was aborted.
[2022.11.16-02.11.49:468][300]LogDirectoryWatcher: A directory notification for '../../../Engine/Plugins/Runtime/Oculus/OculusVR/Content/' was aborted.
[2022.11.16-02.11.49:468][300]LogDirectoryWatcher: A directory notification for '../../../Engine/Plugins/Runtime/Steam/SteamVR/Content/' was aborted.
[2022.11.16-02.11.49:504][300]LogExit: Object subsystem successfully closed.
[2022.11.16-02.11.49:521][300]LogD3D11RHI: Shutdown
[2022.11.16-02.11.49:521][300]LogD3D11RHI: CleanupD3DDevice
[2022.11.16-02.11.49:629][300]LogD3D11RHI: ~FD3D11DynamicRHI
[2022.11.16-02.11.49:636][300]LogModuleManager: Shutting down and abandoning module HierarchicalLODOutliner (532)
[2022.11.16-02.11.49:636][300]LogModuleManager: Shutting down and abandoning module WorldBrowser (530)
[2022.11.16-02.11.49:636][300]LogModuleManager: Shutting down and abandoning module SceneOutliner (528)
[2022.11.16-02.11.49:636][300]LogModuleManager: Shutting down and abandoning module AddContentDialog (526)
[2022.11.16-02.11.49:636][300]LogDirectoryWatcher: A directory notification for 'D:/UE_4.17/FeaturePacks/' was aborted.
[2022.11.16-02.11.49:637][300]LogModuleManager: Shutting down and abandoning module WidgetCarousel (525)
[2022.11.16-02.11.49:637][300]LogModuleManager: Shutting down and abandoning module EditorWidgets (522)
[2022.11.16-02.11.49:637][300]LogModuleManager: Shutting down and abandoning module CollectionManager (520)
[2022.11.16-02.11.49:637][300]LogDirectoryWatcher: A directory notification for 'C:/Users/Owner/Documents/UE4_RPG/THE7/Content/Collections/' was aborted.
[2022.11.16-02.11.49:637][300]LogDirectoryWatcher: A directory notification for 'C:/Users/Owner/Documents/UE4_RPG/THE7/Content/Developers/Owner/Collections/' was aborted.
[2022.11.16-02.11.49:637][300]LogDirectoryWatcher: A directory notification for 'C:/Users/Owner/Documents/UE4_RPG/THE7/Saved/Collections/' was aborted.
[2022.11.16-02.11.49:637][300]LogModuleManager: Shutting down and abandoning module StatsViewer (518)
[2022.11.16-02.11.49:637][300]LogModuleManager: Shutting down and abandoning module FoliageEdit (516)
[2022.11.16-02.11.49:637][300]LogModuleManager: Shutting down and abandoning module LandscapeEditor (514)
[2022.11.16-02.11.49:637][300]LogModuleManager: Shutting down and abandoning module MeshPaintMode (512)
[2022.11.16-02.11.49:638][300]LogModuleManager: Shutting down and abandoning module SceneDepthPickerMode (510)
[2022.11.16-02.11.49:638][300]LogModuleManager: Shutting down and abandoning module ActorPickerMode (508)
[2022.11.16-02.11.49:638][300]LogModuleManager: Shutting down and abandoning module GeometryMode (506)
[2022.11.16-02.11.49:638][300]LogModuleManager: Shutting down and abandoning module TextureAlignMode (504)
[2022.11.16-02.11.49:638][300]LogModuleManager: Shutting down and abandoning module BspMode (502)
[2022.11.16-02.11.49:638][300]LogModuleManager: Shutting down and abandoning module PIEPreviewDeviceProfileSelector (500)
[2022.11.16-02.11.49:638][300]LogModuleManager: Shutting down and abandoning module HardwareSurvey (498)
[2022.11.16-02.11.49:638][300]LogModuleManager: Shutting down and abandoning module SequenceRecorderSections (496)
[2022.11.16-02.11.49:638][300]LogModuleManager: Shutting down and abandoning module AutomationWorker (494)
[2022.11.16-02.11.49:638][300]LogModuleManager: Shutting down and abandoning module MatineeToLevelSequence (492)
[2022.11.16-02.11.49:638][300]LogModuleManager: Shutting down and abandoning module LevelSequenceEditor (490)
[2022.11.16-02.11.49:638][300]LogModuleManager: Shutting down and abandoning module PlacementMode (489)
[2022.11.16-02.11.49:638][300]LogModuleManager: Shutting down and abandoning module WmfMediaFactory (486)
[2022.11.16-02.11.49:638][300]LogModuleManager: Shutting down and abandoning module WmfMediaEditor (484)
[2022.11.16-02.11.49:638][300]LogModuleManager: Shutting down and abandoning module AvfMediaFactory (482)
[2022.11.16-02.11.49:638][300]LogModuleManager: Shutting down and abandoning module AvfMediaEditor (480)
[2022.11.16-02.11.49:638][300]LogModuleManager: Shutting down and abandoning module AndroidMediaFactory (478)
[2022.11.16-02.11.49:638][300]LogModuleManager: Shutting down and abandoning module Media (477)
[2022.11.16-02.11.49:638][300]LogModuleManager: Shutting down and abandoning module AndroidMediaEditor (474)
[2022.11.16-02.11.49:638][300]LogModuleManager: Shutting down and abandoning module CharacterAI (472)
[2022.11.16-02.11.49:638][300]LogModuleManager: Shutting down and abandoning module AudioCapture (470)
[2022.11.16-02.11.49:638][300]LogModuleManager: Shutting down and abandoning module SequenceRecorder (469)
[2022.11.16-02.11.49:638][300]LogModuleManager: Shutting down and abandoning module SmartSnapping (466)
[2022.11.16-02.11.49:638][300]LogModuleManager: Shutting down and abandoning module SessionServices (464)
[2022.11.16-02.11.49:638][300]LogModuleManager: Shutting down and abandoning module ViewportSnapping (462)
[2022.11.16-02.11.49:638][300]LogModuleManager: Shutting down and abandoning module ViewportInteraction (460)
[2022.11.16-02.11.49:638][300]LogModuleManager: Shutting down and abandoning module ClothPainter (458)
[2022.11.16-02.11.49:638][300]LogModuleManager: Shutting down and abandoning module LogVisualizer (456)
[2022.11.16-02.11.49:638][300]LogModuleManager: Shutting down and abandoning module IntroTutorials (454)
[2022.11.16-02.11.49:638][300]LogModuleManager: Shutting down and abandoning module GameProjectGeneration (453)
[2022.11.16-02.11.49:638][300]LogModuleManager: Shutting down and abandoning module IOSPlatformEditor (450)
[2022.11.16-02.11.49:638][300]LogModuleManager: Shutting down and abandoning module HTML5PlatformEditor (448)
[2022.11.16-02.11.49:638][300]LogModuleManager: Shutting down and abandoning module AndroidPlatformEditor (446)
[2022.11.16-02.11.49:638][300]LogModuleManager: Shutting down and abandoning module AndroidDeviceDetection (445)
[2022.11.16-02.11.50:259][300]LogModuleManager: Shutting down and abandoning module WindowsPlatformEditor (442)
[2022.11.16-02.11.50:259][300]LogModuleManager: Shutting down and abandoning module IOSRuntimeSettings (440)
[2022.11.16-02.11.50:259][300]LogModuleManager: Shutting down and abandoning module AndroidRuntimeSettings (438)
[2022.11.16-02.11.50:259][300]LogModuleManager: Shutting down and abandoning module InputBindingEditor (436)
[2022.11.16-02.11.50:259][300]LogModuleManager: Shutting down and abandoning module MergeActors (434)
[2022.11.16-02.11.50:259][300]LogModuleManager: Shutting down and abandoning module SizeMap (432)
[2022.11.16-02.11.50:259][300]LogModuleManager: Shutting down and abandoning module TreeMap (430)
[2022.11.16-02.11.50:260][300]LogModuleManager: Shutting down and abandoning module ReferenceViewer (428)
[2022.11.16-02.11.50:260][300]LogModuleManager: Shutting down and abandoning module LocalizationDashboard (426)
[2022.11.16-02.11.50:260][300]LogModuleManager: Shutting down and abandoning module LocalizationService (425)
[2022.11.16-02.11.50:260][300]LogModuleManager: Shutting down and abandoning module HardwareTargeting (422)
[2022.11.16-02.11.50:260][300]LogModuleManager: Shutting down and abandoning module DeviceProfileEditor (420)
[2022.11.16-02.11.50:260][300]LogModuleManager: Shutting down and abandoning module UndoHistory (418)
[2022.11.16-02.11.50:260][300]LogModuleManager: Shutting down and abandoning module XmlParser (416)
[2022.11.16-02.11.50:260][300]LogModuleManager: Shutting down and abandoning module Blutility (414)
[2022.11.16-02.11.50:260][300]LogModuleManager: Shutting down and abandoning module ProjectSettingsViewer (412)
[2022.11.16-02.11.50:260][300]LogModuleManager: Shutting down and abandoning module ProjectTargetPlatformEditor (411)
[2022.11.16-02.11.50:260][300]LogModuleManager: Shutting down and abandoning module EditorSettingsViewer (408)
[2022.11.16-02.11.50:260][300]LogModuleManager: Shutting down and abandoning module SettingsEditor (406)
[2022.11.16-02.11.50:260][300]LogModuleManager: Shutting down and abandoning module ProjectLauncher (404)
[2022.11.16-02.11.50:260][300]LogModuleManager: Shutting down and abandoning module SessionFrontend (402)
[2022.11.16-02.11.50:260][300]LogModuleManager: Shutting down and abandoning module ProfilerClient (400)
[2022.11.16-02.11.50:260][300]LogModuleManager: Shutting down and abandoning module DeviceManager (398)
[2022.11.16-02.11.50:260][300]LogModuleManager: Shutting down and abandoning module TargetDeviceServices (397)
[2022.11.16-02.11.50:314][300]LogModuleManager: Shutting down and abandoning module AutomationController (394)
[2022.11.16-02.11.50:314][300]LogModuleManager: Shutting down and abandoning module AutomationWindow (392)
[2022.11.16-02.11.50:314][300]LogModuleManager: Shutting down and abandoning module Layers (390)
[2022.11.16-02.11.50:314][300]LogModuleManager: Shutting down and abandoning module ComponentVisualizers (388)
[2022.11.16-02.11.50:314][300]LogModuleManager: Shutting down and abandoning module DetailCustomizations (386)
[2022.11.16-02.11.50:314][300]LogModuleManager: Shutting down and abandoning module PackagesDialog (384)
[2022.11.16-02.11.50:314][300]LogModuleManager: Shutting down and abandoning module Persona (382)
[2022.11.16-02.11.50:314][300]LogModuleManager: Shutting down and abandoning module AdvancedPreviewScene (381)
[2022.11.16-02.11.50:314][300]LogModuleManager: Shutting down and abandoning module AnimGraph (379)
[2022.11.16-02.11.50:314][300]LogModuleManager: Shutting down and abandoning module Kismet (376)
[2022.11.16-02.11.50:315][300]LogModuleManager: Shutting down and abandoning module ClassViewer (374)
[2022.11.16-02.11.50:315][300]LogModuleManager: Shutting down and abandoning module Toolbox (372)
[2022.11.16-02.11.50:315][300]LogModuleManager: Shutting down and abandoning module ModuleUI (370)
[2022.11.16-02.11.50:315][300]LogModuleManager: Shutting down and abandoning module MovieSceneTools (368)
[2022.11.16-02.11.50:315][300]LogModuleManager: Shutting down and abandoning module OutputLog (366)
[2022.11.16-02.11.50:315][300]LogModuleManager: Shutting down and abandoning module GammaUI (364)
[2022.11.16-02.11.50:315][300]LogModuleManager: Shutting down and abandoning module Documentation (362)
[2022.11.16-02.11.50:315][300]LogModuleManager: Shutting down and abandoning module MovieSceneTracks (360)
[2022.11.16-02.11.50:315][300]LogModuleManager: Shutting down and abandoning module MovieScene (358)
[2022.11.16-02.11.50:315][300]LogModuleManager: Shutting down and abandoning module Niagara (356)
[2022.11.16-02.11.50:315][300]LogModuleManager: Shutting down and abandoning module NiagaraEditor (355)
[2022.11.16-02.11.50:315][300]LogModuleManager: Shutting down and abandoning module StreamingPauseRendering (352)
[2022.11.16-02.11.50:315][300]LogModuleManager: Shutting down and abandoning module LauncherPlatform (350)
[2022.11.16-02.11.50:315][300]LogModuleManager: Shutting down and abandoning module AnalyticsET (348)
[2022.11.16-02.11.50:315][300]LogModuleManager: Shutting down and abandoning module PortalServices (346)
[2022.11.16-02.11.50:315][300]LogModuleManager: Shutting down and abandoning module PortalRpc (344)
[2022.11.16-02.11.50:315][300]LogModuleManager: Shutting down and abandoning module MessagingRpc (342)
[2022.11.16-02.11.50:315][300]LogModuleManager: Shutting down and abandoning module AIModule (340)
[2022.11.16-02.11.50:315][300]LogModuleManager: Shutting down and abandoning module GameplayDebugger (339)
[2022.11.16-02.11.50:315][300]LogModuleManager: Shutting down and abandoning module AITestSuite (337)
[2022.11.16-02.11.50:315][300]LogModuleManager: Shutting down and abandoning module ProfilerService (334)
[2022.11.16-02.11.50:392][300]LogModuleManager: Shutting down and abandoning module TaskGraph (332)
[2022.11.16-02.11.50:392][300]LogModuleManager: Shutting down and abandoning module SteamVRController (330)
[2022.11.16-02.11.50:392][300]LogModuleManager: Shutting down and abandoning module ProceduralMeshComponentEditor (328)
[2022.11.16-02.11.50:392][300]LogModuleManager: Shutting down and abandoning module ProceduralMeshComponent (326)
[2022.11.16-02.11.50:392][300]LogModuleManager: Shutting down and abandoning module OculusInput (324)
[2022.11.16-02.11.50:392][300]LogModuleManager: Shutting down and abandoning module MobilePatchingUtils (322)
[2022.11.16-02.11.50:392][300]LogModuleManager: Shutting down and abandoning module CustomMeshComponent (320)
[2022.11.16-02.11.50:392][300]LogModuleManager: Shutting down and abandoning module CableComponent (318)
[2022.11.16-02.11.50:392][300]LogModuleManager: Shutting down and abandoning module ArchVisCharacter (316)
[2022.11.16-02.11.50:392][300]LogModuleManager: Shutting down and abandoning module AndroidPermission (314)
[2022.11.16-02.11.50:392][300]LogModuleManager: Shutting down and abandoning module MediaPlayerEditor (310)
[2022.11.16-02.11.50:392][300]LogModuleManager: Shutting down and abandoning module HTML5Networking (308)
[2022.11.16-02.11.50:393][300]LogModuleManager: Shutting down and abandoning module AlembicImporter (306)
[2022.11.16-02.11.50:393][300]LogModuleManager: Shutting down and abandoning module AlembicLibrary (305)
[2022.11.16-02.11.50:393][300]LogModuleManager: Shutting down and abandoning module GeometryCache (304)
[2022.11.16-02.11.50:393][300]LogModuleManager: Shutting down and abandoning module GeometryCacheEd (303)
[2022.11.16-02.11.50:393][300]LogModuleManager: Shutting down and abandoning module SpeedTreeImporter (298)
[2022.11.16-02.11.50:393][300]LogModuleManager: Shutting down and abandoning module PluginBrowser (296)
[2022.11.16-02.11.50:393][300]LogModuleManager: Shutting down and abandoning module MobileLauncherProfileWizard (294)
[2022.11.16-02.11.50:393][300]LogModuleManager: Shutting down and abandoning module VisualStudioSourceCodeAccess (292)
[2022.11.16-02.11.50:393][300]LogModuleManager: Shutting down and abandoning module DesktopPlatform (291)
[2022.11.16-02.11.50:393][300]LogModuleManager: Shutting down and abandoning module UObjectPlugin (288)
[2022.11.16-02.11.50:393][300]LogModuleManager: Shutting down and abandoning module SubversionSourceControl (286)
[2022.11.16-02.11.50:393][300]LogModuleManager: Shutting down and abandoning module PerforceSourceControl (284)
[2022.11.16-02.11.50:393][300]LogModuleManager: Shutting down and abandoning module GitSourceControl (282)
[2022.11.16-02.11.50:393][300]LogModuleManager: Shutting down and abandoning module SourceControl (281)
[2022.11.16-02.11.50:393][300]LogModuleManager: Shutting down and abandoning module LightPropagationVolumeEditor (278)
[2022.11.16-02.11.50:393][300]LogModuleManager: Shutting down and abandoning module PaperTiledImporter (276)
[2022.11.16-02.11.50:393][300]LogModuleManager: Shutting down and abandoning module PaperSpriteSheetImporter (274)
[2022.11.16-02.11.50:393][300]LogModuleManager: Shutting down and abandoning module Paper2DEditor (272)
[2022.11.16-02.11.50:393][300]LogModuleManager: Shutting down and abandoning module MeshPaint (271)
[2022.11.16-02.11.50:393][300]LogModuleManager: Shutting down and abandoning module LevelEditor (269)
[2022.11.16-02.11.50:394][300]LogModuleManager: Shutting down and abandoning module PixelInspectorModule (268)
[2022.11.16-02.11.50:394][300]LogModuleManager: Shutting down and abandoning module MainFrame (266)
[2022.11.16-02.11.50:394][300]LogModuleManager: Shutting down and abandoning module HotReload (265)
[2022.11.16-02.11.50:394][300]LogModuleManager: Shutting down and abandoning module RuntimePhysXCooking (260)
[2022.11.16-02.11.50:394][300]LogModuleManager: Shutting down and abandoning module PhysXVehiclesEditor (258)
[2022.11.16-02.11.50:394][300]LogModuleManager: Shutting down and abandoning module PhysXVehicles (256)
[2022.11.16-02.11.50:394][300]LogModuleManager: Shutting down and abandoning module OculusEditor (254)
[2022.11.16-02.11.50:394][300]LogModuleManager: Shutting down and abandoning module LocationServicesBPLibrary (252)
[2022.11.16-02.11.50:394][300]LogModuleManager: Shutting down and abandoning module ImmediatePhysicsEditor (250)
[2022.11.16-02.11.50:394][300]LogModuleManager: Shutting down and abandoning module ImmediatePhysics (248)
[2022.11.16-02.11.50:394][300]LogModuleManager: Shutting down and abandoning module UdpMessaging (246)
[2022.11.16-02.11.50:496][300]LogModuleManager: Shutting down and abandoning module TcpMessaging (244)
[2022.11.16-02.11.50:596][300]LogModuleManager: Shutting down and abandoning module GameplayTagsEditor (242)
[2022.11.16-02.11.50:596][300]LogModuleManager: Shutting down and abandoning module FacialAnimationEditor (240)
[2022.11.16-02.11.50:596][300]LogModuleManager: Shutting down and abandoning module FacialAnimation (238)
[2022.11.16-02.11.50:596][300]LogModuleManager: Shutting down and abandoning module AssetManagerEditor (236)
[2022.11.16-02.11.50:596][300]LogModuleManager: Shutting down and abandoning module GraphEditor (235)
[2022.11.16-02.11.50:596][300]LogModuleManager: Shutting down and abandoning module ContentBrowser (233)
[2022.11.16-02.11.50:597][300]LogModuleManager: Shutting down and abandoning module LightPropagationVolumeRuntime (230)
[2022.11.16-02.11.50:597][300]LogModuleManager: Shutting down and abandoning module Paper2D (228)
[2022.11.16-02.11.50:597][300]LogModuleManager: Shutting down and abandoning module WindowsMoviePlayer (226)
[2022.11.16-02.11.50:597][300]LogModuleManager: Shutting down and abandoning module WmfMedia (224)
[2022.11.16-02.11.50:598][300]LogModuleManager: Shutting down and abandoning module PacketHandler (222)
[2022.11.16-02.11.50:598][300]LogModuleManager: Shutting down and abandoning module ClothingSystemEditor (220)
[2022.11.16-02.11.50:598][300]LogModuleManager: Shutting down and abandoning module ClothingSystemRuntime (218)
[2022.11.16-02.11.50:598][300]LogModuleManager: Shutting down and abandoning module Overlay (216)
[2022.11.16-02.11.50:598][300]LogModuleManager: Shutting down and abandoning module OverlayEditor (215)
[2022.11.16-02.11.50:598][300]LogModuleManager: Shutting down and abandoning module MediaAssets (212)
[2022.11.16-02.11.50:598][300]LogModuleManager: Shutting down and abandoning module VREditor (210)
[2022.11.16-02.11.50:598][300]LogModuleManager: Shutting down and abandoning module StringTableEditor (208)
[2022.11.16-02.11.50:598][300]LogModuleManager: Shutting down and abandoning module GameplayTasksEditor (206)
[2022.11.16-02.11.50:598][300]LogModuleManager: Shutting down and abandoning module BehaviorTreeEditor (204)
[2022.11.16-02.11.50:598][300]LogModuleManager: Shutting down and abandoning module FunctionalTesting (202)
[2022.11.16-02.11.50:598][300]LogModuleManager: Shutting down and abandoning module CollisionAnalyzer (200)
[2022.11.16-02.11.50:598][300]LogModuleManager: Shutting down and abandoning module WorkspaceMenuStructure (199)
[2022.11.16-02.11.50:598][300]LogModuleManager: Shutting down and abandoning module UMG (196)
[2022.11.16-02.11.50:598][300]LogModuleManager: Shutting down and abandoning module UMGEditor (195)
[2022.11.16-02.11.50:598][300]LogModuleManager: Shutting down and abandoning module Sequencer (194)
[2022.11.16-02.11.50:598][300]LogModuleManager: Shutting down and abandoning module MessageLog (191)
[2022.11.16-02.11.50:598][300]LogModuleManager: Shutting down and abandoning module SlateReflector (186)
[2022.11.16-02.11.50:598][300]LogModuleManager: Shutting down and abandoning module Slate (184)
[2022.11.16-02.11.50:598][300]LogModuleManager: Shutting down and abandoning module EditorStyle (182)
[2022.11.16-02.11.50:600][300]LogModuleManager: Shutting down and abandoning module MRMesh (180)
[2022.11.16-02.11.50:600][300]LogModuleManager: Shutting down and abandoning module SourceCodeAccess (178)
[2022.11.16-02.11.50:600][300]LogModuleManager: Shutting down and abandoning module HeadMountedDisplay (176)
[2022.11.16-02.11.50:600][300]LogModuleManager: Shutting down and abandoning module XAudio2 (174)
[2022.11.16-02.11.50:600][300]LogModuleManager: Shutting down and abandoning module Networking (172)
[2022.11.16-02.11.50:600][300]LogModuleManager: Shutting down and abandoning module Core (168)
[2022.11.16-02.11.50:600][300]LogModuleManager: Shutting down and abandoning module KismetCompiler (164)
[2022.11.16-02.11.50:600][300]LogModuleManager: Shutting down and abandoning module LevelSequence (162)
[2022.11.16-02.11.50:600][300]LogModuleManager: Shutting down and abandoning module MeshUtilities (160)
[2022.11.16-02.11.50:600][300]LogModuleManager: Shutting down and abandoning module MeshMergeUtilities (159)
[2022.11.16-02.11.50:600][300]LogModuleManager: Shutting down and abandoning module MeshReductionInterface (158)
[2022.11.16-02.11.50:600][300]LogModuleManager: Shutting down and abandoning module SimplygonSwarm (157)
[2022.11.16-02.11.50:600][300]LogModuleManager: Shutting down and abandoning module SimplygonMeshReduction (155)
[2022.11.16-02.11.50:600][300]LogModuleManager: Shutting down and abandoning module QuadricMeshReduction (153)
[2022.11.16-02.11.50:600][300]LogModuleManager: Shutting down and abandoning module MaterialBaking (149)
[2022.11.16-02.11.50:600][300]LogModuleManager: Shutting down and abandoning module DirectoryWatcher (146)
[2022.11.16-02.11.50:602][300]LogModuleManager: Shutting down and abandoning module DerivedDataCache (144)
[2022.11.16-02.11.50:617][300]LogDerivedDataCache: Shutdown
[2022.11.16-02.11.50:617][300]LogModuleManager: Shutting down and abandoning module TargetPlatform (142)
[2022.11.16-02.11.50:617][300]LogModuleManager: Shutting down and abandoning module VulkanShaderFormat (141)
[2022.11.16-02.11.50:617][300]LogModuleManager: Shutting down and abandoning module ShaderFormatVectorVM (139)
[2022.11.16-02.11.50:617][300]LogModuleManager: Shutting down and abandoning module ShaderFormatOpenGL (137)
[2022.11.16-02.11.50:617][300]LogModuleManager: Shutting down and abandoning module ShaderFormatD3D (135)
[2022.11.16-02.11.50:617][300]LogModuleManager: Shutting down and abandoning module MetalShaderFormat (133)
[2022.11.16-02.11.50:617][300]LogModuleManager: Shutting down and abandoning module TextureFormatUncompressed (131)
[2022.11.16-02.11.50:617][300]LogModuleManager: Shutting down and abandoning module TextureFormatPVR (129)
[2022.11.16-02.11.50:618][300]LogModuleManager: Shutting down and abandoning module TextureFormatDXT (127)
[2022.11.16-02.11.50:618][300]LogModuleManager: Shutting down and abandoning module TextureFormatIntelISPCTexComp (125)
[2022.11.16-02.11.50:618][300]LogModuleManager: Shutting down and abandoning module TextureFormatASTC (123)
[2022.11.16-02.11.50:618][300]LogModuleManager: Shutting down and abandoning module ImageWrapper (122)
[2022.11.16-02.11.50:618][300]LogModuleManager: Shutting down and abandoning module TextureFormatAndroid (119)
[2022.11.16-02.11.50:618][300]LogModuleManager: Shutting down and abandoning module AudioFormatOpus (117)
[2022.11.16-02.11.50:618][300]LogModuleManager: Shutting down and abandoning module AudioFormatOgg (115)
[2022.11.16-02.11.50:618][300]LogModuleManager: Shutting down and abandoning module AudioFormatADPCM (113)
[2022.11.16-02.11.50:618][300]LogModuleManager: Shutting down and abandoning module LinuxTargetPlatform (111)
[2022.11.16-02.11.50:618][300]LogModuleManager: Shutting down and abandoning module LinuxServerTargetPlatform (109)
[2022.11.16-02.11.50:618][300]LogModuleManager: Shutting down and abandoning module LinuxNoEditorTargetPlatform (107)
[2022.11.16-02.11.50:618][300]LogModuleManager: Shutting down and abandoning module LinuxClientTargetPlatform (105)
[2022.11.16-02.11.50:618][300]LogModuleManager: Shutting down and abandoning module TVOSTargetPlatform (103)
[2022.11.16-02.11.50:618][300]LogModuleManager: Shutting down and abandoning module Messaging (101)
[2022.11.16-02.11.50:618][300]LogModuleManager: Shutting down and abandoning module IOSTargetPlatform (99)
[2022.11.16-02.11.50:618][300]LogModuleManager: Shutting down and abandoning module HTML5TargetPlatform (97)
[2022.11.16-02.11.50:618][300]LogModuleManager: Shutting down and abandoning module Android_PVRTCTargetPlatform (95)
[2022.11.16-02.11.50:618][300]LogModuleManager: Shutting down and abandoning module Android_MultiTargetPlatform (93)
[2022.11.16-02.11.50:618][300]LogModuleManager: Shutting down and abandoning module Android_ETC2TargetPlatform (91)
[2022.11.16-02.11.50:618][300]LogModuleManager: Shutting down and abandoning module Android_ETC1TargetPlatform (89)
[2022.11.16-02.11.50:618][300]LogModuleManager: Shutting down and abandoning module Android_DXTTargetPlatform (87)
[2022.11.16-02.11.50:618][300]LogModuleManager: Shutting down and abandoning module Android_ATCTargetPlatform (85)
[2022.11.16-02.11.50:618][300]LogModuleManager: Shutting down and abandoning module Android_ASTCTargetPlatform (83)
[2022.11.16-02.11.50:618][300]LogModuleManager: Shutting down and abandoning module AndroidTargetPlatform (81)
[2022.11.16-02.11.50:618][300]LogModuleManager: Shutting down and abandoning module WindowsTargetPlatform (79)
[2022.11.16-02.11.50:618][300]LogModuleManager: Shutting down and abandoning module WindowsServerTargetPlatform (77)
[2022.11.16-02.11.50:618][300]LogModuleManager: Shutting down and abandoning module WindowsNoEditorTargetPlatform (75)
[2022.11.16-02.11.50:618][300]LogModuleManager: Shutting down and abandoning module WindowsClientTargetPlatform (73)
[2022.11.16-02.11.50:618][300]LogModuleManager: Shutting down and abandoning module MacTargetPlatform (71)
[2022.11.16-02.11.50:618][300]LogModuleManager: Shutting down and abandoning module MacServerTargetPlatform (69)
[2022.11.16-02.11.50:618][300]LogModuleManager: Shutting down and abandoning module MacNoEditorTargetPlatform (67)
[2022.11.16-02.11.50:618][300]LogModuleManager: Shutting down and abandoning module MacClientTargetPlatform (65)
[2022.11.16-02.11.50:618][300]LogModuleManager: Shutting down and abandoning module AllDesktopTargetPlatform (63)
[2022.11.16-02.11.50:618][300]LogModuleManager: Shutting down and abandoning module InputCore (60)
[2022.11.16-02.11.50:618][300]LogModuleManager: Shutting down and abandoning module Settings (58)
[2022.11.16-02.11.50:618][300]LogModuleManager: Shutting down and abandoning module PhysXCooking (56)
[2022.11.16-02.11.50:618][300]LogModuleManager: Shutting down and abandoning module SteamVR (54)
[2022.11.16-02.11.50:618][300]LogModuleManager: Shutting down and abandoning module OculusHMD (52)
[2022.11.16-02.11.50:618][300]LogModuleManager: Shutting down and abandoning module ExampleDeviceProfileSelector (50)
[2022.11.16-02.11.50:618][300]LogModuleManager: Shutting down and abandoning module OnlineBlueprintSupport (48)
[2022.11.16-02.11.50:618][300]LogModuleManager: Shutting down and abandoning module OnlineSubsystem (44)
[2022.11.16-02.11.50:618][300]LogOnline: Display: Unloading online subsystem: NULL
[2022.11.16-02.11.50:618][300]LogModuleManager: Shutting down and abandoning module XMPP (43)
[2022.11.16-02.11.50:618][300]LogModuleManager: Shutting down and abandoning module HTTP (41)
[2022.11.16-02.11.50:618][300]LogHttp: Display: Http module shutting down, but needs to wait on 1 outstanding Http requests:
[2022.11.16-02.11.50:618][300]LogHttp: Display: 	verb=[POST] url=[https://datarouter.ol.epicgames.com/datarouter/api/v1/public/data?SessionID=%7B5CDA3354-4E1E-E448-54DA-6884AA8C40A0%7D&AppID=UEEditor.Rocket.Release&AppVersion=4.17.2-3658906%2B%2B%2BUE4%2BRelease-4.17&UserID=ae805a914356b2aa000f63a0edcc236c%7Cd81addf00e464976a83f59091fc25d80%7C79aa7d22-b9f4-4679-ac0a-24b08774ed4c&AppEnvironment=datacollector-binary&UploadType=eteventstream] status=Processing
[2022.11.16-02.11.50:642][300]LogModuleManager: Shutting down and abandoning module SSL (40)
[2022.11.16-02.11.50:643][300]LogModuleManager: Shutting down and abandoning module AnimationModifiers (36)
[2022.11.16-02.11.50:643][300]LogModuleManager: Shutting down and abandoning module PropertyEditor (35)
[2022.11.16-02.11.50:643][300]LogModuleManager: Shutting down and abandoning module AudioEditor (32)
[2022.11.16-02.11.50:643][300]LogModuleManager: Shutting down and abandoning module TextureCompressor (30)
[2022.11.16-02.11.50:643][300]LogModuleManager: Shutting down and abandoning module ShaderCore (28)
[2022.11.16-02.11.50:643][300]LogModuleManager: Shutting down and abandoning module Landscape (26)
[2022.11.16-02.11.50:643][300]LogModuleManager: Shutting down and abandoning module SlateRHIRenderer (24)
[2022.11.16-02.11.50:645][300]LogModuleManager: Shutting down and abandoning module OpenGLDrv (22)
[2022.11.16-02.11.50:645][300]LogModuleManager: Shutting down and abandoning module D3D11RHI (20)
[2022.11.16-02.11.50:645][300]LogModuleManager: Shutting down and abandoning module AnimGraphRuntime (18)
[2022.11.16-02.11.50:645][300]LogModuleManager: Shutting down and abandoning module Renderer (16)
[2022.11.16-02.11.50:645][300]LogModuleManager: Shutting down and abandoning module Engine (14)
[2022.11.16-02.11.50:645][300]LogModuleManager: Shutting down and abandoning module CoreUObject (12)
[2022.11.16-02.11.50:645][300]LogModuleManager: Shutting down and abandoning module NetworkFile (10)
[2022.11.16-02.11.50:645][300]LogModuleManager: Shutting down and abandoning module CookedIterativeFile (8)
[2022.11.16-02.11.50:645][300]LogModuleManager: Shutting down and abandoning module StreamingFile (6)
[2022.11.16-02.11.50:645][300]LogModuleManager: Shutting down and abandoning module SandboxFile (4)
[2022.11.16-02.11.50:645][300]LogModuleManager: Shutting down and abandoning module PakFile (2)
[2022.11.16-02.11.50:649][300]LogExit: Exiting.
[2022.11.16-02.11.50:655][300]Log file closed, 11/16/22 11:11:50
