Log file open, 11/22/22 09:23:26
LogWindows: Failed to load 'aqProf.dll' (GetLastError=126)
LogWindows: File 'aqProf.dll' does not exist
LogWindows: Failed to load 'VSPerf140.dll' (GetLastError=126)
LogWindows: File 'VSPerf140.dll' does not exist
LogWindows: Failed to load 'VtuneApi.dll' (GetLastError=126)
LogWindows: File 'VtuneApi.dll' does not exist
LogWindows: Failed to load 'VtuneApi32e.dll' (GetLastError=126)
LogWindows: File 'VtuneApi32e.dll' does not exist
LogInit: Display: Running engine for game: THE7
LogPlatformFile: Not using cached read wrapper
LogInit: Display: RandInit(499791897) SRandInit(499791897).
LogTaskGraph: Started task graph with 5 named threads and 20 total threads with 3 sets of task threads.
LogStats: Stats thread started at 0.434014
LogD3D11RHI: Aftermath initialized
LogPluginManager: Mounting plugin Paper2D
LogPluginManager: Mounting plugin LightPropagationVolume
LogPluginManager: Mounting plugin CodeLiteSourceCodeAccess
LogPluginManager: Mounting plugin GitSourceControl
LogPluginManager: Mounting plugin KDevelopSourceCodeAccess
LogPluginManager: Mounting plugin NullSourceCodeAccess
LogPluginManager: Mounting plugin PerforceSourceControl
LogPluginManager: Mounting plugin SubversionSourceControl
LogPluginManager: Mounting plugin UObjectPlugin
LogPluginManager: Mounting plugin VisualStudioSourceCodeAccess
LogPluginManager: Mounting plugin XCodeSourceCodeAccess
LogPluginManager: Mounting plugin AssetManagerEditor
LogPluginManager: Mounting plugin AudioCapture
LogPluginManager: Mounting plugin FacialAnimation
LogPluginManager: Mounting plugin GameplayTagsEditor
LogPluginManager: Mounting plugin MobileLauncherProfileWizard
LogPluginManager: Mounting plugin PluginBrowser
LogPluginManager: Mounting plugin SpeedTreeImporter
LogPluginManager: Mounting plugin AlembicImporter
LogPluginManager: Mounting plugin CharacterAI
LogPluginManager: Mounting plugin HTML5Networking
LogPluginManager: Mounting plugin AndroidMedia
LogPluginManager: Mounting plugin AvfMedia
LogPluginManager: Mounting plugin MediaPlayerEditor
LogPluginManager: Mounting plugin WmfMedia
LogPluginManager: Mounting plugin TcpMessaging
LogPluginManager: Mounting plugin UdpMessaging
LogPluginManager: Mounting plugin LevelSequenceEditor
LogPluginManager: Mounting plugin MatineeToLevelSequence
LogPluginManager: Mounting plugin OnlineSubsystemGooglePlay
LogPluginManager: Mounting plugin OnlineSubsystemIOS
LogPluginManager: Mounting plugin OnlineSubsystem
LogPluginManager: Mounting plugin OnlineSubsystemNull
LogPluginManager: Mounting plugin OnlineSubsystemUtils
LogPluginManager: Mounting plugin AndroidDeviceProfileSelector
LogPluginManager: Mounting plugin AndroidMoviePlayer
LogPluginManager: Mounting plugin AndroidPermission
LogPluginManager: Mounting plugin AppleMoviePlayer
LogPluginManager: Mounting plugin ArchVisCharacter
LogPluginManager: Mounting plugin CableComponent
LogPluginManager: Mounting plugin CustomMeshComponent
LogPluginManager: Mounting plugin ExampleDeviceProfileSelector
LogPluginManager: Mounting plugin GoogleCloudMessaging
LogPluginManager: Mounting plugin ImmediatePhysics
LogPluginManager: Mounting plugin IOSDeviceProfileSelector
LogPluginManager: Mounting plugin LinuxDeviceProfileSelector
LogPluginManager: Mounting plugin LocationServicesBPLibrary
LogPluginManager: Mounting plugin MobilePatchingUtils
LogPluginManager: Mounting plugin OculusVR
LogPluginManager: Mounting plugin PhysXVehicles
LogPluginManager: Mounting plugin ProceduralMeshComponent
LogPluginManager: Mounting plugin RuntimePhysXCooking
LogPluginManager: Mounting plugin SteamVR
LogPluginManager: Mounting plugin WindowsMoviePlayer
LogInit: Using libcurl 7.47.1
LogInit:  - built for x86_64-pc-win32
LogInit:  - supports SSL with OpenSSL/1.0.2g
LogInit:  - supports HTTP deflate (compression) using libz 1.2.8
LogInit:  - other features:
LogInit:      CURL_VERSION_SSL
LogInit:      CURL_VERSION_LIBZ
LogInit:      CURL_VERSION_IPV6
LogInit:      CURL_VERSION_ASYNCHDNS
LogInit:      CURL_VERSION_LARGEFILE
LogInit:      CURL_VERSION_IDN
LogInit:  CurlRequestOptions (configurable via config and command line):
LogInit:  - bVerifyPeer = false  - Libcurl will NOT verify peer certificate
LogInit:  - bUseHttpProxy = false  - Libcurl will NOT use HTTP proxy
LogInit:  - bDontReuseConnections = false  - Libcurl will reuse connections
LogInit:  - CertBundlePath = nullptr  - Libcurl will use whatever was configured at build time.
LogInit: Build: ++UE4+Release-4.17-CL-3658906
LogInit: Engine Version: 4.17.2-3658906+++UE4+Release-4.17
LogInit: Compatible Engine Version: 4.17.0-3573198+++UE4+Release-4.17
LogInit: Net CL: 3573198
LogDevObjectVersion: Number of dev versions registered: 16
LogDevObjectVersion:   Dev-Blueprints (B0D832E4-1F89-4F0D-ACCF-7EB736FD4AA2): 10
LogDevObjectVersion:   Dev-Build (E1C64328-A22C-4D53-A36C-8E866417BD8C): 0
LogDevObjectVersion:   Dev-Core (375EC13C-06E4-48FB-B500-84F0262A717E): 2
LogDevObjectVersion:   Dev-Editor (E4B068ED-F494-42E9-A231-DA0B2E46BB41): 20
LogDevObjectVersion:   Dev-Framework (CFFC743F-43B0-4480-9391-14DF171D2073): 28
LogDevObjectVersion:   Dev-Mobile (B02B49B5-BB20-44E9-A304-32B752E40360): 0
LogDevObjectVersion:   Dev-Networking (A4E4105C-59A1-49B5-A7C5-40C4547EDFEE): 0
LogDevObjectVersion:   Dev-Online (39C831C9-5AE6-47DC-9A44-9C173E1C8E7C): 0
LogDevObjectVersion:   Dev-Physics (78F01B33-EBEA-4F98-B9B4-84EACCB95AA2): 0
LogDevObjectVersion:   Dev-Platform (6631380F-2D4D-43E0-8009-CF276956A95A): 0
LogDevObjectVersion:   Dev-Rendering (12F88B9F-8875-4AFC-A67C-D90C383ABD29): 19
LogDevObjectVersion:   Dev-Sequencer (7B5AE74C-D270-4C10-A958-57980B212A5A): 4
LogDevObjectVersion:   Dev-VR (D7296918-1DD6-4BDD-9DE2-64A83CC13884): 0
LogDevObjectVersion:   Dev-LoadTimes (C2A15278-BFE7-4AFE-6C17-90FF531DF755): 1
LogDevObjectVersion:   Private-Geometry (6EACA3D4-40EC-4CC1-B786-8BED09428FC5): 1
LogDevObjectVersion:   Dev-AnimPhys (29E575DD-E0A3-4627-9D10-D276232CDCEA): 7
LogInit: Compiled (64-bit): Sep 22 2017 13:47:16
LogInit: Compiled with Visual C++: 19.00.24215.01
LogInit: Build Configuration: Development
LogInit: Branch Name: ++UE4+Release-4.17
LogInit: Command line:  
LogInit: Base directory: C:/Program Files (x86)/Epic Games/UE_4.17/Engine/Binaries/Win64/
LogInit: Installed Engine Build: 1
LogInit: Presizing for max 8388607 objects, including 0 objects not considered by GC, pre-allocating 0 bytes for permanent pool.
LogInit: Object subsystem initialized
[2022.11.22-00.23.28:702][  0]LogInit: Selected Device Profile: [Windows]
[2022.11.22-00.23.28:702][  0]LogInit: Applying CVar settings loaded from the selected device profile: [Windows]
[2022.11.22-00.23.28:738][  0]LogInit: Computer: KBC12006064
[2022.11.22-00.23.28:738][  0]LogInit: User: kbc12006064
[2022.11.22-00.23.28:738][  0]LogInit: CPU Page size=4096, Cores=6
[2022.11.22-00.23.28:738][  0]LogInit: High frequency timer resolution =10.000000 MHz
[2022.11.22-00.23.28:739][  0]LogMemory: Memory total: Physical=15.8GB (16GB approx)
[2022.11.22-00.23.28:739][  0]LogMemory: Platform Memory Stats for Windows
[2022.11.22-00.23.28:739][  0]LogMemory: Process Physical Memory: 281.57 MB used, 281.57 MB peak
[2022.11.22-00.23.28:739][  0]LogMemory: Process Virtual Memory: 280.77 MB used, 280.77 MB peak
[2022.11.22-00.23.28:739][  0]LogMemory: Physical Memory: 6895.86 MB used,  9334.06 MB free, 16229.92 MB total
[2022.11.22-00.23.28:739][  0]LogMemory: Virtual Memory: 4799.76 MB used,  9334.06 MB free, 134217728.00 MB total
[2022.11.22-00.23.29:819][  0]LogInit: Using OS detected language (ja-JP).
[2022.11.22-00.23.29:819][  0]LogInit: Using OS detected locale (ja-JP).
[2022.11.22-00.23.30:148][  0]LogTextLocalizationManager: No specific localization for 'ja-JP' exists, so the 'ja' localization will be used.
[2022.11.22-00.23.34:589][  0]LogD3D11RHI: D3D11 adapters:
[2022.11.22-00.23.35:934][  0]LogD3D11RHI:    0. 'NVIDIA GeForce GTX 1650 with Max-Q Design' (Feature Level 11_0)
[2022.11.22-00.23.35:934][  0]LogD3D11RHI:       3962/0/8114 MB DedicatedVideo/DedicatedSystem/SharedSystem, Outputs:1, VendorId:0x10de
[2022.11.22-00.23.36:029][  0]LogD3D11RHI:    1. 'Intel(R) UHD Graphics 630' (Feature Level 11_0)
[2022.11.22-00.23.36:029][  0]LogD3D11RHI:       128/0/8114 MB DedicatedVideo/DedicatedSystem/SharedSystem, Outputs:0, VendorId:0x8086
[2022.11.22-00.23.36:035][  0]LogD3D11RHI:    2. 'Microsoft Basic Render Driver' (Feature Level 11_0)
[2022.11.22-00.23.36:035][  0]LogD3D11RHI:       0/0/8114 MB DedicatedVideo/DedicatedSystem/SharedSystem, Outputs:0, VendorId:0x1414
[2022.11.22-00.23.36:035][  0]LogD3D11RHI: Chosen D3D11 Adapter: 0
[2022.11.22-00.23.36:049][  0]LogD3D11RHI: Creating new Direct3DDevice
[2022.11.22-00.23.36:049][  0]LogD3D11RHI:     GPU DeviceId: 0x1f91 (for the marketing name, search the web for "GPU Device Id")
[2022.11.22-00.23.36:049][  0]LogWindows: EnumDisplayDevices:
[2022.11.22-00.23.36:049][  0]LogWindows:    0. 'Intel(R) UHD Graphics 630' (P:1 D:1)
[2022.11.22-00.23.36:050][  0]LogWindows:    1. 'Intel(R) UHD Graphics 630' (P:0 D:0)
[2022.11.22-00.23.36:050][  0]LogWindows:    2. 'Intel(R) UHD Graphics 630' (P:0 D:0)
[2022.11.22-00.23.36:050][  0]LogWindows: DebugString: GetVideoDriverDetailsInvalid PrimaryIsNotTheChoosenAdapter GetVideoDriverDetailsInvalid PrimaryIsNotTheChoosenAdapter GetVideoDriverDetailsInvalid PrimaryIsNotTheChoosenAdapter FoundDriverCount:0 
[2022.11.22-00.23.36:050][  0]LogD3D11RHI:     Adapter Name: NVIDIA GeForce GTX 1650 with Max-Q Design
[2022.11.22-00.23.36:050][  0]LogD3D11RHI:   Driver Version: Unknown (internal:Unknown, unified:Unknown)
[2022.11.22-00.23.36:050][  0]LogD3D11RHI:      Driver Date: Unknown
[2022.11.22-00.23.36:050][  0]LogRHI: Texture pool is 1361 MB (70% of 1945 MB)
[2022.11.22-00.23.36:250][  0]LogD3D11RHI: Async texture creation enabled
[2022.11.22-00.23.36:350][  0]LogD3D11RHI: GPU Timing Frequency: 1000.000000 (Debug: 2 1)
[2022.11.22-00.23.36:363][  0]LogShaderCompilers: Guid format shader working directory is 36 characters bigger than the processId version (D:/UE4_RPG/THE7/Intermediate/Shaders/WorkingDirectory/23232/).
[2022.11.22-00.23.36:363][  0]LogShaderCompilers: Cleaned the shader compiler working directory 'C:/Users/kbc12006064/AppData/Local/Temp/UnrealShaderWorkingDir/5298D4194D8B6734342221A626371388/'.
[2022.11.22-00.23.36:365][  0]LogShaderCompilers: Display: Using Local Shader Compiler.
[2022.11.22-00.23.39:400][  0]LogTemp: Display: Loaded TP AllDesktopTargetPlatform
[2022.11.22-00.23.39:619][  0]LogTemp: Display: Loaded TP MacClientTargetPlatform
[2022.11.22-00.23.39:832][  0]LogTemp: Display: Loaded TP MacNoEditorTargetPlatform
[2022.11.22-00.23.40:049][  0]LogTemp: Display: Loaded TP MacServerTargetPlatform
[2022.11.22-00.23.40:279][  0]LogTemp: Display: Loaded TP MacTargetPlatform
[2022.11.22-00.23.40:497][  0]LogTemp: Display: Loaded TP WindowsClientTargetPlatform
[2022.11.22-00.23.40:720][  0]LogTemp: Display: Loaded TP WindowsNoEditorTargetPlatform
[2022.11.22-00.23.40:944][  0]LogTemp: Display: Loaded TP WindowsServerTargetPlatform
[2022.11.22-00.23.41:148][  0]LogTemp: Display: Loaded TP WindowsTargetPlatform
[2022.11.22-00.23.41:375][  0]LogTemp: Display: Loaded TP AndroidTargetPlatform
[2022.11.22-00.23.41:594][  0]LogTemp: Display: Loaded TP Android_ASTCTargetPlatform
[2022.11.22-00.23.41:807][  0]LogTemp: Display: Loaded TP Android_ATCTargetPlatform
[2022.11.22-00.23.42:022][  0]LogTemp: Display: Loaded TP Android_DXTTargetPlatform
[2022.11.22-00.23.42:237][  0]LogTemp: Display: Loaded TP Android_ETC1TargetPlatform
[2022.11.22-00.23.42:452][  0]LogTemp: Display: Loaded TP Android_ETC2TargetPlatform
[2022.11.22-00.23.42:900][  0]LogTemp: Display: Loaded TP Android_MultiTargetPlatform
[2022.11.22-00.23.42:901][  0]LogTemp: Display: Loaded TP Android_PVRTCTargetPlatform
[2022.11.22-00.23.43:092][  0]LogTemp: Display: Loaded TP HTML5TargetPlatform
[2022.11.22-00.23.43:461][  0]LogTemp: Display: Loaded TP IOSTargetPlatform
[2022.11.22-00.23.43:597][  0]LogTemp: Display: Loaded TP TVOSTargetPlatform
[2022.11.22-00.23.43:813][  0]LogTemp: Display: Loaded TP LinuxClientTargetPlatform
[2022.11.22-00.23.44:029][  0]LogTemp: Display: Loaded TP LinuxNoEditorTargetPlatform
[2022.11.22-00.23.44:245][  0]LogTemp: Display: Loaded TP LinuxServerTargetPlatform
[2022.11.22-00.23.44:472][  0]LogTemp: Display: Loaded TP LinuxTargetPlatform
[2022.11.22-00.23.44:472][  0]LogTargetPlatformManager: Display: Building Assets For Windows
[2022.11.22-00.23.47:570][  0]LogDerivedDataCache: Display: Max Cache Size: 512 MB
[2022.11.22-00.23.47:999][  0]LogDerivedDataCache: Loaded boot cache 0.43s 93MB C:/Users/kbc12006064/AppData/Local/UnrealEngine/4.17/DerivedDataCache/Boot.ddc.
[2022.11.22-00.23.47:999][  0]LogDerivedDataCache: Display: Loaded Boot cache: C:/Users/kbc12006064/AppData/Local/UnrealEngine/4.17/DerivedDataCache/Boot.ddc
[2022.11.22-00.23.47:999][  0]LogDerivedDataCache: FDerivedDataBackendGraph:  Pak pak cache file D:/UE4_RPG/THE7/DerivedDataCache/DDC.ddp not found, will not use a pak cache.
[2022.11.22-00.23.47:999][  0]LogDerivedDataCache: Unable to find inner node Pak for hierarchical cache Hierarchy.
[2022.11.22-00.23.47:999][  0]LogDerivedDataCache: FDerivedDataBackendGraph:  CompressedPak pak cache file D:/UE4_RPG/THE7/DerivedDataCache/Compressed.ddp not found, will not use a pak cache.
[2022.11.22-00.23.47:999][  0]LogDerivedDataCache: Unable to find inner node CompressedPak for hierarchical cache Hierarchy.
[2022.11.22-00.23.48:037][  0]LogDerivedDataCache: Display: Pak cache opened for reading ../../../Engine/DerivedDataCache/Compressed.ddp.
[2022.11.22-00.23.48:053][  0]LogDerivedDataCache: Using Local data cache path C:/Users/kbc12006064/AppData/Local/UnrealEngine/Common/DerivedDataCache: Writable
[2022.11.22-00.23.48:093][  0]LogMaterial: Verifying Global Shaders for PCD3D_SM5
[2022.11.22-00.23.48:103][  0]LogSlate: Using Freetype 2.6.0
[2022.11.22-00.23.48:133][  0]LogSlate: SlateFontCache - WITH_FREETYPE: 1, WITH_HARFBUZZ: 1
[2022.11.22-00.23.48:133][  0]LogSlate: SlateFontCache - WITH_FREETYPE: 1, WITH_HARFBUZZ: 1
[2022.11.22-00.23.49:835][  0]LogAssetRegistry: FAssetRegistry took 0.0361 seconds to start up
[2022.11.22-00.23.50:208][  0]LogInit: Selected Device Profile: [Windows]
[2022.11.22-00.23.50:896][  0]LogContentStreaming: Texture pool size is 0.00 MB
[2022.11.22-00.23.52:283][  0]LogSimplygon: Simplygon DLL not present - disabling.
[2022.11.22-00.23.52:531][  0]LogMeshReduction: Using SimplygonSwarm for distributed automatic mesh merging
[2022.11.22-00.23.52:532][  0]LogMeshReduction: Using QuadricMeshReduction for automatic static mesh reduction
[2022.11.22-00.23.52:532][  0]LogMeshReduction: No automatic skeletal mesh reduction module available
[2022.11.22-00.23.52:532][  0]LogMeshReduction: No automatic mesh merging module available
[2022.11.22-00.23.52:532][  0]LogMeshMerging: No automatic mesh merging module available
[2022.11.22-00.23.53:785][  0]LogNetVersion: THE7 , NetCL: 3573198, EngineNetVer: 2, GameNetVer: 0 (Checksum: 151110352)
[2022.11.22-00.23.54:709][  0]LogPackageLocalizationCache: Processed 5 localized package path(s) for 2 prioritized culture(s) in 0.062979 seconds
[2022.11.22-00.23.54:719][  0]LogUObjectArray: 35825 objects as part of root set at end of initial load.
[2022.11.22-00.23.54:719][  0]LogUObjectAllocator: 7529112 out of 0 bytes used by permanent object pool.
[2022.11.22-00.23.54:719][  0]LogUObjectArray: CloseDisregardForGC: 0/0 objects in disregard for GC pool
[2022.11.22-00.23.55:079][  0]LogInit: WinSock: version 1.1 (2.2), MaxSocks=32767, MaxUdp=65467
[2022.11.22-00.24.07:384][  0]LogTcpMessaging: Initializing TcpMessaging bridge
[2022.11.22-00.24.07:553][  0]LogUdpMessaging: Initializing bridge on interface 0.0.0.0:0 to multicast group 230.0.0.1:6666.
[2022.11.22-00.24.07:557][  0]FUdpSocketBuilder: Failed to subscribe UdpMessageMulticastSocket to multicast group 230.0.0.1
[2022.11.22-00.24.07:557][  0]FUdpSocketBuilder: Failed to create and initialize socket UdpMessageMulticastSocket (last error: 0)
[2022.11.22-00.24.07:557][  0]LogUdpMessaging: Warning: StartTransport failed to create multicast socket on 0.0.0.0:0, joined to 230.0.0.1:6666 with TTL 1
[2022.11.22-00.24.10:473][  0]LogMaterial: Uniform references updated for custom material expression Custom.
[2022.11.22-00.24.12:438][  0]SourceControl: ソースコントロールは無効です
[2022.11.22-00.24.12:438][  0]SourceControl: ソースコントロールは無効です
[2022.11.22-00.24.12:682][  0]SourceControl: ソースコントロールは無効です
[2022.11.22-00.24.12:919][  0]SourceControl: ソースコントロールは無効です
[2022.11.22-00.24.15:848][  0]LogAndroidPermission: UAndroidPermissionCallbackProxy::GetInstance
[2022.11.22-00.24.16:996][  0]LogOcInput: OculusInput pre-init called
[2022.11.22-00.24.18:161][  0]LogEngine: Initializing Engine...
[2022.11.22-00.24.18:171][  0]LogHMD: Failed to initialize OpenVR with code 110
[2022.11.22-00.24.18:717][  0]LogStats: UGameplayTagsManager::ConstructGameplayTagTree: Construct from data asset -  0.000 s
[2022.11.22-00.24.18:718][  0]LogStats: UGameplayTagsManager::ConstructGameplayTagTree: GameplayTagTreeChangedEvent.Broadcast -  0.000 s
[2022.11.22-00.24.19:384][  0]LogAIModule: Creating AISystem for world Untitled
[2022.11.22-00.24.19:584][  0]LogInit: XAudio2 using 'スピーカー (Realtek(R) Audio)' : 2 channels at 48 kHz using 32 bits per sample (channel mask 0x3)
[2022.11.22-00.24.19:896][  0]LogInit: FAudioDevice initialized.
[2022.11.22-00.24.20:056][  0]LogDerivedDataCache: Saved boot cache 0.16s 93MB C:/Users/kbc12006064/AppData/Local/UnrealEngine/4.17/DerivedDataCache/Boot.ddc.
[2022.11.22-00.24.20:086][  0]LogInit: Texture streaming: Enabled
[2022.11.22-00.24.20:819][  0]LogEngineSessionManager: EngineSessionManager initialized
[2022.11.22-00.24.22:913][  0]LogInit: Transaction tracking system initialized
[2022.11.22-00.24.24:570][  0]BlueprintLog: New page: エディタの読み込み
[2022.11.22-00.24.29:340][  0]LocalizationService: ローカライズのサービスが無効になりました
[2022.11.22-00.24.32:082][  0]LogLinker: Warning: ファイル '/Game/ThirdPersonBP/ThirdPersonOverview' が見つかりません
[2022.11.22-00.24.32:083][  0]LogLinker: Warning: ファイル '/Game/ThirdPersonBP/ThirdPersonOverview' が見つかりません
[2022.11.22-00.24.32:083][  0]LogUObjectGlobals: Warning: オブジェクト 'Class /Game/ThirdPersonBP/ThirdPersonOverview.ThirdPersonOverview_C' が見つかりませんでした
[2022.11.22-00.24.33:733][  0]LogConsoleResponse: Display: 
[2022.11.22-00.24.34:477][  0]LogCook: Display: Max memory allowance for cook 16384mb min free memory 0mb
[2022.11.22-00.24.34:477][  0]LogCook: Display: Mobile HDR setting 1
[2022.11.22-00.24.34:480][  0]LogGameplayTags: Display: UGameplayTagsManager::DoneAddingNativeTags. DelegateIsBound: 0
[2022.11.22-00.24.35:178][  0]LogFileCache: Scanning file cache for directory 'D:/UE4_RPG/THE7/Content/' took 0.02s
[2022.11.22-00.24.39:845][  0]SourceControl: ソースコントロールは無効です
[2022.11.22-00.24.39:849][  0]Cmd: MAP LOAD FILE="D:/UE4_RPG/THE7/Content/StarterContent/Maps/Minimal_Default.umap" TEMPLATE=0 SHOWPROGRESS=1 FEATURELEVEL=3
[2022.11.22-00.24.39:907][  0]LightingResults: New page: ライティングのビルド
[2022.11.22-00.24.40:111][  0]MapCheck: New page: マップをチェック
[2022.11.22-00.24.40:111][  0]LightingResults: New page: <何も選択されていません>
[2022.11.22-00.24.40:838][  0]LogLinker: Warning: ファイル '/Game/StarterContent/Maps/Minimal_Default_BuiltData' が見つかりません
[2022.11.22-00.24.40:839][  0]LogLinker: Warning: D:/UE4_RPG/THE7/Content/StarterContent/Maps/Minimal_Default.umap のロード中にアセット '/Game/StarterContent/Maps/Minimal_Default_BuiltData'  のファイルが見つかりません
[2022.11.22-00.24.40:839][  0]LoadErrors: Error: /Game/StarterContent/Maps/Minimal_Default : アセットのファイルが見つかりません /Game/StarterContent/Maps/Minimal_Default_BuiltData
[2022.11.22-00.24.41:601][  0]LogLinker: Warning: ファイル '/Game/StarterContent/Maps/Minimal_Default_BuiltData' が見つかりません
[2022.11.22-00.24.41:601][  0]LogLinker: Warning: D:/UE4_RPG/THE7/Content/StarterContent/Maps/Minimal_Default.umap のロード中にアセット '/Game/StarterContent/Maps/Minimal_Default_BuiltData'  のファイルが見つかりません
[2022.11.22-00.24.41:601][  0]LoadErrors: Error: /Game/StarterContent/Maps/Minimal_Default : アセットのファイルが見つかりません /Game/StarterContent/Maps/Minimal_Default_BuiltData
[2022.11.22-00.24.41:865][  0]LogLinker: Warning: ファイル '/Game/StarterContent/Maps/Minimal_Default_BuiltData' が見つかりません
[2022.11.22-00.24.41:865][  0]LogLinker: Warning: NULL のロード中にアセット '/Game/StarterContent/Maps/Minimal_Default_BuiltData'  のファイルが見つかりません
[2022.11.22-00.24.41:865][  0]LogLinker: Warning: ファイル '/Game/StarterContent/Maps/Minimal_Default_BuiltData' が見つかりません
[2022.11.22-00.24.41:866][  0]LogLinker: Warning: NULL のロード中にアセット '/Game/StarterContent/Maps/Minimal_Default_BuiltData'  のファイルが見つかりません
[2022.11.22-00.24.41:882][  0]LogLinker: Warning: ファイル '/Game/StarterContent/Maps/Minimal_Default_BuiltData' が見つかりません
[2022.11.22-00.24.41:882][  0]LoadErrors: ロードに失敗しました /Game/StarterContent/Maps/Minimal_Default_BuiltData.Minimal_Default_BuiltData 参照元 PersistentLevel
[2022.11.22-00.24.41:883][  0]LogLinker: Warning: NULL のロード中にアセット '/Game/StarterContent/Maps/Minimal_Default_BuiltData'  のファイルが見つかりません
[2022.11.22-00.24.41:883][  0]LoadErrors: ロードに失敗しました /Game/StarterContent/Maps/Minimal_Default_BuiltData.Minimal_Default_BuiltData 参照元 PersistentLevel
[2022.11.22-00.24.42:682][  0]LogAIModule: Creating AISystem for world Minimal_Default
[2022.11.22-00.24.42:729][  0]LogEditorServer: Finished looking for orphan Actors (0.000 secs)
[2022.11.22-00.24.42:789][  0]Cmd: MAP CHECKDEP NOCLEARLOG
[2022.11.22-00.24.42:980][  0]MapCheck: マップチェックが完了: 0 エラー、 0 警告、完了に 190.521ミリ秒かかりました。
[2022.11.22-00.24.42:980][  0]LogFileHelpers: Loading map 'Minimal_Default' took 3.133
[2022.11.22-00.24.43:098][  0]LogWindowsTextInputMethodSystem: Display: IME system now activated using TSF (Microsoft IME).
[2022.11.22-00.24.43:325][  0]LogCollectionManager: Loaded 0 collections in 0.003666 seconds
[2022.11.22-00.24.43:627][  0]LogFileCache: Scanning file cache for directory 'D:/UE4_RPG/THE7/Saved/Collections/' took 0.01s
[2022.11.22-00.24.43:627][  0]LogFileCache: Scanning file cache for directory 'D:/UE4_RPG/THE7/Content/Developers/kbc12006064/Collections/' took 0.01s
[2022.11.22-00.24.43:627][  0]LogFileCache: Scanning file cache for directory 'D:/UE4_RPG/THE7/Content/Collections/' took 0.01s
[2022.11.22-00.24.43:627][  0]LogCollectionManager: Rebuilt the GUID cache for 0 collections in 0.000001 seconds
[2022.11.22-00.24.43:657][  0]LogContentBrowser: Native class hierarchy populated in 0.0277 seconds. Added 2386 classes and 500 folders.
[2022.11.22-00.24.43:996][  0]LogContentBrowser: Native class hierarchy updated for 'WidgetCarousel' in 0.0016 seconds. Added 0 classes and 0 folders.
[2022.11.22-00.24.44:204][  0]LogContentBrowser: Native class hierarchy updated for 'AddContentDialog' in 0.0013 seconds. Added 0 classes and 0 folders.
[2022.11.22-00.24.44:551][  0]LogContentBrowser: Native class hierarchy updated for 'SceneOutliner' in 0.0014 seconds. Added 1 classes and 2 folders.
[2022.11.22-00.24.44:912][  0]LogSlate: Took 0.002069 seconds to synchronously load lazily loaded font '../../../Engine/Content/Slate/Fonts/Roboto-Regular.ttf' (155K)
[2022.11.22-00.24.44:940][  0]LogSlate: Took 0.023883 seconds to synchronously load lazily loaded font '../../../Engine/Content/Slate/Fonts/DroidSansFallback.ttf' (3848K)
[2022.11.22-00.24.44:943][  0]LogSlate: Took 0.001632 seconds to synchronously load lazily loaded font '../../../Engine/Content/Slate/Fonts/Roboto-Bold.ttf' (160K)
[2022.11.22-00.24.44:952][  0]LogSlate: Took 0.001999 seconds to synchronously load lazily loaded font '../../../Engine/Content/Editor/Slate/Fonts/FontAwesome.ttf' (139K)
[2022.11.22-00.24.45:252][  0]LogRenderer: Reallocating scene render targets to support 908x568 Format 9 NumSamples 1 (Frame:1).
[2022.11.22-00.24.45:752][  0]LogContentBrowser: Native class hierarchy updated for 'HierarchicalLODOutliner' in 0.0014 seconds. Added 1 classes and 2 folders.
[2022.11.22-00.24.45:753][  0]LogLoad: (Engine Initialization) Total time: 83.53 seconds
[2022.11.22-00.24.45:753][  0]LogLoad: (Engine Initialization) Total Blueprint compile time: 0.00 seconds
[2022.11.22-00.24.45:754][  0]LogExternalProfiler: No external profilers were discovered.  External profiling features will not be available.
[2022.11.22-00.24.45:792][  0]LogContentStreaming: Texture pool size now 600 MB
[2022.11.22-00.24.46:282][  4]LogAssetRegistry: Asset discovery search completed in 56.4706 seconds
[2022.11.22-00.24.46:287][  4]LogCollectionManager: Rebuilt the object cache for 0 collections in 0.000001 seconds (found 0 objects)
[2022.11.22-00.24.46:287][  4]LogCollectionManager: Fixed up redirectors for 0 collections in 0.000150 seconds (updated 0 objects)
[2022.11.22-00.24.49:958][ 72]LogSlate: Took 0.001699 seconds to synchronously load lazily loaded font '../../../Engine/Content/Slate/Fonts/Roboto-Light.ttf' (159K)
[2022.11.22-00.25.28:526][946]LogSlate: Took 0.000365 seconds to synchronously load lazily loaded font '../../../Engine/Content/Slate/Fonts/Roboto-Light.ttf' (159K)
[2022.11.22-00.25.29:589][946]LogSlate: Took 0.000628 seconds to synchronously load lazily loaded font '../../../Engine/Content/Slate/Fonts/Roboto-Regular.ttf' (155K)
[2022.11.22-00.25.32:193][946]LogAIModule: Creating AISystem for world Floor4
[2022.11.22-00.25.32:468][946]Cmd: MAP LOAD FILE="D:/UE4_RPG/THE7/Content/Map/Floor4.umap" TEMPLATE=0 SHOWPROGRESS=1 FEATURELEVEL=3
[2022.11.22-00.25.32:468][946]LightingResults: New page: ライティングのビルド
[2022.11.22-00.25.32:470][946]LoadErrors: New page: マップをロード中: Floor4.umap
[2022.11.22-00.25.32:471][946]MapCheck: New page: マップをチェック
[2022.11.22-00.25.32:471][946]LightingResults: New page: <何も選択されていません>
[2022.11.22-00.25.32:806][946]LogEditorServer: Finished looking for orphan Actors (0.000 secs)
[2022.11.22-00.25.32:870][946]Cmd: MAP CHECKDEP NOCLEARLOG
[2022.11.22-00.25.33:069][946]MapCheck: マップチェックが完了: 0 エラー、 0 警告、完了に 197.946ミリ秒かかりました。
[2022.11.22-00.25.33:070][946]LogFileHelpers: Loading map 'Floor4' took 0.605
[2022.11.22-00.45.02:522][475]LogContentBrowser: Native class hierarchy updated for 'BlueprintGraph' in 0.0020 seconds. Added 113 classes and 0 folders.
[2022.11.22-00.45.04:320][475]LogSlate: Took 0.000674 seconds to synchronously load lazily loaded font '../../../Engine/Content/Slate/Fonts/Roboto-Light.ttf' (159K)
[2022.11.22-00.45.04:324][475]LogSlate: Took 0.002530 seconds to synchronously load lazily loaded font '../../../Engine/Content/Editor/Slate/Fonts/Roboto-BoldCondensed.ttf' (158K)
[2022.11.22-00.46.41:717][664]LogMaterial: Missing cached shader map for material Material_0, compiling. 
[2022.11.22-00.46.44:289][720]LogAIModule: Creating AISystem for world Floor1
[2022.11.22-00.46.46:839][720]Cmd: OBJ SAVEPACKAGE PACKAGE="/Game/UI/PlayerStatus" FILE="D:/UE4_RPG/THE7/Content/UI/PlayerStatus.uasset" SILENT=true
[2022.11.22-00.46.47:051][720]LogSavePackage: Save=38.12ms
[2022.11.22-00.46.47:051][720]LogSavePackage: Moving 'D:/UE4_RPG/THE7/Saved/PlayerStatus0B43105A42656512E5E8609BA8146EAB.tmp' to 'D:/UE4_RPG/THE7/Content/UI/PlayerStatus.uasset'
[2022.11.22-00.46.47:058][720]LogSavePackage: Display: Finished SavePackage D:/UE4_RPG/THE7/Content/UI/PlayerStatus.uasset
[2022.11.22-00.46.47:061][720]Cmd: MAP LOAD FILE="D:/UE4_RPG/THE7/Content/Map/Floor1.umap" TEMPLATE=0 SHOWPROGRESS=1 FEATURELEVEL=3
[2022.11.22-00.46.47:062][720]LightingResults: New page: ライティングのビルド
[2022.11.22-00.46.47:064][720]LoadErrors: New page: マップをロード中: Floor1.umap
[2022.11.22-00.46.47:079][720]MapCheck: New page: マップをチェック
[2022.11.22-00.46.47:079][720]LightingResults: New page: <何も選択されていません>
[2022.11.22-00.46.47:351][720]LogEditorServer: Finished looking for orphan Actors (0.000 secs)
[2022.11.22-00.46.47:418][720]Cmd: MAP CHECKDEP NOCLEARLOG
[2022.11.22-00.46.47:623][720]MapCheck: マップチェックが完了: 0 エラー、 0 警告、完了に 203.531ミリ秒かかりました。
[2022.11.22-00.46.47:625][720]LogFileHelpers: Loading map 'Floor1' took 0.566
[2022.11.22-00.47.16:152][516]LogScript: Warning: Accessed None trying to read property IsClearInstance
	BP_Anim_Award_C /Engine/Transient.World_6:PersistentLevel.BPAward_C_0.CharacterMesh0.BP_Anim_Award_C_0
	Function /Game/Animation/BP_Anim_Award.BP_Anim_Award_C:ExecuteUbergraph_BP_Anim_Award:00B1
[2022.11.22-00.47.16:153][516]LogScript: Warning: Accessed None trying to read property IsClearInstance
	BP_Anim_Award_C /Engine/Transient.World_6:PersistentLevel.BPAward_C_0.CharacterMesh0.BP_Anim_Award_C_0
	Function /Game/Animation/BP_Anim_Award.BP_Anim_Award_C:ExecuteUbergraph_BP_Anim_Award:01A5
[2022.11.22-00.49.00:918][424]Cmd: OBJ SAVEPACKAGE PACKAGE="/Game/Map/Floor1" FILE="D:/UE4_RPG/THE7/Content/Map/Floor1.umap" SILENT=true AUTOSAVING=false KEEPDIRTY=false
[2022.11.22-00.49.02:128][424]LogSavePackage: Save=813.68ms
[2022.11.22-00.49.02:128][424]LogSavePackage: Moving 'D:/UE4_RPG/THE7/Saved/Floor1AA5938A241F2D84A2DC19EBF3624B68A.tmp' to 'D:/UE4_RPG/THE7/Content/Map/Floor1.umap'
[2022.11.22-00.49.02:133][424]LogSavePackage: Display: Finished SavePackage D:/UE4_RPG/THE7/Content/Map/Floor1.umap
[2022.11.22-00.49.10:061][622]LogAIModule: Creating AISystem for world Floor3
[2022.11.22-00.49.10:259][622]Cmd: MAP LOAD FILE="D:/UE4_RPG/THE7/Content/Map/Floor3.umap" TEMPLATE=0 SHOWPROGRESS=1 FEATURELEVEL=3
[2022.11.22-00.49.10:259][622]LightingResults: New page: ライティングのビルド
[2022.11.22-00.49.10:260][622]LoadErrors: New page: マップをロード中: Floor3.umap
[2022.11.22-00.49.10:265][622]MapCheck: New page: マップをチェック
[2022.11.22-00.49.10:265][622]LightingResults: New page: <何も選択されていません>
[2022.11.22-00.49.10:581][622]LogEditorServer: Finished looking for orphan Actors (0.000 secs)
[2022.11.22-00.49.10:659][622]Cmd: MAP CHECKDEP NOCLEARLOG
[2022.11.22-00.49.10:862][622]MapCheck: マップチェックが完了: 0 エラー、 0 警告、完了に 202.386ミリ秒かかりました。
[2022.11.22-00.49.10:863][622]LogFileHelpers: Loading map 'Floor3' took 0.607
[2022.11.22-00.49.15:764][742]LogAIModule: Creating AISystem for world Floor4
[2022.11.22-00.49.16:004][742]Cmd: MAP LOAD FILE="D:/UE4_RPG/THE7/Content/Map/Floor4.umap" TEMPLATE=0 SHOWPROGRESS=1 FEATURELEVEL=3
[2022.11.22-00.49.16:004][742]LightingResults: New page: ライティングのビルド
[2022.11.22-00.49.16:005][742]LoadErrors: New page: マップをロード中: Floor4.umap
[2022.11.22-00.49.16:013][742]MapCheck: New page: マップをチェック
[2022.11.22-00.49.16:013][742]LightingResults: New page: <何も選択されていません>
[2022.11.22-00.49.16:441][742]LogEditorServer: Finished looking for orphan Actors (0.000 secs)
[2022.11.22-00.49.16:516][742]Cmd: MAP CHECKDEP NOCLEARLOG
[2022.11.22-00.49.16:716][742]MapCheck: マップチェックが完了: 0 エラー、 0 警告、完了に 199.195ミリ秒かかりました。
[2022.11.22-00.49.16:718][742]LogFileHelpers: Loading map 'Floor4' took 0.715
[2022.11.22-00.49.22:427][884]LogAIModule: Creating AISystem for world Floor5
[2022.11.22-00.49.22:803][884]Cmd: MAP LOAD FILE="D:/UE4_RPG/THE7/Content/Map/Floor5.umap" TEMPLATE=0 SHOWPROGRESS=1 FEATURELEVEL=3
[2022.11.22-00.49.22:803][884]LightingResults: New page: ライティングのビルド
[2022.11.22-00.49.22:805][884]LoadErrors: New page: マップをロード中: Floor5.umap
[2022.11.22-00.49.22:814][884]MapCheck: New page: マップをチェック
[2022.11.22-00.49.22:815][884]LightingResults: New page: <何も選択されていません>
[2022.11.22-00.49.23:360][884]LogEditorServer: Finished looking for orphan Actors (0.000 secs)
[2022.11.22-00.49.23:456][884]Cmd: MAP CHECKDEP NOCLEARLOG
[2022.11.22-00.49.23:656][884]MapCheck: マップチェックが完了: 0 エラー、 0 警告、完了に 200.273ミリ秒かかりました。
[2022.11.22-00.49.23:661][884]LogFileHelpers: Loading map 'Floor5' took 0.860
[2022.11.22-00.59.24:018][782]Cmd: OBJ SAVEPACKAGE PACKAGE="/Game/Map/Floor5" FILE="D:/UE4_RPG/THE7/Saved/Autosaves/Game/Map/Floor5_Auto1.umap" SILENT=true AUTOSAVING=true KEEPDIRTY=false
[2022.11.22-00.59.28:234][782]LogSavePackage: Save=3845.56ms
[2022.11.22-00.59.28:234][782]LogSavePackage: Moving 'D:/UE4_RPG/THE7/Saved/Floor5_Auto11D6D8F154E5B40FA879BBEB3DE419D8B.tmp' to 'D:/UE4_RPG/THE7/Saved/Autosaves/Game/Map/Floor5_Auto1.umap'
[2022.11.22-00.59.28:238][782]LogSavePackage: Display: Finished SavePackage D:/UE4_RPG/THE7/Saved/Autosaves/Game/Map/Floor5_Auto1.umap
[2022.11.22-00.59.28:241][782]LogFileHelpers: Editor autosave (incl. sublevels) for '/Game/Map/Floor5' took 4.267
[2022.11.22-00.59.28:241][782]LogFileHelpers: Editor autosave (incl. sublevels) for all levels took 4.267
[2022.11.22-01.03.36:935][373]LogEditorViewport: Clicking on Actor (LMB): StaticMeshActor (plane1016)
[2022.11.22-01.03.37:873][397]LogEditorViewport: Clicking on Actor (context menu): StaticMeshActor (plane1016)
[2022.11.22-01.03.42:093][452]Cmd: DELETE
[2022.11.22-01.03.42:093][452]Cmd: ACTOR DELETE
[2022.11.22-01.03.42:108][452]LogEditorActor: Deleted Actor: StaticMeshActor
[2022.11.22-01.03.42:154][452]LogEditorActor: Deleted 1 Actors (0.052 secs)
[2022.11.22-01.04.49:231][ 72]LogEditorViewport: Clicking on Actor (LMB): StaticMeshActor (plane904)
[2022.11.22-01.04.51:600][135]LogEditorViewport: Clicking on Actor (LMB): BP_Skeleton_C (BP_Skeleton5)
[2022.11.22-01.07.13:111][ 44]LogEditorViewport: Clicking on Actor (LMB): StaticMeshActor (plane1531)
[2022.11.22-01.07.14:296][ 77]LogEditorViewport: Clicking on Actor (context menu): StaticMeshActor (plane1531)
[2022.11.22-01.07.19:720][153]Cmd: DELETE
[2022.11.22-01.07.19:720][153]Cmd: ACTOR DELETE
[2022.11.22-01.07.19:727][153]LogEditorActor: Deleted Actor: StaticMeshActor
[2022.11.22-01.07.19:795][153]LogEditorActor: Deleted 1 Actors (0.074 secs)
[2022.11.22-01.07.30:573][441]Cmd: TRANSACTION UNDO
[2022.11.22-01.07.30:573][441]LogEditorTransaction: Undo 複数のアクタを作成
[2022.11.22-01.08.54:182][584]LogEditorViewport: Clicking on Actor (LMB): BP_Skeleton_C (BP_Skeleton12)
[2022.11.22-01.09.29:438][427]LogEditorViewport: Clicking on Actor (LMB): WizardSM_BP_C (WizardSM_BP)
[2022.11.22-01.09.30:350][450]LogEditorViewport: Clicking on Actor (context menu): WizardSM_BP_C (WizardSM_BP)
[2022.11.22-01.09.31:103][464]LogEditorViewport: Clicking on Actor (LMB): StaticMeshActor (plane1257)
[2022.11.22-01.09.32:452][495]LogEditorViewport: Clicking on Actor (LMB): WizardSM_BP_C (WizardSM_BP)
[2022.11.22-01.09.41:378][737]LogEditorViewport: Clicking on Actor (LMB): WizardSM_BP_C (WizardSM_BP2)
[2022.11.22-01.09.55:056][112]LogEditorViewport: Clicking on Actor (LMB): WizardSM_BP_C (WizardSM_BP)
[2022.11.22-01.10.54:573][603]Cmd: OBJ SAVEPACKAGE PACKAGE="/Game/Map/Floor5" FILE="D:/UE4_RPG/THE7/Saved/Autosaves/Game/Map/Floor5_Auto2.umap" SILENT=true AUTOSAVING=true KEEPDIRTY=false
[2022.11.22-01.10.58:943][603]LogSavePackage: Save=4025.35ms
[2022.11.22-01.10.58:943][603]LogSavePackage: Moving 'D:/UE4_RPG/THE7/Saved/Floor5_Auto2426ACF104EC8D9DB3FA6C09E266D34BE.tmp' to 'D:/UE4_RPG/THE7/Saved/Autosaves/Game/Map/Floor5_Auto2.umap'
[2022.11.22-01.10.58:947][603]LogSavePackage: Display: Finished SavePackage D:/UE4_RPG/THE7/Saved/Autosaves/Game/Map/Floor5_Auto2.umap
[2022.11.22-01.10.58:949][603]LogFileHelpers: Editor autosave (incl. sublevels) for '/Game/Map/Floor5' took 4.429
[2022.11.22-01.10.58:949][603]LogFileHelpers: Editor autosave (incl. sublevels) for all levels took 4.429
[2022.11.22-01.21.03:646][510]LogEditorViewport: Clicking on Actor (LMB): StaticMeshActor (plane1280)
[2022.11.22-01.21.04:220][523]LogEditorViewport: Clicking on Actor (context menu): StaticMeshActor (plane1280)
[2022.11.22-01.21.10:925][612]Cmd: DELETE
[2022.11.22-01.21.10:926][612]Cmd: ACTOR DELETE
[2022.11.22-01.21.10:932][612]LogEditorActor: Deleted Actor: StaticMeshActor
[2022.11.22-01.21.10:991][612]LogEditorActor: Deleted 1 Actors (0.065 secs)
[2022.11.22-01.22.10:119][155]LogEditorViewport: Clicking on Actor (LMB): WizardSM_BP_C (WizardSM_BP4)
[2022.11.22-01.22.54:921][252]LogEditorViewport: Clicking on Actor (LMB): WizardSM_BP_C (WizardSM_BP6)
[2022.11.22-01.23.22:687][953]LogEditorViewport: Clicking on Actor (LMB): StaticMeshActor (plane1041)
[2022.11.22-01.23.23:718][973]LogEditorViewport: Clicking on Actor (LMB): WizardSM_BP_C (WizardSM_BP8)
[2022.11.22-01.23.30:933][142]Cmd: TRANSACTION UNDO
[2022.11.22-01.23.30:933][142]LogEditorTransaction: Undo アクタ を回転
[2022.11.22-01.23.31:501][152]Cmd: TRANSACTION UNDO
[2022.11.22-01.23.31:501][152]LogEditorTransaction: Undo アクタ を回転
[2022.11.22-01.23.38:881][303]LogPhysics: Warning: Initialising Body : Scale3D is (nearly) zero: Component: '/Game/Map/Floor5.Floor5:PersistentLevel.WizardSM_BP8_842.MagicStaff' 
[2022.11.22-01.23.38:881][303]LogPhysics: Warning: Initialising Body : Scale3D is (nearly) zero: Component: '/Game/Map/Floor5.Floor5:PersistentLevel.WizardSM_BP8_842.MagicStaff' 
[2022.11.22-01.23.59:349][750]LogEditorViewport: Clicking on Actor (LMB): StaticMeshActor (wall_box482)
[2022.11.22-01.24.02:231][818]LogEditorViewport: Clicking on Actor (LMB): WizardSM_BP_C (WizardSM_BP8)
[2022.11.22-01.24.08:474][983]LogEditorViewport: Clicking on Actor (LMB): BP_Skeleton_C (BP_Skeleton15)
[2022.11.22-01.26.38:020][789]Cmd: OBJ SAVEPACKAGE PACKAGE="/Game/Map/Floor5" FILE="D:/UE4_RPG/THE7/Saved/Autosaves/Game/Map/Floor5_Auto3.umap" SILENT=true AUTOSAVING=true KEEPDIRTY=false
[2022.11.22-01.26.42:452][789]LogSavePackage: Save=4421.23ms
[2022.11.22-01.26.42:452][789]LogSavePackage: Moving 'D:/UE4_RPG/THE7/Saved/Floor5_Auto3C4599356477431C2855CA98AADEB39C4.tmp' to 'D:/UE4_RPG/THE7/Saved/Autosaves/Game/Map/Floor5_Auto3.umap'
[2022.11.22-01.26.42:455][789]LogSavePackage: Display: Finished SavePackage D:/UE4_RPG/THE7/Saved/Autosaves/Game/Map/Floor5_Auto3.umap
[2022.11.22-01.26.42:459][789]LogFileHelpers: Editor autosave (incl. sublevels) for '/Game/Map/Floor5' took 4.492
[2022.11.22-01.26.42:459][789]LogFileHelpers: Editor autosave (incl. sublevels) for all levels took 4.492
[2022.11.22-01.31.02:868][755]LogHttp: Warning: 00000272D83EF280: request failed, libcurl error: 6 (Couldn't resolve host name)
[2022.11.22-01.31.02:868][755]LogHttp: Warning: 00000272D83EF280: libcurl info message cache 0 (Found bundle for host datarouter.ol.epicgames.com: 0x272b9dd3fe8 [can pipeline])
[2022.11.22-01.31.02:868][755]LogHttp: Warning: 00000272D83EF280: libcurl info message cache 1 (Re-using existing connection! (#26) with host datarouter.ol.epicgames.com)
[2022.11.22-01.31.02:868][755]LogHttp: Warning: 00000272D83EF280: libcurl info message cache 2 (Connected to datarouter.ol.epicgames.com (3.234.193.111) port 443 (#26))
[2022.11.22-01.31.02:868][755]LogHttp: Warning: 00000272D83EF280: libcurl info message cache 3 (upload completely sent off: 360 out of 360 bytes)
[2022.11.22-01.31.02:868][755]LogHttp: Warning: 00000272D83EF280: libcurl info message cache 4 (TLSv1.2 (IN), TLS alert, Client hello (1):)
[2022.11.22-01.31.02:868][755]LogHttp: Warning: 00000272D83EF280: libcurl info message cache 5 (Connection died, retrying a fresh connect)
[2022.11.22-01.31.02:868][755]LogHttp: Warning: 00000272D83EF280: libcurl info message cache 6 (Closing connection 26)
[2022.11.22-01.31.02:868][755]LogHttp: Warning: 00000272D83EF280: libcurl info message cache 7 (TLSv1.2 (OUT), TLS alert, Client hello (1):)
[2022.11.22-01.31.02:868][755]LogHttp: Warning: 00000272D83EF280: libcurl info message cache 8 (Issue another request to this URL: 'https://datarouter.ol.epicgames.com/datarouter/api/v1/public/data?SessionID=%7BC57F0919-4A8B-4B24-0396-BC8214C8EFC3%7D&AppID=UEEditor.Rocket.Release&AppVersion=4.17.2-3658906%2B%2B%2BUE4%2BRelease-4.17&UserID=22216424446da8404b0e18bda9bcd035%7Cd6ebfc186ede4a0b93d72b7a1f7d66f8%7C417f69e0-461a-4e54-9fe7-7d9680c3a96f&AppEnvironment=datacollector-binary&UploadType=eteventstream')
[2022.11.22-01.31.02:868][755]LogHttp: Warning: 00000272D83EF280: libcurl info message cache 9 (Could not resolve host: datarouter.ol.epicgames.com)
[2022.11.22-01.31.02:868][755]LogHttp: Warning: 00000272D83EF280: libcurl info message cache 10 (Closing connection 27)
[2022.11.22-01.33.14:445][970]LogHttp: Warning: 00000272D7E27E80: request failed, libcurl error: 6 (Couldn't resolve host name)
[2022.11.22-01.33.14:445][970]LogHttp: Warning: 00000272D7E27E80: libcurl info message cache 0 (Could not resolve host: datarouter.ol.epicgames.com)
[2022.11.22-01.33.14:445][970]LogHttp: Warning: 00000272D7E27E80: libcurl info message cache 1 (Closing connection 28)
[2022.11.22-01.35.14:776][331]LogHttp: Warning: 00000272D7E25D80: request failed, libcurl error: 6 (Couldn't resolve host name)
[2022.11.22-01.35.14:776][331]LogHttp: Warning: 00000272D7E25D80: libcurl info message cache 0 (Could not resolve host: datarouter.ol.epicgames.com)
[2022.11.22-01.35.14:776][331]LogHttp: Warning: 00000272D7E25D80: libcurl info message cache 1 (Closing connection 29)
[2022.11.22-01.37.26:386][382]LogHttp: Warning: 00000272D8875300: request failed, libcurl error: 6 (Couldn't resolve host name)
[2022.11.22-01.37.26:386][382]LogHttp: Warning: 00000272D8875300: libcurl info message cache 0 (Could not resolve host: datarouter.ol.epicgames.com)
[2022.11.22-01.37.26:386][382]LogHttp: Warning: 00000272D8875300: libcurl info message cache 1 (Closing connection 30)
[2022.11.22-01.39.26:353][296]Cmd: OBJ SAVEPACKAGE PACKAGE="/Game/Map/Floor5" FILE="D:/UE4_RPG/THE7/Content/Map/Floor5.umap" SILENT=true AUTOSAVING=false KEEPDIRTY=false
[2022.11.22-01.39.29:051][296]LogSavePackage: Save=2555.62ms
[2022.11.22-01.39.29:052][296]LogSavePackage: Moving 'D:/UE4_RPG/THE7/Saved/Floor5F7309A80417A568FE9BD2FA50290D9A8.tmp' to 'D:/UE4_RPG/THE7/Content/Map/Floor5.umap'
[2022.11.22-01.39.29:055][296]LogSavePackage: Display: Finished SavePackage D:/UE4_RPG/THE7/Content/Map/Floor5.umap
[2022.11.22-01.39.29:125][298]LogHttp: Warning: 00000272B7B5A500: request failed, libcurl error: 6 (Couldn't resolve host name)
[2022.11.22-01.39.29:125][298]LogHttp: Warning: 00000272B7B5A500: libcurl info message cache 0 (Could not resolve host: datarouter.ol.epicgames.com)
[2022.11.22-01.39.29:125][298]LogHttp: Warning: 00000272B7B5A500: libcurl info message cache 1 (Closing connection 31)
[2022.11.22-01.39.31:071][409]Cmd: QUIT_EDITOR
[2022.11.22-01.39.31:122][409]LogWindowsTextInputMethodSystem: Display: IME system now activated using TSF (Microsoft IME).
[2022.11.22-01.39.31:141][409]LogExit: Preparing to exit.
[2022.11.22-01.39.32:167][409]LogExit: Editor shut down
[2022.11.22-01.39.32:189][409]LogExit: Transaction tracking system shut down
[2022.11.22-01.39.32:347][409]LogDirectoryWatcher: A directory notification for '../../../Engine/Content/' was aborted.
[2022.11.22-01.39.32:347][409]LogDirectoryWatcher: A directory notification for 'D:/UE4_RPG/THE7/Content/' was aborted.
[2022.11.22-01.39.32:348][409]LogDirectoryWatcher: A directory notification for '../../../Engine/Plugins/2D/Paper2D/Content/' was aborted.
[2022.11.22-01.39.32:348][409]LogDirectoryWatcher: A directory notification for '../../../Engine/Plugins/Runtime/Oculus/OculusVR/Content/' was aborted.
[2022.11.22-01.39.32:348][409]LogDirectoryWatcher: A directory notification for '../../../Engine/Plugins/Runtime/Steam/SteamVR/Content/' was aborted.
[2022.11.22-01.39.32:468][409]LogExit: Object subsystem successfully closed.
[2022.11.22-01.39.32:507][409]LogD3D11RHI: Shutdown
[2022.11.22-01.39.32:507][409]LogD3D11RHI: CleanupD3DDevice
[2022.11.22-01.39.32:761][409]LogD3D11RHI: ~FD3D11DynamicRHI
[2022.11.22-01.39.32:810][409]LogModuleManager: Shutting down and abandoning module SequencerWidgets (536)
[2022.11.22-01.39.32:810][409]LogModuleManager: Shutting down and abandoning module BlueprintGraph (534)
[2022.11.22-01.39.32:810][409]LogModuleManager: Shutting down and abandoning module BlueprintProfiler (532)
[2022.11.22-01.39.32:811][409]LogModuleManager: Shutting down and abandoning module HierarchicalLODOutliner (530)
[2022.11.22-01.39.32:811][409]LogModuleManager: Shutting down and abandoning module SceneOutliner (528)
[2022.11.22-01.39.32:811][409]LogModuleManager: Shutting down and abandoning module AddContentDialog (526)
[2022.11.22-01.39.32:811][409]LogDirectoryWatcher: A directory notification for 'C:/Program Files (x86)/Epic Games/UE_4.17/FeaturePacks/' was aborted.
[2022.11.22-01.39.32:815][409]LogModuleManager: Shutting down and abandoning module WidgetCarousel (525)
[2022.11.22-01.39.32:815][409]LogModuleManager: Shutting down and abandoning module EditorWidgets (522)
[2022.11.22-01.39.32:815][409]LogModuleManager: Shutting down and abandoning module CollectionManager (520)
[2022.11.22-01.39.32:815][409]LogDirectoryWatcher: A directory notification for 'D:/UE4_RPG/THE7/Content/Collections/' was aborted.
[2022.11.22-01.39.32:815][409]LogDirectoryWatcher: A directory notification for 'D:/UE4_RPG/THE7/Content/Developers/kbc12006064/Collections/' was aborted.
[2022.11.22-01.39.32:815][409]LogDirectoryWatcher: A directory notification for 'D:/UE4_RPG/THE7/Saved/Collections/' was aborted.
[2022.11.22-01.39.32:816][409]LogModuleManager: Shutting down and abandoning module StatsViewer (518)
[2022.11.22-01.39.32:816][409]LogModuleManager: Shutting down and abandoning module FoliageEdit (516)
[2022.11.22-01.39.32:816][409]LogModuleManager: Shutting down and abandoning module LandscapeEditor (514)
[2022.11.22-01.39.32:816][409]LogModuleManager: Shutting down and abandoning module MeshPaintMode (512)
[2022.11.22-01.39.32:816][409]LogModuleManager: Shutting down and abandoning module SceneDepthPickerMode (510)
[2022.11.22-01.39.32:816][409]LogModuleManager: Shutting down and abandoning module ActorPickerMode (508)
[2022.11.22-01.39.32:816][409]LogModuleManager: Shutting down and abandoning module GeometryMode (506)
[2022.11.22-01.39.32:816][409]LogModuleManager: Shutting down and abandoning module TextureAlignMode (504)
[2022.11.22-01.39.32:816][409]LogModuleManager: Shutting down and abandoning module BspMode (502)
[2022.11.22-01.39.32:816][409]LogModuleManager: Shutting down and abandoning module PIEPreviewDeviceProfileSelector (500)
[2022.11.22-01.39.32:816][409]LogModuleManager: Shutting down and abandoning module HardwareSurvey (498)
[2022.11.22-01.39.32:816][409]LogModuleManager: Shutting down and abandoning module SequenceRecorderSections (496)
[2022.11.22-01.39.32:816][409]LogModuleManager: Shutting down and abandoning module AutomationWorker (494)
[2022.11.22-01.39.32:816][409]LogModuleManager: Shutting down and abandoning module MatineeToLevelSequence (492)
[2022.11.22-01.39.32:817][409]LogModuleManager: Shutting down and abandoning module LevelSequenceEditor (490)
[2022.11.22-01.39.32:817][409]LogModuleManager: Shutting down and abandoning module PlacementMode (489)
[2022.11.22-01.39.32:817][409]LogModuleManager: Shutting down and abandoning module WmfMediaFactory (486)
[2022.11.22-01.39.32:817][409]LogModuleManager: Shutting down and abandoning module WmfMediaEditor (484)
[2022.11.22-01.39.32:817][409]LogModuleManager: Shutting down and abandoning module AvfMediaFactory (482)
[2022.11.22-01.39.32:817][409]LogModuleManager: Shutting down and abandoning module AvfMediaEditor (480)
[2022.11.22-01.39.32:817][409]LogModuleManager: Shutting down and abandoning module AndroidMediaFactory (478)
[2022.11.22-01.39.32:817][409]LogModuleManager: Shutting down and abandoning module Media (477)
[2022.11.22-01.39.32:817][409]LogModuleManager: Shutting down and abandoning module AndroidMediaEditor (474)
[2022.11.22-01.39.32:817][409]LogModuleManager: Shutting down and abandoning module CharacterAI (472)
[2022.11.22-01.39.32:817][409]LogModuleManager: Shutting down and abandoning module AudioCapture (470)
[2022.11.22-01.39.32:817][409]LogModuleManager: Shutting down and abandoning module SequenceRecorder (469)
[2022.11.22-01.39.32:817][409]LogModuleManager: Shutting down and abandoning module SmartSnapping (466)
[2022.11.22-01.39.32:817][409]LogModuleManager: Shutting down and abandoning module SessionServices (464)
[2022.11.22-01.39.32:817][409]LogModuleManager: Shutting down and abandoning module ViewportSnapping (462)
[2022.11.22-01.39.32:817][409]LogModuleManager: Shutting down and abandoning module ViewportInteraction (460)
[2022.11.22-01.39.32:817][409]LogModuleManager: Shutting down and abandoning module ClothPainter (458)
[2022.11.22-01.39.32:818][409]LogModuleManager: Shutting down and abandoning module LogVisualizer (456)
[2022.11.22-01.39.32:818][409]LogModuleManager: Shutting down and abandoning module IntroTutorials (454)
[2022.11.22-01.39.32:818][409]LogModuleManager: Shutting down and abandoning module GameProjectGeneration (453)
[2022.11.22-01.39.32:819][409]LogModuleManager: Shutting down and abandoning module IOSPlatformEditor (450)
[2022.11.22-01.39.32:819][409]LogModuleManager: Shutting down and abandoning module HTML5PlatformEditor (448)
[2022.11.22-01.39.32:819][409]LogModuleManager: Shutting down and abandoning module AndroidPlatformEditor (446)
[2022.11.22-01.39.32:819][409]LogModuleManager: Shutting down and abandoning module AndroidDeviceDetection (445)
[2022.11.22-01.39.33:026][409]LogModuleManager: Shutting down and abandoning module WindowsPlatformEditor (442)
[2022.11.22-01.39.33:026][409]LogModuleManager: Shutting down and abandoning module IOSRuntimeSettings (440)
[2022.11.22-01.39.33:026][409]LogModuleManager: Shutting down and abandoning module AndroidRuntimeSettings (438)
[2022.11.22-01.39.33:026][409]LogModuleManager: Shutting down and abandoning module InputBindingEditor (436)
[2022.11.22-01.39.33:028][409]LogModuleManager: Shutting down and abandoning module MergeActors (434)
[2022.11.22-01.39.33:028][409]LogModuleManager: Shutting down and abandoning module SizeMap (432)
[2022.11.22-01.39.33:028][409]LogModuleManager: Shutting down and abandoning module TreeMap (430)
[2022.11.22-01.39.33:028][409]LogModuleManager: Shutting down and abandoning module ReferenceViewer (428)
[2022.11.22-01.39.33:028][409]LogModuleManager: Shutting down and abandoning module LocalizationDashboard (426)
[2022.11.22-01.39.33:028][409]LogModuleManager: Shutting down and abandoning module LocalizationService (425)
[2022.11.22-01.39.33:028][409]LogModuleManager: Shutting down and abandoning module HardwareTargeting (422)
[2022.11.22-01.39.33:028][409]LogModuleManager: Shutting down and abandoning module DeviceProfileEditor (420)
[2022.11.22-01.39.33:029][409]LogModuleManager: Shutting down and abandoning module UndoHistory (418)
[2022.11.22-01.39.33:029][409]LogModuleManager: Shutting down and abandoning module XmlParser (416)
[2022.11.22-01.39.33:029][409]LogModuleManager: Shutting down and abandoning module Blutility (414)
[2022.11.22-01.39.33:029][409]LogModuleManager: Shutting down and abandoning module ProjectSettingsViewer (412)
[2022.11.22-01.39.33:029][409]LogModuleManager: Shutting down and abandoning module ProjectTargetPlatformEditor (411)
[2022.11.22-01.39.33:029][409]LogModuleManager: Shutting down and abandoning module EditorSettingsViewer (408)
[2022.11.22-01.39.33:029][409]LogModuleManager: Shutting down and abandoning module SettingsEditor (406)
[2022.11.22-01.39.33:029][409]LogModuleManager: Shutting down and abandoning module ProjectLauncher (404)
[2022.11.22-01.39.33:030][409]LogModuleManager: Shutting down and abandoning module SessionFrontend (402)
[2022.11.22-01.39.33:030][409]LogModuleManager: Shutting down and abandoning module ProfilerClient (400)
[2022.11.22-01.39.33:030][409]LogModuleManager: Shutting down and abandoning module DeviceManager (398)
[2022.11.22-01.39.33:030][409]LogModuleManager: Shutting down and abandoning module TargetDeviceServices (397)
[2022.11.22-01.39.33:083][409]LogModuleManager: Shutting down and abandoning module AutomationController (394)
[2022.11.22-01.39.33:083][409]LogModuleManager: Shutting down and abandoning module AutomationWindow (392)
[2022.11.22-01.39.33:085][409]LogModuleManager: Shutting down and abandoning module Layers (390)
[2022.11.22-01.39.33:086][409]LogModuleManager: Shutting down and abandoning module ComponentVisualizers (388)
[2022.11.22-01.39.33:087][409]LogModuleManager: Shutting down and abandoning module DetailCustomizations (386)
[2022.11.22-01.39.33:087][409]LogModuleManager: Shutting down and abandoning module PackagesDialog (384)
[2022.11.22-01.39.33:087][409]LogModuleManager: Shutting down and abandoning module Persona (382)
[2022.11.22-01.39.33:088][409]LogModuleManager: Shutting down and abandoning module AdvancedPreviewScene (381)
[2022.11.22-01.39.33:088][409]LogModuleManager: Shutting down and abandoning module AnimGraph (379)
[2022.11.22-01.39.33:089][409]LogModuleManager: Shutting down and abandoning module Kismet (376)
[2022.11.22-01.39.33:105][409]LogModuleManager: Shutting down and abandoning module ClassViewer (374)
[2022.11.22-01.39.33:105][409]LogModuleManager: Shutting down and abandoning module Toolbox (372)
[2022.11.22-01.39.33:105][409]LogModuleManager: Shutting down and abandoning module ModuleUI (370)
[2022.11.22-01.39.33:105][409]LogModuleManager: Shutting down and abandoning module MovieSceneTools (368)
[2022.11.22-01.39.33:106][409]LogModuleManager: Shutting down and abandoning module OutputLog (366)
[2022.11.22-01.39.33:106][409]LogModuleManager: Shutting down and abandoning module GammaUI (364)
[2022.11.22-01.39.33:106][409]LogModuleManager: Shutting down and abandoning module Documentation (362)
[2022.11.22-01.39.33:106][409]LogModuleManager: Shutting down and abandoning module MovieSceneTracks (360)
[2022.11.22-01.39.33:107][409]LogModuleManager: Shutting down and abandoning module MovieScene (358)
[2022.11.22-01.39.33:107][409]LogModuleManager: Shutting down and abandoning module Niagara (356)
[2022.11.22-01.39.33:107][409]LogModuleManager: Shutting down and abandoning module NiagaraEditor (355)
[2022.11.22-01.39.33:107][409]LogModuleManager: Shutting down and abandoning module StreamingPauseRendering (352)
[2022.11.22-01.39.33:107][409]LogModuleManager: Shutting down and abandoning module LauncherPlatform (350)
[2022.11.22-01.39.33:107][409]LogModuleManager: Shutting down and abandoning module AnalyticsET (348)
[2022.11.22-01.39.33:107][409]LogModuleManager: Shutting down and abandoning module PortalServices (346)
[2022.11.22-01.39.33:107][409]LogModuleManager: Shutting down and abandoning module PortalRpc (344)
[2022.11.22-01.39.33:107][409]LogModuleManager: Shutting down and abandoning module MessagingRpc (342)
[2022.11.22-01.39.33:107][409]LogModuleManager: Shutting down and abandoning module AIModule (340)
[2022.11.22-01.39.33:107][409]LogModuleManager: Shutting down and abandoning module GameplayDebugger (339)
[2022.11.22-01.39.33:107][409]LogModuleManager: Shutting down and abandoning module AITestSuite (337)
[2022.11.22-01.39.33:107][409]LogModuleManager: Shutting down and abandoning module ProfilerService (334)
[2022.11.22-01.39.33:275][409]LogModuleManager: Shutting down and abandoning module TaskGraph (332)
[2022.11.22-01.39.33:276][409]LogModuleManager: Shutting down and abandoning module SteamVRController (330)
[2022.11.22-01.39.33:276][409]LogModuleManager: Shutting down and abandoning module ProceduralMeshComponentEditor (328)
[2022.11.22-01.39.33:276][409]LogModuleManager: Shutting down and abandoning module ProceduralMeshComponent (326)
[2022.11.22-01.39.33:276][409]LogModuleManager: Shutting down and abandoning module OculusInput (324)
[2022.11.22-01.39.33:276][409]LogModuleManager: Shutting down and abandoning module MobilePatchingUtils (322)
[2022.11.22-01.39.33:276][409]LogModuleManager: Shutting down and abandoning module CustomMeshComponent (320)
[2022.11.22-01.39.33:276][409]LogModuleManager: Shutting down and abandoning module CableComponent (318)
[2022.11.22-01.39.33:276][409]LogModuleManager: Shutting down and abandoning module ArchVisCharacter (316)
[2022.11.22-01.39.33:276][409]LogModuleManager: Shutting down and abandoning module AndroidPermission (314)
[2022.11.22-01.39.33:276][409]LogModuleManager: Shutting down and abandoning module MediaPlayerEditor (310)
[2022.11.22-01.39.33:278][409]LogModuleManager: Shutting down and abandoning module HTML5Networking (308)
[2022.11.22-01.39.33:278][409]LogModuleManager: Shutting down and abandoning module AlembicImporter (306)
[2022.11.22-01.39.33:278][409]LogModuleManager: Shutting down and abandoning module AlembicLibrary (305)
[2022.11.22-01.39.33:278][409]LogModuleManager: Shutting down and abandoning module GeometryCache (304)
[2022.11.22-01.39.33:278][409]LogModuleManager: Shutting down and abandoning module GeometryCacheEd (303)
[2022.11.22-01.39.33:278][409]LogModuleManager: Shutting down and abandoning module SpeedTreeImporter (298)
[2022.11.22-01.39.33:278][409]LogModuleManager: Shutting down and abandoning module PluginBrowser (296)
[2022.11.22-01.39.33:279][409]LogModuleManager: Shutting down and abandoning module MobileLauncherProfileWizard (294)
[2022.11.22-01.39.33:280][409]LogModuleManager: Shutting down and abandoning module VisualStudioSourceCodeAccess (292)
[2022.11.22-01.39.33:280][409]LogModuleManager: Shutting down and abandoning module DesktopPlatform (291)
[2022.11.22-01.39.33:280][409]LogModuleManager: Shutting down and abandoning module UObjectPlugin (288)
[2022.11.22-01.39.33:280][409]LogModuleManager: Shutting down and abandoning module SubversionSourceControl (286)
[2022.11.22-01.39.33:280][409]LogModuleManager: Shutting down and abandoning module PerforceSourceControl (284)
[2022.11.22-01.39.33:281][409]LogModuleManager: Shutting down and abandoning module GitSourceControl (282)
[2022.11.22-01.39.33:281][409]LogModuleManager: Shutting down and abandoning module SourceControl (281)
[2022.11.22-01.39.33:282][409]LogModuleManager: Shutting down and abandoning module LightPropagationVolumeEditor (278)
[2022.11.22-01.39.33:282][409]LogModuleManager: Shutting down and abandoning module PaperTiledImporter (276)
[2022.11.22-01.39.33:282][409]LogModuleManager: Shutting down and abandoning module PaperSpriteSheetImporter (274)
[2022.11.22-01.39.33:282][409]LogModuleManager: Shutting down and abandoning module Paper2DEditor (272)
[2022.11.22-01.39.33:282][409]LogModuleManager: Shutting down and abandoning module MeshPaint (271)
[2022.11.22-01.39.33:282][409]LogModuleManager: Shutting down and abandoning module LevelEditor (269)
[2022.11.22-01.39.33:285][409]LogModuleManager: Shutting down and abandoning module PixelInspectorModule (268)
[2022.11.22-01.39.33:285][409]LogModuleManager: Shutting down and abandoning module MainFrame (266)
[2022.11.22-01.39.33:285][409]LogModuleManager: Shutting down and abandoning module HotReload (265)
[2022.11.22-01.39.33:286][409]LogModuleManager: Shutting down and abandoning module RuntimePhysXCooking (260)
[2022.11.22-01.39.33:287][409]LogModuleManager: Shutting down and abandoning module PhysXVehiclesEditor (258)
[2022.11.22-01.39.33:287][409]LogModuleManager: Shutting down and abandoning module PhysXVehicles (256)
[2022.11.22-01.39.33:287][409]LogModuleManager: Shutting down and abandoning module OculusEditor (254)
[2022.11.22-01.39.33:287][409]LogModuleManager: Shutting down and abandoning module LocationServicesBPLibrary (252)
[2022.11.22-01.39.33:287][409]LogModuleManager: Shutting down and abandoning module ImmediatePhysicsEditor (250)
[2022.11.22-01.39.33:287][409]LogModuleManager: Shutting down and abandoning module ImmediatePhysics (248)
[2022.11.22-01.39.33:287][409]LogModuleManager: Shutting down and abandoning module UdpMessaging (246)
[2022.11.22-01.39.33:388][409]LogModuleManager: Shutting down and abandoning module TcpMessaging (244)
[2022.11.22-01.39.33:489][409]LogModuleManager: Shutting down and abandoning module GameplayTagsEditor (242)
[2022.11.22-01.39.33:489][409]LogModuleManager: Shutting down and abandoning module FacialAnimationEditor (240)
[2022.11.22-01.39.33:490][409]LogModuleManager: Shutting down and abandoning module FacialAnimation (238)
[2022.11.22-01.39.33:490][409]LogModuleManager: Shutting down and abandoning module AssetManagerEditor (236)
[2022.11.22-01.39.33:490][409]LogModuleManager: Shutting down and abandoning module GraphEditor (235)
[2022.11.22-01.39.33:490][409]LogModuleManager: Shutting down and abandoning module ContentBrowser (233)
[2022.11.22-01.39.33:494][409]LogModuleManager: Shutting down and abandoning module LightPropagationVolumeRuntime (230)
[2022.11.22-01.39.33:494][409]LogModuleManager: Shutting down and abandoning module Paper2D (228)
[2022.11.22-01.39.33:494][409]LogModuleManager: Shutting down and abandoning module WindowsMoviePlayer (226)
[2022.11.22-01.39.33:494][409]LogModuleManager: Shutting down and abandoning module WmfMedia (224)
[2022.11.22-01.39.33:500][409]LogModuleManager: Shutting down and abandoning module PacketHandler (222)
[2022.11.22-01.39.33:500][409]LogModuleManager: Shutting down and abandoning module ClothingSystemEditor (220)
[2022.11.22-01.39.33:500][409]LogModuleManager: Shutting down and abandoning module ClothingSystemRuntime (218)
[2022.11.22-01.39.33:501][409]LogModuleManager: Shutting down and abandoning module Overlay (216)
[2022.11.22-01.39.33:501][409]LogModuleManager: Shutting down and abandoning module OverlayEditor (215)
[2022.11.22-01.39.33:501][409]LogModuleManager: Shutting down and abandoning module MediaAssets (212)
[2022.11.22-01.39.33:501][409]LogModuleManager: Shutting down and abandoning module VREditor (210)
[2022.11.22-01.39.33:502][409]LogModuleManager: Shutting down and abandoning module StringTableEditor (208)
[2022.11.22-01.39.33:502][409]LogModuleManager: Shutting down and abandoning module GameplayTasksEditor (206)
[2022.11.22-01.39.33:502][409]LogModuleManager: Shutting down and abandoning module BehaviorTreeEditor (204)
[2022.11.22-01.39.33:503][409]LogModuleManager: Shutting down and abandoning module FunctionalTesting (202)
[2022.11.22-01.39.33:503][409]LogModuleManager: Shutting down and abandoning module CollisionAnalyzer (200)
[2022.11.22-01.39.33:503][409]LogModuleManager: Shutting down and abandoning module WorkspaceMenuStructure (199)
[2022.11.22-01.39.33:504][409]LogModuleManager: Shutting down and abandoning module UMG (196)
[2022.11.22-01.39.33:504][409]LogModuleManager: Shutting down and abandoning module UMGEditor (195)
[2022.11.22-01.39.33:504][409]LogModuleManager: Shutting down and abandoning module Sequencer (194)
[2022.11.22-01.39.33:504][409]LogModuleManager: Shutting down and abandoning module MessageLog (191)
[2022.11.22-01.39.33:504][409]LogModuleManager: Shutting down and abandoning module SlateReflector (186)
[2022.11.22-01.39.33:505][409]LogModuleManager: Shutting down and abandoning module Slate (184)
[2022.11.22-01.39.33:505][409]LogModuleManager: Shutting down and abandoning module EditorStyle (182)
[2022.11.22-01.39.33:515][409]LogModuleManager: Shutting down and abandoning module MRMesh (180)
[2022.11.22-01.39.33:515][409]LogModuleManager: Shutting down and abandoning module SourceCodeAccess (178)
[2022.11.22-01.39.33:515][409]LogModuleManager: Shutting down and abandoning module HeadMountedDisplay (176)
[2022.11.22-01.39.33:515][409]LogModuleManager: Shutting down and abandoning module XAudio2 (174)
[2022.11.22-01.39.33:515][409]LogModuleManager: Shutting down and abandoning module Networking (172)
[2022.11.22-01.39.33:515][409]LogModuleManager: Shutting down and abandoning module Core (168)
[2022.11.22-01.39.33:516][409]LogModuleManager: Shutting down and abandoning module KismetCompiler (164)
[2022.11.22-01.39.33:516][409]LogModuleManager: Shutting down and abandoning module LevelSequence (162)
[2022.11.22-01.39.33:516][409]LogModuleManager: Shutting down and abandoning module MeshUtilities (160)
[2022.11.22-01.39.33:517][409]LogModuleManager: Shutting down and abandoning module MeshMergeUtilities (159)
[2022.11.22-01.39.33:517][409]LogModuleManager: Shutting down and abandoning module MeshReductionInterface (158)
[2022.11.22-01.39.33:517][409]LogModuleManager: Shutting down and abandoning module SimplygonSwarm (157)
[2022.11.22-01.39.33:518][409]LogModuleManager: Shutting down and abandoning module SimplygonMeshReduction (155)
[2022.11.22-01.39.33:518][409]LogModuleManager: Shutting down and abandoning module QuadricMeshReduction (153)
[2022.11.22-01.39.33:518][409]LogModuleManager: Shutting down and abandoning module MaterialBaking (149)
[2022.11.22-01.39.33:518][409]LogModuleManager: Shutting down and abandoning module DirectoryWatcher (146)
[2022.11.22-01.39.33:526][409]LogModuleManager: Shutting down and abandoning module DerivedDataCache (144)
[2022.11.22-01.39.33:600][409]LogDerivedDataCache: Shutdown
[2022.11.22-01.39.33:600][409]LogModuleManager: Shutting down and abandoning module TargetPlatform (142)
[2022.11.22-01.39.33:601][409]LogModuleManager: Shutting down and abandoning module VulkanShaderFormat (141)
[2022.11.22-01.39.33:601][409]LogModuleManager: Shutting down and abandoning module ShaderFormatVectorVM (139)
[2022.11.22-01.39.33:601][409]LogModuleManager: Shutting down and abandoning module ShaderFormatOpenGL (137)
[2022.11.22-01.39.33:601][409]LogModuleManager: Shutting down and abandoning module ShaderFormatD3D (135)
[2022.11.22-01.39.33:602][409]LogModuleManager: Shutting down and abandoning module MetalShaderFormat (133)
[2022.11.22-01.39.33:602][409]LogModuleManager: Shutting down and abandoning module TextureFormatUncompressed (131)
[2022.11.22-01.39.33:602][409]LogModuleManager: Shutting down and abandoning module TextureFormatPVR (129)
[2022.11.22-01.39.33:602][409]LogModuleManager: Shutting down and abandoning module TextureFormatDXT (127)
[2022.11.22-01.39.33:602][409]LogModuleManager: Shutting down and abandoning module TextureFormatIntelISPCTexComp (125)
[2022.11.22-01.39.33:603][409]LogModuleManager: Shutting down and abandoning module TextureFormatASTC (123)
[2022.11.22-01.39.33:603][409]LogModuleManager: Shutting down and abandoning module ImageWrapper (122)
[2022.11.22-01.39.33:603][409]LogModuleManager: Shutting down and abandoning module TextureFormatAndroid (119)
[2022.11.22-01.39.33:603][409]LogModuleManager: Shutting down and abandoning module AudioFormatOpus (117)
[2022.11.22-01.39.33:603][409]LogModuleManager: Shutting down and abandoning module AudioFormatOgg (115)
[2022.11.22-01.39.33:603][409]LogModuleManager: Shutting down and abandoning module AudioFormatADPCM (113)
[2022.11.22-01.39.33:603][409]LogModuleManager: Shutting down and abandoning module LinuxTargetPlatform (111)
[2022.11.22-01.39.33:603][409]LogModuleManager: Shutting down and abandoning module LinuxServerTargetPlatform (109)
[2022.11.22-01.39.33:603][409]LogModuleManager: Shutting down and abandoning module LinuxNoEditorTargetPlatform (107)
[2022.11.22-01.39.33:603][409]LogModuleManager: Shutting down and abandoning module LinuxClientTargetPlatform (105)
[2022.11.22-01.39.33:603][409]LogModuleManager: Shutting down and abandoning module TVOSTargetPlatform (103)
[2022.11.22-01.39.33:603][409]LogModuleManager: Shutting down and abandoning module Messaging (101)
[2022.11.22-01.39.33:603][409]LogModuleManager: Shutting down and abandoning module IOSTargetPlatform (99)
[2022.11.22-01.39.33:603][409]LogModuleManager: Shutting down and abandoning module HTML5TargetPlatform (97)
[2022.11.22-01.39.33:603][409]LogModuleManager: Shutting down and abandoning module Android_PVRTCTargetPlatform (95)
[2022.11.22-01.39.33:603][409]LogModuleManager: Shutting down and abandoning module Android_MultiTargetPlatform (93)
[2022.11.22-01.39.33:604][409]LogModuleManager: Shutting down and abandoning module Android_ETC2TargetPlatform (91)
[2022.11.22-01.39.33:604][409]LogModuleManager: Shutting down and abandoning module Android_ETC1TargetPlatform (89)
[2022.11.22-01.39.33:604][409]LogModuleManager: Shutting down and abandoning module Android_DXTTargetPlatform (87)
[2022.11.22-01.39.33:604][409]LogModuleManager: Shutting down and abandoning module Android_ATCTargetPlatform (85)
[2022.11.22-01.39.33:604][409]LogModuleManager: Shutting down and abandoning module Android_ASTCTargetPlatform (83)
[2022.11.22-01.39.33:604][409]LogModuleManager: Shutting down and abandoning module AndroidTargetPlatform (81)
[2022.11.22-01.39.33:604][409]LogModuleManager: Shutting down and abandoning module WindowsTargetPlatform (79)
[2022.11.22-01.39.33:604][409]LogModuleManager: Shutting down and abandoning module WindowsServerTargetPlatform (77)
[2022.11.22-01.39.33:604][409]LogModuleManager: Shutting down and abandoning module WindowsNoEditorTargetPlatform (75)
[2022.11.22-01.39.33:604][409]LogModuleManager: Shutting down and abandoning module WindowsClientTargetPlatform (73)
[2022.11.22-01.39.33:604][409]LogModuleManager: Shutting down and abandoning module MacTargetPlatform (71)
[2022.11.22-01.39.33:604][409]LogModuleManager: Shutting down and abandoning module MacServerTargetPlatform (69)
[2022.11.22-01.39.33:604][409]LogModuleManager: Shutting down and abandoning module MacNoEditorTargetPlatform (67)
[2022.11.22-01.39.33:604][409]LogModuleManager: Shutting down and abandoning module MacClientTargetPlatform (65)
[2022.11.22-01.39.33:604][409]LogModuleManager: Shutting down and abandoning module AllDesktopTargetPlatform (63)
[2022.11.22-01.39.33:604][409]LogModuleManager: Shutting down and abandoning module InputCore (60)
[2022.11.22-01.39.33:604][409]LogModuleManager: Shutting down and abandoning module Settings (58)
[2022.11.22-01.39.33:604][409]LogModuleManager: Shutting down and abandoning module PhysXCooking (56)
[2022.11.22-01.39.33:604][409]LogModuleManager: Shutting down and abandoning module SteamVR (54)
[2022.11.22-01.39.33:604][409]LogModuleManager: Shutting down and abandoning module OculusHMD (52)
[2022.11.22-01.39.33:604][409]LogModuleManager: Shutting down and abandoning module ExampleDeviceProfileSelector (50)
[2022.11.22-01.39.33:604][409]LogModuleManager: Shutting down and abandoning module OnlineBlueprintSupport (48)
[2022.11.22-01.39.33:604][409]LogModuleManager: Shutting down and abandoning module OnlineSubsystem (44)
[2022.11.22-01.39.33:604][409]LogOnline: Display: Unloading online subsystem: NULL
[2022.11.22-01.39.33:605][409]LogModuleManager: Shutting down and abandoning module XMPP (43)
[2022.11.22-01.39.33:605][409]LogModuleManager: Shutting down and abandoning module HTTP (41)
[2022.11.22-01.39.33:605][409]LogHttp: Display: Http module shutting down, but needs to wait on 1 outstanding Http requests:
[2022.11.22-01.39.33:606][409]LogHttp: Display: 	verb=[POST] url=[https://datarouter.ol.epicgames.com/datarouter/api/v1/public/data?SessionID=%7BC57F0919-4A8B-4B24-0396-BC8214C8EFC3%7D&AppID=UEEditor.Rocket.Release&AppVersion=4.17.2-3658906%2B%2B%2BUE4%2BRelease-4.17&UserID=22216424446da8404b0e18bda9bcd035%7Cd6ebfc186ede4a0b93d72b7a1f7d66f8%7C417f69e0-461a-4e54-9fe7-7d9680c3a96f&AppEnvironment=datacollector-binary&UploadType=eteventstream] status=Processing
[2022.11.22-01.39.33:606][409]LogHttp: Warning: 00000272D74E9480: request failed, libcurl error: 6 (Couldn't resolve host name)
[2022.11.22-01.39.33:606][409]LogHttp: Warning: 00000272D74E9480: libcurl info message cache 0 (Could not resolve host: datarouter.ol.epicgames.com)
[2022.11.22-01.39.33:606][409]LogHttp: Warning: 00000272D74E9480: libcurl info message cache 1 (Closing connection 32)
[2022.11.22-01.39.33:635][409]LogModuleManager: Shutting down and abandoning module SSL (40)
[2022.11.22-01.39.33:637][409]LogModuleManager: Shutting down and abandoning module AnimationModifiers (36)
[2022.11.22-01.39.33:638][409]LogModuleManager: Shutting down and abandoning module PropertyEditor (35)
[2022.11.22-01.39.33:638][409]LogModuleManager: Shutting down and abandoning module AudioEditor (32)
[2022.11.22-01.39.33:638][409]LogModuleManager: Shutting down and abandoning module TextureCompressor (30)
[2022.11.22-01.39.33:639][409]LogModuleManager: Shutting down and abandoning module ShaderCore (28)
[2022.11.22-01.39.33:639][409]LogModuleManager: Shutting down and abandoning module Landscape (26)
[2022.11.22-01.39.33:639][409]LogModuleManager: Shutting down and abandoning module SlateRHIRenderer (24)
[2022.11.22-01.39.33:644][409]LogModuleManager: Shutting down and abandoning module OpenGLDrv (22)
[2022.11.22-01.39.33:645][409]LogModuleManager: Shutting down and abandoning module D3D11RHI (20)
[2022.11.22-01.39.33:645][409]LogModuleManager: Shutting down and abandoning module AnimGraphRuntime (18)
[2022.11.22-01.39.33:645][409]LogModuleManager: Shutting down and abandoning module Renderer (16)
[2022.11.22-01.39.33:645][409]LogModuleManager: Shutting down and abandoning module Engine (14)
[2022.11.22-01.39.33:645][409]LogModuleManager: Shutting down and abandoning module CoreUObject (12)
[2022.11.22-01.39.33:645][409]LogModuleManager: Shutting down and abandoning module NetworkFile (10)
[2022.11.22-01.39.33:646][409]LogModuleManager: Shutting down and abandoning module CookedIterativeFile (8)
[2022.11.22-01.39.33:646][409]LogModuleManager: Shutting down and abandoning module StreamingFile (6)
[2022.11.22-01.39.33:646][409]LogModuleManager: Shutting down and abandoning module SandboxFile (4)
[2022.11.22-01.39.33:646][409]LogModuleManager: Shutting down and abandoning module PakFile (2)
[2022.11.22-01.39.33:654][409]LogExit: Exiting.
[2022.11.22-01.39.33:663][409]Log file closed, 11/22/22 10:39:33
