Log file open, 02/07/23 09:26:57
LogWindows: Failed to load 'aqProf.dll' (GetLastError=126)
LogWindows: File 'aqProf.dll' does not exist
LogWindows: Failed to load 'VSPerf140.dll' (GetLastError=126)
LogWindows: File 'VSPerf140.dll' does not exist
LogWindows: Failed to load 'VtuneApi.dll' (GetLastError=126)
LogWindows: File 'VtuneApi.dll' does not exist
LogWindows: Failed to load 'VtuneApi32e.dll' (GetLastError=126)
LogWindows: File 'VtuneApi32e.dll' does not exist
LogInit: Display: Running engine for game: THE7
LogPlatformFile: Not using cached read wrapper
LogInit: Display: RandInit(-1167537073) SRandInit(-1167537073).
LogTaskGraph: Started task graph with 5 named threads and 20 total threads with 3 sets of task threads.
LogStats: Stats thread started at 0.813650
LogD3D11RHI: Aftermath initialized
LogPluginManager: Mounting plugin Paper2D
LogPluginManager: Mounting plugin LightPropagationVolume
LogPluginManager: Mounting plugin CodeLiteSourceCodeAccess
LogPluginManager: Mounting plugin GitSourceControl
LogPluginManager: Mounting plugin KDevelopSourceCodeAccess
LogPluginManager: Mounting plugin NullSourceCodeAccess
LogPluginManager: Mounting plugin PerforceSourceControl
LogPluginManager: Mounting plugin SubversionSourceControl
LogPluginManager: Mounting plugin UObjectPlugin
LogPluginManager: Mounting plugin VisualStudioSourceCodeAccess
LogPluginManager: Mounting plugin XCodeSourceCodeAccess
LogPluginManager: Mounting plugin AssetManagerEditor
LogPluginManager: Mounting plugin AudioCapture
LogPluginManager: Mounting plugin FacialAnimation
LogPluginManager: Mounting plugin GameplayTagsEditor
LogPluginManager: Mounting plugin MobileLauncherProfileWizard
LogPluginManager: Mounting plugin PluginBrowser
LogPluginManager: Mounting plugin SpeedTreeImporter
LogPluginManager: Mounting plugin AlembicImporter
LogPluginManager: Mounting plugin CharacterAI
LogPluginManager: Mounting plugin HTML5Networking
LogPluginManager: Mounting plugin AndroidMedia
LogPluginManager: Mounting plugin AvfMedia
LogPluginManager: Mounting plugin MediaPlayerEditor
LogPluginManager: Mounting plugin WmfMedia
LogPluginManager: Mounting plugin TcpMessaging
LogPluginManager: Mounting plugin UdpMessaging
LogPluginManager: Mounting plugin LevelSequenceEditor
LogPluginManager: Mounting plugin MatineeToLevelSequence
LogPluginManager: Mounting plugin OnlineSubsystemGooglePlay
LogPluginManager: Mounting plugin OnlineSubsystemIOS
LogPluginManager: Mounting plugin OnlineSubsystem
LogPluginManager: Mounting plugin OnlineSubsystemNull
LogPluginManager: Mounting plugin OnlineSubsystemUtils
LogPluginManager: Mounting plugin AndroidDeviceProfileSelector
LogPluginManager: Mounting plugin AndroidMoviePlayer
LogPluginManager: Mounting plugin AndroidPermission
LogPluginManager: Mounting plugin AppleMoviePlayer
LogPluginManager: Mounting plugin ArchVisCharacter
LogPluginManager: Mounting plugin CableComponent
LogPluginManager: Mounting plugin CustomMeshComponent
LogPluginManager: Mounting plugin ExampleDeviceProfileSelector
LogPluginManager: Mounting plugin GoogleCloudMessaging
LogPluginManager: Mounting plugin ImmediatePhysics
LogPluginManager: Mounting plugin IOSDeviceProfileSelector
LogPluginManager: Mounting plugin LinuxDeviceProfileSelector
LogPluginManager: Mounting plugin LocationServicesBPLibrary
LogPluginManager: Mounting plugin MobilePatchingUtils
LogPluginManager: Mounting plugin OculusVR
LogPluginManager: Mounting plugin PhysXVehicles
LogPluginManager: Mounting plugin ProceduralMeshComponent
LogPluginManager: Mounting plugin RuntimePhysXCooking
LogPluginManager: Mounting plugin SteamVR
LogPluginManager: Mounting plugin WindowsMoviePlayer
LogInit: Using libcurl 7.47.1
LogInit:  - built for x86_64-pc-win32
LogInit:  - supports SSL with OpenSSL/1.0.2g
LogInit:  - supports HTTP deflate (compression) using libz 1.2.8
LogInit:  - other features:
LogInit:      CURL_VERSION_SSL
LogInit:      CURL_VERSION_LIBZ
LogInit:      CURL_VERSION_IPV6
LogInit:      CURL_VERSION_ASYNCHDNS
LogInit:      CURL_VERSION_LARGEFILE
LogInit:      CURL_VERSION_IDN
LogInit:  CurlRequestOptions (configurable via config and command line):
LogInit:  - bVerifyPeer = false  - Libcurl will NOT verify peer certificate
LogInit:  - bUseHttpProxy = false  - Libcurl will NOT use HTTP proxy
LogInit:  - bDontReuseConnections = false  - Libcurl will reuse connections
LogInit:  - CertBundlePath = nullptr  - Libcurl will use whatever was configured at build time.
LogInit: Build: ++UE4+Release-4.17-CL-3658906
LogInit: Engine Version: 4.17.2-3658906+++UE4+Release-4.17
LogInit: Compatible Engine Version: 4.17.0-3573198+++UE4+Release-4.17
LogInit: Net CL: 3573198
LogDevObjectVersion: Number of dev versions registered: 16
LogDevObjectVersion:   Dev-Blueprints (B0D832E4-1F89-4F0D-ACCF-7EB736FD4AA2): 10
LogDevObjectVersion:   Dev-Build (E1C64328-A22C-4D53-A36C-8E866417BD8C): 0
LogDevObjectVersion:   Dev-Core (375EC13C-06E4-48FB-B500-84F0262A717E): 2
LogDevObjectVersion:   Dev-Editor (E4B068ED-F494-42E9-A231-DA0B2E46BB41): 20
LogDevObjectVersion:   Dev-Framework (CFFC743F-43B0-4480-9391-14DF171D2073): 28
LogDevObjectVersion:   Dev-Mobile (B02B49B5-BB20-44E9-A304-32B752E40360): 0
LogDevObjectVersion:   Dev-Networking (A4E4105C-59A1-49B5-A7C5-40C4547EDFEE): 0
LogDevObjectVersion:   Dev-Online (39C831C9-5AE6-47DC-9A44-9C173E1C8E7C): 0
LogDevObjectVersion:   Dev-Physics (78F01B33-EBEA-4F98-B9B4-84EACCB95AA2): 0
LogDevObjectVersion:   Dev-Platform (6631380F-2D4D-43E0-8009-CF276956A95A): 0
LogDevObjectVersion:   Dev-Rendering (12F88B9F-8875-4AFC-A67C-D90C383ABD29): 19
LogDevObjectVersion:   Dev-Sequencer (7B5AE74C-D270-4C10-A958-57980B212A5A): 4
LogDevObjectVersion:   Dev-VR (D7296918-1DD6-4BDD-9DE2-64A83CC13884): 0
LogDevObjectVersion:   Dev-LoadTimes (C2A15278-BFE7-4AFE-6C17-90FF531DF755): 1
LogDevObjectVersion:   Private-Geometry (6EACA3D4-40EC-4CC1-B786-8BED09428FC5): 1
LogDevObjectVersion:   Dev-AnimPhys (29E575DD-E0A3-4627-9D10-D276232CDCEA): 7
LogInit: Compiled (64-bit): Sep 22 2017 13:47:16
LogInit: Compiled with Visual C++: 19.00.24215.01
LogInit: Build Configuration: Development
LogInit: Branch Name: ++UE4+Release-4.17
LogInit: Command line:  
LogInit: Base directory: C:/Program Files/Epic Games/UE_4.17/Engine/Binaries/Win64/
LogInit: Installed Engine Build: 1
LogInit: Presizing for max 8388607 objects, including 0 objects not considered by GC, pre-allocating 0 bytes for permanent pool.
LogInit: Object subsystem initialized
[2023.02.07-00.26.58:455][  0]LogInit: Selected Device Profile: [Windows]
[2023.02.07-00.26.58:455][  0]LogInit: Applying CVar settings loaded from the selected device profile: [Windows]
[2023.02.07-00.26.58:476][  0]LogInit: Computer: KBCKUBA
[2023.02.07-00.26.58:476][  0]LogInit: User: Owner
[2023.02.07-00.26.58:476][  0]LogInit: CPU Page size=4096, Cores=6
[2023.02.07-00.26.58:476][  0]LogInit: High frequency timer resolution =10.000000 MHz
[2023.02.07-00.26.58:477][  0]LogMemory: Memory total: Physical=15.8GB (16GB approx)
[2023.02.07-00.26.58:477][  0]LogMemory: Platform Memory Stats for Windows
[2023.02.07-00.26.58:477][  0]LogMemory: Process Physical Memory: 280.85 MB used, 280.85 MB peak
[2023.02.07-00.26.58:477][  0]LogMemory: Process Virtual Memory: 281.06 MB used, 281.06 MB peak
[2023.02.07-00.26.58:477][  0]LogMemory: Physical Memory: 9726.38 MB used,  6503.54 MB free, 16229.92 MB total
[2023.02.07-00.26.58:477][  0]LogMemory: Virtual Memory: 4805.81 MB used,  6503.54 MB free, 134217728.00 MB total
[2023.02.07-00.26.58:982][  0]LogInit: Using OS detected language (ja-JP).
[2023.02.07-00.26.58:982][  0]LogInit: Using OS detected locale (ja-JP).
[2023.02.07-00.26.59:041][  0]LogTextLocalizationManager: No specific localization for 'ja-JP' exists, so the 'ja' localization will be used.
[2023.02.07-00.27.02:062][  0]LogD3D11RHI: D3D11 adapters:
[2023.02.07-00.27.02:150][  0]LogD3D11RHI:    0. 'NVIDIA GeForce GTX 1650 with Max-Q Design' (Feature Level 11_0)
[2023.02.07-00.27.02:150][  0]LogD3D11RHI:       3962/0/8114 MB DedicatedVideo/DedicatedSystem/SharedSystem, Outputs:1, VendorId:0x10de
[2023.02.07-00.27.02:189][  0]LogD3D11RHI:    1. 'Intel(R) UHD Graphics 630' (Feature Level 11_0)
[2023.02.07-00.27.02:189][  0]LogD3D11RHI:       128/0/8114 MB DedicatedVideo/DedicatedSystem/SharedSystem, Outputs:0, VendorId:0x8086
[2023.02.07-00.27.02:192][  0]LogD3D11RHI:    2. 'Microsoft Basic Render Driver' (Feature Level 11_0)
[2023.02.07-00.27.02:192][  0]LogD3D11RHI:       0/0/8114 MB DedicatedVideo/DedicatedSystem/SharedSystem, Outputs:0, VendorId:0x1414
[2023.02.07-00.27.02:192][  0]LogD3D11RHI: Chosen D3D11 Adapter: 0
[2023.02.07-00.27.02:247][  0]LogD3D11RHI: Creating new Direct3DDevice
[2023.02.07-00.27.02:247][  0]LogD3D11RHI:     GPU DeviceId: 0x1f91 (for the marketing name, search the web for "GPU Device Id")
[2023.02.07-00.27.02:247][  0]LogWindows: EnumDisplayDevices:
[2023.02.07-00.27.02:247][  0]LogWindows:    0. 'Intel(R) UHD Graphics 630' (P:1 D:1)
[2023.02.07-00.27.02:247][  0]LogWindows:    1. 'Intel(R) UHD Graphics 630' (P:0 D:0)
[2023.02.07-00.27.02:247][  0]LogWindows:    2. 'Intel(R) UHD Graphics 630' (P:0 D:0)
[2023.02.07-00.27.02:247][  0]LogWindows: DebugString: GetVideoDriverDetailsInvalid PrimaryIsNotTheChoosenAdapter GetVideoDriverDetailsInvalid PrimaryIsNotTheChoosenAdapter GetVideoDriverDetailsInvalid PrimaryIsNotTheChoosenAdapter FoundDriverCount:0 
[2023.02.07-00.27.02:247][  0]LogD3D11RHI:     Adapter Name: NVIDIA GeForce GTX 1650 with Max-Q Design
[2023.02.07-00.27.02:247][  0]LogD3D11RHI:   Driver Version: Unknown (internal:Unknown, unified:Unknown)
[2023.02.07-00.27.02:247][  0]LogD3D11RHI:      Driver Date: Unknown
[2023.02.07-00.27.02:248][  0]LogRHI: Texture pool is 1361 MB (70% of 1945 MB)
[2023.02.07-00.27.02:301][  0]LogD3D11RHI: Async texture creation enabled
[2023.02.07-00.27.02:345][  0]LogD3D11RHI: GPU Timing Frequency: 1000.000000 (Debug: 2 1)
[2023.02.07-00.27.02:352][  0]LogShaderCompilers: Guid format shader working directory is -6 characters bigger than the processId version (../../../../../../Users/Owner/Documents/UE4_RPG/THE7/Intermediate/Shaders/WorkingDirectory/7560/).
[2023.02.07-00.27.02:352][  0]LogShaderCompilers: Cleaned the shader compiler working directory 'C:/Users/Owner/AppData/Local/Temp/UnrealShaderWorkingDir/95B0AF34497C3EA33D6B6DBD3C333944/'.
[2023.02.07-00.27.02:353][  0]LogShaderCompilers: Display: Using Local Shader Compiler.
[2023.02.07-00.27.04:763][  0]LogTemp: Display: Loaded TP AllDesktopTargetPlatform
[2023.02.07-00.27.04:830][  0]LogTemp: Display: Loaded TP MacClientTargetPlatform
[2023.02.07-00.27.04:892][  0]LogTemp: Display: Loaded TP MacNoEditorTargetPlatform
[2023.02.07-00.27.04:952][  0]LogTemp: Display: Loaded TP MacServerTargetPlatform
[2023.02.07-00.27.05:020][  0]LogTemp: Display: Loaded TP MacTargetPlatform
[2023.02.07-00.27.05:083][  0]LogTemp: Display: Loaded TP WindowsClientTargetPlatform
[2023.02.07-00.27.05:146][  0]LogTemp: Display: Loaded TP WindowsNoEditorTargetPlatform
[2023.02.07-00.27.05:213][  0]LogTemp: Display: Loaded TP WindowsServerTargetPlatform
[2023.02.07-00.27.05:269][  0]LogTemp: Display: Loaded TP WindowsTargetPlatform
[2023.02.07-00.27.05:332][  0]LogTemp: Display: Loaded TP AndroidTargetPlatform
[2023.02.07-00.27.05:399][  0]LogTemp: Display: Loaded TP Android_ASTCTargetPlatform
[2023.02.07-00.27.05:459][  0]LogTemp: Display: Loaded TP Android_ATCTargetPlatform
[2023.02.07-00.27.05:523][  0]LogTemp: Display: Loaded TP Android_DXTTargetPlatform
[2023.02.07-00.27.05:589][  0]LogTemp: Display: Loaded TP Android_ETC1TargetPlatform
[2023.02.07-00.27.05:662][  0]LogTemp: Display: Loaded TP Android_ETC2TargetPlatform
[2023.02.07-00.27.05:799][  0]LogTemp: Display: Loaded TP Android_MultiTargetPlatform
[2023.02.07-00.27.05:799][  0]LogTemp: Display: Loaded TP Android_PVRTCTargetPlatform
[2023.02.07-00.27.05:851][  0]LogTemp: Display: Loaded TP HTML5TargetPlatform
[2023.02.07-00.27.05:968][  0]LogTemp: Display: Loaded TP IOSTargetPlatform
[2023.02.07-00.27.06:007][  0]LogTemp: Display: Loaded TP TVOSTargetPlatform
[2023.02.07-00.27.06:070][  0]LogTemp: Display: Loaded TP LinuxClientTargetPlatform
[2023.02.07-00.27.06:132][  0]LogTemp: Display: Loaded TP LinuxNoEditorTargetPlatform
[2023.02.07-00.27.06:190][  0]LogTemp: Display: Loaded TP LinuxServerTargetPlatform
[2023.02.07-00.27.06:250][  0]LogTemp: Display: Loaded TP LinuxTargetPlatform
[2023.02.07-00.27.06:250][  0]LogTargetPlatformManager: Display: Building Assets For Windows
[2023.02.07-00.27.07:062][  0]LogDerivedDataCache: Display: Max Cache Size: 512 MB
[2023.02.07-00.27.07:384][  0]LogDerivedDataCache: Loaded boot cache 0.32s 93MB C:/Users/Owner/AppData/Local/UnrealEngine/4.17/DerivedDataCache/Boot.ddc.
[2023.02.07-00.27.07:384][  0]LogDerivedDataCache: Display: Loaded Boot cache: C:/Users/Owner/AppData/Local/UnrealEngine/4.17/DerivedDataCache/Boot.ddc
[2023.02.07-00.27.07:384][  0]LogDerivedDataCache: FDerivedDataBackendGraph:  Pak pak cache file ../../../../../../Users/Owner/Documents/UE4_RPG/THE7/DerivedDataCache/DDC.ddp not found, will not use a pak cache.
[2023.02.07-00.27.07:384][  0]LogDerivedDataCache: Unable to find inner node Pak for hierarchical cache Hierarchy.
[2023.02.07-00.27.07:384][  0]LogDerivedDataCache: FDerivedDataBackendGraph:  CompressedPak pak cache file ../../../../../../Users/Owner/Documents/UE4_RPG/THE7/DerivedDataCache/Compressed.ddp not found, will not use a pak cache.
[2023.02.07-00.27.07:385][  0]LogDerivedDataCache: Unable to find inner node CompressedPak for hierarchical cache Hierarchy.
[2023.02.07-00.27.07:412][  0]LogDerivedDataCache: Display: Pak cache opened for reading ../../../Engine/DerivedDataCache/Compressed.ddp.
[2023.02.07-00.27.07:426][  0]LogDerivedDataCache: Using Local data cache path C:/Users/Owner/AppData/Local/UnrealEngine/Common/DerivedDataCache: Writable
[2023.02.07-00.27.07:440][  0]LogMaterial: Verifying Global Shaders for PCD3D_SM5
[2023.02.07-00.27.07:449][  0]LogSlate: Using Freetype 2.6.0
[2023.02.07-00.27.07:467][  0]LogSlate: SlateFontCache - WITH_FREETYPE: 1, WITH_HARFBUZZ: 1
[2023.02.07-00.27.07:468][  0]LogSlate: SlateFontCache - WITH_FREETYPE: 1, WITH_HARFBUZZ: 1
[2023.02.07-00.27.08:305][  0]LogAssetRegistry: FAssetRegistry took 0.0287 seconds to start up
[2023.02.07-00.27.08:479][  0]LogInit: Selected Device Profile: [Windows]
[2023.02.07-00.27.09:020][  0]LogContentStreaming: Texture pool size is 0.00 MB
[2023.02.07-00.27.09:471][  0]LogSimplygon: Simplygon DLL not present - disabling.
[2023.02.07-00.27.09:531][  0]LogMeshReduction: Using SimplygonSwarm for distributed automatic mesh merging
[2023.02.07-00.27.09:532][  0]LogMeshReduction: Using QuadricMeshReduction for automatic static mesh reduction
[2023.02.07-00.27.09:532][  0]LogMeshReduction: No automatic skeletal mesh reduction module available
[2023.02.07-00.27.09:532][  0]LogMeshReduction: No automatic mesh merging module available
[2023.02.07-00.27.09:532][  0]LogMeshMerging: No automatic mesh merging module available
[2023.02.07-00.27.10:502][  0]LogNetVersion: THE7 , NetCL: 3573198, EngineNetVer: 2, GameNetVer: 0 (Checksum: 151110352)
[2023.02.07-00.27.11:166][  0]LogPackageLocalizationCache: Processed 5 localized package path(s) for 2 prioritized culture(s) in 0.069501 seconds
[2023.02.07-00.27.11:173][  0]LogUObjectArray: 35825 objects as part of root set at end of initial load.
[2023.02.07-00.27.11:173][  0]LogUObjectAllocator: 7529104 out of 0 bytes used by permanent object pool.
[2023.02.07-00.27.11:173][  0]LogUObjectArray: CloseDisregardForGC: 0/0 objects in disregard for GC pool
[2023.02.07-00.27.11:255][  0]LogInit: WinSock: version 1.1 (2.2), MaxSocks=32767, MaxUdp=65467
[2023.02.07-00.27.16:184][  0]LogTcpMessaging: Initializing TcpMessaging bridge
[2023.02.07-00.27.16:232][  0]LogUdpMessaging: Initializing bridge on interface 0.0.0.0:0 to multicast group 230.0.0.1:6666.
[2023.02.07-00.27.17:224][  0]LogMaterial: Uniform references updated for custom material expression Custom.
[2023.02.07-00.27.17:892][  0]SourceControl: ソースコントロールは無効です
[2023.02.07-00.27.17:893][  0]SourceControl: ソースコントロールは無効です
[2023.02.07-00.27.17:960][  0]SourceControl: ソースコントロールは無効です
[2023.02.07-00.27.18:025][  0]SourceControl: ソースコントロールは無効です
[2023.02.07-00.27.18:837][  0]LogAndroidPermission: UAndroidPermissionCallbackProxy::GetInstance
[2023.02.07-00.27.19:161][  0]LogOcInput: OculusInput pre-init called
[2023.02.07-00.27.19:544][  0]LogEngine: Initializing Engine...
[2023.02.07-00.27.19:551][  0]LogHMD: Failed to initialize OpenVR with code 110
[2023.02.07-00.27.20:067][  0]LogStats: UGameplayTagsManager::ConstructGameplayTagTree: Construct from data asset -  0.000 s
[2023.02.07-00.27.20:068][  0]LogStats: UGameplayTagsManager::ConstructGameplayTagTree: GameplayTagTreeChangedEvent.Broadcast -  0.000 s
[2023.02.07-00.27.20:291][  0]LogAIModule: Creating AISystem for world Untitled
[2023.02.07-00.27.20:392][  0]LogInit: XAudio2 using 'スピーカー (Realtek(R) Audio)' : 2 channels at 48 kHz using 32 bits per sample (channel mask 0x3)
[2023.02.07-00.27.20:612][  0]LogInit: FAudioDevice initialized.
[2023.02.07-00.27.20:797][  0]LogDerivedDataCache: Saved boot cache 0.18s 93MB C:/Users/Owner/AppData/Local/UnrealEngine/4.17/DerivedDataCache/Boot.ddc.
[2023.02.07-00.27.20:818][  0]LogInit: Texture streaming: Enabled
[2023.02.07-00.27.21:030][  0]LogEngineSessionManager: EngineSessionManager initialized
[2023.02.07-00.27.21:424][  0]LogInit: Transaction tracking system initialized
[2023.02.07-00.27.21:868][  0]BlueprintLog: New page: エディタの読み込み
[2023.02.07-00.27.23:131][  0]LocalizationService: ローカライズのサービスが無効になりました
[2023.02.07-00.27.23:851][  0]LogLinker: Warning: ファイル '/Game/ThirdPersonBP/ThirdPersonOverview' が見つかりません
[2023.02.07-00.27.23:851][  0]LogLinker: Warning: ファイル '/Game/ThirdPersonBP/ThirdPersonOverview' が見つかりません
[2023.02.07-00.27.23:851][  0]LogUObjectGlobals: Warning: オブジェクト 'Class /Game/ThirdPersonBP/ThirdPersonOverview.ThirdPersonOverview_C' が見つかりませんでした
[2023.02.07-00.27.24:096][  0]LogConsoleResponse: Display: 
[2023.02.07-00.27.24:625][  0]LogCook: Display: Max memory allowance for cook 16384mb min free memory 0mb
[2023.02.07-00.27.24:626][  0]LogCook: Display: Mobile HDR setting 1
[2023.02.07-00.27.24:628][  0]LogFileCache: Scanning file cache for directory 'C:/Users/Owner/Documents/UE4_RPG/THE7/Content/' took 0.02s
[2023.02.07-00.27.24:628][  0]LogGameplayTags: Display: UGameplayTagsManager::DoneAddingNativeTags. DelegateIsBound: 0
[2023.02.07-00.27.26:120][  0]SourceControl: ソースコントロールは無効です
[2023.02.07-00.27.26:123][  0]Cmd: MAP LOAD FILE="../../../../../../Users/Owner/Documents/UE4_RPG/THE7/Content/Map/Game_Main.umap" TEMPLATE=0 SHOWPROGRESS=1 FEATURELEVEL=3
[2023.02.07-00.27.26:127][  0]LightingResults: New page: ライティングのビルド
[2023.02.07-00.27.26:192][  0]MapCheck: New page: マップをチェック
[2023.02.07-00.27.26:192][  0]LightingResults: New page: <何も選択されていません>
[2023.02.07-00.27.27:471][  0]LogAIModule: Creating AISystem for world Game_Main
[2023.02.07-00.27.27:522][  0]LogStreaming: Display: ULevelStreaming::RequestLevel(/Game/Map/Floor1) is flushing async loading
[2023.02.07-00.27.28:092][  0]LogStreaming: Display: ULevelStreaming::RequestLevel(/Game/Map/Floor3) is flushing async loading
[2023.02.07-00.27.28:301][  0]LogStreaming: Display: ULevelStreaming::RequestLevel(/Game/Map/Floor4) is flushing async loading
[2023.02.07-00.27.28:618][  0]LogStreaming: Display: ULevelStreaming::RequestLevel(/Game/Map/Floor5) is flushing async loading
[2023.02.07-00.27.29:281][  0]LogStreaming: Display: ULevelStreaming::RequestLevel(/Game/Map/Floor2) is flushing async loading
[2023.02.07-00.27.29:504][  0]LogEditorServer: Finished looking for orphan Actors (0.000 secs)
[2023.02.07-00.27.29:603][  0]Cmd: MAP CHECKDEP NOCLEARLOG
[2023.02.07-00.27.29:673][  0]MapCheck: マップチェックが完了: 0 エラー、 0 警告、完了に 70.191ミリ秒かかりました。
[2023.02.07-00.27.29:674][  0]LogFileHelpers: Loading map 'Game_Main' took 3.552
[2023.02.07-00.27.30:027][  0]LogCollectionManager: Loaded 0 collections in 0.002297 seconds
[2023.02.07-00.27.30:139][  0]LogFileCache: Scanning file cache for directory 'C:/Users/Owner/Documents/UE4_RPG/THE7/Saved/Collections/' took 0.01s
[2023.02.07-00.27.30:139][  0]LogFileCache: Scanning file cache for directory 'C:/Users/Owner/Documents/UE4_RPG/THE7/Content/Developers/Owner/Collections/' took 0.01s
[2023.02.07-00.27.30:139][  0]LogFileCache: Scanning file cache for directory 'C:/Users/Owner/Documents/UE4_RPG/THE7/Content/Collections/' took 0.01s
[2023.02.07-00.27.30:139][  0]LogCollectionManager: Rebuilt the GUID cache for 0 collections in 0.000000 seconds
[2023.02.07-00.27.30:148][  0]LogContentBrowser: Native class hierarchy populated in 0.0073 seconds. Added 2386 classes and 500 folders.
[2023.02.07-00.27.30:234][  0]LogContentBrowser: Native class hierarchy updated for 'WidgetCarousel' in 0.0005 seconds. Added 0 classes and 0 folders.
[2023.02.07-00.27.30:559][  0]LogContentBrowser: Native class hierarchy updated for 'AddContentDialog' in 0.0005 seconds. Added 0 classes and 0 folders.
[2023.02.07-00.27.30:623][  0]LogContentBrowser: Native class hierarchy updated for 'SceneOutliner' in 0.0008 seconds. Added 1 classes and 2 folders.
[2023.02.07-00.27.30:710][  0]LogContentBrowser: Native class hierarchy updated for 'WorldBrowser' in 0.0006 seconds. Added 2 classes and 3 folders.
[2023.02.07-00.27.30:833][  0]LogSlate: Took 0.008854 seconds to synchronously load lazily loaded font '../../../Engine/Content/Slate/Fonts/Roboto-Regular.ttf' (155K)
[2023.02.07-00.27.30:853][  0]LogSlate: Took 0.016124 seconds to synchronously load lazily loaded font '../../../Engine/Content/Slate/Fonts/DroidSansFallback.ttf' (3848K)
[2023.02.07-00.27.30:861][  0]LogSlate: Took 0.006021 seconds to synchronously load lazily loaded font '../../../Engine/Content/Slate/Fonts/Roboto-Bold.ttf' (160K)
[2023.02.07-00.27.30:875][  0]LogSlate: Took 0.006780 seconds to synchronously load lazily loaded font '../../../Engine/Content/Editor/Slate/Fonts/FontAwesome.ttf' (139K)
[2023.02.07-00.27.31:047][  0]LogRenderer: Reallocating scene render targets to support 848x428 Format 10 NumSamples 1 (Frame:1).
[2023.02.07-00.27.31:360][  0]LogContentBrowser: Native class hierarchy updated for 'HierarchicalLODOutliner' in 0.0016 seconds. Added 1 classes and 2 folders.
[2023.02.07-00.27.31:361][  0]LogLoad: (Engine Initialization) Total time: 36.94 seconds
[2023.02.07-00.27.31:361][  0]LogLoad: (Engine Initialization) Total Blueprint compile time: 0.00 seconds
[2023.02.07-00.27.31:362][  0]LogExternalProfiler: No external profilers were discovered.  External profiling features will not be available.
[2023.02.07-00.27.31:750][  0]LogContentStreaming: Texture pool size now 1000 MB
[2023.02.07-00.27.31:908][  0]LogRenderer: Reallocating scene render targets to support 848x440 Format 10 NumSamples 1 (Frame:2).
[2023.02.07-00.27.31:908][  0]LogSlate: Took 0.005568 seconds to synchronously load lazily loaded font '../../../Engine/Content/Slate/Fonts/Roboto-Light.ttf' (159K)
[2023.02.07-00.27.32:056][  1]LogAssetRegistry: Asset discovery search completed in 23.7737 seconds
[2023.02.07-00.27.32:059][  1]LogCollectionManager: Rebuilt the object cache for 0 collections in 0.000000 seconds (found 0 objects)
[2023.02.07-00.27.32:059][  1]LogCollectionManager: Fixed up redirectors for 0 collections in 0.000587 seconds (updated 0 objects)
[2023.02.07-00.54.13:919][845]LogWindowsTextInputMethodSystem: Display: IME system now activated using TSF (Microsoft IME).
[2023.02.07-01.42.45:108][879]LogScript: Warning: Accessed None trying to read property IsClearInstance
	BP_Anim_Award_C /Engine/Transient.World_0:PersistentLevel.BPAward_C_0.CharacterMesh0.BP_Anim_Award_C_0
	Function /Game/Animation/BP_Anim_Award.BP_Anim_Award_C:ExecuteUbergraph_BP_Anim_Award:00B1
[2023.02.07-01.42.45:108][879]LogScript: Warning: Accessed None trying to read property IsClearInstance
	BP_Anim_Award_C /Engine/Transient.World_0:PersistentLevel.BPAward_C_0.CharacterMesh0.BP_Anim_Award_C_0
	Function /Game/Animation/BP_Anim_Award.BP_Anim_Award_C:ExecuteUbergraph_BP_Anim_Award:01A5
[2023.02.07-01.42.46:999][984]LogMaterial: Missing cached shader map for material Material_0, compiling. 
[2023.02.07-01.46.33:864][644]LogSlate: Took 0.000973 seconds to synchronously load lazily loaded font '../../../Engine/Content/Slate/Fonts/Roboto-Light.ttf' (159K)
[2023.02.07-01.46.34:526][644]LogSlate: Took 0.001318 seconds to synchronously load lazily loaded font '../../../Engine/Content/Slate/Fonts/Roboto-Regular.ttf' (155K)
[2023.02.07-01.46.34:730][644]LogContentBrowser: Native class hierarchy updated for 'BlueprintGraph' in 0.0013 seconds. Added 113 classes and 0 folders.
[2023.02.07-01.46.35:542][644]LogSlate: Took 0.005318 seconds to synchronously load lazily loaded font '../../../Engine/Content/Editor/Slate/Fonts/Roboto-BoldCondensed.ttf' (158K)
[2023.02.07-01.46.35:920][645]LogSlate: Took 0.004339 seconds to synchronously load lazily loaded font '../../../Engine/Content/Editor/Slate/Fonts/Roboto-Italic.ttf' (157K)
[2023.02.07-01.48.34:851][587]LogTemp: Repeating last play command: 選択ビューポート
[2023.02.07-01.48.37:479][587]LogBlueprintUserMessages: Early PlayInEditor Detection: Level '/Game/Map/Game_Main.Game_Main:PersistentLevel' has LevelScriptBlueprint '/Game/Map/Game_Main.Game_Main:PersistentLevel.Game_Main' with GeneratedClass '/Game/Map/Game_Main.Game_Main_C' with ClassGeneratedBy '/Game/Map/Game_Main.Game_Main:PersistentLevel.Game_Main'
[2023.02.07-01.48.37:480][587]LogBlueprintUserMessages: Early PlayInEditor Detection: Level '/Game/Map/Floor1.Floor1:PersistentLevel' has LevelScriptBlueprint '/Game/Map/Floor1.Floor1:PersistentLevel.Floor1' with GeneratedClass '/Game/Map/Floor1.Floor1_C' with ClassGeneratedBy '/Game/Map/Floor1.Floor1:PersistentLevel.Floor1'
[2023.02.07-01.48.37:480][587]LogPlayLevel: PlayLevel: No blueprints needed recompiling
[2023.02.07-01.48.37:487][587]PIE: New page: PIEセッション: Game_Main (2023/02/07 19:48:37)
[2023.02.07-01.48.37:488][587]LogPlayLevel: Creating play world package: /Game/Map/UEDPIE_0_Game_Main
[2023.02.07-01.48.37:492][587]LogPlayLevel: PIE: StaticDuplicateObject took: (0.003997s)
[2023.02.07-01.48.37:493][587]LogAIModule: Creating AISystem for world Game_Main
[2023.02.07-01.48.37:493][587]LogPlayLevel: PIE: World Init took: (0.000666s)
[2023.02.07-01.48.37:493][587]LogPlayLevel: PIE: Created PIE world by copying editor world from /Game/Map/Game_Main.Game_Main to /Game/Map/UEDPIE_0_Game_Main.Game_Main (0.005346s)
[2023.02.07-01.48.37:541][587]LogInit: XAudio2 using 'ヘッドホン (Soundcore Space A40)' : 2 channels at 48 kHz using 16 bits per sample (channel mask 0x3)
[2023.02.07-01.48.37:554][587]LogInit: FAudioDevice initialized.
[2023.02.07-01.48.37:601][587]LogLoad: Game class is 'BP_Award_GameMode_C'
[2023.02.07-01.48.37:614][587]LogWorld: Bringing World /Game/Map/UEDPIE_0_Game_Main.Game_Main up for play (max tick rate 60) at 2023.02.07-10.48.37
[2023.02.07-01.48.37:622][587]LogWorld: Bringing up level for play took: 0.009844
[2023.02.07-01.48.37:625][587]LogGameMode: FindPlayerStart: PATHS NOT DEFINED or NO PLAYERSTART with positive rating
[2023.02.07-01.48.37:676][587]LogContentBrowser: Native class hierarchy updated for 'MovieSceneCapture' in 0.0012 seconds. Added 11 classes and 0 folders.
[2023.02.07-01.48.37:685][587]LogLevel: ActivateLevel /Game/Map/UEDPIE_0_Floor1 1 1 1
[2023.02.07-01.48.37:705][587]PIE: /Game/Map/UEDPIE_0_Game_Main -0.763のプレイ イン エディタの開始時間
[2023.02.07-01.48.37:706][587]LogBlueprintUserMessages: Late PlayInEditor Detection: Level '/Game/Map/Game_Main.Game_Main:PersistentLevel' has LevelScriptBlueprint '/Game/Map/Game_Main.Game_Main:PersistentLevel.Game_Main' with GeneratedClass '/Game/Map/Game_Main.Game_Main_C' with ClassGeneratedBy '/Game/Map/Game_Main.Game_Main:PersistentLevel.Game_Main'
[2023.02.07-01.48.37:706][587]LogBlueprintUserMessages: Late PlayInEditor Detection: Level '/Game/Map/Floor1.Floor1:PersistentLevel' has LevelScriptBlueprint '/Game/Map/Floor1.Floor1:PersistentLevel.Floor1' with GeneratedClass '/Game/Map/Floor1.Floor1_C' with ClassGeneratedBy '/Game/Map/Floor1.Floor1:PersistentLevel.Floor1'
[2023.02.07-01.48.37:732][587]LogAudio: Warning: Detected orphaned looping sound 'bgm'.
[2023.02.07-01.48.42:446][863]LogBlueprintUserMessages: Early EndPlayMap Detection: Level '/Game/Map/Game_Main.Game_Main:PersistentLevel' has LevelScriptBlueprint '/Game/Map/Game_Main.Game_Main:PersistentLevel.Game_Main' with GeneratedClass '/Game/Map/Game_Main.Game_Main_C' with ClassGeneratedBy '/Game/Map/Game_Main.Game_Main:PersistentLevel.Game_Main'
[2023.02.07-01.48.42:447][863]LogBlueprintUserMessages: Early EndPlayMap Detection: Level '/Game/Map/Floor1.Floor1:PersistentLevel' has LevelScriptBlueprint '/Game/Map/Floor1.Floor1:PersistentLevel.Floor1' with GeneratedClass '/Game/Map/Floor1.Floor1_C' with ClassGeneratedBy '/Game/Map/Floor1.Floor1:PersistentLevel.Floor1'
[2023.02.07-01.48.42:489][863]LogBlueprintUserMessages: Late EndPlayMap Detection: Level '/Game/Map/Game_Main.Game_Main:PersistentLevel' has LevelScriptBlueprint '/Game/Map/Game_Main.Game_Main:PersistentLevel.Game_Main' with GeneratedClass '/Game/Map/Game_Main.Game_Main_C' with ClassGeneratedBy '/Game/Map/Game_Main.Game_Main:PersistentLevel.Game_Main'
[2023.02.07-01.48.42:489][863]LogBlueprintUserMessages: Late EndPlayMap Detection: Level '/Game/Map/Floor1.Floor1:PersistentLevel' has LevelScriptBlueprint '/Game/Map/Floor1.Floor1:PersistentLevel.Floor1' with GeneratedClass '/Game/Map/Floor1.Floor1_C' with ClassGeneratedBy '/Game/Map/Floor1.Floor1:PersistentLevel.Floor1'
[2023.02.07-01.49.38:537][ 52]LogSlate: Took 0.000205 seconds to synchronously load lazily loaded font '../../../Engine/Content/Slate/Fonts/Roboto-Light.ttf' (159K)
[2023.02.07-01.49.41:986][187]LogAudioDerivedData: Display: 圧縮オーディオ フォーマット OGG ウェーブ game_clear をビルド中...
[2023.02.07-01.49.42:165][188]LogAudioDerivedData: Display: 圧縮オーディオ フォーマット OGG ウェーブ game_over をビルド中...
[2023.02.07-01.49.44:726][293]LogTemp: Repeating last play command: 選択ビューポート
[2023.02.07-01.49.44:759][293]LogBlueprintUserMessages: Early PlayInEditor Detection: Level '/Game/Map/Game_Main.Game_Main:PersistentLevel' has LevelScriptBlueprint '/Game/Map/Game_Main.Game_Main:PersistentLevel.Game_Main' with GeneratedClass '/Game/Map/Game_Main.Game_Main_C' with ClassGeneratedBy '/Game/Map/Game_Main.Game_Main:PersistentLevel.Game_Main'
[2023.02.07-01.49.44:760][293]LogBlueprintUserMessages: Early PlayInEditor Detection: Level '/Game/Map/Floor1.Floor1:PersistentLevel' has LevelScriptBlueprint '/Game/Map/Floor1.Floor1:PersistentLevel.Floor1' with GeneratedClass '/Game/Map/Floor1.Floor1_C' with ClassGeneratedBy '/Game/Map/Floor1.Floor1:PersistentLevel.Floor1'
[2023.02.07-01.49.44:760][293]BlueprintLog: New page: プレイ前に自動再コンパイル
[2023.02.07-01.49.44:781][293]LogPlayLevel: [PlayLevel] Compiling BP_StairGoal before play...
[2023.02.07-01.49.44:792][293]LogPlayLevel: [PlayLevel]   Compiling BP_Award_GameMode as a dependent...
[2023.02.07-01.49.45:514][293]LogPlayLevel: PlayLevel: Blueprint regeneration took 753 ms (2 blueprints)
[2023.02.07-01.49.45:514][293]PIE: New page: PIEセッション: Game_Main (2023/02/07 19:49:45)
[2023.02.07-01.49.45:515][293]LogPlayLevel: Creating play world package: /Game/Map/UEDPIE_0_Game_Main
[2023.02.07-01.49.45:516][293]LogPlayLevel: PIE: StaticDuplicateObject took: (0.001692s)
[2023.02.07-01.49.45:517][293]LogAIModule: Creating AISystem for world Game_Main
[2023.02.07-01.49.45:517][293]LogPlayLevel: PIE: World Init took: (0.000490s)
[2023.02.07-01.49.45:518][293]LogPlayLevel: PIE: Created PIE world by copying editor world from /Game/Map/Game_Main.Game_Main to /Game/Map/UEDPIE_0_Game_Main.Game_Main (0.002769s)
[2023.02.07-01.49.45:554][293]LogInit: XAudio2 using 'ヘッドホン (Soundcore Space A40)' : 2 channels at 48 kHz using 16 bits per sample (channel mask 0x3)
[2023.02.07-01.49.45:564][293]LogInit: FAudioDevice initialized.
[2023.02.07-01.49.45:613][293]LogLoad: Game class is 'BP_Award_GameMode_C'
[2023.02.07-01.49.45:616][293]LogWorld: Bringing World /Game/Map/UEDPIE_0_Game_Main.Game_Main up for play (max tick rate 60) at 2023.02.07-10.49.45
[2023.02.07-01.49.45:616][293]LogWorld: Bringing up level for play took: 0.001659
[2023.02.07-01.49.45:617][293]LogGameMode: FindPlayerStart: PATHS NOT DEFINED or NO PLAYERSTART with positive rating
[2023.02.07-01.49.45:618][293]LogLevel: ActivateLevel /Game/Map/UEDPIE_0_Floor1 1 1 1
[2023.02.07-01.49.45:624][293]PIE: /Game/Map/UEDPIE_0_Game_Main 1.155のプレイ イン エディタの開始時間
[2023.02.07-01.49.45:624][293]LogBlueprintUserMessages: Late PlayInEditor Detection: Level '/Game/Map/Game_Main.Game_Main:PersistentLevel' has LevelScriptBlueprint '/Game/Map/Game_Main.Game_Main:PersistentLevel.Game_Main' with GeneratedClass '/Game/Map/Game_Main.Game_Main_C' with ClassGeneratedBy '/Game/Map/Game_Main.Game_Main:PersistentLevel.Game_Main'
[2023.02.07-01.49.45:624][293]LogBlueprintUserMessages: Late PlayInEditor Detection: Level '/Game/Map/Floor1.Floor1:PersistentLevel' has LevelScriptBlueprint '/Game/Map/Floor1.Floor1:PersistentLevel.Floor1' with GeneratedClass '/Game/Map/Floor1.Floor1_C' with ClassGeneratedBy '/Game/Map/Floor1.Floor1:PersistentLevel.Floor1'
[2023.02.07-01.49.45:675][293]LogRenderer: Reallocating scene render targets to support 1292x756 Format 10 NumSamples 1 (Frame:1).
[2023.02.07-01.49.52:833][715]LogBlueprintUserMessages: Early EndPlayMap Detection: Level '/Game/Map/Game_Main.Game_Main:PersistentLevel' has LevelScriptBlueprint '/Game/Map/Game_Main.Game_Main:PersistentLevel.Game_Main' with GeneratedClass '/Game/Map/Game_Main.Game_Main_C' with ClassGeneratedBy '/Game/Map/Game_Main.Game_Main:PersistentLevel.Game_Main'
[2023.02.07-01.49.52:833][715]LogBlueprintUserMessages: Early EndPlayMap Detection: Level '/Game/Map/Floor1.Floor1:PersistentLevel' has LevelScriptBlueprint '/Game/Map/Floor1.Floor1:PersistentLevel.Floor1' with GeneratedClass '/Game/Map/Floor1.Floor1_C' with ClassGeneratedBy '/Game/Map/Floor1.Floor1:PersistentLevel.Floor1'
[2023.02.07-01.49.52:882][715]LogBlueprintUserMessages: Late EndPlayMap Detection: Level '/Game/Map/Game_Main.Game_Main:PersistentLevel' has LevelScriptBlueprint '/Game/Map/Game_Main.Game_Main:PersistentLevel.Game_Main' with GeneratedClass '/Game/Map/Game_Main.Game_Main_C' with ClassGeneratedBy '/Game/Map/Game_Main.Game_Main:PersistentLevel.Game_Main'
[2023.02.07-01.49.52:882][715]LogBlueprintUserMessages: Late EndPlayMap Detection: Level '/Game/Map/Floor1.Floor1:PersistentLevel' has LevelScriptBlueprint '/Game/Map/Floor1.Floor1:PersistentLevel.Floor1' with GeneratedClass '/Game/Map/Floor1.Floor1_C' with ClassGeneratedBy '/Game/Map/Floor1.Floor1:PersistentLevel.Floor1'
[2023.02.07-01.50.20:754][926]Cmd: OBJ SAVEPACKAGE PACKAGE="/Game/Map/Floor1" FILE="../../../../../../Users/Owner/Documents/UE4_RPG/THE7/Saved/Autosaves/Game/Map/Floor1_Auto1.umap" SILENT=true AUTOSAVING=true KEEPDIRTY=false
[2023.02.07-01.50.20:822][926]LogSpawn: Warning: UWorld::DestroyActor: World has no context! World: Floor1, Actor: /Game/Map/Floor1.Floor1:PersistentLevel.Floor1_C_1
[2023.02.07-01.50.21:315][926]LogSavePackage: Save=497.07ms
[2023.02.07-01.50.21:315][926]LogSavePackage: Moving '../../../../../../Users/Owner/Documents/UE4_RPG/THE7/Saved/Floor1_Auto1B29829304AA78E34A31DD788ACCC7707.tmp' to '../../../../../../Users/Owner/Documents/UE4_RPG/THE7/Saved/Autosaves/Game/Map/Floor1_Auto1.umap'
[2023.02.07-01.50.21:318][926]LogSavePackage: Display: Finished SavePackage ../../../../../../Users/Owner/Documents/UE4_RPG/THE7/Saved/Autosaves/Game/Map/Floor1_Auto1.umap
[2023.02.07-01.50.21:325][926]Cmd: OBJ SAVEPACKAGE PACKAGE="/Game/Map/Floor3" FILE="../../../../../../Users/Owner/Documents/UE4_RPG/THE7/Saved/Autosaves/Game/Map/Floor3_Auto1.umap" SILENT=true AUTOSAVING=true KEEPDIRTY=false
[2023.02.07-01.50.22:252][926]LogSavePackage: Save=901.50ms
[2023.02.07-01.50.22:252][926]LogSavePackage: Moving '../../../../../../Users/Owner/Documents/UE4_RPG/THE7/Saved/Floor3_Auto138BEBA2944B3503352DD31880692981C.tmp' to '../../../../../../Users/Owner/Documents/UE4_RPG/THE7/Saved/Autosaves/Game/Map/Floor3_Auto1.umap'
[2023.02.07-01.50.22:255][926]LogSavePackage: Display: Finished SavePackage ../../../../../../Users/Owner/Documents/UE4_RPG/THE7/Saved/Autosaves/Game/Map/Floor3_Auto1.umap
[2023.02.07-01.50.22:260][926]Cmd: OBJ SAVEPACKAGE PACKAGE="/Game/Map/Floor4" FILE="../../../../../../Users/Owner/Documents/UE4_RPG/THE7/Saved/Autosaves/Game/Map/Floor4_Auto1.umap" SILENT=true AUTOSAVING=true KEEPDIRTY=false
[2023.02.07-01.50.23:712][926]LogSavePackage: Save=1426.99ms
[2023.02.07-01.50.23:713][926]LogSavePackage: Moving '../../../../../../Users/Owner/Documents/UE4_RPG/THE7/Saved/Floor4_Auto1172B199D4EDEDC6A6ACE3B96B8FFE584.tmp' to '../../../../../../Users/Owner/Documents/UE4_RPG/THE7/Saved/Autosaves/Game/Map/Floor4_Auto1.umap'
[2023.02.07-01.50.23:715][926]LogSavePackage: Display: Finished SavePackage ../../../../../../Users/Owner/Documents/UE4_RPG/THE7/Saved/Autosaves/Game/Map/Floor4_Auto1.umap
[2023.02.07-01.50.23:723][926]Cmd: OBJ SAVEPACKAGE PACKAGE="/Game/Map/Floor5" FILE="../../../../../../Users/Owner/Documents/UE4_RPG/THE7/Saved/Autosaves/Game/Map/Floor5_Auto1.umap" SILENT=true AUTOSAVING=true KEEPDIRTY=false
[2023.02.07-01.50.26:724][926]LogSavePackage: Save=2974.65ms
[2023.02.07-01.50.26:724][926]LogSavePackage: Moving '../../../../../../Users/Owner/Documents/UE4_RPG/THE7/Saved/Floor5_Auto1803F844345148D32E4E59295434CA40B.tmp' to '../../../../../../Users/Owner/Documents/UE4_RPG/THE7/Saved/Autosaves/Game/Map/Floor5_Auto1.umap'
[2023.02.07-01.50.26:728][926]LogSavePackage: Display: Finished SavePackage ../../../../../../Users/Owner/Documents/UE4_RPG/THE7/Saved/Autosaves/Game/Map/Floor5_Auto1.umap
[2023.02.07-01.50.26:733][926]Cmd: OBJ SAVEPACKAGE PACKAGE="/Game/Map/Floor2" FILE="../../../../../../Users/Owner/Documents/UE4_RPG/THE7/Saved/Autosaves/Game/Map/Floor2_Auto1.umap" SILENT=true AUTOSAVING=true KEEPDIRTY=false
[2023.02.07-01.50.27:938][926]LogSavePackage: Save=1180.25ms
[2023.02.07-01.50.27:938][926]LogSavePackage: Moving '../../../../../../Users/Owner/Documents/UE4_RPG/THE7/Saved/Floor2_Auto17E8561804593E6BA83C0F0BF7EEDDA02.tmp' to '../../../../../../Users/Owner/Documents/UE4_RPG/THE7/Saved/Autosaves/Game/Map/Floor2_Auto1.umap'
[2023.02.07-01.50.27:942][926]LogSavePackage: Display: Finished SavePackage ../../../../../../Users/Owner/Documents/UE4_RPG/THE7/Saved/Autosaves/Game/Map/Floor2_Auto1.umap
[2023.02.07-01.50.27:946][926]LogFileHelpers: Editor autosave (incl. sublevels) for '/Game/Map/Game_Main' took 7.240
[2023.02.07-01.50.27:946][926]LogFileHelpers: Editor autosave (incl. sublevels) for all levels took 7.240
[2023.02.07-01.50.27:951][926]OBJ SavePackage: Generating thumbnails for [0] asset(s) in package [/Game/BP/BP_Award_GameMode] ([1] browsable assets)...
[2023.02.07-01.50.27:951][926]OBJ SavePackage: Finished generating thumbnails for package [/Game/BP/BP_Award_GameMode]
[2023.02.07-01.50.27:951][926]Cmd: OBJ SAVEPACKAGE PACKAGE="/Game/BP/BP_Award_GameMode" FILE="../../../../../../Users/Owner/Documents/UE4_RPG/THE7/Saved/Autosaves/Game/BP/BP_Award_GameMode_Auto1.uasset" SILENT=false AUTOSAVING=true
[2023.02.07-01.50.28:118][926]LogSavePackage: Save=137.20ms
[2023.02.07-01.50.28:118][926]LogSavePackage: Moving '../../../../../../Users/Owner/Documents/UE4_RPG/THE7/Saved/BP_Award_GameMode_Auto1AD3C80274380AC34BF29AE927AC361C3.tmp' to '../../../../../../Users/Owner/Documents/UE4_RPG/THE7/Saved/Autosaves/Game/BP/BP_Award_GameMode_Auto1.uasset'
[2023.02.07-01.50.28:121][926]LogSavePackage: Display: Finished SavePackage ../../../../../../Users/Owner/Documents/UE4_RPG/THE7/Saved/Autosaves/Game/BP/BP_Award_GameMode_Auto1.uasset
[2023.02.07-01.50.28:121][926]LogFileHelpers: Auto-saving content packages took 0.172
[2023.02.07-01.52.57:264][656]LogFactory: FactoryCreateFile: FileMediaSource with WmfFileMediaSourceFactory (0 0 C:\Users\Owner\Desktop\BGM_The7.mp3)
[2023.02.07-01.53.13:284][117]LogActorComponent: UnregisterComponent: (/Engine/Transient.EditorFloorComp) Not registered. Aborting.
[2023.02.07-01.53.24:716][162]LogFactory: FactoryCreateFile: FileMediaSource with WmfFileMediaSourceFactory (0 0 ../../../../../../Users/Owner/Desktop/BGM_The7.mp3)
[2023.02.07-01.53.51:593][934]LogAudioDerivedData: Display: 圧縮オーディオ フォーマット OGG ウェーブ rock をビルド中...
[2023.02.07-01.53.51:902][938]LogAudioDerivedData: Display: 圧縮オーディオ フォーマット OGG ウェーブ start をビルド中...
[2023.02.07-01.53.53:719][939]LogAudioDerivedData: Display: 圧縮オーディオ フォーマット OGG ウェーブ trap_arrow をビルド中...
[2023.02.07-02.00.29:072][899]LogFileHelpers: Editor autosave (incl. sublevels) for '/Game/Map/Game_Main' took 0.027
[2023.02.07-02.00.29:076][899]OBJ SavePackage: Generating thumbnails for [0] asset(s) in package [/Game/BGM/BGM_The7] ([1] browsable assets)...
[2023.02.07-02.00.29:076][899]OBJ SavePackage: Finished generating thumbnails for package [/Game/BGM/BGM_The7]
[2023.02.07-02.00.29:076][899]Cmd: OBJ SAVEPACKAGE PACKAGE="/Game/BGM/BGM_The7" FILE="../../../../../../Users/Owner/Documents/UE4_RPG/THE7/Saved/Autosaves/Game/BGM/BGM_The7_Auto2.uasset" SILENT=false AUTOSAVING=true
[2023.02.07-02.00.29:079][899]LogSavePackage: Save=1.82ms
[2023.02.07-02.00.29:079][899]LogSavePackage: Moving '../../../../../../Users/Owner/Documents/UE4_RPG/THE7/Saved/BGM_The7_Auto22AEC8D7544EFD22B1270B09BCB3F5D28.tmp' to '../../../../../../Users/Owner/Documents/UE4_RPG/THE7/Saved/Autosaves/Game/BGM/BGM_The7_Auto2.uasset'
[2023.02.07-02.00.29:081][899]LogSavePackage: Display: Finished SavePackage ../../../../../../Users/Owner/Documents/UE4_RPG/THE7/Saved/Autosaves/Game/BGM/BGM_The7_Auto2.uasset
[2023.02.07-02.00.29:081][899]LogFileHelpers: Auto-saving content packages took 0.008
[2023.02.07-02.24.02:165][667]LogFactory: FactoryCreateFile: FileMediaSource with WmfFileMediaSourceFactory (0 0 ../../../../../../Users/Owner/Desktop/BGM_The7.mp3)
[2023.02.07-02.24.02:318][668]LogFileHelpers: Editor autosave (incl. sublevels) for '/Game/Map/Game_Main' took 0.019
[2023.02.07-02.24.02:321][668]OBJ SavePackage: Generating thumbnails for [0] asset(s) in package [/Game/BGM/BGM_The7] ([1] browsable assets)...
[2023.02.07-02.24.02:321][668]OBJ SavePackage: Finished generating thumbnails for package [/Game/BGM/BGM_The7]
[2023.02.07-02.24.02:321][668]Cmd: OBJ SAVEPACKAGE PACKAGE="/Game/BGM/BGM_The7" FILE="../../../../../../Users/Owner/Documents/UE4_RPG/THE7/Saved/Autosaves/Game/BGM/BGM_The7_Auto3.uasset" SILENT=false AUTOSAVING=true
[2023.02.07-02.24.02:325][668]LogSavePackage: Save=1.96ms
[2023.02.07-02.24.02:325][668]LogSavePackage: Moving '../../../../../../Users/Owner/Documents/UE4_RPG/THE7/Saved/BGM_The7_Auto37635BA914D98D4796BCC04B18A1D6202.tmp' to '../../../../../../Users/Owner/Documents/UE4_RPG/THE7/Saved/Autosaves/Game/BGM/BGM_The7_Auto3.uasset'
[2023.02.07-02.24.02:328][668]LogSavePackage: Display: Finished SavePackage ../../../../../../Users/Owner/Documents/UE4_RPG/THE7/Saved/Autosaves/Game/BGM/BGM_The7_Auto3.uasset
[2023.02.07-02.24.02:329][668]OBJ SavePackage: Generating thumbnails for [1] asset(s) in package [/Game/BGM/NewMediaSoundWave] ([1] browsable assets)...
[2023.02.07-02.24.02:335][668]OBJ SavePackage:     Rendered thumbnail for [MediaSoundWave /Game/BGM/NewMediaSoundWave.NewMediaSoundWave]
[2023.02.07-02.24.02:335][668]OBJ SavePackage: Finished generating thumbnails for package [/Game/BGM/NewMediaSoundWave]
[2023.02.07-02.24.02:335][668]Cmd: OBJ SAVEPACKAGE PACKAGE="/Game/BGM/NewMediaSoundWave" FILE="../../../../../../Users/Owner/Documents/UE4_RPG/THE7/Saved/Autosaves/Game/BGM/NewMediaSoundWave_Auto3.uasset" SILENT=false AUTOSAVING=true
[2023.02.07-02.24.02:343][668]LogSavePackage: Save=6.75ms
[2023.02.07-02.24.02:343][668]LogSavePackage: Moving '../../../../../../Users/Owner/Documents/UE4_RPG/THE7/Saved/NewMediaSoundWave_Auto3DFE3DA5B45CEE2A6B4DF018D40645DAE.tmp' to '../../../../../../Users/Owner/Documents/UE4_RPG/THE7/Saved/Autosaves/Game/BGM/NewMediaSoundWave_Auto3.uasset'
[2023.02.07-02.24.02:345][668]LogSavePackage: Display: Finished SavePackage ../../../../../../Users/Owner/Documents/UE4_RPG/THE7/Saved/Autosaves/Game/BGM/NewMediaSoundWave_Auto3.uasset
[2023.02.07-02.24.02:345][668]LogFileHelpers: Auto-saving content packages took 0.026
[2023.02.07-02.25.51:359][838]LogFactory: FactoryCreateFile: SoundWave with ReimportSoundFactory (0 0 ../../../../../../Users/Owner/Downloads/BGM_The7.wav)
[2023.02.07-02.25.51:423][838]LogAudioDerivedData: Display: 圧縮オーディオ フォーマット OGG ウェーブ BGM_The7 をビルド中...
[2023.02.07-02.25.52:864][838]LogAudioDerivedData: Updated SoundWave->RawPCMDataSize during cooking SoundWave /Game/BGM/BGM_The7.BGM_The7.
[2023.02.07-02.26.13:068][426]BlueprintLog: New page: BP_Award_GameMode をコンパイル
[2023.02.07-02.26.16:471][516]LogTemp: Repeating last play command: 選択ビューポート
[2023.02.07-02.26.16:501][516]LogBlueprintUserMessages: Early PlayInEditor Detection: Level '/Game/Map/Game_Main.Game_Main:PersistentLevel' has LevelScriptBlueprint '/Game/Map/Game_Main.Game_Main:PersistentLevel.Game_Main' with GeneratedClass '/Game/Map/Game_Main.Game_Main_C' with ClassGeneratedBy '/Game/Map/Game_Main.Game_Main:PersistentLevel.Game_Main'
[2023.02.07-02.26.16:501][516]LogBlueprintUserMessages: Early PlayInEditor Detection: Level '/Game/Map/Floor1.Floor1:PersistentLevel' has LevelScriptBlueprint '/Game/Map/Floor1.Floor1:PersistentLevel.Floor1' with GeneratedClass '/Game/Map/Floor1.Floor1_C' with ClassGeneratedBy '/Game/Map/Floor1.Floor1:PersistentLevel.Floor1'
[2023.02.07-02.26.16:502][516]LogPlayLevel: PlayLevel: No blueprints needed recompiling
[2023.02.07-02.26.16:502][516]PIE: New page: PIEセッション: Game_Main (2023/02/07 20:26:16)
[2023.02.07-02.26.16:513][516]LogPlayLevel: Creating play world package: /Game/Map/UEDPIE_0_Game_Main
[2023.02.07-02.26.16:515][516]LogPlayLevel: PIE: StaticDuplicateObject took: (0.001793s)
[2023.02.07-02.26.16:515][516]LogAIModule: Creating AISystem for world Game_Main
[2023.02.07-02.26.16:516][516]LogPlayLevel: PIE: World Init took: (0.000542s)
[2023.02.07-02.26.16:516][516]LogPlayLevel: PIE: Created PIE world by copying editor world from /Game/Map/Game_Main.Game_Main to /Game/Map/UEDPIE_0_Game_Main.Game_Main (0.002856s)
[2023.02.07-02.26.16:558][516]LogInit: XAudio2 using 'ヘッドホン (Soundcore Space A40)' : 2 channels at 48 kHz using 16 bits per sample (channel mask 0x3)
[2023.02.07-02.26.16:570][516]LogInit: FAudioDevice initialized.
[2023.02.07-02.26.16:605][516]LogLoad: Game class is 'BP_Award_GameMode_C'
[2023.02.07-02.26.16:607][516]LogWorld: Bringing World /Game/Map/UEDPIE_0_Game_Main.Game_Main up for play (max tick rate 60) at 2023.02.07-11.26.16
[2023.02.07-02.26.16:608][516]LogWorld: Bringing up level for play took: 0.001821
[2023.02.07-02.26.16:608][516]LogGameMode: FindPlayerStart: PATHS NOT DEFINED or NO PLAYERSTART with positive rating
[2023.02.07-02.26.16:610][516]LogLevel: ActivateLevel /Game/Map/UEDPIE_0_Floor1 1 1 1
[2023.02.07-02.26.16:613][516]PIE: /Game/Map/UEDPIE_0_Game_Main 0.144のプレイ イン エディタの開始時間
[2023.02.07-02.26.16:613][516]LogBlueprintUserMessages: Late PlayInEditor Detection: Level '/Game/Map/Game_Main.Game_Main:PersistentLevel' has LevelScriptBlueprint '/Game/Map/Game_Main.Game_Main:PersistentLevel.Game_Main' with GeneratedClass '/Game/Map/Game_Main.Game_Main_C' with ClassGeneratedBy '/Game/Map/Game_Main.Game_Main:PersistentLevel.Game_Main'
[2023.02.07-02.26.16:613][516]LogBlueprintUserMessages: Late PlayInEditor Detection: Level '/Game/Map/Floor1.Floor1:PersistentLevel' has LevelScriptBlueprint '/Game/Map/Floor1.Floor1:PersistentLevel.Floor1' with GeneratedClass '/Game/Map/Floor1.Floor1_C' with ClassGeneratedBy '/Game/Map/Floor1.Floor1:PersistentLevel.Floor1'
[2023.02.07-02.26.28:472][226]LogBlueprintUserMessages: Early EndPlayMap Detection: Level '/Game/Map/Game_Main.Game_Main:PersistentLevel' has LevelScriptBlueprint '/Game/Map/Game_Main.Game_Main:PersistentLevel.Game_Main' with GeneratedClass '/Game/Map/Game_Main.Game_Main_C' with ClassGeneratedBy '/Game/Map/Game_Main.Game_Main:PersistentLevel.Game_Main'
[2023.02.07-02.26.28:472][226]LogBlueprintUserMessages: Early EndPlayMap Detection: Level '/Game/Map/Floor1.Floor1:PersistentLevel' has LevelScriptBlueprint '/Game/Map/Floor1.Floor1:PersistentLevel.Floor1' with GeneratedClass '/Game/Map/Floor1.Floor1_C' with ClassGeneratedBy '/Game/Map/Floor1.Floor1:PersistentLevel.Floor1'
[2023.02.07-02.26.28:513][226]LogBlueprintUserMessages: Late EndPlayMap Detection: Level '/Game/Map/Game_Main.Game_Main:PersistentLevel' has LevelScriptBlueprint '/Game/Map/Game_Main.Game_Main:PersistentLevel.Game_Main' with GeneratedClass '/Game/Map/Game_Main.Game_Main_C' with ClassGeneratedBy '/Game/Map/Game_Main.Game_Main:PersistentLevel.Game_Main'
[2023.02.07-02.26.28:513][226]LogBlueprintUserMessages: Late EndPlayMap Detection: Level '/Game/Map/Floor1.Floor1:PersistentLevel' has LevelScriptBlueprint '/Game/Map/Floor1.Floor1:PersistentLevel.Floor1' with GeneratedClass '/Game/Map/Floor1.Floor1_C' with ClassGeneratedBy '/Game/Map/Floor1.Floor1:PersistentLevel.Floor1'
[2023.02.07-02.26.30:652][292]Cmd: OBJ SAVEPACKAGE PACKAGE="/Game/Map/Game_Main" FILE="../../../../../../Users/Owner/Documents/UE4_RPG/THE7/Content/Map/Game_Main.umap" SILENT=true AUTOSAVING=false KEEPDIRTY=false
[2023.02.07-02.26.30:724][292]LogSavePackage: Save=31.65ms
[2023.02.07-02.26.30:724][292]LogSavePackage: Moving '../../../../../../Users/Owner/Documents/UE4_RPG/THE7/Saved/Game_MainDB62156344CABF72219F568BBC52A6AE.tmp' to '../../../../../../Users/Owner/Documents/UE4_RPG/THE7/Content/Map/Game_Main.umap'
[2023.02.07-02.26.30:726][292]LogSavePackage: Display: Finished SavePackage ../../../../../../Users/Owner/Documents/UE4_RPG/THE7/Content/Map/Game_Main.umap
[2023.02.07-02.26.36:377][327]Cmd: OBJ SAVEPACKAGE PACKAGE="/Game/BGM/BGM_The7" FILE="../../../../../../Users/Owner/Documents/UE4_RPG/THE7/Content/BGM/BGM_The7.uasset" SILENT=true
[2023.02.07-02.26.36:388][327]LogSavePackage: Save=9.02ms
[2023.02.07-02.26.36:388][327]LogSavePackage: Moving '../../../../../../Users/Owner/Documents/UE4_RPG/THE7/Saved/BGM_The76EE208EA4BBEECFEC0051F9FAC977560.tmp' to '../../../../../../Users/Owner/Documents/UE4_RPG/THE7/Content/BGM/BGM_The7.uasset'
[2023.02.07-02.26.36:393][327]LogSavePackage: Display: Finished SavePackage ../../../../../../Users/Owner/Documents/UE4_RPG/THE7/Content/BGM/BGM_The7.uasset
[2023.02.07-02.26.36:400][327]Cmd: OBJ SAVEPACKAGE PACKAGE="/Game/BP/BP_Award_GameMode" FILE="../../../../../../Users/Owner/Documents/UE4_RPG/THE7/Content/BP/BP_Award_GameMode.uasset" SILENT=true
[2023.02.07-02.26.36:527][327]LogSavePackage: Save=106.12ms
[2023.02.07-02.26.36:527][327]LogSavePackage: Moving '../../../../../../Users/Owner/Documents/UE4_RPG/THE7/Saved/BP_Award_GameMode9D43865541D31482D938B2A2CDC8D104.tmp' to '../../../../../../Users/Owner/Documents/UE4_RPG/THE7/Content/BP/BP_Award_GameMode.uasset'
[2023.02.07-02.26.36:532][327]LogSavePackage: Display: Finished SavePackage ../../../../../../Users/Owner/Documents/UE4_RPG/THE7/Content/BP/BP_Award_GameMode.uasset
[2023.02.07-02.26.36:619][327]Cmd: OBJ SAVEPACKAGE PACKAGE="/Game/Map/Floor1" FILE="../../../../../../Users/Owner/Documents/UE4_RPG/THE7/Content/Map/Floor1.umap" SILENT=true AUTOSAVING=false KEEPDIRTY=false
[2023.02.07-02.26.36:666][327]LogSpawn: Warning: UWorld::DestroyActor: World has no context! World: Floor1, Actor: /Game/Map/Floor1.Floor1:PersistentLevel.Floor1_C_0
[2023.02.07-02.26.37:084][327]LogSavePackage: Save=420.87ms
[2023.02.07-02.26.37:084][327]LogSavePackage: Moving '../../../../../../Users/Owner/Documents/UE4_RPG/THE7/Saved/Floor11B47CBDD42C0EA083573579C8560D5EE.tmp' to '../../../../../../Users/Owner/Documents/UE4_RPG/THE7/Content/Map/Floor1.umap'
[2023.02.07-02.26.37:089][327]LogSavePackage: Display: Finished SavePackage ../../../../../../Users/Owner/Documents/UE4_RPG/THE7/Content/Map/Floor1.umap
[2023.02.07-02.26.37:091][327]LogFileHelpers: Saving map 'Floor1' took 0.552
[2023.02.07-02.26.37:166][327]Cmd: OBJ SAVEPACKAGE PACKAGE="/Game/Map/Floor2" FILE="../../../../../../Users/Owner/Documents/UE4_RPG/THE7/Content/Map/Floor2.umap" SILENT=true AUTOSAVING=false KEEPDIRTY=false
[2023.02.07-02.26.38:045][327]LogSavePackage: Save=839.31ms
[2023.02.07-02.26.38:045][327]LogSavePackage: Moving '../../../../../../Users/Owner/Documents/UE4_RPG/THE7/Saved/Floor2A48F0BA845B2833655D738989F667C87.tmp' to '../../../../../../Users/Owner/Documents/UE4_RPG/THE7/Content/Map/Floor2.umap'
[2023.02.07-02.26.38:050][327]LogSavePackage: Display: Finished SavePackage ../../../../../../Users/Owner/Documents/UE4_RPG/THE7/Content/Map/Floor2.umap
[2023.02.07-02.26.38:052][327]LogFileHelpers: Saving map 'Floor2' took 0.957
[2023.02.07-02.26.38:133][327]Cmd: OBJ SAVEPACKAGE PACKAGE="/Game/Map/Floor3" FILE="../../../../../../Users/Owner/Documents/UE4_RPG/THE7/Content/Map/Floor3.umap" SILENT=true AUTOSAVING=false KEEPDIRTY=false
[2023.02.07-02.26.38:960][327]LogSavePackage: Save=786.19ms
[2023.02.07-02.26.38:960][327]LogSavePackage: Moving '../../../../../../Users/Owner/Documents/UE4_RPG/THE7/Saved/Floor3D01D37144A6BAE2D7707358BB118BEE6.tmp' to '../../../../../../Users/Owner/Documents/UE4_RPG/THE7/Content/Map/Floor3.umap'
[2023.02.07-02.26.38:965][327]LogSavePackage: Display: Finished SavePackage ../../../../../../Users/Owner/Documents/UE4_RPG/THE7/Content/Map/Floor3.umap
[2023.02.07-02.26.38:967][327]LogFileHelpers: Saving map 'Floor3' took 0.911
[2023.02.07-02.26.39:043][327]Cmd: OBJ SAVEPACKAGE PACKAGE="/Game/Map/Floor4" FILE="../../../../../../Users/Owner/Documents/UE4_RPG/THE7/Content/Map/Floor4.umap" SILENT=true AUTOSAVING=false KEEPDIRTY=false
[2023.02.07-02.26.40:298][327]LogSavePackage: Save=1215.30ms
[2023.02.07-02.26.40:298][327]LogSavePackage: Moving '../../../../../../Users/Owner/Documents/UE4_RPG/THE7/Saved/Floor475E9BE6F416A5E4F1F079DA9FEA8CD13.tmp' to '../../../../../../Users/Owner/Documents/UE4_RPG/THE7/Content/Map/Floor4.umap'
[2023.02.07-02.26.40:303][327]LogSavePackage: Display: Finished SavePackage ../../../../../../Users/Owner/Documents/UE4_RPG/THE7/Content/Map/Floor4.umap
[2023.02.07-02.26.40:307][327]LogFileHelpers: Saving map 'Floor4' took 1.336
[2023.02.07-02.26.40:392][327]Cmd: OBJ SAVEPACKAGE PACKAGE="/Game/Map/Floor5" FILE="../../../../../../Users/Owner/Documents/UE4_RPG/THE7/Content/Map/Floor5.umap" SILENT=true AUTOSAVING=false KEEPDIRTY=false
[2023.02.07-02.26.42:884][327]LogSavePackage: Save=2448.83ms
[2023.02.07-02.26.42:884][327]LogSavePackage: Moving '../../../../../../Users/Owner/Documents/UE4_RPG/THE7/Saved/Floor5AA08EE7145DC392469D2A0BBD28FF3D5.tmp' to '../../../../../../Users/Owner/Documents/UE4_RPG/THE7/Content/Map/Floor5.umap'
[2023.02.07-02.26.42:889][327]LogSavePackage: Display: Finished SavePackage ../../../../../../Users/Owner/Documents/UE4_RPG/THE7/Content/Map/Floor5.umap
[2023.02.07-02.26.42:892][327]LogFileHelpers: Saving map 'Floor5' took 2.579
[2023.02.07-02.26.43:212][328]Cmd: QUIT_EDITOR
[2023.02.07-02.26.43:363][328]LogWindowsTextInputMethodSystem: Display: IME system now activated using TSF (Microsoft IME).
[2023.02.07-02.26.43:381][328]LogExit: Preparing to exit.
[2023.02.07-02.26.43:875][328]LogDirectoryWatcher: A directory notification for 'C:/Users/Owner/Documents/UE4_RPG/THE7/Content/' was aborted.
[2023.02.07-02.26.44:028][328]LogExit: Editor shut down
[2023.02.07-02.26.44:035][328]LogExit: Transaction tracking system shut down
[2023.02.07-02.26.44:290][328]LogDirectoryWatcher: A directory notification for '../../../Engine/Content/' was aborted.
[2023.02.07-02.26.44:291][328]LogDirectoryWatcher: A directory notification for '../../../../../../Users/Owner/Documents/UE4_RPG/THE7/Content/' was aborted.
[2023.02.07-02.26.44:291][328]LogDirectoryWatcher: A directory notification for '../../../Engine/Plugins/2D/Paper2D/Content/' was aborted.
[2023.02.07-02.26.44:291][328]LogDirectoryWatcher: A directory notification for '../../../Engine/Plugins/Runtime/Oculus/OculusVR/Content/' was aborted.
[2023.02.07-02.26.44:291][328]LogDirectoryWatcher: A directory notification for '../../../Engine/Plugins/Runtime/Steam/SteamVR/Content/' was aborted.
[2023.02.07-02.26.44:515][328]LogExit: Object subsystem successfully closed.
[2023.02.07-02.26.44:572][328]LogD3D11RHI: Shutdown
[2023.02.07-02.26.44:572][328]LogD3D11RHI: CleanupD3DDevice
[2023.02.07-02.26.44:715][328]LogD3D11RHI: ~FD3D11DynamicRHI
[2023.02.07-02.26.44:762][328]LogModuleManager: Shutting down and abandoning module MovieSceneCapture (538)
[2023.02.07-02.26.44:762][328]LogModuleManager: Shutting down and abandoning module BlueprintGraph (536)
[2023.02.07-02.26.44:762][328]LogModuleManager: Shutting down and abandoning module BlueprintProfiler (534)
[2023.02.07-02.26.44:764][328]LogModuleManager: Shutting down and abandoning module HierarchicalLODOutliner (532)
[2023.02.07-02.26.44:764][328]LogModuleManager: Shutting down and abandoning module WorldBrowser (530)
[2023.02.07-02.26.44:764][328]LogModuleManager: Shutting down and abandoning module SceneOutliner (528)
[2023.02.07-02.26.44:764][328]LogModuleManager: Shutting down and abandoning module AddContentDialog (526)
[2023.02.07-02.26.44:765][328]LogDirectoryWatcher: A directory notification for 'C:/Program Files/Epic Games/UE_4.17/FeaturePacks/' was aborted.
[2023.02.07-02.26.44:770][328]LogModuleManager: Shutting down and abandoning module WidgetCarousel (525)
[2023.02.07-02.26.44:770][328]LogModuleManager: Shutting down and abandoning module EditorWidgets (522)
[2023.02.07-02.26.44:770][328]LogModuleManager: Shutting down and abandoning module CollectionManager (520)
[2023.02.07-02.26.44:771][328]LogDirectoryWatcher: A directory notification for 'C:/Users/Owner/Documents/UE4_RPG/THE7/Content/Collections/' was aborted.
[2023.02.07-02.26.44:771][328]LogDirectoryWatcher: A directory notification for 'C:/Users/Owner/Documents/UE4_RPG/THE7/Content/Developers/Owner/Collections/' was aborted.
[2023.02.07-02.26.44:771][328]LogDirectoryWatcher: A directory notification for 'C:/Users/Owner/Documents/UE4_RPG/THE7/Saved/Collections/' was aborted.
[2023.02.07-02.26.44:771][328]LogModuleManager: Shutting down and abandoning module StatsViewer (518)
[2023.02.07-02.26.44:771][328]LogModuleManager: Shutting down and abandoning module FoliageEdit (516)
[2023.02.07-02.26.44:771][328]LogModuleManager: Shutting down and abandoning module LandscapeEditor (514)
[2023.02.07-02.26.44:772][328]LogModuleManager: Shutting down and abandoning module MeshPaintMode (512)
[2023.02.07-02.26.44:772][328]LogModuleManager: Shutting down and abandoning module SceneDepthPickerMode (510)
[2023.02.07-02.26.44:772][328]LogModuleManager: Shutting down and abandoning module ActorPickerMode (508)
[2023.02.07-02.26.44:772][328]LogModuleManager: Shutting down and abandoning module GeometryMode (506)
[2023.02.07-02.26.44:772][328]LogModuleManager: Shutting down and abandoning module TextureAlignMode (504)
[2023.02.07-02.26.44:772][328]LogModuleManager: Shutting down and abandoning module BspMode (502)
[2023.02.07-02.26.44:773][328]LogModuleManager: Shutting down and abandoning module PIEPreviewDeviceProfileSelector (500)
[2023.02.07-02.26.44:773][328]LogModuleManager: Shutting down and abandoning module HardwareSurvey (498)
[2023.02.07-02.26.44:773][328]LogModuleManager: Shutting down and abandoning module SequenceRecorderSections (496)
[2023.02.07-02.26.44:773][328]LogModuleManager: Shutting down and abandoning module AutomationWorker (494)
[2023.02.07-02.26.44:773][328]LogModuleManager: Shutting down and abandoning module MatineeToLevelSequence (492)
[2023.02.07-02.26.44:774][328]LogModuleManager: Shutting down and abandoning module LevelSequenceEditor (490)
[2023.02.07-02.26.44:776][328]LogModuleManager: Shutting down and abandoning module PlacementMode (489)
[2023.02.07-02.26.44:776][328]LogModuleManager: Shutting down and abandoning module WmfMediaFactory (486)
[2023.02.07-02.26.44:776][328]LogModuleManager: Shutting down and abandoning module WmfMediaEditor (484)
[2023.02.07-02.26.44:776][328]LogModuleManager: Shutting down and abandoning module AvfMediaFactory (482)
[2023.02.07-02.26.44:776][328]LogModuleManager: Shutting down and abandoning module AvfMediaEditor (480)
[2023.02.07-02.26.44:776][328]LogModuleManager: Shutting down and abandoning module AndroidMediaFactory (478)
[2023.02.07-02.26.44:776][328]LogModuleManager: Shutting down and abandoning module Media (477)
[2023.02.07-02.26.44:776][328]LogModuleManager: Shutting down and abandoning module AndroidMediaEditor (474)
[2023.02.07-02.26.44:776][328]LogModuleManager: Shutting down and abandoning module CharacterAI (472)
[2023.02.07-02.26.44:776][328]LogModuleManager: Shutting down and abandoning module AudioCapture (470)
[2023.02.07-02.26.44:776][328]LogModuleManager: Shutting down and abandoning module SequenceRecorder (469)
[2023.02.07-02.26.44:776][328]LogModuleManager: Shutting down and abandoning module SmartSnapping (466)
[2023.02.07-02.26.44:776][328]LogModuleManager: Shutting down and abandoning module SessionServices (464)
[2023.02.07-02.26.44:777][328]LogModuleManager: Shutting down and abandoning module ViewportSnapping (462)
[2023.02.07-02.26.44:777][328]LogModuleManager: Shutting down and abandoning module ViewportInteraction (460)
[2023.02.07-02.26.44:777][328]LogModuleManager: Shutting down and abandoning module ClothPainter (458)
[2023.02.07-02.26.44:778][328]LogModuleManager: Shutting down and abandoning module LogVisualizer (456)
[2023.02.07-02.26.44:779][328]LogModuleManager: Shutting down and abandoning module IntroTutorials (454)
[2023.02.07-02.26.44:780][328]LogModuleManager: Shutting down and abandoning module GameProjectGeneration (453)
[2023.02.07-02.26.44:781][328]LogModuleManager: Shutting down and abandoning module IOSPlatformEditor (450)
[2023.02.07-02.26.44:781][328]LogModuleManager: Shutting down and abandoning module HTML5PlatformEditor (448)
[2023.02.07-02.26.44:781][328]LogModuleManager: Shutting down and abandoning module AndroidPlatformEditor (446)
[2023.02.07-02.26.44:781][328]LogModuleManager: Shutting down and abandoning module AndroidDeviceDetection (445)
[2023.02.07-02.26.45:537][328]LogModuleManager: Shutting down and abandoning module WindowsPlatformEditor (442)
[2023.02.07-02.26.45:537][328]LogModuleManager: Shutting down and abandoning module IOSRuntimeSettings (440)
[2023.02.07-02.26.45:537][328]LogModuleManager: Shutting down and abandoning module AndroidRuntimeSettings (438)
[2023.02.07-02.26.45:537][328]LogModuleManager: Shutting down and abandoning module InputBindingEditor (436)
[2023.02.07-02.26.45:539][328]LogModuleManager: Shutting down and abandoning module MergeActors (434)
[2023.02.07-02.26.45:540][328]LogModuleManager: Shutting down and abandoning module SizeMap (432)
[2023.02.07-02.26.45:540][328]LogModuleManager: Shutting down and abandoning module TreeMap (430)
[2023.02.07-02.26.45:540][328]LogModuleManager: Shutting down and abandoning module ReferenceViewer (428)
[2023.02.07-02.26.45:540][328]LogModuleManager: Shutting down and abandoning module LocalizationDashboard (426)
[2023.02.07-02.26.45:541][328]LogModuleManager: Shutting down and abandoning module LocalizationService (425)
[2023.02.07-02.26.45:541][328]LogModuleManager: Shutting down and abandoning module HardwareTargeting (422)
[2023.02.07-02.26.45:541][328]LogModuleManager: Shutting down and abandoning module DeviceProfileEditor (420)
[2023.02.07-02.26.45:542][328]LogModuleManager: Shutting down and abandoning module UndoHistory (418)
[2023.02.07-02.26.45:542][328]LogModuleManager: Shutting down and abandoning module XmlParser (416)
[2023.02.07-02.26.45:542][328]LogModuleManager: Shutting down and abandoning module Blutility (414)
[2023.02.07-02.26.45:542][328]LogModuleManager: Shutting down and abandoning module ProjectSettingsViewer (412)
[2023.02.07-02.26.45:542][328]LogModuleManager: Shutting down and abandoning module ProjectTargetPlatformEditor (411)
[2023.02.07-02.26.45:543][328]LogModuleManager: Shutting down and abandoning module EditorSettingsViewer (408)
[2023.02.07-02.26.45:543][328]LogModuleManager: Shutting down and abandoning module SettingsEditor (406)
[2023.02.07-02.26.45:544][328]LogModuleManager: Shutting down and abandoning module ProjectLauncher (404)
[2023.02.07-02.26.45:544][328]LogModuleManager: Shutting down and abandoning module SessionFrontend (402)
[2023.02.07-02.26.45:545][328]LogModuleManager: Shutting down and abandoning module ProfilerClient (400)
[2023.02.07-02.26.45:545][328]LogModuleManager: Shutting down and abandoning module DeviceManager (398)
[2023.02.07-02.26.45:545][328]LogModuleManager: Shutting down and abandoning module TargetDeviceServices (397)
[2023.02.07-02.26.45:599][328]LogModuleManager: Shutting down and abandoning module AutomationController (394)
[2023.02.07-02.26.45:601][328]LogModuleManager: Shutting down and abandoning module AutomationWindow (392)
[2023.02.07-02.26.45:601][328]LogModuleManager: Shutting down and abandoning module Layers (390)
[2023.02.07-02.26.45:603][328]LogModuleManager: Shutting down and abandoning module ComponentVisualizers (388)
[2023.02.07-02.26.45:603][328]LogModuleManager: Shutting down and abandoning module DetailCustomizations (386)
[2023.02.07-02.26.45:603][328]LogModuleManager: Shutting down and abandoning module PackagesDialog (384)
[2023.02.07-02.26.45:603][328]LogModuleManager: Shutting down and abandoning module Persona (382)
[2023.02.07-02.26.45:605][328]LogModuleManager: Shutting down and abandoning module AdvancedPreviewScene (381)
[2023.02.07-02.26.45:605][328]LogModuleManager: Shutting down and abandoning module AnimGraph (379)
[2023.02.07-02.26.45:605][328]LogModuleManager: Shutting down and abandoning module Kismet (376)
[2023.02.07-02.26.45:614][328]LogModuleManager: Shutting down and abandoning module ClassViewer (374)
[2023.02.07-02.26.45:614][328]LogModuleManager: Shutting down and abandoning module Toolbox (372)
[2023.02.07-02.26.45:614][328]LogModuleManager: Shutting down and abandoning module ModuleUI (370)
[2023.02.07-02.26.45:614][328]LogModuleManager: Shutting down and abandoning module MovieSceneTools (368)
[2023.02.07-02.26.45:616][328]LogModuleManager: Shutting down and abandoning module OutputLog (366)
[2023.02.07-02.26.45:616][328]LogModuleManager: Shutting down and abandoning module GammaUI (364)
[2023.02.07-02.26.45:617][328]LogModuleManager: Shutting down and abandoning module Documentation (362)
[2023.02.07-02.26.45:617][328]LogModuleManager: Shutting down and abandoning module MovieSceneTracks (360)
[2023.02.07-02.26.45:617][328]LogModuleManager: Shutting down and abandoning module MovieScene (358)
[2023.02.07-02.26.45:617][328]LogModuleManager: Shutting down and abandoning module Niagara (356)
[2023.02.07-02.26.45:617][328]LogModuleManager: Shutting down and abandoning module NiagaraEditor (355)
[2023.02.07-02.26.45:620][328]LogModuleManager: Shutting down and abandoning module StreamingPauseRendering (352)
[2023.02.07-02.26.45:620][328]LogModuleManager: Shutting down and abandoning module LauncherPlatform (350)
[2023.02.07-02.26.45:620][328]LogModuleManager: Shutting down and abandoning module AnalyticsET (348)
[2023.02.07-02.26.45:620][328]LogModuleManager: Shutting down and abandoning module PortalServices (346)
[2023.02.07-02.26.45:620][328]LogModuleManager: Shutting down and abandoning module PortalRpc (344)
[2023.02.07-02.26.45:620][328]LogModuleManager: Shutting down and abandoning module MessagingRpc (342)
[2023.02.07-02.26.45:620][328]LogModuleManager: Shutting down and abandoning module AIModule (340)
[2023.02.07-02.26.45:620][328]LogModuleManager: Shutting down and abandoning module GameplayDebugger (339)
[2023.02.07-02.26.45:620][328]LogModuleManager: Shutting down and abandoning module AITestSuite (337)
[2023.02.07-02.26.45:620][328]LogModuleManager: Shutting down and abandoning module ProfilerService (334)
[2023.02.07-02.26.45:694][328]LogModuleManager: Shutting down and abandoning module TaskGraph (332)
[2023.02.07-02.26.45:695][328]LogModuleManager: Shutting down and abandoning module SteamVRController (330)
[2023.02.07-02.26.45:695][328]LogModuleManager: Shutting down and abandoning module ProceduralMeshComponentEditor (328)
[2023.02.07-02.26.45:695][328]LogModuleManager: Shutting down and abandoning module ProceduralMeshComponent (326)
[2023.02.07-02.26.45:695][328]LogModuleManager: Shutting down and abandoning module OculusInput (324)
[2023.02.07-02.26.45:695][328]LogModuleManager: Shutting down and abandoning module MobilePatchingUtils (322)
[2023.02.07-02.26.45:695][328]LogModuleManager: Shutting down and abandoning module CustomMeshComponent (320)
[2023.02.07-02.26.45:695][328]LogModuleManager: Shutting down and abandoning module CableComponent (318)
[2023.02.07-02.26.45:695][328]LogModuleManager: Shutting down and abandoning module ArchVisCharacter (316)
[2023.02.07-02.26.45:695][328]LogModuleManager: Shutting down and abandoning module AndroidPermission (314)
[2023.02.07-02.26.45:695][328]LogModuleManager: Shutting down and abandoning module MediaPlayerEditor (310)
[2023.02.07-02.26.45:696][328]LogModuleManager: Shutting down and abandoning module HTML5Networking (308)
[2023.02.07-02.26.45:696][328]LogModuleManager: Shutting down and abandoning module AlembicImporter (306)
[2023.02.07-02.26.45:696][328]LogModuleManager: Shutting down and abandoning module AlembicLibrary (305)
[2023.02.07-02.26.45:696][328]LogModuleManager: Shutting down and abandoning module GeometryCache (304)
[2023.02.07-02.26.45:696][328]LogModuleManager: Shutting down and abandoning module GeometryCacheEd (303)
[2023.02.07-02.26.45:696][328]LogModuleManager: Shutting down and abandoning module SpeedTreeImporter (298)
[2023.02.07-02.26.45:696][328]LogModuleManager: Shutting down and abandoning module PluginBrowser (296)
[2023.02.07-02.26.45:698][328]LogModuleManager: Shutting down and abandoning module MobileLauncherProfileWizard (294)
[2023.02.07-02.26.45:699][328]LogModuleManager: Shutting down and abandoning module VisualStudioSourceCodeAccess (292)
[2023.02.07-02.26.45:700][328]LogModuleManager: Shutting down and abandoning module DesktopPlatform (291)
[2023.02.07-02.26.45:700][328]LogModuleManager: Shutting down and abandoning module UObjectPlugin (288)
[2023.02.07-02.26.45:700][328]LogModuleManager: Shutting down and abandoning module SubversionSourceControl (286)
[2023.02.07-02.26.45:700][328]LogModuleManager: Shutting down and abandoning module PerforceSourceControl (284)
[2023.02.07-02.26.45:701][328]LogModuleManager: Shutting down and abandoning module GitSourceControl (282)
[2023.02.07-02.26.45:703][328]LogModuleManager: Shutting down and abandoning module SourceControl (281)
[2023.02.07-02.26.45:704][328]LogModuleManager: Shutting down and abandoning module LightPropagationVolumeEditor (278)
[2023.02.07-02.26.45:704][328]LogModuleManager: Shutting down and abandoning module PaperTiledImporter (276)
[2023.02.07-02.26.45:704][328]LogModuleManager: Shutting down and abandoning module PaperSpriteSheetImporter (274)
[2023.02.07-02.26.45:704][328]LogModuleManager: Shutting down and abandoning module Paper2DEditor (272)
[2023.02.07-02.26.45:704][328]LogModuleManager: Shutting down and abandoning module MeshPaint (271)
[2023.02.07-02.26.45:705][328]LogModuleManager: Shutting down and abandoning module LevelEditor (269)
[2023.02.07-02.26.45:708][328]LogModuleManager: Shutting down and abandoning module PixelInspectorModule (268)
[2023.02.07-02.26.45:709][328]LogModuleManager: Shutting down and abandoning module MainFrame (266)
[2023.02.07-02.26.45:709][328]LogModuleManager: Shutting down and abandoning module HotReload (265)
[2023.02.07-02.26.45:710][328]LogModuleManager: Shutting down and abandoning module RuntimePhysXCooking (260)
[2023.02.07-02.26.45:710][328]LogModuleManager: Shutting down and abandoning module PhysXVehiclesEditor (258)
[2023.02.07-02.26.45:710][328]LogModuleManager: Shutting down and abandoning module PhysXVehicles (256)
[2023.02.07-02.26.45:710][328]LogModuleManager: Shutting down and abandoning module OculusEditor (254)
[2023.02.07-02.26.45:710][328]LogModuleManager: Shutting down and abandoning module LocationServicesBPLibrary (252)
[2023.02.07-02.26.45:710][328]LogModuleManager: Shutting down and abandoning module ImmediatePhysicsEditor (250)
[2023.02.07-02.26.45:710][328]LogModuleManager: Shutting down and abandoning module ImmediatePhysics (248)
[2023.02.07-02.26.45:710][328]LogModuleManager: Shutting down and abandoning module UdpMessaging (246)
[2023.02.07-02.26.45:812][328]LogModuleManager: Shutting down and abandoning module TcpMessaging (244)
[2023.02.07-02.26.45:912][328]LogModuleManager: Shutting down and abandoning module GameplayTagsEditor (242)
[2023.02.07-02.26.45:916][328]LogModuleManager: Shutting down and abandoning module FacialAnimationEditor (240)
[2023.02.07-02.26.45:916][328]LogModuleManager: Shutting down and abandoning module FacialAnimation (238)
[2023.02.07-02.26.45:916][328]LogModuleManager: Shutting down and abandoning module AssetManagerEditor (236)
[2023.02.07-02.26.45:917][328]LogModuleManager: Shutting down and abandoning module GraphEditor (235)
[2023.02.07-02.26.45:917][328]LogModuleManager: Shutting down and abandoning module ContentBrowser (233)
[2023.02.07-02.26.45:919][328]LogModuleManager: Shutting down and abandoning module LightPropagationVolumeRuntime (230)
[2023.02.07-02.26.45:919][328]LogModuleManager: Shutting down and abandoning module Paper2D (228)
[2023.02.07-02.26.45:919][328]LogModuleManager: Shutting down and abandoning module WindowsMoviePlayer (226)
[2023.02.07-02.26.45:919][328]LogModuleManager: Shutting down and abandoning module WmfMedia (224)
[2023.02.07-02.26.45:923][328]LogModuleManager: Shutting down and abandoning module PacketHandler (222)
[2023.02.07-02.26.45:923][328]LogModuleManager: Shutting down and abandoning module ClothingSystemEditor (220)
[2023.02.07-02.26.45:923][328]LogModuleManager: Shutting down and abandoning module ClothingSystemRuntime (218)
[2023.02.07-02.26.45:923][328]LogModuleManager: Shutting down and abandoning module Overlay (216)
[2023.02.07-02.26.45:923][328]LogModuleManager: Shutting down and abandoning module OverlayEditor (215)
[2023.02.07-02.26.45:923][328]LogModuleManager: Shutting down and abandoning module MediaAssets (212)
[2023.02.07-02.26.45:923][328]LogModuleManager: Shutting down and abandoning module VREditor (210)
[2023.02.07-02.26.45:924][328]LogModuleManager: Shutting down and abandoning module StringTableEditor (208)
[2023.02.07-02.26.45:924][328]LogModuleManager: Shutting down and abandoning module GameplayTasksEditor (206)
[2023.02.07-02.26.45:924][328]LogModuleManager: Shutting down and abandoning module BehaviorTreeEditor (204)
[2023.02.07-02.26.45:926][328]LogModuleManager: Shutting down and abandoning module FunctionalTesting (202)
[2023.02.07-02.26.45:926][328]LogModuleManager: Shutting down and abandoning module CollisionAnalyzer (200)
[2023.02.07-02.26.45:927][328]LogModuleManager: Shutting down and abandoning module WorkspaceMenuStructure (199)
[2023.02.07-02.26.45:927][328]LogModuleManager: Shutting down and abandoning module UMG (196)
[2023.02.07-02.26.45:927][328]LogModuleManager: Shutting down and abandoning module UMGEditor (195)
[2023.02.07-02.26.45:928][328]LogModuleManager: Shutting down and abandoning module Sequencer (194)
[2023.02.07-02.26.45:929][328]LogModuleManager: Shutting down and abandoning module MessageLog (191)
[2023.02.07-02.26.45:929][328]LogModuleManager: Shutting down and abandoning module SlateReflector (186)
[2023.02.07-02.26.45:931][328]LogModuleManager: Shutting down and abandoning module Slate (184)
[2023.02.07-02.26.45:931][328]LogModuleManager: Shutting down and abandoning module EditorStyle (182)
[2023.02.07-02.26.45:934][328]LogModuleManager: Shutting down and abandoning module MRMesh (180)
[2023.02.07-02.26.45:934][328]LogModuleManager: Shutting down and abandoning module SourceCodeAccess (178)
[2023.02.07-02.26.45:934][328]LogModuleManager: Shutting down and abandoning module HeadMountedDisplay (176)
[2023.02.07-02.26.45:934][328]LogModuleManager: Shutting down and abandoning module XAudio2 (174)
[2023.02.07-02.26.45:934][328]LogModuleManager: Shutting down and abandoning module Networking (172)
[2023.02.07-02.26.45:934][328]LogModuleManager: Shutting down and abandoning module Core (168)
[2023.02.07-02.26.45:934][328]LogModuleManager: Shutting down and abandoning module KismetCompiler (164)
[2023.02.07-02.26.45:934][328]LogModuleManager: Shutting down and abandoning module LevelSequence (162)
[2023.02.07-02.26.45:934][328]LogModuleManager: Shutting down and abandoning module MeshUtilities (160)
[2023.02.07-02.26.45:935][328]LogModuleManager: Shutting down and abandoning module MeshMergeUtilities (159)
[2023.02.07-02.26.45:935][328]LogModuleManager: Shutting down and abandoning module MeshReductionInterface (158)
[2023.02.07-02.26.45:935][328]LogModuleManager: Shutting down and abandoning module SimplygonSwarm (157)
[2023.02.07-02.26.45:936][328]LogModuleManager: Shutting down and abandoning module SimplygonMeshReduction (155)
[2023.02.07-02.26.45:936][328]LogModuleManager: Shutting down and abandoning module QuadricMeshReduction (153)
[2023.02.07-02.26.45:936][328]LogModuleManager: Shutting down and abandoning module MaterialBaking (149)
[2023.02.07-02.26.45:936][328]LogModuleManager: Shutting down and abandoning module DirectoryWatcher (146)
[2023.02.07-02.26.45:943][328]LogModuleManager: Shutting down and abandoning module DerivedDataCache (144)
[2023.02.07-02.26.45:977][328]LogDerivedDataCache: Shutdown
[2023.02.07-02.26.45:977][328]LogModuleManager: Shutting down and abandoning module TargetPlatform (142)
[2023.02.07-02.26.45:977][328]LogModuleManager: Shutting down and abandoning module VulkanShaderFormat (141)
[2023.02.07-02.26.45:978][328]LogModuleManager: Shutting down and abandoning module ShaderFormatVectorVM (139)
[2023.02.07-02.26.45:979][328]LogModuleManager: Shutting down and abandoning module ShaderFormatOpenGL (137)
[2023.02.07-02.26.45:979][328]LogModuleManager: Shutting down and abandoning module ShaderFormatD3D (135)
[2023.02.07-02.26.45:980][328]LogModuleManager: Shutting down and abandoning module MetalShaderFormat (133)
[2023.02.07-02.26.45:980][328]LogModuleManager: Shutting down and abandoning module TextureFormatUncompressed (131)
[2023.02.07-02.26.45:980][328]LogModuleManager: Shutting down and abandoning module TextureFormatPVR (129)
[2023.02.07-02.26.45:980][328]LogModuleManager: Shutting down and abandoning module TextureFormatDXT (127)
[2023.02.07-02.26.45:981][328]LogModuleManager: Shutting down and abandoning module TextureFormatIntelISPCTexComp (125)
[2023.02.07-02.26.45:981][328]LogModuleManager: Shutting down and abandoning module TextureFormatASTC (123)
[2023.02.07-02.26.45:981][328]LogModuleManager: Shutting down and abandoning module ImageWrapper (122)
[2023.02.07-02.26.45:981][328]LogModuleManager: Shutting down and abandoning module TextureFormatAndroid (119)
[2023.02.07-02.26.45:981][328]LogModuleManager: Shutting down and abandoning module AudioFormatOpus (117)
[2023.02.07-02.26.45:981][328]LogModuleManager: Shutting down and abandoning module AudioFormatOgg (115)
[2023.02.07-02.26.45:981][328]LogModuleManager: Shutting down and abandoning module AudioFormatADPCM (113)
[2023.02.07-02.26.45:981][328]LogModuleManager: Shutting down and abandoning module LinuxTargetPlatform (111)
[2023.02.07-02.26.45:981][328]LogModuleManager: Shutting down and abandoning module LinuxServerTargetPlatform (109)
[2023.02.07-02.26.45:981][328]LogModuleManager: Shutting down and abandoning module LinuxNoEditorTargetPlatform (107)
[2023.02.07-02.26.45:981][328]LogModuleManager: Shutting down and abandoning module LinuxClientTargetPlatform (105)
[2023.02.07-02.26.45:981][328]LogModuleManager: Shutting down and abandoning module TVOSTargetPlatform (103)
[2023.02.07-02.26.45:981][328]LogModuleManager: Shutting down and abandoning module Messaging (101)
[2023.02.07-02.26.45:981][328]LogModuleManager: Shutting down and abandoning module IOSTargetPlatform (99)
[2023.02.07-02.26.45:981][328]LogModuleManager: Shutting down and abandoning module HTML5TargetPlatform (97)
[2023.02.07-02.26.45:981][328]LogModuleManager: Shutting down and abandoning module Android_PVRTCTargetPlatform (95)
[2023.02.07-02.26.45:981][328]LogModuleManager: Shutting down and abandoning module Android_MultiTargetPlatform (93)
[2023.02.07-02.26.45:981][328]LogModuleManager: Shutting down and abandoning module Android_ETC2TargetPlatform (91)
[2023.02.07-02.26.45:981][328]LogModuleManager: Shutting down and abandoning module Android_ETC1TargetPlatform (89)
[2023.02.07-02.26.45:981][328]LogModuleManager: Shutting down and abandoning module Android_DXTTargetPlatform (87)
[2023.02.07-02.26.45:981][328]LogModuleManager: Shutting down and abandoning module Android_ATCTargetPlatform (85)
[2023.02.07-02.26.45:981][328]LogModuleManager: Shutting down and abandoning module Android_ASTCTargetPlatform (83)
[2023.02.07-02.26.45:981][328]LogModuleManager: Shutting down and abandoning module AndroidTargetPlatform (81)
[2023.02.07-02.26.45:981][328]LogModuleManager: Shutting down and abandoning module WindowsTargetPlatform (79)
[2023.02.07-02.26.45:981][328]LogModuleManager: Shutting down and abandoning module WindowsServerTargetPlatform (77)
[2023.02.07-02.26.45:981][328]LogModuleManager: Shutting down and abandoning module WindowsNoEditorTargetPlatform (75)
[2023.02.07-02.26.45:981][328]LogModuleManager: Shutting down and abandoning module WindowsClientTargetPlatform (73)
[2023.02.07-02.26.45:981][328]LogModuleManager: Shutting down and abandoning module MacTargetPlatform (71)
[2023.02.07-02.26.45:981][328]LogModuleManager: Shutting down and abandoning module MacServerTargetPlatform (69)
[2023.02.07-02.26.45:981][328]LogModuleManager: Shutting down and abandoning module MacNoEditorTargetPlatform (67)
[2023.02.07-02.26.45:981][328]LogModuleManager: Shutting down and abandoning module MacClientTargetPlatform (65)
[2023.02.07-02.26.45:981][328]LogModuleManager: Shutting down and abandoning module AllDesktopTargetPlatform (63)
[2023.02.07-02.26.45:981][328]LogModuleManager: Shutting down and abandoning module InputCore (60)
[2023.02.07-02.26.45:981][328]LogModuleManager: Shutting down and abandoning module Settings (58)
[2023.02.07-02.26.45:982][328]LogModuleManager: Shutting down and abandoning module PhysXCooking (56)
[2023.02.07-02.26.45:982][328]LogModuleManager: Shutting down and abandoning module SteamVR (54)
[2023.02.07-02.26.45:982][328]LogModuleManager: Shutting down and abandoning module OculusHMD (52)
[2023.02.07-02.26.45:983][328]LogModuleManager: Shutting down and abandoning module ExampleDeviceProfileSelector (50)
[2023.02.07-02.26.45:983][328]LogModuleManager: Shutting down and abandoning module OnlineBlueprintSupport (48)
[2023.02.07-02.26.45:983][328]LogModuleManager: Shutting down and abandoning module OnlineSubsystem (44)
[2023.02.07-02.26.45:983][328]LogOnline: Display: Unloading online subsystem: NULL
[2023.02.07-02.26.45:983][328]LogModuleManager: Shutting down and abandoning module XMPP (43)
[2023.02.07-02.26.45:983][328]LogModuleManager: Shutting down and abandoning module HTTP (41)
[2023.02.07-02.26.45:983][328]LogHttp: Display: Http module shutting down, but needs to wait on 1 outstanding Http requests:
[2023.02.07-02.26.45:984][328]LogHttp: Display: 	verb=[POST] url=[https://datarouter.ol.epicgames.com/datarouter/api/v1/public/data?SessionID=%7BD576B7A4-4635-1AA2-E464-F4BC43E6BE45%7D&AppID=UEEditor.Rocket.Release&AppVersion=4.17.2-3658906%2B%2B%2BUE4%2BRelease-4.17&UserID=0eccd2d64fa59f4243532f884f6d57e6%7C27082e73835547bcb02cb42b8f4d4fe6%7Ca84fe853-153c-4e38-b590-f7273bbdb729&AppEnvironment=datacollector-binary&UploadType=eteventstream] status=Processing
[2023.02.07-02.26.45:998][328]LogModuleManager: Shutting down and abandoning module SSL (40)
[2023.02.07-02.26.46:001][328]LogModuleManager: Shutting down and abandoning module AnimationModifiers (36)
[2023.02.07-02.26.46:002][328]LogModuleManager: Shutting down and abandoning module PropertyEditor (35)
[2023.02.07-02.26.46:002][328]LogModuleManager: Shutting down and abandoning module AudioEditor (32)
[2023.02.07-02.26.46:003][328]LogModuleManager: Shutting down and abandoning module TextureCompressor (30)
[2023.02.07-02.26.46:003][328]LogModuleManager: Shutting down and abandoning module ShaderCore (28)
[2023.02.07-02.26.46:004][328]LogModuleManager: Shutting down and abandoning module Landscape (26)
[2023.02.07-02.26.46:004][328]LogModuleManager: Shutting down and abandoning module SlateRHIRenderer (24)
[2023.02.07-02.26.46:016][328]LogModuleManager: Shutting down and abandoning module OpenGLDrv (22)
[2023.02.07-02.26.46:016][328]LogModuleManager: Shutting down and abandoning module D3D11RHI (20)
[2023.02.07-02.26.46:016][328]LogModuleManager: Shutting down and abandoning module AnimGraphRuntime (18)
[2023.02.07-02.26.46:016][328]LogModuleManager: Shutting down and abandoning module Renderer (16)
[2023.02.07-02.26.46:016][328]LogModuleManager: Shutting down and abandoning module Engine (14)
[2023.02.07-02.26.46:016][328]LogModuleManager: Shutting down and abandoning module CoreUObject (12)
[2023.02.07-02.26.46:016][328]LogModuleManager: Shutting down and abandoning module NetworkFile (10)
[2023.02.07-02.26.46:017][328]LogModuleManager: Shutting down and abandoning module CookedIterativeFile (8)
[2023.02.07-02.26.46:017][328]LogModuleManager: Shutting down and abandoning module StreamingFile (6)
[2023.02.07-02.26.46:017][328]LogModuleManager: Shutting down and abandoning module SandboxFile (4)
[2023.02.07-02.26.46:017][328]LogModuleManager: Shutting down and abandoning module PakFile (2)
[2023.02.07-02.26.46:028][328]LogExit: Exiting.
[2023.02.07-02.26.46:041][328]Log file closed, 02/07/23 11:26:46
