Log file open, 11/28/22 11:23:28
LogWindows: Failed to load 'aqProf.dll' (GetLastError=126)
LogWindows: File 'aqProf.dll' does not exist
LogWindows: Failed to load 'VSPerf140.dll' (GetLastError=126)
LogWindows: File 'VSPerf140.dll' does not exist
LogWindows: Failed to load 'VtuneApi.dll' (GetLastError=126)
LogWindows: File 'VtuneApi.dll' does not exist
LogWindows: Failed to load 'VtuneApi32e.dll' (GetLastError=126)
LogWindows: File 'VtuneApi32e.dll' does not exist
LogInit: Display: Running engine for game: THE7
LogPlatformFile: Not using cached read wrapper
LogInit: Display: RandInit(1953020108) SRandInit(1953020108).
LogTaskGraph: Started task graph with 5 named threads and 20 total threads with 3 sets of task threads.
LogStats: Stats thread started at 0.302661
LogD3D11RHI: Aftermath initialized
LogPluginManager: Mounting plugin Paper2D
LogPluginManager: Mounting plugin LightPropagationVolume
LogPluginManager: Mounting plugin CodeLiteSourceCodeAccess
LogPluginManager: Mounting plugin GitSourceControl
LogPluginManager: Mounting plugin KDevelopSourceCodeAccess
LogPluginManager: Mounting plugin NullSourceCodeAccess
LogPluginManager: Mounting plugin PerforceSourceControl
LogPluginManager: Mounting plugin SubversionSourceControl
LogPluginManager: Mounting plugin UObjectPlugin
LogPluginManager: Mounting plugin VisualStudioSourceCodeAccess
LogPluginManager: Mounting plugin XCodeSourceCodeAccess
LogPluginManager: Mounting plugin AssetManagerEditor
LogPluginManager: Mounting plugin AudioCapture
LogPluginManager: Mounting plugin FacialAnimation
LogPluginManager: Mounting plugin GameplayTagsEditor
LogPluginManager: Mounting plugin MobileLauncherProfileWizard
LogPluginManager: Mounting plugin PluginBrowser
LogPluginManager: Mounting plugin SpeedTreeImporter
LogPluginManager: Mounting plugin AlembicImporter
LogPluginManager: Mounting plugin CharacterAI
LogPluginManager: Mounting plugin HTML5Networking
LogPluginManager: Mounting plugin AndroidMedia
LogPluginManager: Mounting plugin AvfMedia
LogPluginManager: Mounting plugin MediaPlayerEditor
LogPluginManager: Mounting plugin WmfMedia
LogPluginManager: Mounting plugin TcpMessaging
LogPluginManager: Mounting plugin UdpMessaging
LogPluginManager: Mounting plugin LevelSequenceEditor
LogPluginManager: Mounting plugin MatineeToLevelSequence
LogPluginManager: Mounting plugin OnlineSubsystemGooglePlay
LogPluginManager: Mounting plugin OnlineSubsystemIOS
LogPluginManager: Mounting plugin OnlineSubsystem
LogPluginManager: Mounting plugin OnlineSubsystemNull
LogPluginManager: Mounting plugin OnlineSubsystemUtils
LogPluginManager: Mounting plugin AndroidDeviceProfileSelector
LogPluginManager: Mounting plugin AndroidMoviePlayer
LogPluginManager: Mounting plugin AndroidPermission
LogPluginManager: Mounting plugin AppleMoviePlayer
LogPluginManager: Mounting plugin ArchVisCharacter
LogPluginManager: Mounting plugin CableComponent
LogPluginManager: Mounting plugin CustomMeshComponent
LogPluginManager: Mounting plugin ExampleDeviceProfileSelector
LogPluginManager: Mounting plugin GoogleCloudMessaging
LogPluginManager: Mounting plugin ImmediatePhysics
LogPluginManager: Mounting plugin IOSDeviceProfileSelector
LogPluginManager: Mounting plugin LinuxDeviceProfileSelector
LogPluginManager: Mounting plugin LocationServicesBPLibrary
LogPluginManager: Mounting plugin MobilePatchingUtils
LogPluginManager: Mounting plugin OculusVR
LogPluginManager: Mounting plugin PhysXVehicles
LogPluginManager: Mounting plugin ProceduralMeshComponent
LogPluginManager: Mounting plugin RuntimePhysXCooking
LogPluginManager: Mounting plugin SteamVR
LogPluginManager: Mounting plugin WindowsMoviePlayer
LogInit: Using libcurl 7.47.1
LogInit:  - built for x86_64-pc-win32
LogInit:  - supports SSL with OpenSSL/1.0.2g
LogInit:  - supports HTTP deflate (compression) using libz 1.2.8
LogInit:  - other features:
LogInit:      CURL_VERSION_SSL
LogInit:      CURL_VERSION_LIBZ
LogInit:      CURL_VERSION_IPV6
LogInit:      CURL_VERSION_ASYNCHDNS
LogInit:      CURL_VERSION_LARGEFILE
LogInit:      CURL_VERSION_IDN
LogInit:  CurlRequestOptions (configurable via config and command line):
LogInit:  - bVerifyPeer = false  - Libcurl will NOT verify peer certificate
LogInit:  - bUseHttpProxy = false  - Libcurl will NOT use HTTP proxy
LogInit:  - bDontReuseConnections = false  - Libcurl will reuse connections
LogInit:  - CertBundlePath = nullptr  - Libcurl will use whatever was configured at build time.
LogInit: Build: ++UE4+Release-4.17-CL-3658906
LogInit: Engine Version: 4.17.2-3658906+++UE4+Release-4.17
LogInit: Compatible Engine Version: 4.17.0-3573198+++UE4+Release-4.17
LogInit: Net CL: 3573198
LogDevObjectVersion: Number of dev versions registered: 16
LogDevObjectVersion:   Dev-Blueprints (B0D832E4-1F89-4F0D-ACCF-7EB736FD4AA2): 10
LogDevObjectVersion:   Dev-Build (E1C64328-A22C-4D53-A36C-8E866417BD8C): 0
LogDevObjectVersion:   Dev-Core (375EC13C-06E4-48FB-B500-84F0262A717E): 2
LogDevObjectVersion:   Dev-Editor (E4B068ED-F494-42E9-A231-DA0B2E46BB41): 20
LogDevObjectVersion:   Dev-Framework (CFFC743F-43B0-4480-9391-14DF171D2073): 28
LogDevObjectVersion:   Dev-Mobile (B02B49B5-BB20-44E9-A304-32B752E40360): 0
LogDevObjectVersion:   Dev-Networking (A4E4105C-59A1-49B5-A7C5-40C4547EDFEE): 0
LogDevObjectVersion:   Dev-Online (39C831C9-5AE6-47DC-9A44-9C173E1C8E7C): 0
LogDevObjectVersion:   Dev-Physics (78F01B33-EBEA-4F98-B9B4-84EACCB95AA2): 0
LogDevObjectVersion:   Dev-Platform (6631380F-2D4D-43E0-8009-CF276956A95A): 0
LogDevObjectVersion:   Dev-Rendering (12F88B9F-8875-4AFC-A67C-D90C383ABD29): 19
LogDevObjectVersion:   Dev-Sequencer (7B5AE74C-D270-4C10-A958-57980B212A5A): 4
LogDevObjectVersion:   Dev-VR (D7296918-1DD6-4BDD-9DE2-64A83CC13884): 0
LogDevObjectVersion:   Dev-LoadTimes (C2A15278-BFE7-4AFE-6C17-90FF531DF755): 1
LogDevObjectVersion:   Private-Geometry (6EACA3D4-40EC-4CC1-B786-8BED09428FC5): 1
LogDevObjectVersion:   Dev-AnimPhys (29E575DD-E0A3-4627-9D10-D276232CDCEA): 7
LogInit: Compiled (64-bit): Sep 22 2017 13:47:16
LogInit: Compiled with Visual C++: 19.00.24215.01
LogInit: Build Configuration: Development
LogInit: Branch Name: ++UE4+Release-4.17
LogInit: Command line:  
LogInit: Base directory: D:/UE_4.17/Engine/Binaries/Win64/
LogInit: Installed Engine Build: 1
LogInit: Presizing for max 8388607 objects, including 0 objects not considered by GC, pre-allocating 0 bytes for permanent pool.
LogInit: Object subsystem initialized
[2022.11.28-02.23.28:943][  0]LogInit: Selected Device Profile: [Windows]
[2022.11.28-02.23.28:943][  0]LogInit: Applying CVar settings loaded from the selected device profile: [Windows]
[2022.11.28-02.23.28:951][  0]LogInit: Computer: KBC12006081
[2022.11.28-02.23.28:951][  0]LogInit: User: Owner
[2022.11.28-02.23.28:951][  0]LogInit: CPU Page size=4096, Cores=6
[2022.11.28-02.23.28:951][  0]LogInit: High frequency timer resolution =10.000000 MHz
[2022.11.28-02.23.28:951][  0]LogMemory: Memory total: Physical=15.8GB (16GB approx)
[2022.11.28-02.23.28:951][  0]LogMemory: Platform Memory Stats for Windows
[2022.11.28-02.23.28:951][  0]LogMemory: Process Physical Memory: 280.82 MB used, 280.83 MB peak
[2022.11.28-02.23.28:951][  0]LogMemory: Process Virtual Memory: 280.77 MB used, 280.77 MB peak
[2022.11.28-02.23.28:951][  0]LogMemory: Physical Memory: 5909.55 MB used,  10320.37 MB free, 16229.91 MB total
[2022.11.28-02.23.28:951][  0]LogMemory: Virtual Memory: 4799.75 MB used,  10320.37 MB free, 134217728.00 MB total
[2022.11.28-02.23.29:128][  0]LogInit: Using OS detected language (ja-JP).
[2022.11.28-02.23.29:128][  0]LogInit: Using OS detected locale (ja-JP).
[2022.11.28-02.23.29:131][  0]LogTextLocalizationManager: No specific localization for 'ja-JP' exists, so the 'ja' localization will be used.
[2022.11.28-02.23.29:520][  0]LogD3D11RHI: D3D11 adapters:
[2022.11.28-02.23.29:629][  0]LogD3D11RHI:    0. 'NVIDIA GeForce GTX 1650 with Max-Q Design' (Feature Level 11_0)
[2022.11.28-02.23.29:629][  0]LogD3D11RHI:       3962/0/8114 MB DedicatedVideo/DedicatedSystem/SharedSystem, Outputs:1, VendorId:0x10de
[2022.11.28-02.23.29:666][  0]LogD3D11RHI:    1. 'Intel(R) UHD Graphics 630' (Feature Level 11_0)
[2022.11.28-02.23.29:666][  0]LogD3D11RHI:       128/0/8114 MB DedicatedVideo/DedicatedSystem/SharedSystem, Outputs:0, VendorId:0x8086
[2022.11.28-02.23.29:668][  0]LogD3D11RHI:    2. 'Microsoft Basic Render Driver' (Feature Level 11_0)
[2022.11.28-02.23.29:668][  0]LogD3D11RHI:       0/0/8114 MB DedicatedVideo/DedicatedSystem/SharedSystem, Outputs:0, VendorId:0x1414
[2022.11.28-02.23.29:668][  0]LogD3D11RHI: Chosen D3D11 Adapter: 0
[2022.11.28-02.23.29:674][  0]LogD3D11RHI: Creating new Direct3DDevice
[2022.11.28-02.23.29:674][  0]LogD3D11RHI:     GPU DeviceId: 0x1f91 (for the marketing name, search the web for "GPU Device Id")
[2022.11.28-02.23.29:674][  0]LogWindows: EnumDisplayDevices:
[2022.11.28-02.23.29:674][  0]LogWindows:    0. 'Intel(R) UHD Graphics 630' (P:1 D:1)
[2022.11.28-02.23.29:674][  0]LogWindows:    1. 'Intel(R) UHD Graphics 630' (P:0 D:0)
[2022.11.28-02.23.29:674][  0]LogWindows:    2. 'Intel(R) UHD Graphics 630' (P:0 D:0)
[2022.11.28-02.23.29:674][  0]LogWindows: DebugString: GetVideoDriverDetailsInvalid PrimaryIsNotTheChoosenAdapter GetVideoDriverDetailsInvalid PrimaryIsNotTheChoosenAdapter GetVideoDriverDetailsInvalid PrimaryIsNotTheChoosenAdapter FoundDriverCount:0 
[2022.11.28-02.23.29:674][  0]LogD3D11RHI:     Adapter Name: NVIDIA GeForce GTX 1650 with Max-Q Design
[2022.11.28-02.23.29:674][  0]LogD3D11RHI:   Driver Version: Unknown (internal:Unknown, unified:Unknown)
[2022.11.28-02.23.29:674][  0]LogD3D11RHI:      Driver Date: Unknown
[2022.11.28-02.23.29:674][  0]LogRHI: Texture pool is 1361 MB (70% of 1945 MB)
[2022.11.28-02.23.29:752][  0]LogD3D11RHI: Async texture creation enabled
[2022.11.28-02.23.29:764][  0]LogD3D11RHI: GPU Timing Frequency: 1000.000000 (Debug: 2 1)
[2022.11.28-02.23.29:765][  0]LogShaderCompilers: Guid format shader working directory is 8 characters bigger than the processId version (C:/Users/Owner/Documents/UE4_RPG/THE7/Intermediate/Shaders/WorkingDirectory/19168/).
[2022.11.28-02.23.29:765][  0]LogShaderCompilers: Cleaned the shader compiler working directory 'C:/Users/Owner/AppData/Local/Temp/UnrealShaderWorkingDir/CBC61CF947625F8664CA29A132D0ED4D/'.
[2022.11.28-02.23.29:765][  0]LogShaderCompilers: Display: Using Local Shader Compiler.
[2022.11.28-02.23.30:520][  0]LogTemp: Display: Loaded TP AllDesktopTargetPlatform
[2022.11.28-02.23.30:562][  0]LogTemp: Display: Loaded TP MacClientTargetPlatform
[2022.11.28-02.23.30:605][  0]LogTemp: Display: Loaded TP MacNoEditorTargetPlatform
[2022.11.28-02.23.30:648][  0]LogTemp: Display: Loaded TP MacServerTargetPlatform
[2022.11.28-02.23.30:690][  0]LogTemp: Display: Loaded TP MacTargetPlatform
[2022.11.28-02.23.30:733][  0]LogTemp: Display: Loaded TP WindowsClientTargetPlatform
[2022.11.28-02.23.30:775][  0]LogTemp: Display: Loaded TP WindowsNoEditorTargetPlatform
[2022.11.28-02.23.30:817][  0]LogTemp: Display: Loaded TP WindowsServerTargetPlatform
[2022.11.28-02.23.30:854][  0]LogTemp: Display: Loaded TP WindowsTargetPlatform
[2022.11.28-02.23.30:896][  0]LogTemp: Display: Loaded TP AndroidTargetPlatform
[2022.11.28-02.23.30:937][  0]LogTemp: Display: Loaded TP Android_ASTCTargetPlatform
[2022.11.28-02.23.30:978][  0]LogTemp: Display: Loaded TP Android_ATCTargetPlatform
[2022.11.28-02.23.31:021][  0]LogTemp: Display: Loaded TP Android_DXTTargetPlatform
[2022.11.28-02.23.31:064][  0]LogTemp: Display: Loaded TP Android_ETC1TargetPlatform
[2022.11.28-02.23.31:105][  0]LogTemp: Display: Loaded TP Android_ETC2TargetPlatform
[2022.11.28-02.23.31:190][  0]LogTemp: Display: Loaded TP Android_MultiTargetPlatform
[2022.11.28-02.23.31:190][  0]LogTemp: Display: Loaded TP Android_PVRTCTargetPlatform
[2022.11.28-02.23.31:223][  0]LogTemp: Display: Loaded TP HTML5TargetPlatform
[2022.11.28-02.23.31:306][  0]LogTemp: Display: Loaded TP IOSTargetPlatform
[2022.11.28-02.23.31:331][  0]LogTemp: Display: Loaded TP TVOSTargetPlatform
[2022.11.28-02.23.31:373][  0]LogTemp: Display: Loaded TP LinuxClientTargetPlatform
[2022.11.28-02.23.31:413][  0]LogTemp: Display: Loaded TP LinuxNoEditorTargetPlatform
[2022.11.28-02.23.31:454][  0]LogTemp: Display: Loaded TP LinuxServerTargetPlatform
[2022.11.28-02.23.31:496][  0]LogTemp: Display: Loaded TP LinuxTargetPlatform
[2022.11.28-02.23.31:496][  0]LogTargetPlatformManager: Display: Building Assets For Windows
[2022.11.28-02.23.31:900][  0]LogDerivedDataCache: Display: Max Cache Size: 512 MB
[2022.11.28-02.23.31:964][  0]LogDerivedDataCache: Loaded boot cache 0.06s 93MB C:/Users/Owner/AppData/Local/UnrealEngine/4.17/DerivedDataCache/Boot.ddc.
[2022.11.28-02.23.31:964][  0]LogDerivedDataCache: Display: Loaded Boot cache: C:/Users/Owner/AppData/Local/UnrealEngine/4.17/DerivedDataCache/Boot.ddc
[2022.11.28-02.23.31:965][  0]LogDerivedDataCache: FDerivedDataBackendGraph:  Pak pak cache file C:/Users/Owner/Documents/UE4_RPG/THE7/DerivedDataCache/DDC.ddp not found, will not use a pak cache.
[2022.11.28-02.23.31:965][  0]LogDerivedDataCache: Unable to find inner node Pak for hierarchical cache Hierarchy.
[2022.11.28-02.23.31:965][  0]LogDerivedDataCache: FDerivedDataBackendGraph:  CompressedPak pak cache file C:/Users/Owner/Documents/UE4_RPG/THE7/DerivedDataCache/Compressed.ddp not found, will not use a pak cache.
[2022.11.28-02.23.31:965][  0]LogDerivedDataCache: Unable to find inner node CompressedPak for hierarchical cache Hierarchy.
[2022.11.28-02.23.31:977][  0]LogDerivedDataCache: Display: Pak cache opened for reading ../../../Engine/DerivedDataCache/Compressed.ddp.
[2022.11.28-02.23.31:989][  0]LogDerivedDataCache: Using Local data cache path C:/Users/Owner/AppData/Local/UnrealEngine/Common/DerivedDataCache: Writable
[2022.11.28-02.23.31:997][  0]LogMaterial: Verifying Global Shaders for PCD3D_SM5
[2022.11.28-02.23.31:997][  0]LogSlate: Using Freetype 2.6.0
[2022.11.28-02.23.31:998][  0]LogSlate: SlateFontCache - WITH_FREETYPE: 1, WITH_HARFBUZZ: 1
[2022.11.28-02.23.31:998][  0]LogSlate: SlateFontCache - WITH_FREETYPE: 1, WITH_HARFBUZZ: 1
[2022.11.28-02.23.32:213][  0]LogAssetRegistry: FAssetRegistry took 0.0259 seconds to start up
[2022.11.28-02.23.32:317][  0]LogInit: Selected Device Profile: [Windows]
[2022.11.28-02.23.32:426][  0]LogContentStreaming: Texture pool size is 0.00 MB
[2022.11.28-02.23.32:671][  0]LogSimplygon: Simplygon DLL not present - disabling.
[2022.11.28-02.23.32:705][  0]LogMeshReduction: Using SimplygonSwarm for distributed automatic mesh merging
[2022.11.28-02.23.32:705][  0]LogMeshReduction: Using QuadricMeshReduction for automatic static mesh reduction
[2022.11.28-02.23.32:705][  0]LogMeshReduction: No automatic skeletal mesh reduction module available
[2022.11.28-02.23.32:705][  0]LogMeshReduction: No automatic mesh merging module available
[2022.11.28-02.23.32:705][  0]LogMeshMerging: No automatic mesh merging module available
[2022.11.28-02.23.32:971][  0]LogNetVersion: THE7 , NetCL: 3573198, EngineNetVer: 2, GameNetVer: 0 (Checksum: 151110352)
[2022.11.28-02.23.33:145][  0]LogPackageLocalizationCache: Processed 5 localized package path(s) for 2 prioritized culture(s) in 0.038116 seconds
[2022.11.28-02.23.33:149][  0]LogUObjectArray: 35825 objects as part of root set at end of initial load.
[2022.11.28-02.23.33:149][  0]LogUObjectAllocator: 7529104 out of 0 bytes used by permanent object pool.
[2022.11.28-02.23.33:149][  0]LogUObjectArray: CloseDisregardForGC: 0/0 objects in disregard for GC pool
[2022.11.28-02.23.33:203][  0]LogInit: WinSock: version 1.1 (2.2), MaxSocks=32767, MaxUdp=65467
[2022.11.28-02.23.35:411][  0]LogTcpMessaging: Initializing TcpMessaging bridge
[2022.11.28-02.23.35:447][  0]LogUdpMessaging: Initializing bridge on interface 0.0.0.0:0 to multicast group 230.0.0.1:6666.
[2022.11.28-02.23.36:014][  0]LogMaterial: Uniform references updated for custom material expression Custom.
[2022.11.28-02.23.36:386][  0]SourceControl: ソースコントロールは無効です
[2022.11.28-02.23.36:386][  0]SourceControl: ソースコントロールは無効です
[2022.11.28-02.23.36:429][  0]SourceControl: ソースコントロールは無効です
[2022.11.28-02.23.36:471][  0]SourceControl: ソースコントロールは無効です
[2022.11.28-02.23.36:984][  0]LogAndroidPermission: UAndroidPermissionCallbackProxy::GetInstance
[2022.11.28-02.23.37:201][  0]LogOcInput: OculusInput pre-init called
[2022.11.28-02.23.37:430][  0]LogEngine: Initializing Engine...
[2022.11.28-02.23.37:432][  0]LogHMD: Failed to initialize OpenVR with code 110
[2022.11.28-02.23.37:608][  0]LogStats: UGameplayTagsManager::ConstructGameplayTagTree: Construct from data asset -  0.000 s
[2022.11.28-02.23.37:608][  0]LogStats: UGameplayTagsManager::ConstructGameplayTagTree: GameplayTagTreeChangedEvent.Broadcast -  0.000 s
[2022.11.28-02.23.37:726][  0]LogAIModule: Creating AISystem for world Untitled
[2022.11.28-02.23.37:805][  0]LogInit: XAudio2 using 'スピーカー (Realtek(R) Audio)' : 2 channels at 48 kHz using 32 bits per sample (channel mask 0x3)
[2022.11.28-02.23.37:895][  0]LogInit: FAudioDevice initialized.
[2022.11.28-02.23.37:940][  0]LogDerivedDataCache: Saved boot cache 0.04s 93MB C:/Users/Owner/AppData/Local/UnrealEngine/4.17/DerivedDataCache/Boot.ddc.
[2022.11.28-02.23.37:949][  0]LogInit: Texture streaming: Enabled
[2022.11.28-02.23.38:058][  0]LogEngineSessionManager: EngineSessionManager initialized
[2022.11.28-02.23.38:261][  0]LogInit: Transaction tracking system initialized
[2022.11.28-02.23.38:552][  0]BlueprintLog: New page: エディタの読み込み
[2022.11.28-02.23.39:373][  0]LocalizationService: ローカライズのサービスが無効になりました
[2022.11.28-02.23.39:998][  0]LogConsoleResponse: Display: 
[2022.11.28-02.23.40:153][  0]LogCook: Display: Max memory allowance for cook 16384mb min free memory 0mb
[2022.11.28-02.23.40:153][  0]LogCook: Display: Mobile HDR setting 1
[2022.11.28-02.23.40:153][  0]LogGameplayTags: Display: UGameplayTagsManager::DoneAddingNativeTags. DelegateIsBound: 0
[2022.11.28-02.23.41:083][  0]LogFileCache: Scanning file cache for directory 'C:/Users/Owner/Documents/UE4_RPG/THE7/Content/' took 0.02s
[2022.11.28-02.23.41:125][  0]SourceControl: ソースコントロールは無効です
[2022.11.28-02.23.41:126][  0]Cmd: MAP LOAD FILE="C:/Users/Owner/Documents/UE4_RPG/THE7/Content/Map/Game_Main.umap" TEMPLATE=0 SHOWPROGRESS=1 FEATURELEVEL=3
[2022.11.28-02.23.41:126][  0]LightingResults: New page: ライティングのビルド
[2022.11.28-02.23.41:164][  0]MapCheck: New page: マップをチェック
[2022.11.28-02.23.41:164][  0]LightingResults: New page: <何も選択されていません>
[2022.11.28-02.23.41:536][  0]LogAIModule: Creating AISystem for world Game_Main
[2022.11.28-02.23.41:567][  0]LogStreaming: Display: ULevelStreaming::RequestLevel(/Game/Map/Floor1) is flushing async loading
[2022.11.28-02.23.41:675][  0]LogStreaming: Display: ULevelStreaming::RequestLevel(/Game/Map/Floor3) is flushing async loading
[2022.11.28-02.23.41:794][  0]LogStreaming: Display: ULevelStreaming::RequestLevel(/Game/Map/Floor4) is flushing async loading
[2022.11.28-02.23.41:978][  0]LogStreaming: Display: ULevelStreaming::RequestLevel(/Game/Map/Floor5) is flushing async loading
[2022.11.28-02.23.42:299][  0]LogEditorServer: Finished looking for orphan Actors (0.000 secs)
[2022.11.28-02.23.42:387][  0]Cmd: MAP CHECKDEP NOCLEARLOG
[2022.11.28-02.23.42:450][  0]MapCheck: マップチェックが完了: 0 エラー、 0 警告、完了に 61.75ミリ秒かかりました。
[2022.11.28-02.23.42:450][  0]LogFileHelpers: Loading map 'Game_Main' took 1.324
[2022.11.28-02.23.42:512][  0]LogWindowsTextInputMethodSystem: Display: IME system now activated using TSF (Microsoft IME).
[2022.11.28-02.23.42:598][  0]LogCollectionManager: Loaded 0 collections in 0.001002 seconds
[2022.11.28-02.23.42:682][  0]LogFileCache: Scanning file cache for directory 'C:/Users/Owner/Documents/UE4_RPG/THE7/Saved/Collections/' took 0.01s
[2022.11.28-02.23.42:682][  0]LogFileCache: Scanning file cache for directory 'C:/Users/Owner/Documents/UE4_RPG/THE7/Content/Developers/Owner/Collections/' took 0.01s
[2022.11.28-02.23.42:682][  0]LogFileCache: Scanning file cache for directory 'C:/Users/Owner/Documents/UE4_RPG/THE7/Content/Collections/' took 0.01s
[2022.11.28-02.23.42:682][  0]LogCollectionManager: Rebuilt the GUID cache for 0 collections in 0.000001 seconds
[2022.11.28-02.23.42:690][  0]LogContentBrowser: Native class hierarchy populated in 0.0082 seconds. Added 2386 classes and 500 folders.
[2022.11.28-02.23.42:757][  0]LogContentBrowser: Native class hierarchy updated for 'WidgetCarousel' in 0.0006 seconds. Added 0 classes and 0 folders.
[2022.11.28-02.23.42:796][  0]LogContentBrowser: Native class hierarchy updated for 'AddContentDialog' in 0.0006 seconds. Added 0 classes and 0 folders.
[2022.11.28-02.23.42:839][  0]LogContentBrowser: Native class hierarchy updated for 'SceneOutliner' in 0.0007 seconds. Added 1 classes and 2 folders.
[2022.11.28-02.23.42:890][  0]LogContentBrowser: Native class hierarchy updated for 'WorldBrowser' in 0.0006 seconds. Added 2 classes and 3 folders.
[2022.11.28-02.23.43:791][  0]LogSlate: Took 0.000180 seconds to synchronously load lazily loaded font '../../../Engine/Content/Slate/Fonts/Roboto-Regular.ttf' (155K)
[2022.11.28-02.23.43:795][  0]LogSlate: Took 0.002611 seconds to synchronously load lazily loaded font '../../../Engine/Content/Slate/Fonts/DroidSansFallback.ttf' (3848K)
[2022.11.28-02.23.43:796][  0]LogSlate: Took 0.000180 seconds to synchronously load lazily loaded font '../../../Engine/Content/Slate/Fonts/Roboto-Bold.ttf' (160K)
[2022.11.28-02.23.43:800][  0]LogSlate: Took 0.000269 seconds to synchronously load lazily loaded font '../../../Engine/Content/Editor/Slate/Fonts/FontAwesome.ttf' (139K)
[2022.11.28-02.23.43:914][  0]LogTemp: Executing iPhonePackager certificates Engine -bundlename com.YourCompany.THE7
[2022.11.28-02.23.43:914][  0]LogTemp: CWD: D:\UE_4.17\Engine\Binaries\DotNET\IOS
[2022.11.28-02.23.43:914][  0]LogTemp: Initial Dir: D:\UE_4.17
[2022.11.28-02.23.43:914][  0]LogTemp: Env CWD: D:\UE_4.17\Engine\Binaries\DotNET\IOS
[2022.11.28-02.23.43:914][  0]LogTemp: BranchPath = KBC12006081/D/UE_4.17/Engine/Binaries --- GameBranchPath = KBC12006081/D/UE_4.17/Engine/Binaries
[2022.11.28-02.23.43:914][  0]LogRenderer: Reallocating scene render targets to support 1116x532 Format 10 NumSamples 1 (Frame:1).
[2022.11.28-02.23.44:062][  0]LogTemp: IPP ERROR: Could not find provision directory 'C:\Users\Owner\AppData\Local/Apple Computer/MobileDevice/Provisioning Profiles/'.
[2022.11.28-02.23.44:121][  0]LogContentBrowser: Native class hierarchy updated for 'HierarchicalLODOutliner' in 0.0007 seconds. Added 1 classes and 2 folders.
[2022.11.28-02.23.44:122][  0]LogLoad: (Engine Initialization) Total time: 16.77 seconds
[2022.11.28-02.23.44:122][  0]LogLoad: (Engine Initialization) Total Blueprint compile time: 0.00 seconds
[2022.11.28-02.23.44:122][  0]LogExternalProfiler: No external profilers were discovered.  External profiling features will not be available.
[2022.11.28-02.23.44:167][  0]LogContentStreaming: Texture pool size now 1000 MB
[2022.11.28-02.23.44:234][  0]LogSlate: Took 0.000194 seconds to synchronously load lazily loaded font '../../../Engine/Content/Slate/Fonts/Roboto-Light.ttf' (159K)
[2022.11.28-02.23.44:253][  1]LogAssetRegistry: Asset discovery search completed in 12.0635 seconds
[2022.11.28-02.23.44:255][  1]LogCollectionManager: Rebuilt the object cache for 0 collections in 0.000000 seconds (found 0 objects)
[2022.11.28-02.23.44:255][  1]LogCollectionManager: Fixed up redirectors for 0 collections in 0.000056 seconds (updated 0 objects)
[2022.11.28-02.23.45:209][ 41]LogSlate: Took 0.000157 seconds to synchronously load lazily loaded font '../../../Engine/Content/Slate/Fonts/Roboto-Light.ttf' (159K)
[2022.11.28-02.23.55:960][469]LogScript: Warning: Accessed None trying to read property IsClearInstance
	BP_Anim_Award_C /Engine/Transient.World_1:PersistentLevel.BPAward_C_0.CharacterMesh0.BP_Anim_Award_C_0
	Function /Game/Animation/BP_Anim_Award.BP_Anim_Award_C:ExecuteUbergraph_BP_Anim_Award:00B1
[2022.11.28-02.23.55:960][469]LogScript: Warning: Accessed None trying to read property IsClearInstance
	BP_Anim_Award_C /Engine/Transient.World_1:PersistentLevel.BPAward_C_0.CharacterMesh0.BP_Anim_Award_C_0
	Function /Game/Animation/BP_Anim_Award.BP_Anim_Award_C:ExecuteUbergraph_BP_Anim_Award:01A5
[2022.11.28-02.24.05:537][823]LogSlate: Took 0.000154 seconds to synchronously load lazily loaded font '../../../Engine/Content/Slate/Fonts/Roboto-Light.ttf' (159K)
[2022.11.28-02.24.05:624][823]LogAIModule: Creating AISystem for world Floor2
[2022.11.28-02.24.05:691][823]Cmd: MAP LOAD FILE="C:/Users/Owner/Documents/UE4_RPG/THE7/Content/Map/Floor2.umap" TEMPLATE=0 SHOWPROGRESS=1 FEATURELEVEL=3
[2022.11.28-02.24.05:692][823]LightingResults: New page: ライティングのビルド
[2022.11.28-02.24.05:692][823]LoadErrors: New page: マップをロード中: Floor2.umap
[2022.11.28-02.24.05:711][823]MapCheck: New page: マップをチェック
[2022.11.28-02.24.05:711][823]LightingResults: New page: <何も選択されていません>
[2022.11.28-02.24.05:831][823]LogEditorServer: Finished looking for orphan Actors (0.000 secs)
[2022.11.28-02.24.05:859][823]Cmd: MAP CHECKDEP NOCLEARLOG
[2022.11.28-02.24.05:917][823]MapCheck: マップチェックが完了: 0 エラー、 0 警告、完了に 56.916ミリ秒かかりました。
[2022.11.28-02.24.05:918][823]LogFileHelpers: Loading map 'Floor2' took 0.227
[2022.11.28-02.24.17:855][533]LogAIModule: Creating AISystem for world Floor3
[2022.11.28-02.24.17:909][533]Cmd: MAP LOAD FILE="C:/Users/Owner/Documents/UE4_RPG/THE7/Content/Map/Floor3.umap" TEMPLATE=0 SHOWPROGRESS=1 FEATURELEVEL=3
[2022.11.28-02.24.17:909][533]LightingResults: New page: ライティングのビルド
[2022.11.28-02.24.17:910][533]LoadErrors: New page: マップをロード中: Floor3.umap
[2022.11.28-02.24.17:914][533]MapCheck: New page: マップをチェック
[2022.11.28-02.24.17:914][533]LightingResults: New page: <何も選択されていません>
[2022.11.28-02.24.18:029][533]LogEditorServer: Finished looking for orphan Actors (0.000 secs)
[2022.11.28-02.24.18:057][533]Cmd: MAP CHECKDEP NOCLEARLOG
[2022.11.28-02.24.18:108][533]MapCheck: マップチェックが完了: 0 エラー、 0 警告、完了に 49.7ミリ秒かかりました。
[2022.11.28-02.24.18:109][533]LogFileHelpers: Loading map 'Floor3' took 0.200
[2022.11.28-02.24.19:817][632]LogAIModule: Creating AISystem for world Floor1
[2022.11.28-02.24.19:862][632]Cmd: MAP LOAD FILE="C:/Users/Owner/Documents/UE4_RPG/THE7/Content/Map/Floor1.umap" TEMPLATE=0 SHOWPROGRESS=1 FEATURELEVEL=3
[2022.11.28-02.24.19:862][632]LightingResults: New page: ライティングのビルド
[2022.11.28-02.24.19:863][632]LoadErrors: New page: マップをロード中: Floor1.umap
[2022.11.28-02.24.19:867][632]MapCheck: New page: マップをチェック
[2022.11.28-02.24.19:867][632]LightingResults: New page: <何も選択されていません>
[2022.11.28-02.24.19:981][632]LogEditorServer: Finished looking for orphan Actors (0.000 secs)
[2022.11.28-02.24.20:009][632]Cmd: MAP CHECKDEP NOCLEARLOG
[2022.11.28-02.24.20:063][632]MapCheck: マップチェックが完了: 0 エラー、 0 警告、完了に 54.232ミリ秒かかりました。
[2022.11.28-02.24.20:065][632]LogFileHelpers: Loading map 'Floor1' took 0.203
[2022.11.28-02.24.22:991][805]LogAIModule: Creating AISystem for world Game_Main
[2022.11.28-02.24.23:029][805]Cmd: MAP LOAD FILE="C:/Users/Owner/Documents/UE4_RPG/THE7/Content/Map/Game_Main.umap" TEMPLATE=0 SHOWPROGRESS=1 FEATURELEVEL=3
[2022.11.28-02.24.23:029][805]LightingResults: New page: ライティングのビルド
[2022.11.28-02.24.23:030][805]LoadErrors: New page: マップをロード中: Game_Main.umap
[2022.11.28-02.24.23:032][805]MapCheck: New page: マップをチェック
[2022.11.28-02.24.23:032][805]LightingResults: New page: <何も選択されていません>
[2022.11.28-02.24.23:067][805]LogStreaming: Display: ULevelStreaming::RequestLevel(/Game/Map/Floor1) is flushing async loading
[2022.11.28-02.24.23:133][805]LogStreaming: Display: ULevelStreaming::RequestLevel(/Game/Map/Floor3) is flushing async loading
[2022.11.28-02.24.23:240][805]LogStreaming: Display: ULevelStreaming::RequestLevel(/Game/Map/Floor4) is flushing async loading
[2022.11.28-02.24.23:409][805]LogStreaming: Display: ULevelStreaming::RequestLevel(/Game/Map/Floor5) is flushing async loading
[2022.11.28-02.24.23:805][805]LogEditorServer: Finished looking for orphan Actors (0.000 secs)
[2022.11.28-02.24.23:886][805]Cmd: MAP CHECKDEP NOCLEARLOG
[2022.11.28-02.24.23:943][805]MapCheck: マップチェックが完了: 0 エラー、 0 警告、完了に 56.867ミリ秒かかりました。
[2022.11.28-02.24.23:943][805]LogFileHelpers: Loading map 'Game_Main' took 0.915
[2022.11.28-02.24.23:945][805]LogSlate: Took 0.000155 seconds to synchronously load lazily loaded font '../../../Engine/Content/Slate/Fonts/Roboto-Regular.ttf' (155K)
[2022.11.28-02.24.30:241][ 72]LogStreaming: Display: ULevelStreaming::RequestLevel(/Game/Map/Floor2) is flushing async loading
[2022.11.28-02.24.34:522][189]Cmd: OBJ SAVEPACKAGE PACKAGE="/Game/Map/Game_Main" FILE="C:/Users/Owner/Documents/UE4_RPG/THE7/Content/Map/Game_Main.umap" SILENT=true AUTOSAVING=false KEEPDIRTY=false
[2022.11.28-02.24.34:704][189]LogSavePackage: Save=145.96ms
[2022.11.28-02.24.34:704][189]LogSavePackage: Moving 'C:/Users/Owner/Documents/UE4_RPG/THE7/Saved/Game_Main0512E11446568431CAA7FA8566B970A8.tmp' to 'C:/Users/Owner/Documents/UE4_RPG/THE7/Content/Map/Game_Main.umap'
[2022.11.28-02.24.34:708][189]LogSavePackage: Display: Finished SavePackage C:/Users/Owner/Documents/UE4_RPG/THE7/Content/Map/Game_Main.umap
[2022.11.28-02.24.34:721][189]LogFileHelpers: Saving map 'Game_Main' took 0.257
[2022.11.28-02.24.54:015][707]LogEditorViewport: Clicking on Actor (LMB): StaticMeshActor (wall_box575)
[2022.11.28-02.24.54:606][715]LogEditorViewport: Clicking on Actor (LMB): StaticMeshActor (wall_box568)
[2022.11.28-02.24.54:693][715]LogEditorViewport: Clicking on Component (LMB): StaticMeshComponent (StaticMeshComponent0)
[2022.11.28-02.24.56:040][750]LogEditorViewport: Clicking on Actor (LMB): StaticMeshActor (wall_box679)
[2022.11.28-02.24.56:149][750]LogEditorViewport: Clicking on Component (LMB): StaticMeshComponent (StaticMeshComponent0)
[2022.11.28-02.24.57:280][779]LogEditorViewport: Clicking on Actor (LMB): StaticMeshActor (wall_box927)
[2022.11.28-02.24.57:378][779]LogEditorViewport: Clicking on Component (LMB): StaticMeshComponent (StaticMeshComponent0)
[2022.11.28-02.24.57:683][783]LogEditorViewport: Clicking on Component (LMB): StaticMeshComponent (StaticMeshComponent0)
[2022.11.28-02.25.06:507][ 23]LogEditorViewport: Clicking on Actor (LMB): BP_Torch_C (BP_Torch35)
[2022.11.28-02.25.18:847][394]LogTemp: Repeating last play command: 選択ビューポート
[2022.11.28-02.25.18:973][394]LogBlueprintUserMessages: Early PlayInEditor Detection: Level '/Game/Map/Game_Main.Game_Main:PersistentLevel' has LevelScriptBlueprint '/Game/Map/Game_Main.Game_Main:PersistentLevel.Game_Main' with GeneratedClass '/Game/Map/Game_Main.Game_Main_C' with ClassGeneratedBy '/Game/Map/Game_Main.Game_Main:PersistentLevel.Game_Main'
[2022.11.28-02.25.18:974][394]LogPlayLevel: PlayLevel: No blueprints needed recompiling
[2022.11.28-02.25.18:974][394]PIE: New page: PIEセッション: Game_Main (2022/11/28 20:25:18)
[2022.11.28-02.25.18:975][394]LogPlayLevel: Creating play world package: /Game/Map/UEDPIE_0_Game_Main
[2022.11.28-02.25.18:980][394]LogPlayLevel: PIE: StaticDuplicateObject took: (0.005290s)
[2022.11.28-02.25.18:981][394]LogAIModule: Creating AISystem for world Game_Main
[2022.11.28-02.25.18:981][394]LogPlayLevel: PIE: World Init took: (0.000545s)
[2022.11.28-02.25.18:981][394]LogPlayLevel: PIE: Created PIE world by copying editor world from /Game/Map/Game_Main.Game_Main to /Game/Map/UEDPIE_0_Game_Main.Game_Main (0.006339s)
[2022.11.28-02.25.19:023][394]LogInit: XAudio2 using 'スピーカー (Realtek(R) Audio)' : 2 channels at 48 kHz using 32 bits per sample (channel mask 0x3)
[2022.11.28-02.25.19:031][394]LogInit: FAudioDevice initialized.
[2022.11.28-02.25.19:077][394]LogLoad: Game class is 'BP_Award_GameMode_C'
[2022.11.28-02.25.19:080][394]LogWorld: Bringing World /Game/Map/UEDPIE_0_Game_Main.Game_Main up for play (max tick rate 60) at 2022.11.28-11.25.19
[2022.11.28-02.25.19:080][394]LogWorld: Bringing up level for play took: 0.002818
[2022.11.28-02.25.19:081][394]LogGameMode: FindPlayerStart: PATHS NOT DEFINED or NO PLAYERSTART with positive rating
[2022.11.28-02.25.19:120][394]LogContentBrowser: Native class hierarchy updated for 'MovieSceneCapture' in 0.0006 seconds. Added 11 classes and 0 folders.
[2022.11.28-02.25.19:122][394]LogLevel: Warning: Failed to find streaming level object associated with 'Stage1'
[2022.11.28-02.25.19:125][394]PIE: /Game/Map/UEDPIE_0_Game_Main -0.056のプレイ イン エディタの開始時間
[2022.11.28-02.25.19:125][394]LogBlueprintUserMessages: Late PlayInEditor Detection: Level '/Game/Map/Game_Main.Game_Main:PersistentLevel' has LevelScriptBlueprint '/Game/Map/Game_Main.Game_Main:PersistentLevel.Game_Main' with GeneratedClass '/Game/Map/Game_Main.Game_Main_C' with ClassGeneratedBy '/Game/Map/Game_Main.Game_Main:PersistentLevel.Game_Main'
[2022.11.28-02.25.19:129][394]LogAudio: Warning: Detected orphaned looping sound 'bgm'.
[2022.11.28-02.25.21:683][545]LogGameMode: FindPlayerStart: PATHS NOT DEFINED or NO PLAYERSTART with positive rating
[2022.11.28-02.25.23:033][626]LogBlueprintUserMessages: Early EndPlayMap Detection: Level '/Game/Map/Game_Main.Game_Main:PersistentLevel' has LevelScriptBlueprint '/Game/Map/Game_Main.Game_Main:PersistentLevel.Game_Main' with GeneratedClass '/Game/Map/Game_Main.Game_Main_C' with ClassGeneratedBy '/Game/Map/Game_Main.Game_Main:PersistentLevel.Game_Main'
[2022.11.28-02.25.23:067][626]LogBlueprintUserMessages: Late EndPlayMap Detection: Level '/Game/Map/Game_Main.Game_Main:PersistentLevel' has LevelScriptBlueprint '/Game/Map/Game_Main.Game_Main:PersistentLevel.Game_Main' with GeneratedClass '/Game/Map/Game_Main.Game_Main_C' with ClassGeneratedBy '/Game/Map/Game_Main.Game_Main:PersistentLevel.Game_Main'
[2022.11.28-02.25.29:351][820]LogTemp: Repeating last play command: 選択ビューポート
[2022.11.28-02.25.29:385][820]LogBlueprintUserMessages: Early PlayInEditor Detection: Level '/Game/Map/Game_Main.Game_Main:PersistentLevel' has LevelScriptBlueprint '/Game/Map/Game_Main.Game_Main:PersistentLevel.Game_Main' with GeneratedClass '/Game/Map/Game_Main.Game_Main_C' with ClassGeneratedBy '/Game/Map/Game_Main.Game_Main:PersistentLevel.Game_Main'
[2022.11.28-02.25.29:386][820]LogPlayLevel: PlayLevel: No blueprints needed recompiling
[2022.11.28-02.25.29:386][820]PIE: New page: PIEセッション: Game_Main (2022/11/28 20:25:29)
[2022.11.28-02.25.29:390][820]LogPlayLevel: Creating play world package: /Game/Map/UEDPIE_0_Game_Main
[2022.11.28-02.25.29:397][820]LogPlayLevel: PIE: StaticDuplicateObject took: (0.006661s)
[2022.11.28-02.25.29:397][820]LogAIModule: Creating AISystem for world Game_Main
[2022.11.28-02.25.29:397][820]LogPlayLevel: PIE: World Init took: (0.000680s)
[2022.11.28-02.25.29:398][820]LogPlayLevel: PIE: Created PIE world by copying editor world from /Game/Map/Game_Main.Game_Main to /Game/Map/UEDPIE_0_Game_Main.Game_Main (0.007953s)
[2022.11.28-02.25.29:447][820]LogInit: XAudio2 using 'スピーカー (Realtek(R) Audio)' : 2 channels at 48 kHz using 32 bits per sample (channel mask 0x3)
[2022.11.28-02.25.29:456][820]LogInit: FAudioDevice initialized.
[2022.11.28-02.25.29:490][820]LogLoad: Game class is 'BP_Award_GameMode_C'
[2022.11.28-02.25.29:493][820]LogWorld: Bringing World /Game/Map/UEDPIE_0_Game_Main.Game_Main up for play (max tick rate 60) at 2022.11.28-11.25.29
[2022.11.28-02.25.29:493][820]LogWorld: Bringing up level for play took: 0.003132
[2022.11.28-02.25.29:494][820]LogGameMode: FindPlayerStart: PATHS NOT DEFINED or NO PLAYERSTART with positive rating
[2022.11.28-02.25.29:495][820]LogLevel: Warning: Failed to find streaming level object associated with 'Stage1'
[2022.11.28-02.25.29:498][820]PIE: /Game/Map/UEDPIE_0_Game_Main 0.317のプレイ イン エディタの開始時間
[2022.11.28-02.25.29:498][820]LogBlueprintUserMessages: Late PlayInEditor Detection: Level '/Game/Map/Game_Main.Game_Main:PersistentLevel' has LevelScriptBlueprint '/Game/Map/Game_Main.Game_Main:PersistentLevel.Game_Main' with GeneratedClass '/Game/Map/Game_Main.Game_Main_C' with ClassGeneratedBy '/Game/Map/Game_Main.Game_Main:PersistentLevel.Game_Main'
[2022.11.28-02.25.29:542][820]LogAudio: Warning: Detected orphaned looping sound 'bgm'.
[2022.11.28-02.25.32:645][  5]LogGameMode: FindPlayerStart: PATHS NOT DEFINED or NO PLAYERSTART with positive rating
[2022.11.28-02.25.35:879][199]LogBlueprintUserMessages: Early EndPlayMap Detection: Level '/Game/Map/Game_Main.Game_Main:PersistentLevel' has LevelScriptBlueprint '/Game/Map/Game_Main.Game_Main:PersistentLevel.Game_Main' with GeneratedClass '/Game/Map/Game_Main.Game_Main_C' with ClassGeneratedBy '/Game/Map/Game_Main.Game_Main:PersistentLevel.Game_Main'
[2022.11.28-02.25.35:910][199]LogBlueprintUserMessages: Late EndPlayMap Detection: Level '/Game/Map/Game_Main.Game_Main:PersistentLevel' has LevelScriptBlueprint '/Game/Map/Game_Main.Game_Main:PersistentLevel.Game_Main' with GeneratedClass '/Game/Map/Game_Main.Game_Main_C' with ClassGeneratedBy '/Game/Map/Game_Main.Game_Main:PersistentLevel.Game_Main'
[2022.11.28-02.28.58:719][785]LogContentBrowser: Native class hierarchy updated for 'BlueprintGraph' in 0.0008 seconds. Added 113 classes and 0 folders.
[2022.11.28-02.28.59:238][785]LogSlate: Took 0.000169 seconds to synchronously load lazily loaded font '../../../Engine/Content/Editor/Slate/Fonts/Roboto-BoldCondensed.ttf' (158K)
[2022.11.28-02.29.12:251][373]LogSlate: Took 0.000182 seconds to synchronously load lazily loaded font '../../../Engine/Content/Editor/Slate/Fonts/Roboto-Italic.ttf' (157K)
[2022.11.28-02.30.02:573][680]Cmd: OBJ SAVEPACKAGE PACKAGE="/Game/BP/Award_GameInstans" FILE="C:/Users/Owner/Documents/UE4_RPG/THE7/Content/BP/Award_GameInstans.uasset" SILENT=true
[2022.11.28-02.30.02:608][680]LogSavePackage: Save=19.13ms
[2022.11.28-02.30.02:608][680]LogSavePackage: Moving 'C:/Users/Owner/Documents/UE4_RPG/THE7/Saved/Award_GameInstansEB7998AD488FCF4C2358E28F064E4809.tmp' to 'C:/Users/Owner/Documents/UE4_RPG/THE7/Content/BP/Award_GameInstans.uasset'
[2022.11.28-02.30.02:612][680]LogSavePackage: Display: Finished SavePackage C:/Users/Owner/Documents/UE4_RPG/THE7/Content/BP/Award_GameInstans.uasset
[2022.11.28-02.30.02:666][680]Cmd: OBJ SAVEPACKAGE PACKAGE="/Game/Map/Game_Main" FILE="C:/Users/Owner/Documents/UE4_RPG/THE7/Content/Map/Game_Main.umap" SILENT=true AUTOSAVING=false KEEPDIRTY=false
[2022.11.28-02.30.02:831][680]LogSavePackage: Save=129.29ms
[2022.11.28-02.30.02:831][680]LogSavePackage: Moving 'C:/Users/Owner/Documents/UE4_RPG/THE7/Saved/Game_Main65073D564D965A11090B21A237E48F9D.tmp' to 'C:/Users/Owner/Documents/UE4_RPG/THE7/Content/Map/Game_Main.umap'
[2022.11.28-02.30.02:835][680]LogSavePackage: Display: Finished SavePackage C:/Users/Owner/Documents/UE4_RPG/THE7/Content/Map/Game_Main.umap
[2022.11.28-02.30.02:848][680]LogFileHelpers: Saving map 'Game_Main' took 0.236
[2022.11.28-02.30.02:853][680]Cmd: MAP LOAD FILE="C:/Users/Owner/Documents/UE4_RPG/THE7/Content/Map/Game_Main.umap" TEMPLATE=0 SHOWPROGRESS=1 FEATURELEVEL=3
[2022.11.28-02.30.02:853][680]LightingResults: New page: ライティングのビルド
[2022.11.28-02.30.02:854][680]LoadErrors: New page: マップをロード中: Game_Main.umap
[2022.11.28-02.30.02:883][680]MapCheck: New page: マップをチェック
[2022.11.28-02.30.02:883][680]LightingResults: New page: <何も選択されていません>
[2022.11.28-02.30.02:939][680]LogAIModule: Creating AISystem for world Game_Main
[2022.11.28-02.30.02:966][680]LogStreaming: Display: ULevelStreaming::RequestLevel(/Game/Map/Floor1) is flushing async loading
[2022.11.28-02.30.03:033][680]LogStreaming: Display: ULevelStreaming::RequestLevel(/Game/Map/Floor3) is flushing async loading
[2022.11.28-02.30.03:146][680]LogStreaming: Display: ULevelStreaming::RequestLevel(/Game/Map/Floor4) is flushing async loading
[2022.11.28-02.30.03:311][680]LogStreaming: Display: ULevelStreaming::RequestLevel(/Game/Map/Floor5) is flushing async loading
[2022.11.28-02.30.03:590][680]LogStreaming: Display: ULevelStreaming::RequestLevel(/Game/Map/Floor2) is flushing async loading
[2022.11.28-02.30.03:872][680]LogEditorServer: Finished looking for orphan Actors (0.000 secs)
[2022.11.28-02.30.03:987][680]Cmd: MAP CHECKDEP NOCLEARLOG
[2022.11.28-02.30.04:049][680]MapCheck: マップチェックが完了: 0 エラー、 0 警告、完了に 60.953ミリ秒かかりました。
[2022.11.28-02.30.04:051][680]LogFileHelpers: Loading map 'Game_Main' took 1.199
[2022.11.28-02.30.20:552][222]Cmd: TRANSACTION UNDO
[2022.11.28-02.30.20:552][222]LogEditorTransaction: Undo アクタ を移動
[2022.11.28-02.32.16:804][468]LogScript: Warning: Accessed None trying to read property IsClearInstance
	BP_Anim_Award_C /Engine/Transient.World_10:PersistentLevel.BPAward_C_1.CharacterMesh0.BP_Anim_Award_C_1
	Function /Game/Animation/BP_Anim_Award.BP_Anim_Award_C:ExecuteUbergraph_BP_Anim_Award:00B1
[2022.11.28-02.32.16:804][468]LogScript: Warning: Accessed None trying to read property IsClearInstance
	BP_Anim_Award_C /Engine/Transient.World_10:PersistentLevel.BPAward_C_1.CharacterMesh0.BP_Anim_Award_C_1
	Function /Game/Animation/BP_Anim_Award.BP_Anim_Award_C:ExecuteUbergraph_BP_Anim_Award:01A5
[2022.11.28-02.32.16:809][468]LogScript: Warning: Accessed None trying to read property IsClearInstance
	BP_Anim_Award_C /Engine/Transient.World_10:PersistentLevel.BPAward_C_1.CharacterMesh0.BP_Anim_Award_C_1
	Function /Game/Animation/BP_Anim_Award.BP_Anim_Award_C:ExecuteUbergraph_BP_Anim_Award:00B1
[2022.11.28-02.32.16:809][468]LogScript: Warning: Accessed None trying to read property IsClearInstance
	BP_Anim_Award_C /Engine/Transient.World_10:PersistentLevel.BPAward_C_1.CharacterMesh0.BP_Anim_Award_C_1
	Function /Game/Animation/BP_Anim_Award.BP_Anim_Award_C:ExecuteUbergraph_BP_Anim_Award:01A5
[2022.11.28-02.32.17:280][469]LogScript: Warning: Accessed None trying to read property IsClearInstance
	BP_Anim_Award_C /Engine/Transient.World_10:PersistentLevel.BPAward_C_1.CharacterMesh0.BP_Anim_Award_C_1
	Function /Game/Animation/BP_Anim_Award.BP_Anim_Award_C:ExecuteUbergraph_BP_Anim_Award:00B1
[2022.11.28-02.32.17:280][469]LogScript: Warning: Accessed None trying to read property IsClearInstance
	BP_Anim_Award_C /Engine/Transient.World_10:PersistentLevel.BPAward_C_1.CharacterMesh0.BP_Anim_Award_C_1
	Function /Game/Animation/BP_Anim_Award.BP_Anim_Award_C:ExecuteUbergraph_BP_Anim_Award:01A5
[2022.11.28-02.32.17:321][470]LogScript: Warning: Accessed None trying to read property IsClearInstance
	BP_Anim_Award_C /Engine/Transient.World_10:PersistentLevel.BPAward_C_1.CharacterMesh0.BP_Anim_Award_C_1
	Function /Game/Animation/BP_Anim_Award.BP_Anim_Award_C:ExecuteUbergraph_BP_Anim_Award:00B1
[2022.11.28-02.32.17:321][470]LogScript: Warning: Accessed None trying to read property IsClearInstance
	BP_Anim_Award_C /Engine/Transient.World_10:PersistentLevel.BPAward_C_1.CharacterMesh0.BP_Anim_Award_C_1
	Function /Game/Animation/BP_Anim_Award.BP_Anim_Award_C:ExecuteUbergraph_BP_Anim_Award:01A5
[2022.11.28-02.32.17:339][471]LogScript: Warning: Accessed None trying to read property IsClearInstance
	BP_Anim_Award_C /Engine/Transient.World_10:PersistentLevel.BPAward_C_1.CharacterMesh0.BP_Anim_Award_C_1
	Function /Game/Animation/BP_Anim_Award.BP_Anim_Award_C:ExecuteUbergraph_BP_Anim_Award:00B1
[2022.11.28-02.32.17:339][471]LogScript: Warning: Accessed None trying to read property IsClearInstance
	BP_Anim_Award_C /Engine/Transient.World_10:PersistentLevel.BPAward_C_1.CharacterMesh0.BP_Anim_Award_C_1
	Function /Game/Animation/BP_Anim_Award.BP_Anim_Award_C:ExecuteUbergraph_BP_Anim_Award:01A5
[2022.11.28-02.32.17:356][472]LogScript: Warning: Accessed None trying to read property IsClearInstance
	BP_Anim_Award_C /Engine/Transient.World_10:PersistentLevel.BPAward_C_1.CharacterMesh0.BP_Anim_Award_C_1
	Function /Game/Animation/BP_Anim_Award.BP_Anim_Award_C:ExecuteUbergraph_BP_Anim_Award:00B1
[2022.11.28-02.32.17:357][472]LogScript: Warning: Accessed None trying to read property IsClearInstance
	BP_Anim_Award_C /Engine/Transient.World_10:PersistentLevel.BPAward_C_1.CharacterMesh0.BP_Anim_Award_C_1
	Function /Game/Animation/BP_Anim_Award.BP_Anim_Award_C:ExecuteUbergraph_BP_Anim_Award:01A5
[2022.11.28-02.32.17:381][473]LogScript: Warning: Accessed None trying to read property IsClearInstance
	BP_Anim_Award_C /Engine/Transient.World_10:PersistentLevel.BPAward_C_1.CharacterMesh0.BP_Anim_Award_C_1
	Function /Game/Animation/BP_Anim_Award.BP_Anim_Award_C:ExecuteUbergraph_BP_Anim_Award:00B1
[2022.11.28-02.32.17:381][473]LogScript: Warning: Accessed None trying to read property IsClearInstance
	BP_Anim_Award_C /Engine/Transient.World_10:PersistentLevel.BPAward_C_1.CharacterMesh0.BP_Anim_Award_C_1
	Function /Game/Animation/BP_Anim_Award.BP_Anim_Award_C:ExecuteUbergraph_BP_Anim_Award:01A5
[2022.11.28-02.32.17:400][474]LogScript: Warning: Accessed None trying to read property IsClearInstance
	BP_Anim_Award_C /Engine/Transient.World_10:PersistentLevel.BPAward_C_1.CharacterMesh0.BP_Anim_Award_C_1
	Function /Game/Animation/BP_Anim_Award.BP_Anim_Award_C:ExecuteUbergraph_BP_Anim_Award:00B1
[2022.11.28-02.32.17:401][474]LogScript: Warning: Accessed None trying to read property IsClearInstance
	BP_Anim_Award_C /Engine/Transient.World_10:PersistentLevel.BPAward_C_1.CharacterMesh0.BP_Anim_Award_C_1
	Function /Game/Animation/BP_Anim_Award.BP_Anim_Award_C:ExecuteUbergraph_BP_Anim_Award:01A5
[2022.11.28-02.32.17:423][475]LogScript: Warning: Accessed None trying to read property IsClearInstance
	BP_Anim_Award_C /Engine/Transient.World_10:PersistentLevel.BPAward_C_1.CharacterMesh0.BP_Anim_Award_C_1
	Function /Game/Animation/BP_Anim_Award.BP_Anim_Award_C:ExecuteUbergraph_BP_Anim_Award:00B1
[2022.11.28-02.35.29:684][565]LogTemp: Repeating last play command: 選択ビューポート
[2022.11.28-02.35.29:700][565]LogBlueprintUserMessages: Early PlayInEditor Detection: Level '/Game/Map/Game_Main.Game_Main:PersistentLevel' has LevelScriptBlueprint '/Game/Map/Game_Main.Game_Main:PersistentLevel.Game_Main' with GeneratedClass '/Game/Map/Game_Main.Game_Main_C' with ClassGeneratedBy '/Game/Map/Game_Main.Game_Main:PersistentLevel.Game_Main'
[2022.11.28-02.35.29:700][565]BlueprintLog: New page: プレイ前に自動再コンパイル
[2022.11.28-02.35.29:727][565]LogPlayLevel: [PlayLevel] Compiling Award_GameInstans before play...
[2022.11.28-02.35.29:731][565]LogPlayLevel: [PlayLevel]   Compiling BP_Anim_Award as a dependent...
[2022.11.28-02.35.29:738][565]LogPlayLevel: [PlayLevel]   Compiling BP_StairGoal as a dependent...
[2022.11.28-02.35.29:743][565]LogPlayLevel: [PlayLevel]   Compiling BP_Torch as a dependent...
[2022.11.28-02.35.29:749][565]LogPlayLevel: [PlayLevel]   Compiling BP_Award_GameMode as a dependent...
[2022.11.28-02.35.29:773][565]LogPlayLevel: [PlayLevel]   Compiling BPAward as a dependent...
[2022.11.28-02.35.29:782][565]LogPlayLevel: [PlayLevel]   Compiling W_Play as a dependent...
[2022.11.28-02.35.29:969][565]LogScript: Warning: Accessed None trying to read property IsClearInstance
	BP_Anim_Award_C /Engine/Transient.World_1:PersistentLevel.BPAward_C_0.CharacterMesh0.BP_Anim_Award_C_2
	Function /Game/Animation/BP_Anim_Award.BP_Anim_Award_C:ExecuteUbergraph_BP_Anim_Award:00B1
[2022.11.28-02.35.29:969][565]LogScript: Warning: Accessed None trying to read property IsClearInstance
	BP_Anim_Award_C /Engine/Transient.World_1:PersistentLevel.BPAward_C_0.CharacterMesh0.BP_Anim_Award_C_2
	Function /Game/Animation/BP_Anim_Award.BP_Anim_Award_C:ExecuteUbergraph_BP_Anim_Award:01A5
[2022.11.28-02.35.29:970][565]LogScript: Warning: Accessed None trying to read property IsClearInstance
	BP_Anim_Award_C /Engine/Transient.World_1:PersistentLevel.BPAward_C_0.CharacterMesh0.BP_Anim_Award_C_3
	Function /Game/Animation/BP_Anim_Award.BP_Anim_Award_C:ExecuteUbergraph_BP_Anim_Award:00B1
[2022.11.28-02.35.29:970][565]LogScript: Warning: Accessed None trying to read property IsClearInstance
	BP_Anim_Award_C /Engine/Transient.World_1:PersistentLevel.BPAward_C_0.CharacterMesh0.BP_Anim_Award_C_3
	Function /Game/Animation/BP_Anim_Award.BP_Anim_Award_C:ExecuteUbergraph_BP_Anim_Award:01A5
