Log file open, 11/16/22 09:29:18
LogWindows: Failed to load 'aqProf.dll' (GetLastError=126)
LogWindows: File 'aqProf.dll' does not exist
LogWindows: Failed to load 'VSPerf140.dll' (GetLastError=126)
LogWindows: File 'VSPerf140.dll' does not exist
LogWindows: Failed to load 'VtuneApi.dll' (GetLastError=126)
LogWindows: File 'VtuneApi.dll' does not exist
LogWindows: Failed to load 'VtuneApi32e.dll' (GetLastError=126)
LogWindows: File 'VtuneApi32e.dll' does not exist
LogInit: Display: Running engine for game: THE7
LogPlatformFile: Not using cached read wrapper
LogInit: Display: RandInit(79534065) SRandInit(79534065).
LogTaskGraph: Started task graph with 5 named threads and 20 total threads with 3 sets of task threads.
LogStats: Stats thread started at 0.481853
LogD3D11RHI: Aftermath initialized
LogPluginManager: Mounting plugin Paper2D
LogPluginManager: Mounting plugin LightPropagationVolume
LogPluginManager: Mounting plugin CodeLiteSourceCodeAccess
LogPluginManager: Mounting plugin GitSourceControl
LogPluginManager: Mounting plugin KDevelopSourceCodeAccess
LogPluginManager: Mounting plugin NullSourceCodeAccess
LogPluginManager: Mounting plugin PerforceSourceControl
LogPluginManager: Mounting plugin SubversionSourceControl
LogPluginManager: Mounting plugin UObjectPlugin
LogPluginManager: Mounting plugin VisualStudioSourceCodeAccess
LogPluginManager: Mounting plugin XCodeSourceCodeAccess
LogPluginManager: Mounting plugin AssetManagerEditor
LogPluginManager: Mounting plugin AudioCapture
LogPluginManager: Mounting plugin FacialAnimation
LogPluginManager: Mounting plugin GameplayTagsEditor
LogPluginManager: Mounting plugin MobileLauncherProfileWizard
LogPluginManager: Mounting plugin PluginBrowser
LogPluginManager: Mounting plugin SpeedTreeImporter
LogPluginManager: Mounting plugin AlembicImporter
LogPluginManager: Mounting plugin CharacterAI
LogPluginManager: Mounting plugin HTML5Networking
LogPluginManager: Mounting plugin AndroidMedia
LogPluginManager: Mounting plugin AvfMedia
LogPluginManager: Mounting plugin MediaPlayerEditor
LogPluginManager: Mounting plugin WmfMedia
LogPluginManager: Mounting plugin TcpMessaging
LogPluginManager: Mounting plugin UdpMessaging
LogPluginManager: Mounting plugin LevelSequenceEditor
LogPluginManager: Mounting plugin MatineeToLevelSequence
LogPluginManager: Mounting plugin OnlineSubsystemGooglePlay
LogPluginManager: Mounting plugin OnlineSubsystemIOS
LogPluginManager: Mounting plugin OnlineSubsystem
LogPluginManager: Mounting plugin OnlineSubsystemNull
LogPluginManager: Mounting plugin OnlineSubsystemUtils
LogPluginManager: Mounting plugin AndroidDeviceProfileSelector
LogPluginManager: Mounting plugin AndroidMoviePlayer
LogPluginManager: Mounting plugin AndroidPermission
LogPluginManager: Mounting plugin AppleMoviePlayer
LogPluginManager: Mounting plugin ArchVisCharacter
LogPluginManager: Mounting plugin CableComponent
LogPluginManager: Mounting plugin CustomMeshComponent
LogPluginManager: Mounting plugin ExampleDeviceProfileSelector
LogPluginManager: Mounting plugin GoogleCloudMessaging
LogPluginManager: Mounting plugin ImmediatePhysics
LogPluginManager: Mounting plugin IOSDeviceProfileSelector
LogPluginManager: Mounting plugin LinuxDeviceProfileSelector
LogPluginManager: Mounting plugin LocationServicesBPLibrary
LogPluginManager: Mounting plugin MobilePatchingUtils
LogPluginManager: Mounting plugin OculusVR
LogPluginManager: Mounting plugin PhysXVehicles
LogPluginManager: Mounting plugin ProceduralMeshComponent
LogPluginManager: Mounting plugin RuntimePhysXCooking
LogPluginManager: Mounting plugin SteamVR
LogPluginManager: Mounting plugin WindowsMoviePlayer
LogInit: Using libcurl 7.47.1
LogInit:  - built for x86_64-pc-win32
LogInit:  - supports SSL with OpenSSL/1.0.2g
LogInit:  - supports HTTP deflate (compression) using libz 1.2.8
LogInit:  - other features:
LogInit:      CURL_VERSION_SSL
LogInit:      CURL_VERSION_LIBZ
LogInit:      CURL_VERSION_IPV6
LogInit:      CURL_VERSION_ASYNCHDNS
LogInit:      CURL_VERSION_LARGEFILE
LogInit:      CURL_VERSION_IDN
LogInit:  CurlRequestOptions (configurable via config and command line):
LogInit:  - bVerifyPeer = false  - Libcurl will NOT verify peer certificate
LogInit:  - bUseHttpProxy = false  - Libcurl will NOT use HTTP proxy
LogInit:  - bDontReuseConnections = false  - Libcurl will reuse connections
LogInit:  - CertBundlePath = nullptr  - Libcurl will use whatever was configured at build time.
LogInit: Build: ++UE4+Release-4.17-CL-3658906
LogInit: Engine Version: 4.17.2-3658906+++UE4+Release-4.17
LogInit: Compatible Engine Version: 4.17.0-3573198+++UE4+Release-4.17
LogInit: Net CL: 3573198
LogDevObjectVersion: Number of dev versions registered: 16
LogDevObjectVersion:   Dev-Blueprints (B0D832E4-1F89-4F0D-ACCF-7EB736FD4AA2): 10
LogDevObjectVersion:   Dev-Build (E1C64328-A22C-4D53-A36C-8E866417BD8C): 0
LogDevObjectVersion:   Dev-Core (375EC13C-06E4-48FB-B500-84F0262A717E): 2
LogDevObjectVersion:   Dev-Editor (E4B068ED-F494-42E9-A231-DA0B2E46BB41): 20
LogDevObjectVersion:   Dev-Framework (CFFC743F-43B0-4480-9391-14DF171D2073): 28
LogDevObjectVersion:   Dev-Mobile (B02B49B5-BB20-44E9-A304-32B752E40360): 0
LogDevObjectVersion:   Dev-Networking (A4E4105C-59A1-49B5-A7C5-40C4547EDFEE): 0
LogDevObjectVersion:   Dev-Online (39C831C9-5AE6-47DC-9A44-9C173E1C8E7C): 0
LogDevObjectVersion:   Dev-Physics (78F01B33-EBEA-4F98-B9B4-84EACCB95AA2): 0
LogDevObjectVersion:   Dev-Platform (6631380F-2D4D-43E0-8009-CF276956A95A): 0
LogDevObjectVersion:   Dev-Rendering (12F88B9F-8875-4AFC-A67C-D90C383ABD29): 19
LogDevObjectVersion:   Dev-Sequencer (7B5AE74C-D270-4C10-A958-57980B212A5A): 4
LogDevObjectVersion:   Dev-VR (D7296918-1DD6-4BDD-9DE2-64A83CC13884): 0
LogDevObjectVersion:   Dev-LoadTimes (C2A15278-BFE7-4AFE-6C17-90FF531DF755): 1
LogDevObjectVersion:   Private-Geometry (6EACA3D4-40EC-4CC1-B786-8BED09428FC5): 1
LogDevObjectVersion:   Dev-AnimPhys (29E575DD-E0A3-4627-9D10-D276232CDCEA): 7
LogInit: Compiled (64-bit): Sep 22 2017 13:47:16
LogInit: Compiled with Visual C++: 19.00.24215.01
LogInit: Build Configuration: Development
LogInit: Branch Name: ++UE4+Release-4.17
LogInit: Command line:  
LogInit: Base directory: C:/Program Files (x86)/Epic Games/UE_4.17/Engine/Binaries/Win64/
LogInit: Installed Engine Build: 1
LogInit: Presizing for max 8388607 objects, including 0 objects not considered by GC, pre-allocating 0 bytes for permanent pool.
LogInit: Object subsystem initialized
[2022.11.16-00.29.21:103][  0]LogInit: Selected Device Profile: [Windows]
[2022.11.16-00.29.21:103][  0]LogInit: Applying CVar settings loaded from the selected device profile: [Windows]
[2022.11.16-00.29.21:120][  0]LogInit: Computer: KBC12006064
[2022.11.16-00.29.21:120][  0]LogInit: User: kbc12006064
[2022.11.16-00.29.21:120][  0]LogInit: CPU Page size=4096, Cores=6
[2022.11.16-00.29.21:120][  0]LogInit: High frequency timer resolution =10.000000 MHz
[2022.11.16-00.29.21:121][  0]LogMemory: Memory total: Physical=15.8GB (16GB approx)
[2022.11.16-00.29.21:121][  0]LogMemory: Platform Memory Stats for Windows
[2022.11.16-00.29.21:121][  0]LogMemory: Process Physical Memory: 281.05 MB used, 281.05 MB peak
[2022.11.16-00.29.21:121][  0]LogMemory: Process Virtual Memory: 280.75 MB used, 280.75 MB peak
[2022.11.16-00.29.21:121][  0]LogMemory: Physical Memory: 7084.43 MB used,  9145.49 MB free, 16229.92 MB total
[2022.11.16-00.29.21:121][  0]LogMemory: Virtual Memory: 4799.76 MB used,  9145.49 MB free, 134217728.00 MB total
[2022.11.16-00.29.22:410][  0]LogInit: Using OS detected language (ja-JP).
[2022.11.16-00.29.22:410][  0]LogInit: Using OS detected locale (ja-JP).
[2022.11.16-00.29.22:793][  0]LogTextLocalizationManager: No specific localization for 'ja-JP' exists, so the 'ja' localization will be used.
[2022.11.16-00.29.26:438][  0]LogD3D11RHI: D3D11 adapters:
[2022.11.16-00.29.28:439][  0]LogD3D11RHI:    0. 'NVIDIA GeForce GTX 1650 with Max-Q Design' (Feature Level 11_0)
[2022.11.16-00.29.28:439][  0]LogD3D11RHI:       3962/0/8114 MB DedicatedVideo/DedicatedSystem/SharedSystem, Outputs:1, VendorId:0x10de
[2022.11.16-00.29.28:571][  0]LogD3D11RHI:    1. 'Intel(R) UHD Graphics 630' (Feature Level 11_0)
[2022.11.16-00.29.28:571][  0]LogD3D11RHI:       128/0/8114 MB DedicatedVideo/DedicatedSystem/SharedSystem, Outputs:0, VendorId:0x8086
[2022.11.16-00.29.28:578][  0]LogD3D11RHI:    2. 'Microsoft Basic Render Driver' (Feature Level 11_0)
[2022.11.16-00.29.28:578][  0]LogD3D11RHI:       0/0/8114 MB DedicatedVideo/DedicatedSystem/SharedSystem, Outputs:0, VendorId:0x1414
[2022.11.16-00.29.28:578][  0]LogD3D11RHI: Chosen D3D11 Adapter: 0
[2022.11.16-00.29.28:593][  0]LogD3D11RHI: Creating new Direct3DDevice
[2022.11.16-00.29.28:593][  0]LogD3D11RHI:     GPU DeviceId: 0x1f91 (for the marketing name, search the web for "GPU Device Id")
[2022.11.16-00.29.28:593][  0]LogWindows: EnumDisplayDevices:
[2022.11.16-00.29.28:593][  0]LogWindows:    0. 'Intel(R) UHD Graphics 630' (P:1 D:1)
[2022.11.16-00.29.28:594][  0]LogWindows:    1. 'Intel(R) UHD Graphics 630' (P:0 D:0)
[2022.11.16-00.29.28:595][  0]LogWindows:    2. 'Intel(R) UHD Graphics 630' (P:0 D:0)
[2022.11.16-00.29.28:596][  0]LogWindows: DebugString: GetVideoDriverDetailsInvalid PrimaryIsNotTheChoosenAdapter GetVideoDriverDetailsInvalid PrimaryIsNotTheChoosenAdapter GetVideoDriverDetailsInvalid PrimaryIsNotTheChoosenAdapter FoundDriverCount:0 
[2022.11.16-00.29.28:596][  0]LogD3D11RHI:     Adapter Name: NVIDIA GeForce GTX 1650 with Max-Q Design
[2022.11.16-00.29.28:596][  0]LogD3D11RHI:   Driver Version: Unknown (internal:Unknown, unified:Unknown)
[2022.11.16-00.29.28:596][  0]LogD3D11RHI:      Driver Date: Unknown
[2022.11.16-00.29.28:596][  0]LogRHI: Texture pool is 1361 MB (70% of 1945 MB)
[2022.11.16-00.29.28:823][  0]LogD3D11RHI: Async texture creation enabled
[2022.11.16-00.29.28:905][  0]LogD3D11RHI: GPU Timing Frequency: 1000.000000 (Debug: 2 1)
[2022.11.16-00.29.28:907][  0]LogShaderCompilers: Guid format shader working directory is 37 characters bigger than the processId version (D:/UE4_RPG/THE7/Intermediate/Shaders/WorkingDirectory/2120/).
[2022.11.16-00.29.28:908][  0]LogShaderCompilers: Cleaned the shader compiler working directory 'C:/Users/kbc12006064/AppData/Local/Temp/UnrealShaderWorkingDir/5A4996C94FA5071265B3FFAE898290CB/'.
[2022.11.16-00.29.28:908][  0]LogShaderCompilers: Display: Using Local Shader Compiler.
[2022.11.16-00.29.31:944][  0]LogTemp: Display: Loaded TP AllDesktopTargetPlatform
[2022.11.16-00.29.32:167][  0]LogTemp: Display: Loaded TP MacClientTargetPlatform
[2022.11.16-00.29.32:394][  0]LogTemp: Display: Loaded TP MacNoEditorTargetPlatform
[2022.11.16-00.29.32:623][  0]LogTemp: Display: Loaded TP MacServerTargetPlatform
[2022.11.16-00.29.32:868][  0]LogTemp: Display: Loaded TP MacTargetPlatform
[2022.11.16-00.29.33:106][  0]LogTemp: Display: Loaded TP WindowsClientTargetPlatform
[2022.11.16-00.29.33:359][  0]LogTemp: Display: Loaded TP WindowsNoEditorTargetPlatform
[2022.11.16-00.29.33:594][  0]LogTemp: Display: Loaded TP WindowsServerTargetPlatform
[2022.11.16-00.29.33:806][  0]LogTemp: Display: Loaded TP WindowsTargetPlatform
[2022.11.16-00.29.34:066][  0]LogTemp: Display: Loaded TP AndroidTargetPlatform
[2022.11.16-00.29.34:363][  0]LogTemp: Display: Loaded TP Android_ASTCTargetPlatform
[2022.11.16-00.29.34:584][  0]LogTemp: Display: Loaded TP Android_ATCTargetPlatform
[2022.11.16-00.29.34:825][  0]LogTemp: Display: Loaded TP Android_DXTTargetPlatform
[2022.11.16-00.29.35:060][  0]LogTemp: Display: Loaded TP Android_ETC1TargetPlatform
[2022.11.16-00.29.35:278][  0]LogTemp: Display: Loaded TP Android_ETC2TargetPlatform
[2022.11.16-00.29.35:716][  0]LogTemp: Display: Loaded TP Android_MultiTargetPlatform
[2022.11.16-00.29.35:716][  0]LogTemp: Display: Loaded TP Android_PVRTCTargetPlatform
[2022.11.16-00.29.35:915][  0]LogTemp: Display: Loaded TP HTML5TargetPlatform
[2022.11.16-00.29.36:286][  0]LogTemp: Display: Loaded TP IOSTargetPlatform
[2022.11.16-00.29.36:420][  0]LogTemp: Display: Loaded TP TVOSTargetPlatform
[2022.11.16-00.29.36:659][  0]LogTemp: Display: Loaded TP LinuxClientTargetPlatform
[2022.11.16-00.29.36:877][  0]LogTemp: Display: Loaded TP LinuxNoEditorTargetPlatform
[2022.11.16-00.29.37:104][  0]LogTemp: Display: Loaded TP LinuxServerTargetPlatform
[2022.11.16-00.29.37:338][  0]LogTemp: Display: Loaded TP LinuxTargetPlatform
[2022.11.16-00.29.37:338][  0]LogTargetPlatformManager: Display: Building Assets For Windows
[2022.11.16-00.29.40:201][  0]LogDerivedDataCache: Display: Max Cache Size: 512 MB
[2022.11.16-00.29.40:749][  0]LogDerivedDataCache: Loaded boot cache 0.54s 93MB C:/Users/kbc12006064/AppData/Local/UnrealEngine/4.17/DerivedDataCache/Boot.ddc.
[2022.11.16-00.29.40:749][  0]LogDerivedDataCache: Display: Loaded Boot cache: C:/Users/kbc12006064/AppData/Local/UnrealEngine/4.17/DerivedDataCache/Boot.ddc
[2022.11.16-00.29.40:749][  0]LogDerivedDataCache: FDerivedDataBackendGraph:  Pak pak cache file D:/UE4_RPG/THE7/DerivedDataCache/DDC.ddp not found, will not use a pak cache.
[2022.11.16-00.29.40:749][  0]LogDerivedDataCache: Unable to find inner node Pak for hierarchical cache Hierarchy.
[2022.11.16-00.29.40:749][  0]LogDerivedDataCache: FDerivedDataBackendGraph:  CompressedPak pak cache file D:/UE4_RPG/THE7/DerivedDataCache/Compressed.ddp not found, will not use a pak cache.
[2022.11.16-00.29.40:749][  0]LogDerivedDataCache: Unable to find inner node CompressedPak for hierarchical cache Hierarchy.
[2022.11.16-00.29.40:787][  0]LogDerivedDataCache: Display: Pak cache opened for reading ../../../Engine/DerivedDataCache/Compressed.ddp.
[2022.11.16-00.29.40:804][  0]LogDerivedDataCache: Using Local data cache path C:/Users/kbc12006064/AppData/Local/UnrealEngine/Common/DerivedDataCache: Writable
[2022.11.16-00.29.40:825][  0]LogMaterial: Verifying Global Shaders for PCD3D_SM5
[2022.11.16-00.29.40:826][  0]LogSlate: Using Freetype 2.6.0
[2022.11.16-00.29.40:846][  0]LogSlate: SlateFontCache - WITH_FREETYPE: 1, WITH_HARFBUZZ: 1
[2022.11.16-00.29.40:846][  0]LogSlate: SlateFontCache - WITH_FREETYPE: 1, WITH_HARFBUZZ: 1
[2022.11.16-00.29.41:821][  0]LogAssetRegistry: FAssetRegistry took 0.0314 seconds to start up
[2022.11.16-00.29.42:186][  0]LogInit: Selected Device Profile: [Windows]
[2022.11.16-00.29.42:629][  0]LogContentStreaming: Texture pool size is 0.00 MB
[2022.11.16-00.29.43:962][  0]LogSimplygon: Simplygon DLL not present - disabling.
[2022.11.16-00.29.44:161][  0]LogMeshReduction: Using SimplygonSwarm for distributed automatic mesh merging
[2022.11.16-00.29.44:161][  0]LogMeshReduction: Using QuadricMeshReduction for automatic static mesh reduction
[2022.11.16-00.29.44:161][  0]LogMeshReduction: No automatic skeletal mesh reduction module available
[2022.11.16-00.29.44:161][  0]LogMeshReduction: No automatic mesh merging module available
[2022.11.16-00.29.44:161][  0]LogMeshMerging: No automatic mesh merging module available
[2022.11.16-00.29.45:250][  0]LogNetVersion: THE7 , NetCL: 3573198, EngineNetVer: 2, GameNetVer: 0 (Checksum: 151110352)
[2022.11.16-00.29.45:929][  0]LogPackageLocalizationCache: Processed 5 localized package path(s) for 2 prioritized culture(s) in 0.084601 seconds
[2022.11.16-00.29.45:939][  0]LogUObjectArray: 35825 objects as part of root set at end of initial load.
[2022.11.16-00.29.45:939][  0]LogUObjectAllocator: 7529112 out of 0 bytes used by permanent object pool.
[2022.11.16-00.29.45:939][  0]LogUObjectArray: CloseDisregardForGC: 0/0 objects in disregard for GC pool
[2022.11.16-00.29.46:280][  0]LogInit: WinSock: version 1.1 (2.2), MaxSocks=32767, MaxUdp=65467
[2022.11.16-00.29.57:457][  0]LogTcpMessaging: Initializing TcpMessaging bridge
[2022.11.16-00.29.57:606][  0]LogUdpMessaging: Initializing bridge on interface 0.0.0.0:0 to multicast group 230.0.0.1:6666.
[2022.11.16-00.30.00:332][  0]LogMaterial: Uniform references updated for custom material expression Custom.
[2022.11.16-00.30.02:113][  0]SourceControl: ソースコントロールは無効です
[2022.11.16-00.30.02:114][  0]SourceControl: ソースコントロールは無効です
[2022.11.16-00.30.02:339][  0]SourceControl: ソースコントロールは無効です
[2022.11.16-00.30.02:562][  0]SourceControl: ソースコントロールは無効です
[2022.11.16-00.30.05:471][  0]LogAndroidPermission: UAndroidPermissionCallbackProxy::GetInstance
[2022.11.16-00.30.06:621][  0]LogOcInput: OculusInput pre-init called
[2022.11.16-00.30.07:727][  0]LogEngine: Initializing Engine...
[2022.11.16-00.30.07:732][  0]LogHMD: Failed to initialize OpenVR with code 110
[2022.11.16-00.30.08:197][  0]LogStats: UGameplayTagsManager::ConstructGameplayTagTree: Construct from data asset -  0.000 s
[2022.11.16-00.30.08:197][  0]LogStats: UGameplayTagsManager::ConstructGameplayTagTree: GameplayTagTreeChangedEvent.Broadcast -  0.000 s
[2022.11.16-00.30.08:791][  0]LogAIModule: Creating AISystem for world Untitled
[2022.11.16-00.30.09:001][  0]LogInit: XAudio2 using 'スピーカー (Realtek(R) Audio)' : 2 channels at 48 kHz using 32 bits per sample (channel mask 0x3)
[2022.11.16-00.30.09:269][  0]LogInit: FAudioDevice initialized.
[2022.11.16-00.30.09:366][  0]LogDerivedDataCache: Saved boot cache 0.10s 93MB C:/Users/kbc12006064/AppData/Local/UnrealEngine/4.17/DerivedDataCache/Boot.ddc.
[2022.11.16-00.30.09:384][  0]LogInit: Texture streaming: Enabled
[2022.11.16-00.30.10:112][  0]LogEngineSessionManager: EngineSessionManager initialized
[2022.11.16-00.30.12:240][  0]LogInit: Transaction tracking system initialized
[2022.11.16-00.30.13:890][  0]BlueprintLog: New page: エディタの読み込み
[2022.11.16-00.30.18:602][  0]LocalizationService: ローカライズのサービスが無効になりました
[2022.11.16-00.30.21:077][  0]LogLinker: Warning: ファイル '/Game/ThirdPersonBP/ThirdPersonOverview' が見つかりません
[2022.11.16-00.30.21:077][  0]LogLinker: Warning: ファイル '/Game/ThirdPersonBP/ThirdPersonOverview' が見つかりません
[2022.11.16-00.30.21:077][  0]LogUObjectGlobals: Warning: オブジェクト 'Class /Game/ThirdPersonBP/ThirdPersonOverview.ThirdPersonOverview_C' が見つかりませんでした
[2022.11.16-00.30.22:590][  0]LogConsoleResponse: Display: 
[2022.11.16-00.30.23:158][  0]LogCook: Display: Max memory allowance for cook 16384mb min free memory 0mb
[2022.11.16-00.30.23:159][  0]LogCook: Display: Mobile HDR setting 1
[2022.11.16-00.30.23:159][  0]LogGameplayTags: Display: UGameplayTagsManager::DoneAddingNativeTags. DelegateIsBound: 0
[2022.11.16-00.30.23:898][  0]LogFileCache: Scanning file cache for directory 'D:/UE4_RPG/THE7/Content/' took 0.03s
[2022.11.16-00.30.28:578][  0]SourceControl: ソースコントロールは無効です
[2022.11.16-00.30.28:578][  0]Cmd: MAP LOAD FILE="D:/UE4_RPG/THE7/Content/StarterContent/Maps/Minimal_Default.umap" TEMPLATE=0 SHOWPROGRESS=1 FEATURELEVEL=3
[2022.11.16-00.30.28:579][  0]LightingResults: New page: ライティングのビルド
[2022.11.16-00.30.28:792][  0]MapCheck: New page: マップをチェック
[2022.11.16-00.30.28:792][  0]LightingResults: New page: <何も選択されていません>
[2022.11.16-00.30.29:279][  0]LogLinker: Warning: ファイル '/Game/StarterContent/Maps/Minimal_Default_BuiltData' が見つかりません
[2022.11.16-00.30.29:279][  0]LogLinker: Warning: D:/UE4_RPG/THE7/Content/StarterContent/Maps/Minimal_Default.umap のロード中にアセット '/Game/StarterContent/Maps/Minimal_Default_BuiltData'  のファイルが見つかりません
[2022.11.16-00.30.29:279][  0]LoadErrors: Error: /Game/StarterContent/Maps/Minimal_Default : アセットのファイルが見つかりません /Game/StarterContent/Maps/Minimal_Default_BuiltData
[2022.11.16-00.30.31:806][  0]LogLinker: Warning: ファイル '/Game/StarterContent/Maps/Minimal_Default_BuiltData' が見つかりません
[2022.11.16-00.30.31:807][  0]LogLinker: Warning: D:/UE4_RPG/THE7/Content/StarterContent/Maps/Minimal_Default.umap のロード中にアセット '/Game/StarterContent/Maps/Minimal_Default_BuiltData'  のファイルが見つかりません
[2022.11.16-00.30.31:807][  0]LoadErrors: Error: /Game/StarterContent/Maps/Minimal_Default : アセットのファイルが見つかりません /Game/StarterContent/Maps/Minimal_Default_BuiltData
[2022.11.16-00.30.32:760][  0]LogLinker: Warning: ファイル '/Game/StarterContent/Maps/Minimal_Default_BuiltData' が見つかりません
[2022.11.16-00.30.32:760][  0]LogLinker: Warning: NULL のロード中にアセット '/Game/StarterContent/Maps/Minimal_Default_BuiltData'  のファイルが見つかりません
[2022.11.16-00.30.32:760][  0]LogLinker: Warning: ファイル '/Game/StarterContent/Maps/Minimal_Default_BuiltData' が見つかりません
[2022.11.16-00.30.32:760][  0]LogLinker: Warning: NULL のロード中にアセット '/Game/StarterContent/Maps/Minimal_Default_BuiltData'  のファイルが見つかりません
[2022.11.16-00.30.32:776][  0]LogLinker: Warning: ファイル '/Game/StarterContent/Maps/Minimal_Default_BuiltData' が見つかりません
[2022.11.16-00.30.32:776][  0]LoadErrors: ロードに失敗しました /Game/StarterContent/Maps/Minimal_Default_BuiltData.Minimal_Default_BuiltData 参照元 PersistentLevel
[2022.11.16-00.30.32:777][  0]LogLinker: Warning: NULL のロード中にアセット '/Game/StarterContent/Maps/Minimal_Default_BuiltData'  のファイルが見つかりません
[2022.11.16-00.30.32:777][  0]LoadErrors: ロードに失敗しました /Game/StarterContent/Maps/Minimal_Default_BuiltData.Minimal_Default_BuiltData 参照元 PersistentLevel
[2022.11.16-00.30.33:647][  0]LogAIModule: Creating AISystem for world Minimal_Default
[2022.11.16-00.30.33:664][  0]LogEditorServer: Finished looking for orphan Actors (0.000 secs)
[2022.11.16-00.30.33:700][  0]Cmd: MAP CHECKDEP NOCLEARLOG
[2022.11.16-00.30.33:875][  0]MapCheck: マップチェックが完了: 0 エラー、 0 警告、完了に 174.524ミリ秒かかりました。
[2022.11.16-00.30.33:875][  0]LogFileHelpers: Loading map 'Minimal_Default' took 5.297
[2022.11.16-00.30.33:953][  0]LogWindowsTextInputMethodSystem: Display: IME system now activated using TSF (Microsoft IME).
[2022.11.16-00.30.34:112][  0]LogCollectionManager: Loaded 0 collections in 0.003727 seconds
[2022.11.16-00.30.34:360][  0]LogFileCache: Scanning file cache for directory 'D:/UE4_RPG/THE7/Saved/Collections/' took 0.01s
[2022.11.16-00.30.34:360][  0]LogFileCache: Scanning file cache for directory 'D:/UE4_RPG/THE7/Content/Developers/kbc12006064/Collections/' took 0.01s
[2022.11.16-00.30.34:360][  0]LogFileCache: Scanning file cache for directory 'D:/UE4_RPG/THE7/Content/Collections/' took 0.01s
[2022.11.16-00.30.34:360][  0]LogCollectionManager: Rebuilt the GUID cache for 0 collections in 0.000001 seconds
[2022.11.16-00.30.34:378][  0]LogContentBrowser: Native class hierarchy populated in 0.0174 seconds. Added 2386 classes and 500 folders.
[2022.11.16-00.30.34:703][  0]LogContentBrowser: Native class hierarchy updated for 'WidgetCarousel' in 0.0018 seconds. Added 0 classes and 0 folders.
[2022.11.16-00.30.35:033][  0]LogContentBrowser: Native class hierarchy updated for 'AddContentDialog' in 0.0013 seconds. Added 0 classes and 0 folders.
[2022.11.16-00.30.35:357][  0]LogContentBrowser: Native class hierarchy updated for 'SceneOutliner' in 0.0012 seconds. Added 1 classes and 2 folders.
[2022.11.16-00.30.35:516][  0]LogSlate: Took 0.001547 seconds to synchronously load lazily loaded font '../../../Engine/Content/Slate/Fonts/Roboto-Regular.ttf' (155K)
[2022.11.16-00.30.35:539][  0]LogSlate: Took 0.020359 seconds to synchronously load lazily loaded font '../../../Engine/Content/Slate/Fonts/DroidSansFallback.ttf' (3848K)
[2022.11.16-00.30.35:542][  0]LogSlate: Took 0.001467 seconds to synchronously load lazily loaded font '../../../Engine/Content/Slate/Fonts/Roboto-Bold.ttf' (160K)
[2022.11.16-00.30.35:550][  0]LogSlate: Took 0.001658 seconds to synchronously load lazily loaded font '../../../Engine/Content/Editor/Slate/Fonts/FontAwesome.ttf' (139K)
[2022.11.16-00.30.35:806][  0]LogRenderer: Reallocating scene render targets to support 908x568 Format 9 NumSamples 1 (Frame:1).
[2022.11.16-00.30.36:326][  0]LogContentBrowser: Native class hierarchy updated for 'HierarchicalLODOutliner' in 0.0013 seconds. Added 1 classes and 2 folders.
[2022.11.16-00.30.36:326][  0]LogLoad: (Engine Initialization) Total time: 82.14 seconds
[2022.11.16-00.30.36:326][  0]LogLoad: (Engine Initialization) Total Blueprint compile time: 0.00 seconds
[2022.11.16-00.30.36:326][  0]LogExternalProfiler: No external profilers were discovered.  External profiling features will not be available.
[2022.11.16-00.30.36:365][  0]LogContentStreaming: Texture pool size now 600 MB
[2022.11.16-00.30.36:737][  3]LogAssetRegistry: Asset discovery search completed in 54.9382 seconds
[2022.11.16-00.30.36:742][  3]LogCollectionManager: Rebuilt the object cache for 0 collections in 0.000001 seconds (found 0 objects)
[2022.11.16-00.30.36:742][  3]LogCollectionManager: Fixed up redirectors for 0 collections in 0.000202 seconds (updated 0 objects)
[2022.11.16-00.30.40:504][ 72]LogSlate: Took 0.010579 seconds to synchronously load lazily loaded font '../../../Engine/Content/Slate/Fonts/Roboto-Light.ttf' (159K)
[2022.11.16-00.30.54:342][373]LogSlate: Took 0.000477 seconds to synchronously load lazily loaded font '../../../Engine/Content/Slate/Fonts/Roboto-Light.ttf' (159K)
[2022.11.16-00.30.55:460][373]LogSlate: Took 0.000381 seconds to synchronously load lazily loaded font '../../../Engine/Content/Slate/Fonts/Roboto-Regular.ttf' (155K)
[2022.11.16-00.30.55:480][373]LogBlueprint: Warning: [Compiler BP_Award_GameController] インプット軸イベントは  InputAxis MoveRight  に不明な軸 'MoveRight' を参照しています
[2022.11.16-00.30.55:480][373]LogBlueprint: Warning: [Compiler BP_Award_GameController] インプット軸イベントは  InputAxis MoveForward  に不明な軸 'MoveForward' を参照しています
[2022.11.16-00.30.55:483][373]LogBlueprint: Warning: [Compiler BP_Award_GameController] [0101.29] Compile of BP_Award_GameController successful, but with 2 Warning(s) [in 6 ms] (/Game/BP/BP_Award_GameController.BP_Award_GameController)
[2022.11.16-00.30.59:438][373]LogAIModule: Creating AISystem for world Stage1
[2022.11.16-00.30.59:569][373]Cmd: MAP LOAD FILE="D:/UE4_RPG/THE7/Content/Map/Stage1.umap" TEMPLATE=0 SHOWPROGRESS=1 FEATURELEVEL=3
[2022.11.16-00.30.59:569][373]LightingResults: New page: ライティングのビルド
[2022.11.16-00.30.59:571][373]LoadErrors: New page: マップをロード中: Stage1.umap
[2022.11.16-00.30.59:572][373]MapCheck: New page: マップをチェック
[2022.11.16-00.30.59:572][373]LightingResults: New page: <何も選択されていません>
[2022.11.16-00.30.59:738][373]LogEditorServer: Finished looking for orphan Actors (0.000 secs)
[2022.11.16-00.30.59:797][373]Cmd: MAP CHECKDEP NOCLEARLOG
[2022.11.16-00.31.00:036][373]MapCheck: マップチェックが完了: 0 エラー、 0 警告、完了に 238.672ミリ秒かかりました。
[2022.11.16-00.31.00:038][373]LogFileHelpers: Loading map 'Stage1' took 0.471
[2022.11.16-00.31.10:257][661]LogAIModule: Creating AISystem for world Floor1
[2022.11.16-00.31.10:384][661]Cmd: MAP LOAD FILE="D:/UE4_RPG/THE7/Content/Map/Floor1.umap" TEMPLATE=0 SHOWPROGRESS=1 FEATURELEVEL=3
[2022.11.16-00.31.10:384][661]LightingResults: New page: ライティングのビルド
[2022.11.16-00.31.10:385][661]LoadErrors: New page: マップをロード中: Floor1.umap
[2022.11.16-00.31.10:387][661]MapCheck: New page: マップをチェック
[2022.11.16-00.31.10:388][661]LightingResults: New page: <何も選択されていません>
[2022.11.16-00.31.10:612][661]LogEditorServer: Finished looking for orphan Actors (0.000 secs)
[2022.11.16-00.31.10:671][661]Cmd: MAP CHECKDEP NOCLEARLOG
[2022.11.16-00.31.10:905][661]MapCheck: マップチェックが完了: 0 エラー、 0 警告、完了に 233.505ミリ秒かかりました。
[2022.11.16-00.31.10:908][661]LogFileHelpers: Loading map 'Floor1' took 0.526
[2022.11.16-00.31.14:560][756]LogEditorViewport: Clicking Background
[2022.11.16-00.31.33:905][318]LogAIModule: Creating AISystem for world Floor3
[2022.11.16-00.31.34:108][318]Cmd: MAP LOAD FILE="D:/UE4_RPG/THE7/Content/Map/Floor3.umap" TEMPLATE=0 SHOWPROGRESS=1 FEATURELEVEL=3
[2022.11.16-00.31.34:108][318]LightingResults: New page: ライティングのビルド
[2022.11.16-00.31.34:110][318]LoadErrors: New page: マップをロード中: Floor3.umap
[2022.11.16-00.31.34:114][318]MapCheck: New page: マップをチェック
[2022.11.16-00.31.34:115][318]LightingResults: New page: <何も選択されていません>
[2022.11.16-00.31.34:412][318]LogEditorServer: Finished looking for orphan Actors (0.000 secs)
[2022.11.16-00.31.34:476][318]Cmd: MAP CHECKDEP NOCLEARLOG
[2022.11.16-00.31.34:695][318]MapCheck: マップチェックが完了: 0 エラー、 0 警告、完了に 218.857ミリ秒かかりました。
[2022.11.16-00.31.34:697][318]LogFileHelpers: Loading map 'Floor3' took 0.590
[2022.11.16-01.07.35:434][ 51]Cmd: QUIT_EDITOR
[2022.11.16-01.07.35:521][ 51]LogWindowsTextInputMethodSystem: Display: IME system now activated using TSF (Microsoft IME).
[2022.11.16-01.07.35:554][ 51]LogExit: Preparing to exit.
[2022.11.16-01.07.36:208][ 51]LogExit: Editor shut down
[2022.11.16-01.07.36:216][ 51]LogExit: Transaction tracking system shut down
[2022.11.16-01.07.36:431][ 51]LogDirectoryWatcher: A directory notification for '../../../Engine/Content/' was aborted.
[2022.11.16-01.07.36:431][ 51]LogDirectoryWatcher: A directory notification for 'D:/UE4_RPG/THE7/Content/' was aborted.
[2022.11.16-01.07.36:432][ 51]LogDirectoryWatcher: A directory notification for '../../../Engine/Plugins/2D/Paper2D/Content/' was aborted.
[2022.11.16-01.07.36:432][ 51]LogDirectoryWatcher: A directory notification for '../../../Engine/Plugins/Runtime/Oculus/OculusVR/Content/' was aborted.
[2022.11.16-01.07.36:432][ 51]LogDirectoryWatcher: A directory notification for '../../../Engine/Plugins/Runtime/Steam/SteamVR/Content/' was aborted.
[2022.11.16-01.07.36:606][ 51]LogExit: Object subsystem successfully closed.
[2022.11.16-01.07.36:650][ 51]LogD3D11RHI: Shutdown
[2022.11.16-01.07.36:650][ 51]LogD3D11RHI: CleanupD3DDevice
[2022.11.16-01.07.36:948][ 51]LogD3D11RHI: ~FD3D11DynamicRHI
[2022.11.16-01.07.37:095][ 51]LogModuleManager: Shutting down and abandoning module HierarchicalLODOutliner (530)
[2022.11.16-01.07.37:095][ 51]LogModuleManager: Shutting down and abandoning module SceneOutliner (528)
[2022.11.16-01.07.37:095][ 51]LogModuleManager: Shutting down and abandoning module AddContentDialog (526)
[2022.11.16-01.07.37:096][ 51]LogDirectoryWatcher: A directory notification for 'C:/Program Files (x86)/Epic Games/UE_4.17/FeaturePacks/' was aborted.
[2022.11.16-01.07.37:100][ 51]LogModuleManager: Shutting down and abandoning module WidgetCarousel (525)
[2022.11.16-01.07.37:100][ 51]LogModuleManager: Shutting down and abandoning module EditorWidgets (522)
[2022.11.16-01.07.37:100][ 51]LogModuleManager: Shutting down and abandoning module CollectionManager (520)
[2022.11.16-01.07.37:100][ 51]LogDirectoryWatcher: A directory notification for 'D:/UE4_RPG/THE7/Content/Collections/' was aborted.
[2022.11.16-01.07.37:100][ 51]LogDirectoryWatcher: A directory notification for 'D:/UE4_RPG/THE7/Content/Developers/kbc12006064/Collections/' was aborted.
[2022.11.16-01.07.37:100][ 51]LogDirectoryWatcher: A directory notification for 'D:/UE4_RPG/THE7/Saved/Collections/' was aborted.
[2022.11.16-01.07.37:101][ 51]LogModuleManager: Shutting down and abandoning module StatsViewer (518)
[2022.11.16-01.07.37:101][ 51]LogModuleManager: Shutting down and abandoning module FoliageEdit (516)
[2022.11.16-01.07.37:102][ 51]LogModuleManager: Shutting down and abandoning module LandscapeEditor (514)
[2022.11.16-01.07.37:103][ 51]LogModuleManager: Shutting down and abandoning module MeshPaintMode (512)
[2022.11.16-01.07.37:103][ 51]LogModuleManager: Shutting down and abandoning module SceneDepthPickerMode (510)
[2022.11.16-01.07.37:103][ 51]LogModuleManager: Shutting down and abandoning module ActorPickerMode (508)
[2022.11.16-01.07.37:103][ 51]LogModuleManager: Shutting down and abandoning module GeometryMode (506)
[2022.11.16-01.07.37:103][ 51]LogModuleManager: Shutting down and abandoning module TextureAlignMode (504)
[2022.11.16-01.07.37:103][ 51]LogModuleManager: Shutting down and abandoning module BspMode (502)
[2022.11.16-01.07.37:104][ 51]LogModuleManager: Shutting down and abandoning module PIEPreviewDeviceProfileSelector (500)
[2022.11.16-01.07.37:104][ 51]LogModuleManager: Shutting down and abandoning module HardwareSurvey (498)
[2022.11.16-01.07.37:104][ 51]LogModuleManager: Shutting down and abandoning module SequenceRecorderSections (496)
[2022.11.16-01.07.37:104][ 51]LogModuleManager: Shutting down and abandoning module AutomationWorker (494)
[2022.11.16-01.07.37:104][ 51]LogModuleManager: Shutting down and abandoning module MatineeToLevelSequence (492)
[2022.11.16-01.07.37:105][ 51]LogModuleManager: Shutting down and abandoning module LevelSequenceEditor (490)
[2022.11.16-01.07.37:109][ 51]LogModuleManager: Shutting down and abandoning module PlacementMode (489)
[2022.11.16-01.07.37:109][ 51]LogModuleManager: Shutting down and abandoning module WmfMediaFactory (486)
[2022.11.16-01.07.37:109][ 51]LogModuleManager: Shutting down and abandoning module WmfMediaEditor (484)
[2022.11.16-01.07.37:109][ 51]LogModuleManager: Shutting down and abandoning module AvfMediaFactory (482)
[2022.11.16-01.07.37:109][ 51]LogModuleManager: Shutting down and abandoning module AvfMediaEditor (480)
[2022.11.16-01.07.37:109][ 51]LogModuleManager: Shutting down and abandoning module AndroidMediaFactory (478)
[2022.11.16-01.07.37:109][ 51]LogModuleManager: Shutting down and abandoning module Media (477)
[2022.11.16-01.07.37:109][ 51]LogModuleManager: Shutting down and abandoning module AndroidMediaEditor (474)
[2022.11.16-01.07.37:109][ 51]LogModuleManager: Shutting down and abandoning module CharacterAI (472)
[2022.11.16-01.07.37:109][ 51]LogModuleManager: Shutting down and abandoning module AudioCapture (470)
[2022.11.16-01.07.37:109][ 51]LogModuleManager: Shutting down and abandoning module SequenceRecorder (469)
[2022.11.16-01.07.37:110][ 51]LogModuleManager: Shutting down and abandoning module SmartSnapping (466)
[2022.11.16-01.07.37:110][ 51]LogModuleManager: Shutting down and abandoning module SessionServices (464)
[2022.11.16-01.07.37:110][ 51]LogModuleManager: Shutting down and abandoning module ViewportSnapping (462)
[2022.11.16-01.07.37:110][ 51]LogModuleManager: Shutting down and abandoning module ViewportInteraction (460)
[2022.11.16-01.07.37:110][ 51]LogModuleManager: Shutting down and abandoning module ClothPainter (458)
[2022.11.16-01.07.37:112][ 51]LogModuleManager: Shutting down and abandoning module LogVisualizer (456)
[2022.11.16-01.07.37:114][ 51]LogModuleManager: Shutting down and abandoning module IntroTutorials (454)
[2022.11.16-01.07.37:115][ 51]LogModuleManager: Shutting down and abandoning module GameProjectGeneration (453)
[2022.11.16-01.07.37:117][ 51]LogModuleManager: Shutting down and abandoning module IOSPlatformEditor (450)
[2022.11.16-01.07.37:118][ 51]LogModuleManager: Shutting down and abandoning module HTML5PlatformEditor (448)
[2022.11.16-01.07.37:118][ 51]LogModuleManager: Shutting down and abandoning module AndroidPlatformEditor (446)
[2022.11.16-01.07.37:118][ 51]LogModuleManager: Shutting down and abandoning module AndroidDeviceDetection (445)
[2022.11.16-01.07.37:800][ 51]LogModuleManager: Shutting down and abandoning module WindowsPlatformEditor (442)
[2022.11.16-01.07.37:800][ 51]LogModuleManager: Shutting down and abandoning module IOSRuntimeSettings (440)
[2022.11.16-01.07.37:800][ 51]LogModuleManager: Shutting down and abandoning module AndroidRuntimeSettings (438)
[2022.11.16-01.07.37:800][ 51]LogModuleManager: Shutting down and abandoning module InputBindingEditor (436)
[2022.11.16-01.07.37:802][ 51]LogModuleManager: Shutting down and abandoning module MergeActors (434)
[2022.11.16-01.07.37:803][ 51]LogModuleManager: Shutting down and abandoning module SizeMap (432)
[2022.11.16-01.07.37:803][ 51]LogModuleManager: Shutting down and abandoning module TreeMap (430)
[2022.11.16-01.07.37:804][ 51]LogModuleManager: Shutting down and abandoning module ReferenceViewer (428)
[2022.11.16-01.07.37:804][ 51]LogModuleManager: Shutting down and abandoning module LocalizationDashboard (426)
[2022.11.16-01.07.37:805][ 51]LogModuleManager: Shutting down and abandoning module LocalizationService (425)
[2022.11.16-01.07.37:805][ 51]LogModuleManager: Shutting down and abandoning module HardwareTargeting (422)
[2022.11.16-01.07.37:805][ 51]LogModuleManager: Shutting down and abandoning module DeviceProfileEditor (420)
[2022.11.16-01.07.37:805][ 51]LogModuleManager: Shutting down and abandoning module UndoHistory (418)
[2022.11.16-01.07.37:805][ 51]LogModuleManager: Shutting down and abandoning module XmlParser (416)
[2022.11.16-01.07.37:806][ 51]LogModuleManager: Shutting down and abandoning module Blutility (414)
[2022.11.16-01.07.37:806][ 51]LogModuleManager: Shutting down and abandoning module ProjectSettingsViewer (412)
[2022.11.16-01.07.37:806][ 51]LogModuleManager: Shutting down and abandoning module ProjectTargetPlatformEditor (411)
[2022.11.16-01.07.37:806][ 51]LogModuleManager: Shutting down and abandoning module EditorSettingsViewer (408)
[2022.11.16-01.07.37:806][ 51]LogModuleManager: Shutting down and abandoning module SettingsEditor (406)
[2022.11.16-01.07.37:807][ 51]LogModuleManager: Shutting down and abandoning module ProjectLauncher (404)
[2022.11.16-01.07.37:808][ 51]LogModuleManager: Shutting down and abandoning module SessionFrontend (402)
[2022.11.16-01.07.37:808][ 51]LogModuleManager: Shutting down and abandoning module ProfilerClient (400)
[2022.11.16-01.07.37:809][ 51]LogModuleManager: Shutting down and abandoning module DeviceManager (398)
[2022.11.16-01.07.37:810][ 51]LogModuleManager: Shutting down and abandoning module TargetDeviceServices (397)
[2022.11.16-01.07.37:862][ 51]LogModuleManager: Shutting down and abandoning module AutomationController (394)
[2022.11.16-01.07.37:862][ 51]LogModuleManager: Shutting down and abandoning module AutomationWindow (392)
[2022.11.16-01.07.37:864][ 51]LogModuleManager: Shutting down and abandoning module Layers (390)
[2022.11.16-01.07.37:866][ 51]LogModuleManager: Shutting down and abandoning module ComponentVisualizers (388)
[2022.11.16-01.07.37:866][ 51]LogModuleManager: Shutting down and abandoning module DetailCustomizations (386)
[2022.11.16-01.07.37:867][ 51]LogModuleManager: Shutting down and abandoning module PackagesDialog (384)
[2022.11.16-01.07.37:867][ 51]LogModuleManager: Shutting down and abandoning module Persona (382)
[2022.11.16-01.07.37:870][ 51]LogModuleManager: Shutting down and abandoning module AdvancedPreviewScene (381)
[2022.11.16-01.07.37:870][ 51]LogModuleManager: Shutting down and abandoning module AnimGraph (379)
[2022.11.16-01.07.37:870][ 51]LogModuleManager: Shutting down and abandoning module Kismet (376)
[2022.11.16-01.07.37:871][ 51]LogModuleManager: Shutting down and abandoning module ClassViewer (374)
[2022.11.16-01.07.37:871][ 51]LogModuleManager: Shutting down and abandoning module Toolbox (372)
[2022.11.16-01.07.37:871][ 51]LogModuleManager: Shutting down and abandoning module ModuleUI (370)
[2022.11.16-01.07.37:872][ 51]LogModuleManager: Shutting down and abandoning module MovieSceneTools (368)
[2022.11.16-01.07.37:874][ 51]LogModuleManager: Shutting down and abandoning module OutputLog (366)
[2022.11.16-01.07.37:874][ 51]LogModuleManager: Shutting down and abandoning module GammaUI (364)
[2022.11.16-01.07.37:875][ 51]LogModuleManager: Shutting down and abandoning module Documentation (362)
[2022.11.16-01.07.37:875][ 51]LogModuleManager: Shutting down and abandoning module MovieSceneTracks (360)
[2022.11.16-01.07.37:875][ 51]LogModuleManager: Shutting down and abandoning module MovieScene (358)
[2022.11.16-01.07.37:875][ 51]LogModuleManager: Shutting down and abandoning module Niagara (356)
[2022.11.16-01.07.37:875][ 51]LogModuleManager: Shutting down and abandoning module NiagaraEditor (355)
[2022.11.16-01.07.37:877][ 51]LogModuleManager: Shutting down and abandoning module StreamingPauseRendering (352)
[2022.11.16-01.07.37:877][ 51]LogModuleManager: Shutting down and abandoning module LauncherPlatform (350)
[2022.11.16-01.07.37:877][ 51]LogModuleManager: Shutting down and abandoning module AnalyticsET (348)
[2022.11.16-01.07.37:877][ 51]LogModuleManager: Shutting down and abandoning module PortalServices (346)
[2022.11.16-01.07.37:877][ 51]LogModuleManager: Shutting down and abandoning module PortalRpc (344)
[2022.11.16-01.07.37:877][ 51]LogModuleManager: Shutting down and abandoning module MessagingRpc (342)
[2022.11.16-01.07.37:878][ 51]LogModuleManager: Shutting down and abandoning module AIModule (340)
[2022.11.16-01.07.37:878][ 51]LogModuleManager: Shutting down and abandoning module GameplayDebugger (339)
[2022.11.16-01.07.37:880][ 51]LogModuleManager: Shutting down and abandoning module AITestSuite (337)
[2022.11.16-01.07.37:880][ 51]LogModuleManager: Shutting down and abandoning module ProfilerService (334)
[2022.11.16-01.07.37:969][ 51]LogModuleManager: Shutting down and abandoning module TaskGraph (332)
[2022.11.16-01.07.37:972][ 51]LogModuleManager: Shutting down and abandoning module SteamVRController (330)
[2022.11.16-01.07.37:972][ 51]LogModuleManager: Shutting down and abandoning module ProceduralMeshComponentEditor (328)
[2022.11.16-01.07.37:972][ 51]LogModuleManager: Shutting down and abandoning module ProceduralMeshComponent (326)
[2022.11.16-01.07.37:972][ 51]LogModuleManager: Shutting down and abandoning module OculusInput (324)
[2022.11.16-01.07.37:972][ 51]LogModuleManager: Shutting down and abandoning module MobilePatchingUtils (322)
[2022.11.16-01.07.37:972][ 51]LogModuleManager: Shutting down and abandoning module CustomMeshComponent (320)
[2022.11.16-01.07.37:972][ 51]LogModuleManager: Shutting down and abandoning module CableComponent (318)
[2022.11.16-01.07.37:972][ 51]LogModuleManager: Shutting down and abandoning module ArchVisCharacter (316)
[2022.11.16-01.07.37:973][ 51]LogModuleManager: Shutting down and abandoning module AndroidPermission (314)
[2022.11.16-01.07.37:973][ 51]LogModuleManager: Shutting down and abandoning module MediaPlayerEditor (310)
[2022.11.16-01.07.37:976][ 51]LogModuleManager: Shutting down and abandoning module HTML5Networking (308)
[2022.11.16-01.07.37:977][ 51]LogModuleManager: Shutting down and abandoning module AlembicImporter (306)
[2022.11.16-01.07.37:977][ 51]LogModuleManager: Shutting down and abandoning module AlembicLibrary (305)
[2022.11.16-01.07.37:977][ 51]LogModuleManager: Shutting down and abandoning module GeometryCache (304)
[2022.11.16-01.07.37:977][ 51]LogModuleManager: Shutting down and abandoning module GeometryCacheEd (303)
[2022.11.16-01.07.37:977][ 51]LogModuleManager: Shutting down and abandoning module SpeedTreeImporter (298)
[2022.11.16-01.07.37:977][ 51]LogModuleManager: Shutting down and abandoning module PluginBrowser (296)
[2022.11.16-01.07.37:980][ 51]LogModuleManager: Shutting down and abandoning module MobileLauncherProfileWizard (294)
[2022.11.16-01.07.37:981][ 51]LogModuleManager: Shutting down and abandoning module VisualStudioSourceCodeAccess (292)
[2022.11.16-01.07.37:982][ 51]LogModuleManager: Shutting down and abandoning module DesktopPlatform (291)
[2022.11.16-01.07.37:982][ 51]LogModuleManager: Shutting down and abandoning module UObjectPlugin (288)
[2022.11.16-01.07.37:982][ 51]LogModuleManager: Shutting down and abandoning module SubversionSourceControl (286)
[2022.11.16-01.07.37:983][ 51]LogModuleManager: Shutting down and abandoning module PerforceSourceControl (284)
[2022.11.16-01.07.37:986][ 51]LogModuleManager: Shutting down and abandoning module GitSourceControl (282)
[2022.11.16-01.07.37:987][ 51]LogModuleManager: Shutting down and abandoning module SourceControl (281)
[2022.11.16-01.07.37:988][ 51]LogModuleManager: Shutting down and abandoning module LightPropagationVolumeEditor (278)
[2022.11.16-01.07.37:988][ 51]LogModuleManager: Shutting down and abandoning module PaperTiledImporter (276)
[2022.11.16-01.07.37:988][ 51]LogModuleManager: Shutting down and abandoning module PaperSpriteSheetImporter (274)
[2022.11.16-01.07.37:988][ 51]LogModuleManager: Shutting down and abandoning module Paper2DEditor (272)
[2022.11.16-01.07.37:990][ 51]LogModuleManager: Shutting down and abandoning module MeshPaint (271)
[2022.11.16-01.07.37:990][ 51]LogModuleManager: Shutting down and abandoning module LevelEditor (269)
[2022.11.16-01.07.37:993][ 51]LogModuleManager: Shutting down and abandoning module PixelInspectorModule (268)
[2022.11.16-01.07.37:994][ 51]LogModuleManager: Shutting down and abandoning module MainFrame (266)
[2022.11.16-01.07.37:994][ 51]LogModuleManager: Shutting down and abandoning module HotReload (265)
[2022.11.16-01.07.37:997][ 51]LogModuleManager: Shutting down and abandoning module RuntimePhysXCooking (260)
[2022.11.16-01.07.37:997][ 51]LogModuleManager: Shutting down and abandoning module PhysXVehiclesEditor (258)
[2022.11.16-01.07.37:997][ 51]LogModuleManager: Shutting down and abandoning module PhysXVehicles (256)
[2022.11.16-01.07.37:997][ 51]LogModuleManager: Shutting down and abandoning module OculusEditor (254)
[2022.11.16-01.07.37:997][ 51]LogModuleManager: Shutting down and abandoning module LocationServicesBPLibrary (252)
[2022.11.16-01.07.37:997][ 51]LogModuleManager: Shutting down and abandoning module ImmediatePhysicsEditor (250)
[2022.11.16-01.07.37:997][ 51]LogModuleManager: Shutting down and abandoning module ImmediatePhysics (248)
[2022.11.16-01.07.37:998][ 51]LogModuleManager: Shutting down and abandoning module UdpMessaging (246)
[2022.11.16-01.07.38:098][ 51]LogModuleManager: Shutting down and abandoning module TcpMessaging (244)
[2022.11.16-01.07.38:199][ 51]LogModuleManager: Shutting down and abandoning module GameplayTagsEditor (242)
[2022.11.16-01.07.38:200][ 51]LogModuleManager: Shutting down and abandoning module FacialAnimationEditor (240)
[2022.11.16-01.07.38:200][ 51]LogModuleManager: Shutting down and abandoning module FacialAnimation (238)
[2022.11.16-01.07.38:200][ 51]LogModuleManager: Shutting down and abandoning module AssetManagerEditor (236)
[2022.11.16-01.07.38:202][ 51]LogModuleManager: Shutting down and abandoning module GraphEditor (235)
[2022.11.16-01.07.38:205][ 51]LogModuleManager: Shutting down and abandoning module ContentBrowser (233)
[2022.11.16-01.07.38:208][ 51]LogModuleManager: Shutting down and abandoning module LightPropagationVolumeRuntime (230)
[2022.11.16-01.07.38:208][ 51]LogModuleManager: Shutting down and abandoning module Paper2D (228)
[2022.11.16-01.07.38:209][ 51]LogModuleManager: Shutting down and abandoning module WindowsMoviePlayer (226)
[2022.11.16-01.07.38:209][ 51]LogModuleManager: Shutting down and abandoning module WmfMedia (224)
[2022.11.16-01.07.38:213][ 51]LogModuleManager: Shutting down and abandoning module PacketHandler (222)
[2022.11.16-01.07.38:213][ 51]LogModuleManager: Shutting down and abandoning module ClothingSystemEditor (220)
[2022.11.16-01.07.38:214][ 51]LogModuleManager: Shutting down and abandoning module ClothingSystemRuntime (218)
[2022.11.16-01.07.38:215][ 51]LogModuleManager: Shutting down and abandoning module Overlay (216)
[2022.11.16-01.07.38:215][ 51]LogModuleManager: Shutting down and abandoning module OverlayEditor (215)
[2022.11.16-01.07.38:215][ 51]LogModuleManager: Shutting down and abandoning module MediaAssets (212)
[2022.11.16-01.07.38:215][ 51]LogModuleManager: Shutting down and abandoning module VREditor (210)
[2022.11.16-01.07.38:216][ 51]LogModuleManager: Shutting down and abandoning module StringTableEditor (208)
[2022.11.16-01.07.38:217][ 51]LogModuleManager: Shutting down and abandoning module GameplayTasksEditor (206)
[2022.11.16-01.07.38:217][ 51]LogModuleManager: Shutting down and abandoning module BehaviorTreeEditor (204)
[2022.11.16-01.07.38:220][ 51]LogModuleManager: Shutting down and abandoning module FunctionalTesting (202)
[2022.11.16-01.07.38:220][ 51]LogModuleManager: Shutting down and abandoning module CollisionAnalyzer (200)
[2022.11.16-01.07.38:221][ 51]LogModuleManager: Shutting down and abandoning module WorkspaceMenuStructure (199)
[2022.11.16-01.07.38:221][ 51]LogModuleManager: Shutting down and abandoning module UMG (196)
[2022.11.16-01.07.38:222][ 51]LogModuleManager: Shutting down and abandoning module UMGEditor (195)
[2022.11.16-01.07.38:224][ 51]LogModuleManager: Shutting down and abandoning module Sequencer (194)
[2022.11.16-01.07.38:226][ 51]LogModuleManager: Shutting down and abandoning module MessageLog (191)
[2022.11.16-01.07.38:226][ 51]LogModuleManager: Shutting down and abandoning module SlateReflector (186)
[2022.11.16-01.07.38:229][ 51]LogModuleManager: Shutting down and abandoning module Slate (184)
[2022.11.16-01.07.38:229][ 51]LogModuleManager: Shutting down and abandoning module EditorStyle (182)
[2022.11.16-01.07.38:239][ 51]LogModuleManager: Shutting down and abandoning module MRMesh (180)
[2022.11.16-01.07.38:239][ 51]LogModuleManager: Shutting down and abandoning module SourceCodeAccess (178)
[2022.11.16-01.07.38:239][ 51]LogModuleManager: Shutting down and abandoning module HeadMountedDisplay (176)
[2022.11.16-01.07.38:239][ 51]LogModuleManager: Shutting down and abandoning module XAudio2 (174)
[2022.11.16-01.07.38:239][ 51]LogModuleManager: Shutting down and abandoning module Networking (172)
[2022.11.16-01.07.38:239][ 51]LogModuleManager: Shutting down and abandoning module Core (168)
[2022.11.16-01.07.38:239][ 51]LogModuleManager: Shutting down and abandoning module KismetCompiler (164)
[2022.11.16-01.07.38:239][ 51]LogModuleManager: Shutting down and abandoning module LevelSequence (162)
[2022.11.16-01.07.38:239][ 51]LogModuleManager: Shutting down and abandoning module MeshUtilities (160)
[2022.11.16-01.07.38:241][ 51]LogModuleManager: Shutting down and abandoning module MeshMergeUtilities (159)
[2022.11.16-01.07.38:242][ 51]LogModuleManager: Shutting down and abandoning module MeshReductionInterface (158)
[2022.11.16-01.07.38:242][ 51]LogModuleManager: Shutting down and abandoning module SimplygonSwarm (157)
[2022.11.16-01.07.38:243][ 51]LogModuleManager: Shutting down and abandoning module SimplygonMeshReduction (155)
[2022.11.16-01.07.38:243][ 51]LogModuleManager: Shutting down and abandoning module QuadricMeshReduction (153)
[2022.11.16-01.07.38:244][ 51]LogModuleManager: Shutting down and abandoning module MaterialBaking (149)
[2022.11.16-01.07.38:244][ 51]LogModuleManager: Shutting down and abandoning module DirectoryWatcher (146)
[2022.11.16-01.07.38:246][ 51]LogModuleManager: Shutting down and abandoning module DerivedDataCache (144)
[2022.11.16-01.07.38:326][ 51]LogDerivedDataCache: Shutdown
[2022.11.16-01.07.38:327][ 51]LogModuleManager: Shutting down and abandoning module TargetPlatform (142)
[2022.11.16-01.07.38:327][ 51]LogModuleManager: Shutting down and abandoning module VulkanShaderFormat (141)
[2022.11.16-01.07.38:328][ 51]LogModuleManager: Shutting down and abandoning module ShaderFormatVectorVM (139)
[2022.11.16-01.07.38:328][ 51]LogModuleManager: Shutting down and abandoning module ShaderFormatOpenGL (137)
[2022.11.16-01.07.38:329][ 51]LogModuleManager: Shutting down and abandoning module ShaderFormatD3D (135)
[2022.11.16-01.07.38:329][ 51]LogModuleManager: Shutting down and abandoning module MetalShaderFormat (133)
[2022.11.16-01.07.38:330][ 51]LogModuleManager: Shutting down and abandoning module TextureFormatUncompressed (131)
[2022.11.16-01.07.38:330][ 51]LogModuleManager: Shutting down and abandoning module TextureFormatPVR (129)
[2022.11.16-01.07.38:330][ 51]LogModuleManager: Shutting down and abandoning module TextureFormatDXT (127)
[2022.11.16-01.07.38:330][ 51]LogModuleManager: Shutting down and abandoning module TextureFormatIntelISPCTexComp (125)
[2022.11.16-01.07.38:333][ 51]LogModuleManager: Shutting down and abandoning module TextureFormatASTC (123)
[2022.11.16-01.07.38:333][ 51]LogModuleManager: Shutting down and abandoning module ImageWrapper (122)
[2022.11.16-01.07.38:333][ 51]LogModuleManager: Shutting down and abandoning module TextureFormatAndroid (119)
[2022.11.16-01.07.38:333][ 51]LogModuleManager: Shutting down and abandoning module AudioFormatOpus (117)
[2022.11.16-01.07.38:333][ 51]LogModuleManager: Shutting down and abandoning module AudioFormatOgg (115)
[2022.11.16-01.07.38:333][ 51]LogModuleManager: Shutting down and abandoning module AudioFormatADPCM (113)
[2022.11.16-01.07.38:333][ 51]LogModuleManager: Shutting down and abandoning module LinuxTargetPlatform (111)
[2022.11.16-01.07.38:333][ 51]LogModuleManager: Shutting down and abandoning module LinuxServerTargetPlatform (109)
[2022.11.16-01.07.38:333][ 51]LogModuleManager: Shutting down and abandoning module LinuxNoEditorTargetPlatform (107)
[2022.11.16-01.07.38:333][ 51]LogModuleManager: Shutting down and abandoning module LinuxClientTargetPlatform (105)
[2022.11.16-01.07.38:334][ 51]LogModuleManager: Shutting down and abandoning module TVOSTargetPlatform (103)
[2022.11.16-01.07.38:334][ 51]LogModuleManager: Shutting down and abandoning module Messaging (101)
[2022.11.16-01.07.38:334][ 51]LogModuleManager: Shutting down and abandoning module IOSTargetPlatform (99)
[2022.11.16-01.07.38:334][ 51]LogModuleManager: Shutting down and abandoning module HTML5TargetPlatform (97)
[2022.11.16-01.07.38:334][ 51]LogModuleManager: Shutting down and abandoning module Android_PVRTCTargetPlatform (95)
[2022.11.16-01.07.38:334][ 51]LogModuleManager: Shutting down and abandoning module Android_MultiTargetPlatform (93)
[2022.11.16-01.07.38:334][ 51]LogModuleManager: Shutting down and abandoning module Android_ETC2TargetPlatform (91)
[2022.11.16-01.07.38:334][ 51]LogModuleManager: Shutting down and abandoning module Android_ETC1TargetPlatform (89)
[2022.11.16-01.07.38:334][ 51]LogModuleManager: Shutting down and abandoning module Android_DXTTargetPlatform (87)
[2022.11.16-01.07.38:334][ 51]LogModuleManager: Shutting down and abandoning module Android_ATCTargetPlatform (85)
[2022.11.16-01.07.38:334][ 51]LogModuleManager: Shutting down and abandoning module Android_ASTCTargetPlatform (83)
[2022.11.16-01.07.38:334][ 51]LogModuleManager: Shutting down and abandoning module AndroidTargetPlatform (81)
[2022.11.16-01.07.38:334][ 51]LogModuleManager: Shutting down and abandoning module WindowsTargetPlatform (79)
[2022.11.16-01.07.38:334][ 51]LogModuleManager: Shutting down and abandoning module WindowsServerTargetPlatform (77)
[2022.11.16-01.07.38:335][ 51]LogModuleManager: Shutting down and abandoning module WindowsNoEditorTargetPlatform (75)
[2022.11.16-01.07.38:335][ 51]LogModuleManager: Shutting down and abandoning module WindowsClientTargetPlatform (73)
[2022.11.16-01.07.38:335][ 51]LogModuleManager: Shutting down and abandoning module MacTargetPlatform (71)
[2022.11.16-01.07.38:335][ 51]LogModuleManager: Shutting down and abandoning module MacServerTargetPlatform (69)
[2022.11.16-01.07.38:335][ 51]LogModuleManager: Shutting down and abandoning module MacNoEditorTargetPlatform (67)
[2022.11.16-01.07.38:335][ 51]LogModuleManager: Shutting down and abandoning module MacClientTargetPlatform (65)
[2022.11.16-01.07.38:335][ 51]LogModuleManager: Shutting down and abandoning module AllDesktopTargetPlatform (63)
[2022.11.16-01.07.38:335][ 51]LogModuleManager: Shutting down and abandoning module InputCore (60)
[2022.11.16-01.07.38:335][ 51]LogModuleManager: Shutting down and abandoning module Settings (58)
[2022.11.16-01.07.38:336][ 51]LogModuleManager: Shutting down and abandoning module PhysXCooking (56)
[2022.11.16-01.07.38:336][ 51]LogModuleManager: Shutting down and abandoning module SteamVR (54)
[2022.11.16-01.07.38:336][ 51]LogModuleManager: Shutting down and abandoning module OculusHMD (52)
[2022.11.16-01.07.38:336][ 51]LogModuleManager: Shutting down and abandoning module ExampleDeviceProfileSelector (50)
[2022.11.16-01.07.38:336][ 51]LogModuleManager: Shutting down and abandoning module OnlineBlueprintSupport (48)
[2022.11.16-01.07.38:336][ 51]LogModuleManager: Shutting down and abandoning module OnlineSubsystem (44)
[2022.11.16-01.07.38:336][ 51]LogOnline: Display: Unloading online subsystem: NULL
[2022.11.16-01.07.38:338][ 51]LogModuleManager: Shutting down and abandoning module XMPP (43)
[2022.11.16-01.07.38:340][ 51]LogModuleManager: Shutting down and abandoning module HTTP (41)
[2022.11.16-01.07.38:340][ 51]LogHttp: Display: Http module shutting down, but needs to wait on 1 outstanding Http requests:
[2022.11.16-01.07.38:340][ 51]LogHttp: Display: 	verb=[POST] url=[https://datarouter.ol.epicgames.com/datarouter/api/v1/public/data?SessionID=%7B4C513485-46CF-07FA-EBF2-7790B34C72D8%7D&AppID=UEEditor.Rocket.Release&AppVersion=4.17.2-3658906%2B%2B%2BUE4%2BRelease-4.17&UserID=22216424446da8404b0e18bda9bcd035%7Cd6ebfc186ede4a0b93d72b7a1f7d66f8%7C417f69e0-461a-4e54-9fe7-7d9680c3a96f&AppEnvironment=datacollector-binary&UploadType=eteventstream] status=Processing
[2022.11.16-01.07.38:352][ 51]LogModuleManager: Shutting down and abandoning module SSL (40)
[2022.11.16-01.07.38:357][ 51]LogModuleManager: Shutting down and abandoning module AnimationModifiers (36)
[2022.11.16-01.07.38:358][ 51]LogModuleManager: Shutting down and abandoning module PropertyEditor (35)
[2022.11.16-01.07.38:359][ 51]LogModuleManager: Shutting down and abandoning module AudioEditor (32)
[2022.11.16-01.07.38:361][ 51]LogModuleManager: Shutting down and abandoning module TextureCompressor (30)
[2022.11.16-01.07.38:362][ 51]LogModuleManager: Shutting down and abandoning module ShaderCore (28)
[2022.11.16-01.07.38:362][ 51]LogModuleManager: Shutting down and abandoning module Landscape (26)
[2022.11.16-01.07.38:362][ 51]LogModuleManager: Shutting down and abandoning module SlateRHIRenderer (24)
[2022.11.16-01.07.38:368][ 51]LogModuleManager: Shutting down and abandoning module OpenGLDrv (22)
[2022.11.16-01.07.38:369][ 51]LogModuleManager: Shutting down and abandoning module D3D11RHI (20)
[2022.11.16-01.07.38:369][ 51]LogModuleManager: Shutting down and abandoning module AnimGraphRuntime (18)
[2022.11.16-01.07.38:369][ 51]LogModuleManager: Shutting down and abandoning module Renderer (16)
[2022.11.16-01.07.38:369][ 51]LogModuleManager: Shutting down and abandoning module Engine (14)
[2022.11.16-01.07.38:369][ 51]LogModuleManager: Shutting down and abandoning module CoreUObject (12)
[2022.11.16-01.07.38:369][ 51]LogModuleManager: Shutting down and abandoning module NetworkFile (10)
[2022.11.16-01.07.38:370][ 51]LogModuleManager: Shutting down and abandoning module CookedIterativeFile (8)
[2022.11.16-01.07.38:370][ 51]LogModuleManager: Shutting down and abandoning module StreamingFile (6)
[2022.11.16-01.07.38:370][ 51]LogModuleManager: Shutting down and abandoning module SandboxFile (4)
[2022.11.16-01.07.38:371][ 51]LogModuleManager: Shutting down and abandoning module PakFile (2)
[2022.11.16-01.07.38:388][ 51]LogExit: Exiting.
[2022.11.16-01.07.38:408][ 51]Log file closed, 11/16/22 10:07:38
