Log file open, 01/24/23 13:12:16
LogWindows: Failed to load 'aqProf.dll' (GetLastError=126)
LogWindows: File 'aqProf.dll' does not exist
LogWindows: Failed to load 'VSPerf140.dll' (GetLastError=126)
LogWindows: File 'VSPerf140.dll' does not exist
LogWindows: Failed to load 'VtuneApi.dll' (GetLastError=126)
LogWindows: File 'VtuneApi.dll' does not exist
LogWindows: Failed to load 'VtuneApi32e.dll' (GetLastError=126)
LogWindows: File 'VtuneApi32e.dll' does not exist
LogInit: Display: Running engine for game: THE7
LogPlatformFile: Not using cached read wrapper
LogInit: Display: RandInit(632176239) SRandInit(632176239).
LogTaskGraph: Started task graph with 5 named threads and 26 total threads with 3 sets of task threads.
LogStats: Stats thread started at 0.896056
LogD3D11RHI: Aftermath initialized
LogPluginManager: Mounting plugin Paper2D
LogPluginManager: Mounting plugin LightPropagationVolume
LogPluginManager: Mounting plugin CodeLiteSourceCodeAccess
LogPluginManager: Mounting plugin GitSourceControl
LogPluginManager: Mounting plugin KDevelopSourceCodeAccess
LogPluginManager: Mounting plugin NullSourceCodeAccess
LogPluginManager: Mounting plugin PerforceSourceControl
LogPluginManager: Mounting plugin SubversionSourceControl
LogPluginManager: Mounting plugin UObjectPlugin
LogPluginManager: Mounting plugin VisualStudioSourceCodeAccess
LogPluginManager: Mounting plugin XCodeSourceCodeAccess
LogPluginManager: Mounting plugin AssetManagerEditor
LogPluginManager: Mounting plugin AudioCapture
LogPluginManager: Mounting plugin FacialAnimation
LogPluginManager: Mounting plugin GameplayTagsEditor
LogPluginManager: Mounting plugin MobileLauncherProfileWizard
LogPluginManager: Mounting plugin PluginBrowser
LogPluginManager: Mounting plugin SpeedTreeImporter
LogPluginManager: Mounting plugin AlembicImporter
LogPluginManager: Mounting plugin CharacterAI
LogPluginManager: Mounting plugin HTML5Networking
LogPluginManager: Mounting plugin AndroidMedia
LogPluginManager: Mounting plugin AvfMedia
LogPluginManager: Mounting plugin MediaPlayerEditor
LogPluginManager: Mounting plugin WmfMedia
LogPluginManager: Mounting plugin TcpMessaging
LogPluginManager: Mounting plugin UdpMessaging
LogPluginManager: Mounting plugin LevelSequenceEditor
LogPluginManager: Mounting plugin MatineeToLevelSequence
LogPluginManager: Mounting plugin OnlineSubsystemGooglePlay
LogPluginManager: Mounting plugin OnlineSubsystemIOS
LogPluginManager: Mounting plugin OnlineSubsystem
LogPluginManager: Mounting plugin OnlineSubsystemNull
LogPluginManager: Mounting plugin OnlineSubsystemUtils
LogPluginManager: Mounting plugin AndroidDeviceProfileSelector
LogPluginManager: Mounting plugin AndroidMoviePlayer
LogPluginManager: Mounting plugin AndroidPermission
LogPluginManager: Mounting plugin AppleMoviePlayer
LogPluginManager: Mounting plugin ArchVisCharacter
LogPluginManager: Mounting plugin CableComponent
LogPluginManager: Mounting plugin CustomMeshComponent
LogPluginManager: Mounting plugin ExampleDeviceProfileSelector
LogPluginManager: Mounting plugin GoogleCloudMessaging
LogPluginManager: Mounting plugin ImmediatePhysics
LogPluginManager: Mounting plugin IOSDeviceProfileSelector
LogPluginManager: Mounting plugin LinuxDeviceProfileSelector
LogPluginManager: Mounting plugin LocationServicesBPLibrary
LogPluginManager: Mounting plugin MobilePatchingUtils
LogPluginManager: Mounting plugin OculusVR
LogPluginManager: Mounting plugin PhysXVehicles
LogPluginManager: Mounting plugin ProceduralMeshComponent
LogPluginManager: Mounting plugin RuntimePhysXCooking
LogPluginManager: Mounting plugin SteamVR
LogPluginManager: Mounting plugin WindowsMoviePlayer
LogInit: Using libcurl 7.47.1
LogInit:  - built for x86_64-pc-win32
LogInit:  - supports SSL with OpenSSL/1.0.2g
LogInit:  - supports HTTP deflate (compression) using libz 1.2.8
LogInit:  - other features:
LogInit:      CURL_VERSION_SSL
LogInit:      CURL_VERSION_LIBZ
LogInit:      CURL_VERSION_IPV6
LogInit:      CURL_VERSION_ASYNCHDNS
LogInit:      CURL_VERSION_LARGEFILE
LogInit:      CURL_VERSION_IDN
LogInit:  CurlRequestOptions (configurable via config and command line):
LogInit:  - bVerifyPeer = false  - Libcurl will NOT verify peer certificate
LogInit:  - bUseHttpProxy = false  - Libcurl will NOT use HTTP proxy
LogInit:  - bDontReuseConnections = false  - Libcurl will reuse connections
LogInit:  - CertBundlePath = nullptr  - Libcurl will use whatever was configured at build time.
LogInit: Build: ++UE4+Release-4.17-CL-3658906
LogInit: Engine Version: 4.17.2-3658906+++UE4+Release-4.17
LogInit: Compatible Engine Version: 4.17.0-3573198+++UE4+Release-4.17
LogInit: Net CL: 3573198
LogDevObjectVersion: Number of dev versions registered: 16
LogDevObjectVersion:   Dev-Blueprints (B0D832E4-1F89-4F0D-ACCF-7EB736FD4AA2): 10
LogDevObjectVersion:   Dev-Build (E1C64328-A22C-4D53-A36C-8E866417BD8C): 0
LogDevObjectVersion:   Dev-Core (375EC13C-06E4-48FB-B500-84F0262A717E): 2
LogDevObjectVersion:   Dev-Editor (E4B068ED-F494-42E9-A231-DA0B2E46BB41): 20
LogDevObjectVersion:   Dev-Framework (CFFC743F-43B0-4480-9391-14DF171D2073): 28
LogDevObjectVersion:   Dev-Mobile (B02B49B5-BB20-44E9-A304-32B752E40360): 0
LogDevObjectVersion:   Dev-Networking (A4E4105C-59A1-49B5-A7C5-40C4547EDFEE): 0
LogDevObjectVersion:   Dev-Online (39C831C9-5AE6-47DC-9A44-9C173E1C8E7C): 0
LogDevObjectVersion:   Dev-Physics (78F01B33-EBEA-4F98-B9B4-84EACCB95AA2): 0
LogDevObjectVersion:   Dev-Platform (6631380F-2D4D-43E0-8009-CF276956A95A): 0
LogDevObjectVersion:   Dev-Rendering (12F88B9F-8875-4AFC-A67C-D90C383ABD29): 19
LogDevObjectVersion:   Dev-Sequencer (7B5AE74C-D270-4C10-A958-57980B212A5A): 4
LogDevObjectVersion:   Dev-VR (D7296918-1DD6-4BDD-9DE2-64A83CC13884): 0
LogDevObjectVersion:   Dev-LoadTimes (C2A15278-BFE7-4AFE-6C17-90FF531DF755): 1
LogDevObjectVersion:   Private-Geometry (6EACA3D4-40EC-4CC1-B786-8BED09428FC5): 1
LogDevObjectVersion:   Dev-AnimPhys (29E575DD-E0A3-4627-9D10-D276232CDCEA): 7
LogInit: Compiled (64-bit): Sep 22 2017 13:47:16
LogInit: Compiled with Visual C++: 19.00.24215.01
LogInit: Build Configuration: Development
LogInit: Branch Name: ++UE4+Release-4.17
LogInit: Command line:  
LogInit: Base directory: C:/Program Files/Epic Games/UE_4.17/Engine/Binaries/Win64/
LogInit: Installed Engine Build: 1
LogInit: Presizing for max 8388607 objects, including 0 objects not considered by GC, pre-allocating 0 bytes for permanent pool.
LogInit: Object subsystem initialized
[2023.01.24-04.12.17:826][  0]LogInit: Selected Device Profile: [Windows]
[2023.01.24-04.12.17:826][  0]LogInit: Applying CVar settings loaded from the selected device profile: [Windows]
[2023.01.24-04.12.17:839][  0]LogInit: Computer: KBC12006017
[2023.01.24-04.12.17:839][  0]LogInit: User: 小浜大和
[2023.01.24-04.12.17:839][  0]LogInit: CPU Page size=4096, Cores=8
[2023.01.24-04.12.17:839][  0]LogInit: High frequency timer resolution =10.000000 MHz
[2023.01.24-04.12.17:839][  0]LogMemory: Memory total: Physical=63.9GB (64GB approx)
[2023.01.24-04.12.17:839][  0]LogMemory: Platform Memory Stats for Windows
[2023.01.24-04.12.17:839][  0]LogMemory: Process Physical Memory: 282.00 MB used, 282.01 MB peak
[2023.01.24-04.12.17:839][  0]LogMemory: Process Virtual Memory: 281.45 MB used, 281.45 MB peak
[2023.01.24-04.12.17:839][  0]LogMemory: Physical Memory: 9789.07 MB used,  55639.09 MB free, 65428.15 MB total
[2023.01.24-04.12.17:839][  0]LogMemory: Virtual Memory: 4804.55 MB used,  55639.09 MB free, 134217728.00 MB total
[2023.01.24-04.12.18:262][  0]LogInit: Using OS detected language (ja-JP).
[2023.01.24-04.12.18:262][  0]LogInit: Using OS detected locale (ja-JP).
[2023.01.24-04.12.18:325][  0]LogTextLocalizationManager: No specific localization for 'ja-JP' exists, so the 'ja' localization will be used.
[2023.01.24-04.12.21:649][  0]LogD3D11RHI: D3D11 adapters:
[2023.01.24-04.12.21:735][  0]LogD3D11RHI:    0. 'AMD Radeon Pro 5500M' (Feature Level 11_0)
[2023.01.24-04.12.21:735][  0]LogD3D11RHI:       8151/0/32714 MB DedicatedVideo/DedicatedSystem/SharedSystem, Outputs:1, VendorId:0x1002
[2023.01.24-04.12.21:739][  0]LogD3D11RHI:    1. 'Microsoft Basic Render Driver' (Feature Level 11_0)
[2023.01.24-04.12.21:739][  0]LogD3D11RHI:       0/0/32714 MB DedicatedVideo/DedicatedSystem/SharedSystem, Outputs:0, VendorId:0x1414
[2023.01.24-04.12.21:739][  0]LogD3D11RHI: Chosen D3D11 Adapter: 0
[2023.01.24-04.12.21:747][  0]LogD3D11RHI: Creating new Direct3DDevice
[2023.01.24-04.12.21:747][  0]LogD3D11RHI:     GPU DeviceId: 0x7340 (for the marketing name, search the web for "GPU Device Id")
[2023.01.24-04.12.21:747][  0]LogWindows: EnumDisplayDevices:
[2023.01.24-04.12.21:747][  0]LogWindows:    0. 'AMD Radeon Pro 5500M' (P:1 D:1)
[2023.01.24-04.12.21:748][  0]LogWindows:    1. 'AMD Radeon Pro 5500M' (P:0 D:0)
[2023.01.24-04.12.21:748][  0]LogWindows:    2. 'AMD Radeon Pro 5500M' (P:0 D:0)
[2023.01.24-04.12.21:748][  0]LogWindows:    3. 'AMD Radeon Pro 5500M' (P:0 D:0)
[2023.01.24-04.12.21:748][  0]LogWindows:    4. 'AMD Radeon Pro 5500M' (P:0 D:0)
[2023.01.24-04.12.21:748][  0]LogWindows:    5. 'AMD Radeon Pro 5500M' (P:0 D:0)
[2023.01.24-04.12.21:749][  0]LogWindows:    6. 'AMD Radeon Pro 5500M' (P:0 D:0)
[2023.01.24-04.12.21:749][  0]LogWindows: DebugString: GetVideoDriverDetailsInvalid PrimaryIsNotTheChoosenAdapter GetVideoDriverDetailsInvalid PrimaryIsNotTheChoosenAdapter GetVideoDriverDetailsInvalid PrimaryIsNotTheChoosenAdapter GetVideoDriverDetailsInvalid PrimaryIsNotTheChoosenAdapter GetVideoDriverDetailsInvalid PrimaryIsNotTheChoosenAdapter GetVideoDriverDetailsInvalid PrimaryIsNotTheChoosenAdapter GetVideoDriverDetailsInvalid PrimaryIsNotTheChoosenAdapter FoundDriverCount:0 
[2023.01.24-04.12.21:749][  0]LogD3D11RHI:     Adapter Name: AMD Radeon Pro 5500M
[2023.01.24-04.12.21:749][  0]LogD3D11RHI:   Driver Version: Unknown (internal:Unknown, unified:Unknown)
[2023.01.24-04.12.21:749][  0]LogD3D11RHI:      Driver Date: Unknown
[2023.01.24-04.12.21:749][  0]LogRHI: Texture pool is 1361 MB (70% of 1945 MB)
[2023.01.24-04.12.21:832][  0]LogD3D11RHI: Async texture creation enabled
[2023.01.24-04.12.21:875][  0]LogD3D11RHI: GPU Timing Frequency: 100.000000 (Debug: 2 1)
[2023.01.24-04.12.21:883][  0]LogShaderCompilers: Guid format shader working directory is -12 characters bigger than the processId version (../../../../../../Users/81806/OneDrive/ドキュメント/UE4_RPG/THE7/Intermediate/Shaders/WorkingDirectory/8136/).
[2023.01.24-04.12.21:883][  0]LogShaderCompilers: Cleaned the shader compiler working directory 'C:/Users/81806/AppData/Local/Temp/UnrealShaderWorkingDir/5E24CD9449287EFA298BD2B0FA9A2B7E/'.
[2023.01.24-04.12.21:884][  0]LogShaderCompilers: Display: Using Local Shader Compiler.
[2023.01.24-04.12.24:118][  0]LogTemp: Display: Loaded TP AllDesktopTargetPlatform
[2023.01.24-04.12.24:191][  0]LogTemp: Display: Loaded TP MacClientTargetPlatform
[2023.01.24-04.12.24:263][  0]LogTemp: Display: Loaded TP MacNoEditorTargetPlatform
[2023.01.24-04.12.24:340][  0]LogTemp: Display: Loaded TP MacServerTargetPlatform
[2023.01.24-04.12.24:414][  0]LogTemp: Display: Loaded TP MacTargetPlatform
[2023.01.24-04.12.24:483][  0]LogTemp: Display: Loaded TP WindowsClientTargetPlatform
[2023.01.24-04.12.24:554][  0]LogTemp: Display: Loaded TP WindowsNoEditorTargetPlatform
[2023.01.24-04.12.24:628][  0]LogTemp: Display: Loaded TP WindowsServerTargetPlatform
[2023.01.24-04.12.24:696][  0]LogTemp: Display: Loaded TP WindowsTargetPlatform
[2023.01.24-04.12.24:771][  0]LogTemp: Display: Loaded TP AndroidTargetPlatform
[2023.01.24-04.12.24:841][  0]LogTemp: Display: Loaded TP Android_ASTCTargetPlatform
[2023.01.24-04.12.24:911][  0]LogTemp: Display: Loaded TP Android_ATCTargetPlatform
[2023.01.24-04.12.24:986][  0]LogTemp: Display: Loaded TP Android_DXTTargetPlatform
[2023.01.24-04.12.25:057][  0]LogTemp: Display: Loaded TP Android_ETC1TargetPlatform
[2023.01.24-04.12.25:132][  0]LogTemp: Display: Loaded TP Android_ETC2TargetPlatform
[2023.01.24-04.12.25:278][  0]LogTemp: Display: Loaded TP Android_MultiTargetPlatform
[2023.01.24-04.12.25:278][  0]LogTemp: Display: Loaded TP Android_PVRTCTargetPlatform
[2023.01.24-04.12.25:342][  0]LogTemp: Display: Loaded TP HTML5TargetPlatform
[2023.01.24-04.12.25:478][  0]LogTemp: Display: Loaded TP IOSTargetPlatform
[2023.01.24-04.12.25:524][  0]LogTemp: Display: Loaded TP TVOSTargetPlatform
[2023.01.24-04.12.25:597][  0]LogTemp: Display: Loaded TP LinuxClientTargetPlatform
[2023.01.24-04.12.25:664][  0]LogTemp: Display: Loaded TP LinuxNoEditorTargetPlatform
[2023.01.24-04.12.25:731][  0]LogTemp: Display: Loaded TP LinuxServerTargetPlatform
[2023.01.24-04.12.25:806][  0]LogTemp: Display: Loaded TP LinuxTargetPlatform
[2023.01.24-04.12.25:806][  0]LogTargetPlatformManager: Display: Building Assets For Windows
[2023.01.24-04.12.26:675][  0]LogDerivedDataCache: Display: Max Cache Size: 512 MB
[2023.01.24-04.12.27:298][  0]LogDerivedDataCache: Loaded boot cache 0.62s 93MB C:/Users/81806/AppData/Local/UnrealEngine/4.17/DerivedDataCache/Boot.ddc.
[2023.01.24-04.12.27:298][  0]LogDerivedDataCache: Display: Loaded Boot cache: C:/Users/81806/AppData/Local/UnrealEngine/4.17/DerivedDataCache/Boot.ddc
[2023.01.24-04.12.27:298][  0]LogDerivedDataCache: FDerivedDataBackendGraph:  Pak pak cache file ../../../../../../Users/81806/OneDrive/ドキュメント/UE4_RPG/THE7/DerivedDataCache/DDC.ddp not found, will not use a pak cache.
[2023.01.24-04.12.27:298][  0]LogDerivedDataCache: Unable to find inner node Pak for hierarchical cache Hierarchy.
[2023.01.24-04.12.27:298][  0]LogDerivedDataCache: FDerivedDataBackendGraph:  CompressedPak pak cache file ../../../../../../Users/81806/OneDrive/ドキュメント/UE4_RPG/THE7/DerivedDataCache/Compressed.ddp not found, will not use a pak cache.
[2023.01.24-04.12.27:298][  0]LogDerivedDataCache: Unable to find inner node CompressedPak for hierarchical cache Hierarchy.
[2023.01.24-04.12.27:326][  0]LogDerivedDataCache: Display: Pak cache opened for reading ../../../Engine/DerivedDataCache/Compressed.ddp.
[2023.01.24-04.12.27:338][  0]LogDerivedDataCache: Using Local data cache path C:/Users/81806/AppData/Local/UnrealEngine/Common/DerivedDataCache: Writable
[2023.01.24-04.12.27:349][  0]LogMaterial: Verifying Global Shaders for PCD3D_SM5
[2023.01.24-04.12.27:355][  0]LogSlate: Using Freetype 2.6.0
[2023.01.24-04.12.27:369][  0]LogSlate: SlateFontCache - WITH_FREETYPE: 1, WITH_HARFBUZZ: 1
[2023.01.24-04.12.27:369][  0]LogSlate: SlateFontCache - WITH_FREETYPE: 1, WITH_HARFBUZZ: 1
[2023.01.24-04.12.28:230][  0]LogAssetRegistry: FAssetRegistry took 0.0286 seconds to start up
[2023.01.24-04.12.28:429][  0]LogInit: Selected Device Profile: [Windows]
[2023.01.24-04.12.28:942][  0]LogContentStreaming: Texture pool size is 0.00 MB
[2023.01.24-04.12.29:437][  0]LogSimplygon: Simplygon DLL not present - disabling.
[2023.01.24-04.12.29:503][  0]LogMeshReduction: Using SimplygonSwarm for distributed automatic mesh merging
[2023.01.24-04.12.29:504][  0]LogMeshReduction: Using QuadricMeshReduction for automatic static mesh reduction
[2023.01.24-04.12.29:504][  0]LogMeshReduction: No automatic skeletal mesh reduction module available
[2023.01.24-04.12.29:504][  0]LogMeshReduction: No automatic mesh merging module available
[2023.01.24-04.12.29:504][  0]LogMeshMerging: No automatic mesh merging module available
[2023.01.24-04.12.30:230][  0]LogNetVersion: THE7 , NetCL: 3573198, EngineNetVer: 2, GameNetVer: 0 (Checksum: 151110352)
[2023.01.24-04.12.30:650][  0]LogPackageLocalizationCache: Processed 5 localized package path(s) for 2 prioritized culture(s) in 0.050791 seconds
[2023.01.24-04.12.30:655][  0]LogUObjectArray: 35825 objects as part of root set at end of initial load.
[2023.01.24-04.12.30:656][  0]LogUObjectAllocator: 7529104 out of 0 bytes used by permanent object pool.
[2023.01.24-04.12.30:656][  0]LogUObjectArray: CloseDisregardForGC: 0/0 objects in disregard for GC pool
[2023.01.24-04.12.30:765][  0]LogInit: WinSock: version 1.1 (2.2), MaxSocks=32767, MaxUdp=65467
[2023.01.24-04.12.36:845][  0]LogTcpMessaging: Initializing TcpMessaging bridge
[2023.01.24-04.12.36:902][  0]LogUdpMessaging: Initializing bridge on interface 0.0.0.0:0 to multicast group 230.0.0.1:6666.
[2023.01.24-04.12.37:897][  0]LogMaterial: Uniform references updated for custom material expression Custom.
[2023.01.24-04.12.38:498][  0]SourceControl: ソースコントロールは無効です
[2023.01.24-04.12.38:498][  0]SourceControl: ソースコントロールは無効です
[2023.01.24-04.12.38:579][  0]SourceControl: ソースコントロールは無効です
[2023.01.24-04.12.38:658][  0]SourceControl: ソースコントロールは無効です
[2023.01.24-04.12.39:979][  0]LogAndroidPermission: UAndroidPermissionCallbackProxy::GetInstance
[2023.01.24-04.12.40:539][  0]LogOcInput: OculusInput pre-init called
[2023.01.24-04.12.41:121][  0]LogEngine: Initializing Engine...
[2023.01.24-04.12.41:125][  0]LogHMD: Failed to initialize OpenVR with code 110
[2023.01.24-04.12.41:418][  0]LogStats: UGameplayTagsManager::ConstructGameplayTagTree: Construct from data asset -  0.000 s
[2023.01.24-04.12.41:418][  0]LogStats: UGameplayTagsManager::ConstructGameplayTagTree: GameplayTagTreeChangedEvent.Broadcast -  0.000 s
[2023.01.24-04.12.41:638][  0]LogAIModule: Creating AISystem for world Untitled
[2023.01.24-04.12.41:674][  0]LogInit: XAudio2 using 'ヘッドホン (Apple Audio Device)' : 2 channels at 48 kHz using 16 bits per sample (channel mask 0x3)
[2023.01.24-04.12.41:693][  0]LogInit: FAudioDevice initialized.
[2023.01.24-04.12.41:747][  0]LogDerivedDataCache: Saved boot cache 0.05s 93MB C:/Users/81806/AppData/Local/UnrealEngine/4.17/DerivedDataCache/Boot.ddc.
[2023.01.24-04.12.41:754][  0]LogInit: Texture streaming: Enabled
[2023.01.24-04.12.41:958][  0]LogEngineSessionManager: EngineSessionManager initialized
[2023.01.24-04.12.42:338][  0]LogInit: Transaction tracking system initialized
[2023.01.24-04.12.42:853][  0]BlueprintLog: New page: エディタの読み込み
[2023.01.24-04.12.44:363][  0]LocalizationService: ローカライズのサービスが無効になりました
[2023.01.24-04.12.45:180][  0]LogLinker: Warning: ファイル '/Game/ThirdPersonBP/ThirdPersonOverview' が見つかりません
[2023.01.24-04.12.45:180][  0]LogLinker: Warning: ファイル '/Game/ThirdPersonBP/ThirdPersonOverview' が見つかりません
[2023.01.24-04.12.45:180][  0]LogUObjectGlobals: Warning: オブジェクト 'Class /Game/ThirdPersonBP/ThirdPersonOverview.ThirdPersonOverview_C' が見つかりませんでした
[2023.01.24-04.12.45:465][  0]LogConsoleResponse: Display: 
[2023.01.24-04.12.45:709][  0]LogCook: Display: Max memory allowance for cook 16384mb min free memory 0mb
[2023.01.24-04.12.45:709][  0]LogCook: Display: Mobile HDR setting 1
[2023.01.24-04.12.45:711][  0]LogGameplayTags: Display: UGameplayTagsManager::DoneAddingNativeTags. DelegateIsBound: 0
[2023.01.24-04.12.45:954][  0]LogFileCache: Scanning file cache for directory 'C:/Users/81806/OneDrive/ドキュメント/UE4_RPG/THE7/Content/' took 0.02s
[2023.01.24-04.12.47:388][  0]SourceControl: ソースコントロールは無効です
[2023.01.24-04.12.47:391][  0]Cmd: MAP LOAD FILE="../../../../../../Users/81806/OneDrive/ドキュメント/UE4_RPG/THE7/Content/Map/Game_Main.umap" TEMPLATE=0 SHOWPROGRESS=1 FEATURELEVEL=3
[2023.01.24-04.12.47:393][  0]LightingResults: New page: ライティングのビルド
[2023.01.24-04.12.47:458][  0]MapCheck: New page: マップをチェック
[2023.01.24-04.12.47:458][  0]LightingResults: New page: <何も選択されていません>
[2023.01.24-04.12.47:681][  0]LogBlueprint: Error: [Compiler BPAward] Object  のタイプが不確定です。特定タイプを暗示するために  Cast To BP_Award_GameController  へ何かを接続してください            
[2023.01.24-04.12.47:685][  0]LogBlueprint: Error: [Compiler BPAward] ' Object ' ピンの現行値は無効です： Unsupported type ワイルドカード on pin Object
[2023.01.24-04.12.47:689][  0]LogBlueprint: Warning: [Compiler BPAward] [0033.63] Compile of BPAward failed. 2 Fatal Issue(s) 0 Warning(s) [in 24 ms] (/Game/BP/BPAward.BPAward)
[2023.01.24-04.12.47:956][  0]LogAIModule: Creating AISystem for world Game_Main
[2023.01.24-04.12.47:965][  0]LogStreaming: Display: ULevelStreaming::RequestLevel(/Game/Map/Floor1) is flushing async loading
[2023.01.24-04.12.48:298][  0]LogStreaming: Display: ULevelStreaming::RequestLevel(/Game/Map/Floor3) is flushing async loading
[2023.01.24-04.12.48:418][  0]LogStreaming: Display: ULevelStreaming::RequestLevel(/Game/Map/Floor4) is flushing async loading
[2023.01.24-04.12.48:594][  0]LogStreaming: Display: ULevelStreaming::RequestLevel(/Game/Map/Floor5) is flushing async loading
[2023.01.24-04.12.48:946][  0]LogStreaming: Display: ULevelStreaming::RequestLevel(/Game/Map/Floor2) is flushing async loading
[2023.01.24-04.12.49:110][  0]LogEditorServer: Finished looking for orphan Actors (0.000 secs)
[2023.01.24-04.12.49:213][  0]Cmd: MAP CHECKDEP NOCLEARLOG
[2023.01.24-04.12.49:271][  0]MapCheck: マップチェックが完了: 0 エラー、 0 警告、完了に 58.166ミリ秒かかりました。
[2023.01.24-04.12.49:271][  0]LogFileHelpers: Loading map 'Game_Main' took 1.882
[2023.01.24-04.12.49:471][  0]LogCollectionManager: Loaded 0 collections in 0.001635 seconds
[2023.01.24-04.12.49:597][  0]LogFileCache: Scanning file cache for directory 'C:/Users/81806/OneDrive/ドキュメント/UE4_RPG/THE7/Saved/Collections/' took 0.01s
[2023.01.24-04.12.49:597][  0]LogFileCache: Scanning file cache for directory 'C:/Users/81806/OneDrive/ドキュメント/UE4_RPG/THE7/Content/Developers/小浜大和/Collections/' took 0.01s
[2023.01.24-04.12.49:597][  0]LogFileCache: Scanning file cache for directory 'C:/Users/81806/OneDrive/ドキュメント/UE4_RPG/THE7/Content/Collections/' took 0.01s
[2023.01.24-04.12.49:597][  0]LogCollectionManager: Rebuilt the GUID cache for 0 collections in 0.000000 seconds
[2023.01.24-04.12.49:608][  0]LogContentBrowser: Native class hierarchy populated in 0.0083 seconds. Added 2386 classes and 500 folders.
[2023.01.24-04.12.49:712][  0]LogContentBrowser: Native class hierarchy updated for 'WidgetCarousel' in 0.0010 seconds. Added 0 classes and 0 folders.
[2023.01.24-04.12.50:105][  0]LogContentBrowser: Native class hierarchy updated for 'AddContentDialog' in 0.0005 seconds. Added 0 classes and 0 folders.
[2023.01.24-04.12.50:279][  0]LogContentBrowser: Native class hierarchy updated for 'SceneOutliner' in 0.0006 seconds. Added 1 classes and 2 folders.
[2023.01.24-04.12.50:374][  0]LogContentBrowser: Native class hierarchy updated for 'WorldBrowser' in 0.0006 seconds. Added 2 classes and 3 folders.
[2023.01.24-04.12.50:597][  0]LogSlate: Took 0.006923 seconds to synchronously load lazily loaded font '../../../Engine/Content/Slate/Fonts/Roboto-Regular.ttf' (155K)
[2023.01.24-04.12.50:629][  0]LogSlate: Took 0.030330 seconds to synchronously load lazily loaded font '../../../Engine/Content/Slate/Fonts/DroidSansFallback.ttf' (3848K)
[2023.01.24-04.12.50:634][  0]LogSlate: Took 0.004464 seconds to synchronously load lazily loaded font '../../../Engine/Content/Slate/Fonts/Roboto-Bold.ttf' (160K)
[2023.01.24-04.12.50:642][  0]LogSlate: Took 0.004285 seconds to synchronously load lazily loaded font '../../../Engine/Content/Editor/Slate/Fonts/FontAwesome.ttf' (139K)
[2023.01.24-04.12.50:787][  0]LogRenderer: Reallocating scene render targets to support 924x496 Format 10 NumSamples 1 (Frame:1).
[2023.01.24-04.12.51:234][  0]LogContentBrowser: Native class hierarchy updated for 'HierarchicalLODOutliner' in 0.0009 seconds. Added 1 classes and 2 folders.
[2023.01.24-04.12.51:234][  0]LogLoad: (Engine Initialization) Total time: 37.17 seconds
[2023.01.24-04.12.51:234][  0]LogLoad: (Engine Initialization) Total Blueprint compile time: 0.00 seconds
[2023.01.24-04.12.51:235][  0]LogExternalProfiler: No external profilers were discovered.  External profiling features will not be available.
[2023.01.24-04.12.51:278][  0]LogContentStreaming: Texture pool size now 1000 MB
[2023.01.24-04.12.51:374][  0]LogSlate: Took 0.005135 seconds to synchronously load lazily loaded font '../../../Engine/Content/Slate/Fonts/Roboto-Light.ttf' (159K)
[2023.01.24-04.12.51:439][  1]LogScript: Warning: Accessed None trying to read property IsClearInstance
	BP_Anim_Award_C /Engine/Transient.World_0:PersistentLevel.BPAward_C_0.CharacterMesh0.BP_Anim_Award_C_0
	Function /Game/Animation/BP_Anim_Award.BP_Anim_Award_C:ExecuteUbergraph_BP_Anim_Award:00B1
[2023.01.24-04.12.51:440][  1]LogScript: Warning: Accessed None trying to read property IsClearInstance
	BP_Anim_Award_C /Engine/Transient.World_0:PersistentLevel.BPAward_C_0.CharacterMesh0.BP_Anim_Award_C_0
	Function /Game/Animation/BP_Anim_Award.BP_Anim_Award_C:ExecuteUbergraph_BP_Anim_Award:01A5
[2023.01.24-04.12.51:448][  1]LogAssetRegistry: Asset discovery search completed in 23.2404 seconds
[2023.01.24-04.12.51:451][  1]LogCollectionManager: Rebuilt the object cache for 0 collections in 0.000000 seconds (found 0 objects)
[2023.01.24-04.12.51:451][  1]LogCollectionManager: Fixed up redirectors for 0 collections in 0.000070 seconds (updated 0 objects)
[2023.01.24-04.15.44:923][353]LogSlate: Took 0.000180 seconds to synchronously load lazily loaded font '../../../Engine/Content/Slate/Fonts/Roboto-Light.ttf' (159K)
[2023.01.24-04.15.45:505][353]LogContentBrowser: Native class hierarchy updated for 'BlueprintGraph' in 0.0013 seconds. Added 113 classes and 0 folders.
[2023.01.24-04.15.46:484][353]LogSlate: Took 0.006671 seconds to synchronously load lazily loaded font '../../../Engine/Content/Editor/Slate/Fonts/Roboto-BoldCondensed.ttf' (158K)
[2023.01.24-04.16.02:936][ 70]Cmd: OBJ SAVEPACKAGE PACKAGE="/Game/BP/Award_GameInstans" FILE="../../../../../../Users/81806/OneDrive/ドキュメント/UE4_RPG/THE7/Content/BP/Award_GameInstans.uasset" SILENT=true
[2023.01.24-04.16.02:979][ 70]LogSavePackage: Save=22.30ms
[2023.01.24-04.16.02:979][ 70]LogSavePackage: Moving '../../../../../../Users/81806/OneDrive/ドキュメント/UE4_RPG/THE7/Saved/Award_GameInstans6EE633AB4C42957F8973BDB810B63249.tmp' to '../../../../../../Users/81806/OneDrive/ドキュメント/UE4_RPG/THE7/Content/BP/Award_GameInstans.uasset'
[2023.01.24-04.16.02:984][ 70]LogSavePackage: Display: Finished SavePackage ../../../../../../Users/81806/OneDrive/ドキュメント/UE4_RPG/THE7/Content/BP/Award_GameInstans.uasset
[2023.01.24-04.16.04:772][139]BlueprintLog: New page: Award_GameInstans をコンパイル
[2023.01.24-04.16.04:929][139]LogBlueprint: Error: [Compiler BPAward] Object  のタイプが不確定です。特定タイプを暗示するために  Cast To BP_Award_GameController  へ何かを接続してください            
[2023.01.24-04.16.04:940][139]LogBlueprint: Error: [Compiler BPAward] ' Object ' ピンの現行値は無効です： Unsupported type ワイルドカード on pin Object
[2023.01.24-04.16.04:963][139]LogBlueprint: Warning: [Compiler BPAward] [0230.90] Compile of BPAward failed. 2 Fatal Issue(s) 0 Warning(s) [in 185 ms] (/Game/BP/BPAward.BPAward)
[2023.01.24-04.16.04:964][139]LogScript: Warning: Accessed None trying to read property IsClearInstance
	BP_Anim_Award_C /Engine/Transient.World_0:PersistentLevel.BPAward_C_0.CharacterMesh0.BP_Anim_Award_C_1
	Function /Game/Animation/BP_Anim_Award.BP_Anim_Award_C:ExecuteUbergraph_BP_Anim_Award:00B1
[2023.01.24-04.16.04:964][139]LogScript: Warning: Accessed None trying to read property IsClearInstance
	BP_Anim_Award_C /Engine/Transient.World_0:PersistentLevel.BPAward_C_0.CharacterMesh0.BP_Anim_Award_C_1
	Function /Game/Animation/BP_Anim_Award.BP_Anim_Award_C:ExecuteUbergraph_BP_Anim_Award:01A5
[2023.01.24-04.16.05:252][139]LogScript: Warning: Accessed None trying to read property IsClearInstance
	BP_Anim_Award_C /Engine/Transient.World_0:PersistentLevel.BPAward_C_0.CharacterMesh0.BP_Anim_Award_C_2
	Function /Game/Animation/BP_Anim_Award.BP_Anim_Award_C:ExecuteUbergraph_BP_Anim_Award:00B1
[2023.01.24-04.16.05:252][139]LogScript: Warning: Accessed None trying to read property IsClearInstance
	BP_Anim_Award_C /Engine/Transient.World_0:PersistentLevel.BPAward_C_0.CharacterMesh0.BP_Anim_Award_C_2
	Function /Game/Animation/BP_Anim_Award.BP_Anim_Award_C:ExecuteUbergraph_BP_Anim_Award:01A5
[2023.01.24-04.16.05:254][139]LogScript: Warning: Accessed None trying to read property IsClearInstance
	BP_Anim_Award_C /Engine/Transient.World_0:PersistentLevel.BPAward_C_0.CharacterMesh0.BP_Anim_Award_C_3
	Function /Game/Animation/BP_Anim_Award.BP_Anim_Award_C:ExecuteUbergraph_BP_Anim_Award:00B1
[2023.01.24-04.16.05:254][139]LogScript: Warning: Accessed None trying to read property IsClearInstance
	BP_Anim_Award_C /Engine/Transient.World_0:PersistentLevel.BPAward_C_0.CharacterMesh0.BP_Anim_Award_C_3
	Function /Game/Animation/BP_Anim_Award.BP_Anim_Award_C:ExecuteUbergraph_BP_Anim_Award:01A5
[2023.01.24-04.18.32:683][617]BlueprintLog: New page: Award_GameInstans をコンパイル
[2023.01.24-04.18.32:776][617]LogBlueprint: Error: [Compiler BPAward] Object  のタイプが不確定です。特定タイプを暗示するために  Cast To BP_Award_GameController  へ何かを接続してください            
[2023.01.24-04.18.32:785][617]LogBlueprint: Error: [Compiler BPAward] ' Object ' ピンの現行値は無効です： Unsupported type ワイルドカード on pin Object
[2023.01.24-04.18.32:798][617]LogBlueprint: Warning: [Compiler BPAward] [0378.74] Compile of BPAward failed. 2 Fatal Issue(s) 0 Warning(s) [in 111 ms] (/Game/BP/BPAward.BPAward)
[2023.01.24-04.18.32:972][617]LogScript: Warning: Accessed None trying to read property IsClearInstance
	BP_Anim_Award_C /Engine/Transient.World_0:PersistentLevel.BPAward_C_0.CharacterMesh0.BP_Anim_Award_C_0
	Function /Game/Animation/BP_Anim_Award.BP_Anim_Award_C:ExecuteUbergraph_BP_Anim_Award:00B1
[2023.01.24-04.18.32:972][617]LogScript: Warning: Accessed None trying to read property IsClearInstance
	BP_Anim_Award_C /Engine/Transient.World_0:PersistentLevel.BPAward_C_0.CharacterMesh0.BP_Anim_Award_C_0
	Function /Game/Animation/BP_Anim_Award.BP_Anim_Award_C:ExecuteUbergraph_BP_Anim_Award:01A5
[2023.01.24-04.18.32:973][617]LogScript: Warning: Accessed None trying to read property IsClearInstance
	BP_Anim_Award_C /Engine/Transient.World_0:PersistentLevel.BPAward_C_0.CharacterMesh0.BP_Anim_Award_C_1
	Function /Game/Animation/BP_Anim_Award.BP_Anim_Award_C:ExecuteUbergraph_BP_Anim_Award:00B1
[2023.01.24-04.18.32:973][617]LogScript: Warning: Accessed None trying to read property IsClearInstance
	BP_Anim_Award_C /Engine/Transient.World_0:PersistentLevel.BPAward_C_0.CharacterMesh0.BP_Anim_Award_C_1
	Function /Game/Animation/BP_Anim_Award.BP_Anim_Award_C:ExecuteUbergraph_BP_Anim_Award:01A5
[2023.01.24-04.19.08:005][671]LogScript: Warning: Accessed None trying to read property IsClearInstance
	BP_Anim_Award_C /Engine/Transient.World_0:PersistentLevel.BPAward_C_1.CharacterMesh0.BP_Anim_Award_C_2
	Function /Game/Animation/BP_Anim_Award.BP_Anim_Award_C:ExecuteUbergraph_BP_Anim_Award:00B1
[2023.01.24-04.19.08:006][671]LogScript: Warning: Accessed None trying to read property IsClearInstance
	BP_Anim_Award_C /Engine/Transient.World_0:PersistentLevel.BPAward_C_1.CharacterMesh0.BP_Anim_Award_C_2
	Function /Game/Animation/BP_Anim_Award.BP_Anim_Award_C:ExecuteUbergraph_BP_Anim_Award:01A5
[2023.01.24-04.19.14:849][843]LogSlate: Took 0.005110 seconds to synchronously load lazily loaded font '../../../Engine/Content/Editor/Slate/Fonts/Roboto-Italic.ttf' (157K)
[2023.01.24-04.22.42:690][726]LogSlate: Took 0.000307 seconds to synchronously load lazily loaded font '../../../Engine/Content/Slate/Fonts/Roboto-Light.ttf' (159K)
[2023.01.24-04.22.52:109][754]Cmd: OBJ SAVEPACKAGE PACKAGE="/Game/Map/Floor1" FILE="../../../../../../Users/81806/OneDrive/ドキュメント/UE4_RPG/THE7/Saved/Autosaves/Game/Map/Floor1_Auto1.umap" SILENT=true AUTOSAVING=true KEEPDIRTY=false
[2023.01.24-04.22.52:145][754]LogSpawn: Warning: UWorld::DestroyActor: World has no context! World: Floor1, Actor: /Game/Map/Floor1.Floor1:PersistentLevel.Floor1_C_0
[2023.01.24-04.22.52:686][754]LogSavePackage: Save=543.77ms
[2023.01.24-04.22.52:686][754]LogSavePackage: Moving '../../../../../../Users/81806/OneDrive/ドキュメント/UE4_RPG/THE7/Saved/Floor1_Auto179556C99429E3C6352F548847C18522F.tmp' to '../../../../../../Users/81806/OneDrive/ドキュメント/UE4_RPG/THE7/Saved/Autosaves/Game/Map/Floor1_Auto1.umap'
[2023.01.24-04.22.52:688][754]LogSavePackage: Display: Finished SavePackage ../../../../../../Users/81806/OneDrive/ドキュメント/UE4_RPG/THE7/Saved/Autosaves/Game/Map/Floor1_Auto1.umap
[2023.01.24-04.22.52:695][754]Cmd: OBJ SAVEPACKAGE PACKAGE="/Game/Map/Floor3" FILE="../../../../../../Users/81806/OneDrive/ドキュメント/UE4_RPG/THE7/Saved/Autosaves/Game/Map/Floor3_Auto1.umap" SILENT=true AUTOSAVING=true KEEPDIRTY=false
[2023.01.24-04.22.53:696][754]LogSavePackage: Save=968.80ms
[2023.01.24-04.22.53:696][754]LogSavePackage: Moving '../../../../../../Users/81806/OneDrive/ドキュメント/UE4_RPG/THE7/Saved/Floor3_Auto10E08DAE346DD7D3252A8A48A8491424D.tmp' to '../../../../../../Users/81806/OneDrive/ドキュメント/UE4_RPG/THE7/Saved/Autosaves/Game/Map/Floor3_Auto1.umap'
[2023.01.24-04.22.53:698][754]LogSavePackage: Display: Finished SavePackage ../../../../../../Users/81806/OneDrive/ドキュメント/UE4_RPG/THE7/Saved/Autosaves/Game/Map/Floor3_Auto1.umap
[2023.01.24-04.22.53:702][754]Cmd: OBJ SAVEPACKAGE PACKAGE="/Game/Map/Floor4" FILE="../../../../../../Users/81806/OneDrive/ドキュメント/UE4_RPG/THE7/Saved/Autosaves/Game/Map/Floor4_Auto1.umap" SILENT=true AUTOSAVING=true KEEPDIRTY=false
[2023.01.24-04.22.55:124][754]LogSavePackage: Save=1388.84ms
[2023.01.24-04.22.55:124][754]LogSavePackage: Moving '../../../../../../Users/81806/OneDrive/ドキュメント/UE4_RPG/THE7/Saved/Floor4_Auto11C6D20A347E3AE3444C5898D4DD47470.tmp' to '../../../../../../Users/81806/OneDrive/ドキュメント/UE4_RPG/THE7/Saved/Autosaves/Game/Map/Floor4_Auto1.umap'
[2023.01.24-04.22.55:126][754]LogSavePackage: Display: Finished SavePackage ../../../../../../Users/81806/OneDrive/ドキュメント/UE4_RPG/THE7/Saved/Autosaves/Game/Map/Floor4_Auto1.umap
[2023.01.24-04.22.55:129][754]Cmd: OBJ SAVEPACKAGE PACKAGE="/Game/Map/Floor5" FILE="../../../../../../Users/81806/OneDrive/ドキュメント/UE4_RPG/THE7/Saved/Autosaves/Game/Map/Floor5_Auto1.umap" SILENT=true AUTOSAVING=true KEEPDIRTY=false
[2023.01.24-04.22.56:875][754]LogSlate: Took 0.000237 seconds to synchronously load lazily loaded font '../../../Engine/Content/Slate/Fonts/Roboto-Regular.ttf' (155K)
[2023.01.24-04.22.57:099][754]LogSavePackage: Save=1949.33ms
[2023.01.24-04.22.57:099][754]LogSavePackage: Moving '../../../../../../Users/81806/OneDrive/ドキュメント/UE4_RPG/THE7/Saved/Floor5_Auto1723110F04F2F5D5BB4BA2FBE054A8590.tmp' to '../../../../../../Users/81806/OneDrive/ドキュメント/UE4_RPG/THE7/Saved/Autosaves/Game/Map/Floor5_Auto1.umap'
[2023.01.24-04.22.57:104][754]LogSavePackage: Display: Finished SavePackage ../../../../../../Users/81806/OneDrive/ドキュメント/UE4_RPG/THE7/Saved/Autosaves/Game/Map/Floor5_Auto1.umap
[2023.01.24-04.22.57:108][754]Cmd: OBJ SAVEPACKAGE PACKAGE="/Game/Map/Floor2" FILE="../../../../../../Users/81806/OneDrive/ドキュメント/UE4_RPG/THE7/Saved/Autosaves/Game/Map/Floor2_Auto1.umap" SILENT=true AUTOSAVING=true KEEPDIRTY=false
[2023.01.24-04.22.58:225][754]LogSavePackage: Save=1081.81ms
[2023.01.24-04.22.58:225][754]LogSavePackage: Moving '../../../../../../Users/81806/OneDrive/ドキュメント/UE4_RPG/THE7/Saved/Floor2_Auto1C61D80A24E6E4DC7DC90369C554EEE05.tmp' to '../../../../../../Users/81806/OneDrive/ドキュメント/UE4_RPG/THE7/Saved/Autosaves/Game/Map/Floor2_Auto1.umap'
[2023.01.24-04.22.58:228][754]LogSavePackage: Display: Finished SavePackage ../../../../../../Users/81806/OneDrive/ドキュメント/UE4_RPG/THE7/Saved/Autosaves/Game/Map/Floor2_Auto1.umap
[2023.01.24-04.22.58:232][754]LogFileHelpers: Editor autosave (incl. sublevels) for '/Game/Map/Game_Main' took 6.175
[2023.01.24-04.22.58:232][754]LogFileHelpers: Editor autosave (incl. sublevels) for all levels took 6.175
[2023.01.24-04.22.58:237][754]OBJ SavePackage: Generating thumbnails for [0] asset(s) in package [/Game/BP/Award_GameInstans] ([1] browsable assets)...
[2023.01.24-04.22.58:237][754]OBJ SavePackage: Finished generating thumbnails for package [/Game/BP/Award_GameInstans]
[2023.01.24-04.22.58:304][754]LogSavePackage: Save=31.47ms
[2023.01.24-04.22.58:304][754]LogSavePackage: Moving '../../../../../../Users/81806/OneDrive/ドキュメント/UE4_RPG/THE7/Saved/Award_GameInstans_Auto15D67CCF0476D424413D6B9AC3F2FEA48.tmp' to '../../../../../../Users/81806/OneDrive/ドキュメント/UE4_RPG/THE7/Saved/Autosaves/Game/BP/Award_GameInstans_Auto1.uasset'
[2023.01.24-04.22.58:305][754]LogSavePackage: Display: Finished SavePackage ../../../../../../Users/81806/OneDrive/ドキュメント/UE4_RPG/THE7/Saved/Autosaves/Game/BP/Award_GameInstans_Auto1.uasset
[2023.01.24-04.22.58:305][754]LogFileHelpers: Auto-saving content packages took 0.070
[2023.01.24-05.47.04:762][907]LogRenderer: Reallocating scene render targets to support 924x616 Format 10 NumSamples 1 (Frame:1).
[2023.01.24-05.49.37:963][207]LogTexture: Display: Building textures: ShadowMapTexture2D_4 (G8, 1024X256)
[2023.01.24-05.49.37:963][207]LogTexture: Display: Building textures: ThumbnailTexture (DXT1, 512X512)
[2023.01.24-05.49.37:963][207]LogTexture: Display: Building textures: LQ_Lightmap_1_1 (DXT1, 1024X1024)
[2023.01.24-05.49.37:963][207]LogTexture: Display: Building textures: HQ_Lightmap1_1 (AutoDXT, 1024X1024)
[2023.01.24-05.49.37:966][207]LogMaterial: Missing cached shader map for material M_Conffeti, compiling. 
[2023.01.24-05.49.38:036][207]LogAudioDerivedData: Display: 圧縮オーディオ フォーマット OGG ウェーブ game_over をビルド中...
[2023.01.24-05.49.38:245][207]LogAudioDerivedData: Display: 圧縮オーディオ フォーマット OGG ウェーブ game_clear をビルド中...
[2023.01.24-05.49.38:406][207]LogAIModule: Creating AISystem for world End
[2023.01.24-05.49.38:410][207]LogScript: Warning: Accessed None trying to read property IsClearInstance
	BP_Anim_Award_C /Game/Map/End.End:PersistentLevel.BPAward_1354.CharacterMesh0.BP_Anim_Award_C_0
	Function /Game/Animation/BP_Anim_Award.BP_Anim_Award_C:ExecuteUbergraph_BP_Anim_Award:00B1
[2023.01.24-05.49.38:410][207]LogScript: Warning: Accessed None trying to read property IsClearInstance
	BP_Anim_Award_C /Game/Map/End.End:PersistentLevel.BPAward_1354.CharacterMesh0.BP_Anim_Award_C_0
	Function /Game/Animation/BP_Anim_Award.BP_Anim_Award_C:ExecuteUbergraph_BP_Anim_Award:01A5
[2023.01.24-05.49.39:995][207]Cmd: OBJ SAVEPACKAGE PACKAGE="/Game/BP/Award_GameInstans" FILE="../../../../../../Users/81806/OneDrive/ドキュメント/UE4_RPG/THE7/Content/BP/Award_GameInstans.uasset" SILENT=true
[2023.01.24-05.49.40:063][207]LogSavePackage: Save=32.37ms
[2023.01.24-05.49.40:063][207]LogSavePackage: Moving '../../../../../../Users/81806/OneDrive/ドキュメント/UE4_RPG/THE7/Saved/Award_GameInstans3343C833469473684D9E84AEB76B0823.tmp' to '../../../../../../Users/81806/OneDrive/ドキュメント/UE4_RPG/THE7/Content/BP/Award_GameInstans.uasset'
[2023.01.24-05.49.40:068][207]LogSavePackage: Display: Finished SavePackage ../../../../../../Users/81806/OneDrive/ドキュメント/UE4_RPG/THE7/Content/BP/Award_GameInstans.uasset
[2023.01.24-05.49.40:190][207]Cmd: OBJ SAVEPACKAGE PACKAGE="/Game/Map/Floor1" FILE="../../../../../../Users/81806/OneDrive/ドキュメント/UE4_RPG/THE7/Content/Map/Floor1.umap" SILENT=true AUTOSAVING=false KEEPDIRTY=false
[2023.01.24-05.49.40:276][207]LogSpawn: Warning: UWorld::DestroyActor: World has no context! World: Floor1, Actor: /Game/Map/Floor1.Floor1:PersistentLevel.Floor1_C_1
[2023.01.24-05.49.40:840][207]LogSavePackage: Save=567.00ms
[2023.01.24-05.49.40:840][207]LogSavePackage: Moving '../../../../../../Users/81806/OneDrive/ドキュメント/UE4_RPG/THE7/Saved/Floor1EF1D169A4C67171CE7A7EF9DD22EFFFD.tmp' to '../../../../../../Users/81806/OneDrive/ドキュメント/UE4_RPG/THE7/Content/Map/Floor1.umap'
[2023.01.24-05.49.40:843][207]LogSavePackage: Display: Finished SavePackage ../../../../../../Users/81806/OneDrive/ドキュメント/UE4_RPG/THE7/Content/Map/Floor1.umap
[2023.01.24-05.49.40:843][207]LogFileHelpers: Saving map 'Floor1' took 0.776
[2023.01.24-05.49.40:944][207]Cmd: OBJ SAVEPACKAGE PACKAGE="/Game/Map/Floor2" FILE="../../../../../../Users/81806/OneDrive/ドキュメント/UE4_RPG/THE7/Content/Map/Floor2.umap" SILENT=true AUTOSAVING=false KEEPDIRTY=false
[2023.01.24-05.49.42:087][207]LogSavePackage: Save=1068.47ms
[2023.01.24-05.49.42:087][207]LogSavePackage: Moving '../../../../../../Users/81806/OneDrive/ドキュメント/UE4_RPG/THE7/Saved/Floor29EBFCCE4482353604D49E6AEA8CCA230.tmp' to '../../../../../../Users/81806/OneDrive/ドキュメント/UE4_RPG/THE7/Content/Map/Floor2.umap'
[2023.01.24-05.49.42:091][207]LogSavePackage: Display: Finished SavePackage ../../../../../../Users/81806/OneDrive/ドキュメント/UE4_RPG/THE7/Content/Map/Floor2.umap
[2023.01.24-05.49.42:091][207]LogFileHelpers: Saving map 'Floor2' took 1.247
[2023.01.24-05.49.42:191][207]Cmd: OBJ SAVEPACKAGE PACKAGE="/Game/Map/Floor3" FILE="../../../../../../Users/81806/OneDrive/ドキュメント/UE4_RPG/THE7/Content/Map/Floor3.umap" SILENT=true AUTOSAVING=false KEEPDIRTY=false
[2023.01.24-05.49.42:971][207]LogSavePackage: Save=706.95ms
[2023.01.24-05.49.42:971][207]LogSavePackage: Moving '../../../../../../Users/81806/OneDrive/ドキュメント/UE4_RPG/THE7/Saved/Floor3415B3D7C4B7D2D2F813FB997ADA626F6.tmp' to '../../../../../../Users/81806/OneDrive/ドキュメント/UE4_RPG/THE7/Content/Map/Floor3.umap'
[2023.01.24-05.49.42:974][207]LogSavePackage: Display: Finished SavePackage ../../../../../../Users/81806/OneDrive/ドキュメント/UE4_RPG/THE7/Content/Map/Floor3.umap
[2023.01.24-05.49.42:975][207]LogFileHelpers: Saving map 'Floor3' took 0.884
[2023.01.24-05.49.43:038][207]Cmd: OBJ SAVEPACKAGE PACKAGE="/Game/Map/Floor4" FILE="../../../../../../Users/81806/OneDrive/ドキュメント/UE4_RPG/THE7/Content/Map/Floor4.umap" SILENT=true AUTOSAVING=false KEEPDIRTY=false
[2023.01.24-05.49.44:055][207]LogSavePackage: Save=968.38ms
[2023.01.24-05.49.44:055][207]LogSavePackage: Moving '../../../../../../Users/81806/OneDrive/ドキュメント/UE4_RPG/THE7/Saved/Floor49140DF3E4A421F50A38CA8966D3A927A.tmp' to '../../../../../../Users/81806/OneDrive/ドキュメント/UE4_RPG/THE7/Content/Map/Floor4.umap'
[2023.01.24-05.49.44:058][207]LogSavePackage: Display: Finished SavePackage ../../../../../../Users/81806/OneDrive/ドキュメント/UE4_RPG/THE7/Content/Map/Floor4.umap
[2023.01.24-05.49.44:058][207]LogFileHelpers: Saving map 'Floor4' took 1.083
[2023.01.24-05.49.44:127][207]Cmd: OBJ SAVEPACKAGE PACKAGE="/Game/Map/Floor5" FILE="../../../../../../Users/81806/OneDrive/ドキュメント/UE4_RPG/THE7/Content/Map/Floor5.umap" SILENT=true AUTOSAVING=false KEEPDIRTY=false
[2023.01.24-05.49.46:134][207]LogSavePackage: Save=1956.47ms
[2023.01.24-05.49.46:135][207]LogSavePackage: Moving '../../../../../../Users/81806/OneDrive/ドキュメント/UE4_RPG/THE7/Saved/Floor54DF1E2274EB9DC473A5BD3BC75B80036.tmp' to '../../../../../../Users/81806/OneDrive/ドキュメント/UE4_RPG/THE7/Content/Map/Floor5.umap'
[2023.01.24-05.49.46:139][207]LogSavePackage: Display: Finished SavePackage ../../../../../../Users/81806/OneDrive/ドキュメント/UE4_RPG/THE7/Content/Map/Floor5.umap
[2023.01.24-05.49.46:139][207]LogFileHelpers: Saving map 'Floor5' took 2.081
[2023.01.24-05.49.46:141][207]Cmd: MAP LOAD FILE="../../../../../../Users/81806/OneDrive/ドキュメント/UE4_RPG/THE7/Content/Map/End.umap" TEMPLATE=0 SHOWPROGRESS=1 FEATURELEVEL=3
[2023.01.24-05.49.46:141][207]LightingResults: New page: ライティングのビルド
[2023.01.24-05.49.46:143][207]LoadErrors: New page: マップをロード中: End.umap
[2023.01.24-05.49.46:184][207]MapCheck: New page: マップをチェック
[2023.01.24-05.49.46:184][207]LightingResults: New page: <何も選択されていません>
[2023.01.24-05.49.46:264][207]LogScript: Warning: Accessed None trying to read property IsClearInstance
	BP_Anim_Award_C /Game/Map/End.End:PersistentLevel.BPAward_1354.CharacterMesh0.BP_Anim_Award_C_0
	Function /Game/Animation/BP_Anim_Award.BP_Anim_Award_C:ExecuteUbergraph_BP_Anim_Award:00B1
[2023.01.24-05.49.46:264][207]LogScript: Warning: Accessed None trying to read property IsClearInstance
	BP_Anim_Award_C /Game/Map/End.End:PersistentLevel.BPAward_1354.CharacterMesh0.BP_Anim_Award_C_0
	Function /Game/Animation/BP_Anim_Award.BP_Anim_Award_C:ExecuteUbergraph_BP_Anim_Award:01A5
[2023.01.24-05.49.46:500][207]LogEditorServer: Finished looking for orphan Actors (0.000 secs)
[2023.01.24-05.49.46:569][207]Cmd: MAP CHECKDEP NOCLEARLOG
[2023.01.24-05.49.46:674][207]MapCheck: マップチェックが完了: 0 エラー、 0 警告、完了に 104.571ミリ秒かかりました。
[2023.01.24-05.49.46:675][207]LogFileHelpers: Loading map 'End' took 0.534
[2023.01.24-05.49.49:725][371]LogAIModule: Creating AISystem for world Game_Main
[2023.01.24-05.49.49:768][371]Cmd: MAP LOAD FILE="../../../../../../Users/81806/OneDrive/ドキュメント/UE4_RPG/THE7/Content/Map/Game_Main.umap" TEMPLATE=0 SHOWPROGRESS=1 FEATURELEVEL=3
[2023.01.24-05.49.49:768][371]LightingResults: New page: ライティングのビルド
[2023.01.24-05.49.49:770][371]LoadErrors: New page: マップをロード中: Game_Main.umap
[2023.01.24-05.49.49:773][371]MapCheck: New page: マップをチェック
[2023.01.24-05.49.49:773][371]LightingResults: New page: <何も選択されていません>
[2023.01.24-05.49.49:815][371]LogStreaming: Display: ULevelStreaming::RequestLevel(/Game/Map/Floor1) is flushing async loading
[2023.01.24-05.49.49:934][371]LogStreaming: Display: ULevelStreaming::RequestLevel(/Game/Map/Floor3) is flushing async loading
[2023.01.24-05.49.50:110][371]LogStreaming: Display: ULevelStreaming::RequestLevel(/Game/Map/Floor4) is flushing async loading
[2023.01.24-05.49.50:313][371]LogStreaming: Display: ULevelStreaming::RequestLevel(/Game/Map/Floor5) is flushing async loading
[2023.01.24-05.49.50:635][371]LogStreaming: Display: ULevelStreaming::RequestLevel(/Game/Map/Floor2) is flushing async loading
[2023.01.24-05.49.50:973][371]LogEditorServer: Finished looking for orphan Actors (0.000 secs)
[2023.01.24-05.49.51:109][371]Cmd: MAP CHECKDEP NOCLEARLOG
[2023.01.24-05.49.51:173][371]MapCheck: マップチェックが完了: 0 エラー、 0 警告、完了に 64.285ミリ秒かかりました。
[2023.01.24-05.49.51:176][371]LogFileHelpers: Loading map 'Game_Main' took 1.408
[2023.01.24-05.49.53:446][443]LogTemp: Repeating last play command: 選択ビューポート
[2023.01.24-05.49.53:669][443]LogBlueprintUserMessages: Early PlayInEditor Detection: Level '/Game/Map/Game_Main.Game_Main:PersistentLevel' has LevelScriptBlueprint '/Game/Map/Game_Main.Game_Main:PersistentLevel.Game_Main' with GeneratedClass '/Game/Map/Game_Main.Game_Main_C' with ClassGeneratedBy '/Game/Map/Game_Main.Game_Main:PersistentLevel.Game_Main'
[2023.01.24-05.49.53:669][443]LogBlueprintUserMessages: Early PlayInEditor Detection: Level '/Game/Map/Floor1.Floor1:PersistentLevel' has LevelScriptBlueprint '/Game/Map/Floor1.Floor1:PersistentLevel.Floor1' with GeneratedClass '/Game/Map/Floor1.Floor1_C' with ClassGeneratedBy '/Game/Map/Floor1.Floor1:PersistentLevel.Floor1'
[2023.01.24-05.49.53:670][443]LogPlayLevel: PlayLevel: No blueprints needed recompiling
[2023.01.24-05.50.04:298][612]LogScript: Warning: Accessed None trying to read property IsClearInstance
	BP_Anim_Award_C /Engine/Transient.World_7:PersistentLevel.BPAward_C_2.CharacterMesh0.BP_Anim_Award_C_3
	Function /Game/Animation/BP_Anim_Award.BP_Anim_Award_C:ExecuteUbergraph_BP_Anim_Award:00B1
[2023.01.24-05.50.04:299][612]LogScript: Warning: Accessed None trying to read property IsClearInstance
	BP_Anim_Award_C /Engine/Transient.World_7:PersistentLevel.BPAward_C_2.CharacterMesh0.BP_Anim_Award_C_3
	Function /Game/Animation/BP_Anim_Award.BP_Anim_Award_C:ExecuteUbergraph_BP_Anim_Award:01A5
[2023.01.24-05.50.04:324][612]LogScript: Warning: Accessed None trying to read property IsClearInstance
	BP_Anim_Award_C /Engine/Transient.World_7:PersistentLevel.BPAward_C_2.CharacterMesh0.BP_Anim_Award_C_3
	Function /Game/Animation/BP_Anim_Award.BP_Anim_Award_C:ExecuteUbergraph_BP_Anim_Award:00B1
[2023.01.24-05.50.04:324][612]LogScript: Warning: Accessed None trying to read property IsClearInstance
	BP_Anim_Award_C /Engine/Transient.World_7:PersistentLevel.BPAward_C_2.CharacterMesh0.BP_Anim_Award_C_3
	Function /Game/Animation/BP_Anim_Award.BP_Anim_Award_C:ExecuteUbergraph_BP_Anim_Award:01A5
[2023.01.24-05.50.04:627][613]LogScript: Warning: Accessed None trying to read property IsClearInstance
	BP_Anim_Award_C /Engine/Transient.World_7:PersistentLevel.BPAward_C_2.CharacterMesh0.BP_Anim_Award_C_3
	Function /Game/Animation/BP_Anim_Award.BP_Anim_Award_C:ExecuteUbergraph_BP_Anim_Award:00B1
[2023.01.24-05.50.04:627][613]LogScript: Warning: Accessed None trying to read property IsClearInstance
	BP_Anim_Award_C /Engine/Transient.World_7:PersistentLevel.BPAward_C_2.CharacterMesh0.BP_Anim_Award_C_3
	Function /Game/Animation/BP_Anim_Award.BP_Anim_Award_C:ExecuteUbergraph_BP_Anim_Award:01A5
[2023.01.24-05.50.04:709][614]LogScript: Warning: Accessed None trying to read property IsClearInstance
	BP_Anim_Award_C /Engine/Transient.World_7:PersistentLevel.BPAward_C_2.CharacterMesh0.BP_Anim_Award_C_3
	Function /Game/Animation/BP_Anim_Award.BP_Anim_Award_C:ExecuteUbergraph_BP_Anim_Award:00B1
[2023.01.24-05.50.04:709][614]LogScript: Warning: Accessed None trying to read property IsClearInstance
	BP_Anim_Award_C /Engine/Transient.World_7:PersistentLevel.BPAward_C_2.CharacterMesh0.BP_Anim_Award_C_3
	Function /Game/Animation/BP_Anim_Award.BP_Anim_Award_C:ExecuteUbergraph_BP_Anim_Award:01A5
[2023.01.24-05.50.04:733][615]LogScript: Warning: Accessed None trying to read property IsClearInstance
	BP_Anim_Award_C /Engine/Transient.World_7:PersistentLevel.BPAward_C_2.CharacterMesh0.BP_Anim_Award_C_3
	Function /Game/Animation/BP_Anim_Award.BP_Anim_Award_C:ExecuteUbergraph_BP_Anim_Award:00B1
[2023.01.24-05.50.04:733][615]LogScript: Warning: Accessed None trying to read property IsClearInstance
	BP_Anim_Award_C /Engine/Transient.World_7:PersistentLevel.BPAward_C_2.CharacterMesh0.BP_Anim_Award_C_3
	Function /Game/Animation/BP_Anim_Award.BP_Anim_Award_C:ExecuteUbergraph_BP_Anim_Award:01A5
[2023.01.24-05.50.04:755][616]LogScript: Warning: Accessed None trying to read property IsClearInstance
	BP_Anim_Award_C /Engine/Transient.World_7:PersistentLevel.BPAward_C_2.CharacterMesh0.BP_Anim_Award_C_3
	Function /Game/Animation/BP_Anim_Award.BP_Anim_Award_C:ExecuteUbergraph_BP_Anim_Award:00B1
[2023.01.24-05.50.04:755][616]LogScript: Warning: Accessed None trying to read property IsClearInstance
	BP_Anim_Award_C /Engine/Transient.World_7:PersistentLevel.BPAward_C_2.CharacterMesh0.BP_Anim_Award_C_3
	Function /Game/Animation/BP_Anim_Award.BP_Anim_Award_C:ExecuteUbergraph_BP_Anim_Award:01A5
[2023.01.24-05.50.04:776][617]LogScript: Warning: Accessed None trying to read property IsClearInstance
	BP_Anim_Award_C /Engine/Transient.World_7:PersistentLevel.BPAward_C_2.CharacterMesh0.BP_Anim_Award_C_3
	Function /Game/Animation/BP_Anim_Award.BP_Anim_Award_C:ExecuteUbergraph_BP_Anim_Award:00B1
[2023.01.24-05.50.04:776][617]LogScript: Warning: Accessed None trying to read property IsClearInstance
	BP_Anim_Award_C /Engine/Transient.World_7:PersistentLevel.BPAward_C_2.CharacterMesh0.BP_Anim_Award_C_3
	Function /Game/Animation/BP_Anim_Award.BP_Anim_Award_C:ExecuteUbergraph_BP_Anim_Award:01A5
[2023.01.24-05.50.04:795][618]LogScript: Warning: Accessed None trying to read property IsClearInstance
	BP_Anim_Award_C /Engine/Transient.World_7:PersistentLevel.BPAward_C_2.CharacterMesh0.BP_Anim_Award_C_3
	Function /Game/Animation/BP_Anim_Award.BP_Anim_Award_C:ExecuteUbergraph_BP_Anim_Award:00B1
[2023.01.24-05.50.08:011][768]BlueprintLog: New page: BPAward をコンパイル
[2023.01.24-05.50.08:263][768]LogScript: Warning: Accessed None trying to read property IsClearInstance
	BP_Anim_Award_C /Engine/Transient.World_0:PersistentLevel.BPAward_C_0.CharacterMesh0.BP_Anim_Award_C_4
	Function /Game/Animation/BP_Anim_Award.BP_Anim_Award_C:ExecuteUbergraph_BP_Anim_Award:00B1
[2023.01.24-05.50.08:264][768]LogScript: Warning: Accessed None trying to read property IsClearInstance
	BP_Anim_Award_C /Engine/Transient.World_0:PersistentLevel.BPAward_C_0.CharacterMesh0.BP_Anim_Award_C_4
	Function /Game/Animation/BP_Anim_Award.BP_Anim_Award_C:ExecuteUbergraph_BP_Anim_Award:01A5
[2023.01.24-05.50.08:285][768]LogScript: Warning: Accessed None trying to read property IsClearInstance
	BP_Anim_Award_C /Engine/Transient.World_7:PersistentLevel.BPAward_C_2.CharacterMesh0.BP_Anim_Award_C_5
	Function /Game/Animation/BP_Anim_Award.BP_Anim_Award_C:ExecuteUbergraph_BP_Anim_Award:00B1
[2023.01.24-05.50.08:285][768]LogScript: Warning: Accessed None trying to read property IsClearInstance
	BP_Anim_Award_C /Engine/Transient.World_7:PersistentLevel.BPAward_C_2.CharacterMesh0.BP_Anim_Award_C_5
	Function /Game/Animation/BP_Anim_Award.BP_Anim_Award_C:ExecuteUbergraph_BP_Anim_Award:01A5
[2023.01.24-05.50.08:286][768]LogScript: Warning: Accessed None trying to read property IsClearInstance
	BP_Anim_Award_C /Engine/Transient.World_7:PersistentLevel.BPAward_C_2.CharacterMesh0.BP_Anim_Award_C_6
	Function /Game/Animation/BP_Anim_Award.BP_Anim_Award_C:ExecuteUbergraph_BP_Anim_Award:00B1
[2023.01.24-05.50.08:286][768]LogScript: Warning: Accessed None trying to read property IsClearInstance
	BP_Anim_Award_C /Engine/Transient.World_7:PersistentLevel.BPAward_C_2.CharacterMesh0.BP_Anim_Award_C_6
	Function /Game/Animation/BP_Anim_Award.BP_Anim_Award_C:ExecuteUbergraph_BP_Anim_Award:01A5
[2023.01.24-05.50.09:502][768]LogScript: Warning: Accessed None trying to read property IsClearInstance
	BP_Anim_Award_C /Engine/Transient.World_0:PersistentLevel.BPAward_C_0.CharacterMesh0.BP_Anim_Award_C_4
	Function /Game/Animation/BP_Anim_Award.BP_Anim_Award_C:ExecuteUbergraph_BP_Anim_Award:00B1
[2023.01.24-05.50.09:502][768]LogScript: Warning: Accessed None trying to read property IsClearInstance
	BP_Anim_Award_C /Engine/Transient.World_0:PersistentLevel.BPAward_C_0.CharacterMesh0.BP_Anim_Award_C_4
	Function /Game/Animation/BP_Anim_Award.BP_Anim_Award_C:ExecuteUbergraph_BP_Anim_Award:01A5
[2023.01.24-05.50.09:503][768]LogScript: Warning: Accessed None trying to read property IsClearInstance
	BP_Anim_Award_C /Engine/Transient.World_0:PersistentLevel.BPAward_C_0.CharacterMesh0.BP_Anim_Award_C_4
	Function /Game/Animation/BP_Anim_Award.BP_Anim_Award_C:ExecuteUbergraph_BP_Anim_Award:00B1
[2023.01.24-05.50.09:503][768]LogScript: Warning: Accessed None trying to read property IsClearInstance
	BP_Anim_Award_C /Engine/Transient.World_0:PersistentLevel.BPAward_C_0.CharacterMesh0.BP_Anim_Award_C_4
	Function /Game/Animation/BP_Anim_Award.BP_Anim_Award_C:ExecuteUbergraph_BP_Anim_Award:01A5
[2023.01.24-05.50.09:504][768]LogScript: Warning: Accessed None trying to read property IsClearInstance
	BP_Anim_Award_C /Engine/Transient.World_7:PersistentLevel.BPAward_C_2.CharacterMesh0.BP_Anim_Award_C_6
	Function /Game/Animation/BP_Anim_Award.BP_Anim_Award_C:ExecuteUbergraph_BP_Anim_Award:00B1
[2023.01.24-05.50.09:504][768]LogScript: Warning: Accessed None trying to read property IsClearInstance
	BP_Anim_Award_C /Engine/Transient.World_7:PersistentLevel.BPAward_C_2.CharacterMesh0.BP_Anim_Award_C_6
	Function /Game/Animation/BP_Anim_Award.BP_Anim_Award_C:ExecuteUbergraph_BP_Anim_Award:01A5
[2023.01.24-05.50.09:505][768]LogScript: Warning: Accessed None trying to read property IsClearInstance
	BP_Anim_Award_C /Engine/Transient.World_7:PersistentLevel.BPAward_C_2.CharacterMesh0.BP_Anim_Award_C_6
	Function /Game/Animation/BP_Anim_Award.BP_Anim_Award_C:ExecuteUbergraph_BP_Anim_Award:00B1
[2023.01.24-05.50.09:505][768]LogScript: Warning: Accessed None trying to read property IsClearInstance
	BP_Anim_Award_C /Engine/Transient.World_7:PersistentLevel.BPAward_C_2.CharacterMesh0.BP_Anim_Award_C_6
	Function /Game/Animation/BP_Anim_Award.BP_Anim_Award_C:ExecuteUbergraph_BP_Anim_Award:01A5
[2023.01.24-05.50.09:542][768]LogScript: Warning: Accessed None trying to read property IsClearInstance
	BP_Anim_Award_C /Engine/Transient.World_7:PersistentLevel.BPAward_C_2.CharacterMesh0.BP_Anim_Award_C_6
	Function /Game/Animation/BP_Anim_Award.BP_Anim_Award_C:ExecuteUbergraph_BP_Anim_Award:00B1
[2023.01.24-05.50.09:542][768]LogScript: Warning: Accessed None trying to read property IsClearInstance
	BP_Anim_Award_C /Engine/Transient.World_7:PersistentLevel.BPAward_C_2.CharacterMesh0.BP_Anim_Award_C_6
	Function /Game/Animation/BP_Anim_Award.BP_Anim_Award_C:ExecuteUbergraph_BP_Anim_Award:01A5
[2023.01.24-05.50.09:881][769]LogScript: Warning: Accessed None trying to read property IsClearInstance
	BP_Anim_Award_C /Engine/Transient.World_7:PersistentLevel.BPAward_C_2.CharacterMesh0.BP_Anim_Award_C_6
	Function /Game/Animation/BP_Anim_Award.BP_Anim_Award_C:ExecuteUbergraph_BP_Anim_Award:00B1
[2023.01.24-05.50.09:881][769]LogScript: Warning: Accessed None trying to read property IsClearInstance
	BP_Anim_Award_C /Engine/Transient.World_7:PersistentLevel.BPAward_C_2.CharacterMesh0.BP_Anim_Award_C_6
	Function /Game/Animation/BP_Anim_Award.BP_Anim_Award_C:ExecuteUbergraph_BP_Anim_Award:01A5
[2023.01.24-05.50.09:976][770]LogScript: Warning: Accessed None trying to read property IsClearInstance
	BP_Anim_Award_C /Engine/Transient.World_7:PersistentLevel.BPAward_C_2.CharacterMesh0.BP_Anim_Award_C_6
	Function /Game/Animation/BP_Anim_Award.BP_Anim_Award_C:ExecuteUbergraph_BP_Anim_Award:00B1
[2023.01.24-05.50.09:976][770]LogScript: Warning: Accessed None trying to read property IsClearInstance
	BP_Anim_Award_C /Engine/Transient.World_7:PersistentLevel.BPAward_C_2.CharacterMesh0.BP_Anim_Award_C_6
	Function /Game/Animation/BP_Anim_Award.BP_Anim_Award_C:ExecuteUbergraph_BP_Anim_Award:01A5
[2023.01.24-05.50.10:015][771]LogScript: Warning: Accessed None trying to read property IsClearInstance
	BP_Anim_Award_C /Engine/Transient.World_7:PersistentLevel.BPAward_C_2.CharacterMesh0.BP_Anim_Award_C_6
	Function /Game/Animation/BP_Anim_Award.BP_Anim_Award_C:ExecuteUbergraph_BP_Anim_Award:00B1
[2023.01.24-05.50.10:015][771]LogScript: Warning: Accessed None trying to read property IsClearInstance
	BP_Anim_Award_C /Engine/Transient.World_7:PersistentLevel.BPAward_C_2.CharacterMesh0.BP_Anim_Award_C_6
	Function /Game/Animation/BP_Anim_Award.BP_Anim_Award_C:ExecuteUbergraph_BP_Anim_Award:01A5
[2023.01.24-05.50.10:053][772]LogScript: Warning: Accessed None trying to read property IsClearInstance
	BP_Anim_Award_C /Engine/Transient.World_7:PersistentLevel.BPAward_C_2.CharacterMesh0.BP_Anim_Award_C_6
	Function /Game/Animation/BP_Anim_Award.BP_Anim_Award_C:ExecuteUbergraph_BP_Anim_Award:00B1
[2023.01.24-05.50.10:053][772]LogScript: Warning: Accessed None trying to read property IsClearInstance
	BP_Anim_Award_C /Engine/Transient.World_7:PersistentLevel.BPAward_C_2.CharacterMesh0.BP_Anim_Award_C_6
	Function /Game/Animation/BP_Anim_Award.BP_Anim_Award_C:ExecuteUbergraph_BP_Anim_Award:01A5
[2023.01.24-05.50.10:085][773]LogScript: Warning: Accessed None trying to read property IsClearInstance
	BP_Anim_Award_C /Engine/Transient.World_7:PersistentLevel.BPAward_C_2.CharacterMesh0.BP_Anim_Award_C_6
	Function /Game/Animation/BP_Anim_Award.BP_Anim_Award_C:ExecuteUbergraph_BP_Anim_Award:00B1
[2023.01.24-05.50.12:262][845]LogTemp: Repeating last play command: 選択ビューポート
[2023.01.24-05.50.12:298][845]LogBlueprintUserMessages: Early PlayInEditor Detection: Level '/Game/Map/Game_Main.Game_Main:PersistentLevel' has LevelScriptBlueprint '/Game/Map/Game_Main.Game_Main:PersistentLevel.Game_Main' with GeneratedClass '/Game/Map/Game_Main.Game_Main_C' with ClassGeneratedBy '/Game/Map/Game_Main.Game_Main:PersistentLevel.Game_Main'
[2023.01.24-05.50.12:298][845]LogBlueprintUserMessages: Early PlayInEditor Detection: Level '/Game/Map/Floor1.Floor1:PersistentLevel' has LevelScriptBlueprint '/Game/Map/Floor1.Floor1:PersistentLevel.Floor1' with GeneratedClass '/Game/Map/Floor1.Floor1_C' with ClassGeneratedBy '/Game/Map/Floor1.Floor1:PersistentLevel.Floor1'
[2023.01.24-05.50.12:298][845]LogPlayLevel: PlayLevel: No blueprints needed recompiling
[2023.01.24-05.50.12:300][845]PIE: New page: PIEセッション: Game_Main (2023/01/24 23:50:12)
[2023.01.24-05.50.12:301][845]LogPlayLevel: Creating play world package: /Game/Map/UEDPIE_0_Game_Main
[2023.01.24-05.50.12:303][845]LogPlayLevel: PIE: StaticDuplicateObject took: (0.002001s)
[2023.01.24-05.50.12:304][845]LogAIModule: Creating AISystem for world Game_Main
[2023.01.24-05.50.12:304][845]LogPlayLevel: PIE: World Init took: (0.000796s)
[2023.01.24-05.50.12:304][845]LogPlayLevel: PIE: Created PIE world by copying editor world from /Game/Map/Game_Main.Game_Main to /Game/Map/UEDPIE_0_Game_Main.Game_Main (0.003319s)
[2023.01.24-05.50.12:361][845]LogInit: XAudio2 using 'ヘッドホン (Apple Audio Device)' : 2 channels at 48 kHz using 16 bits per sample (channel mask 0x3)
[2023.01.24-05.50.12:372][845]LogInit: FAudioDevice initialized.
[2023.01.24-05.50.12:418][845]LogLoad: Game class is 'BP_Award_GameMode_C'
[2023.01.24-05.50.12:422][845]LogWorld: Bringing World /Game/Map/UEDPIE_0_Game_Main.Game_Main up for play (max tick rate 60) at 2023.01.24-14.50.12
[2023.01.24-05.50.12:422][845]LogWorld: Bringing up level for play took: 0.001985
[2023.01.24-05.50.12:424][845]LogGameMode: FindPlayerStart: PATHS NOT DEFINED or NO PLAYERSTART with positive rating
[2023.01.24-05.50.12:488][845]LogContentBrowser: Native class hierarchy updated for 'MovieSceneCapture' in 0.0006 seconds. Added 11 classes and 0 folders.
[2023.01.24-05.50.12:491][845]LogLevel: ActivateLevel /Game/Map/UEDPIE_0_Floor1 1 1 1
[2023.01.24-05.50.12:503][845]PIE: /Game/Map/UEDPIE_0_Game_Main 0.379のプレイ イン エディタの開始時間
[2023.01.24-05.50.12:503][845]LogBlueprintUserMessages: Late PlayInEditor Detection: Level '/Game/Map/Game_Main.Game_Main:PersistentLevel' has LevelScriptBlueprint '/Game/Map/Game_Main.Game_Main:PersistentLevel.Game_Main' with GeneratedClass '/Game/Map/Game_Main.Game_Main_C' with ClassGeneratedBy '/Game/Map/Game_Main.Game_Main:PersistentLevel.Game_Main'
[2023.01.24-05.50.12:503][845]LogBlueprintUserMessages: Late PlayInEditor Detection: Level '/Game/Map/Floor1.Floor1:PersistentLevel' has LevelScriptBlueprint '/Game/Map/Floor1.Floor1:PersistentLevel.Floor1' with GeneratedClass '/Game/Map/Floor1.Floor1_C' with ClassGeneratedBy '/Game/Map/Floor1.Floor1:PersistentLevel.Floor1'
[2023.01.24-05.50.12:526][845]LogAudio: Warning: Detected orphaned looping sound 'bgm'.
[2023.01.24-05.50.56:267][465]LogBlueprintUserMessages: Early EndPlayMap Detection: Level '/Game/Map/Game_Main.Game_Main:PersistentLevel' has LevelScriptBlueprint '/Game/Map/Game_Main.Game_Main:PersistentLevel.Game_Main' with GeneratedClass '/Game/Map/Game_Main.Game_Main_C' with ClassGeneratedBy '/Game/Map/Game_Main.Game_Main:PersistentLevel.Game_Main'
[2023.01.24-05.50.56:267][465]LogBlueprintUserMessages: Early EndPlayMap Detection: Level '/Game/Map/Floor1.Floor1:PersistentLevel' has LevelScriptBlueprint '/Game/Map/Floor1.Floor1:PersistentLevel.Floor1' with GeneratedClass '/Game/Map/Floor1.Floor1_C' with ClassGeneratedBy '/Game/Map/Floor1.Floor1:PersistentLevel.Floor1'
[2023.01.24-05.50.56:307][465]LogBlueprintUserMessages: Late EndPlayMap Detection: Level '/Game/Map/Game_Main.Game_Main:PersistentLevel' has LevelScriptBlueprint '/Game/Map/Game_Main.Game_Main:PersistentLevel.Game_Main' with GeneratedClass '/Game/Map/Game_Main.Game_Main_C' with ClassGeneratedBy '/Game/Map/Game_Main.Game_Main:PersistentLevel.Game_Main'
[2023.01.24-05.50.56:308][465]LogBlueprintUserMessages: Late EndPlayMap Detection: Level '/Game/Map/Floor1.Floor1:PersistentLevel' has LevelScriptBlueprint '/Game/Map/Floor1.Floor1:PersistentLevel.Floor1' with GeneratedClass '/Game/Map/Floor1.Floor1_C' with ClassGeneratedBy '/Game/Map/Floor1.Floor1:PersistentLevel.Floor1'
[2023.01.24-05.51.04:724][670]Cmd: OBJ SAVEPACKAGE PACKAGE="/Game/BP/BPAward" FILE="../../../../../../Users/81806/OneDrive/ドキュメント/UE4_RPG/THE7/Content/BP/BPAward.uasset" SILENT=true
[2023.01.24-05.51.04:816][670]LogSavePackage: Save=69.08ms
[2023.01.24-05.51.04:816][670]LogSavePackage: Moving '../../../../../../Users/81806/OneDrive/ドキュメント/UE4_RPG/THE7/Saved/BPAwardFE0811F1423BDBB943CD739C95BEF581.tmp' to '../../../../../../Users/81806/OneDrive/ドキュメント/UE4_RPG/THE7/Content/BP/BPAward.uasset'
[2023.01.24-05.51.04:819][670]LogSavePackage: Display: Finished SavePackage ../../../../../../Users/81806/OneDrive/ドキュメント/UE4_RPG/THE7/Content/BP/BPAward.uasset
[2023.01.24-05.51.04:889][670]Cmd: OBJ SAVEPACKAGE PACKAGE="/Game/Map/Floor1" FILE="../../../../../../Users/81806/OneDrive/ドキュメント/UE4_RPG/THE7/Content/Map/Floor1.umap" SILENT=true AUTOSAVING=false KEEPDIRTY=false
[2023.01.24-05.51.04:939][670]LogSpawn: Warning: UWorld::DestroyActor: World has no context! World: Floor1, Actor: /Game/Map/Floor1.Floor1:PersistentLevel.Floor1_C_0
[2023.01.24-05.51.05:271][670]LogSavePackage: Save=334.84ms
[2023.01.24-05.51.05:271][670]LogSavePackage: Moving '../../../../../../Users/81806/OneDrive/ドキュメント/UE4_RPG/THE7/Saved/Floor117AA5D844CE6FF19114FCAAFAFFC99A4.tmp' to '../../../../../../Users/81806/OneDrive/ドキュメント/UE4_RPG/THE7/Content/Map/Floor1.umap'
[2023.01.24-05.51.05:274][670]LogSavePackage: Display: Finished SavePackage ../../../../../../Users/81806/OneDrive/ドキュメント/UE4_RPG/THE7/Content/Map/Floor1.umap
[2023.01.24-05.51.05:275][670]LogFileHelpers: Saving map 'Floor1' took 0.448
[2023.01.24-05.51.05:338][670]Cmd: OBJ SAVEPACKAGE PACKAGE="/Game/Map/Floor2" FILE="../../../../../../Users/81806/OneDrive/ドキュメント/UE4_RPG/THE7/Content/Map/Floor2.umap" SILENT=true AUTOSAVING=false KEEPDIRTY=false
[2023.01.24-05.51.06:035][670]LogSavePackage: Save=648.60ms
[2023.01.24-05.51.06:035][670]LogSavePackage: Moving '../../../../../../Users/81806/OneDrive/ドキュメント/UE4_RPG/THE7/Saved/Floor2BF7A75894155D52344E8029ADAD85E9A.tmp' to '../../../../../../Users/81806/OneDrive/ドキュメント/UE4_RPG/THE7/Content/Map/Floor2.umap'
[2023.01.24-05.51.06:039][670]LogSavePackage: Display: Finished SavePackage ../../../../../../Users/81806/OneDrive/ドキュメント/UE4_RPG/THE7/Content/Map/Floor2.umap
[2023.01.24-05.51.06:039][670]LogFileHelpers: Saving map 'Floor2' took 0.763
[2023.01.24-05.51.06:115][670]Cmd: OBJ SAVEPACKAGE PACKAGE="/Game/Map/Floor3" FILE="../../../../../../Users/81806/OneDrive/ドキュメント/UE4_RPG/THE7/Content/Map/Floor3.umap" SILENT=true AUTOSAVING=false KEEPDIRTY=false
[2023.01.24-05.51.06:767][670]LogSavePackage: Save=605.61ms
[2023.01.24-05.51.06:767][670]LogSavePackage: Moving '../../../../../../Users/81806/OneDrive/ドキュメント/UE4_RPG/THE7/Saved/Floor3DA2D7504461789E918E80B8724575F41.tmp' to '../../../../../../Users/81806/OneDrive/ドキュメント/UE4_RPG/THE7/Content/Map/Floor3.umap'
[2023.01.24-05.51.06:771][670]LogSavePackage: Display: Finished SavePackage ../../../../../../Users/81806/OneDrive/ドキュメント/UE4_RPG/THE7/Content/Map/Floor3.umap
[2023.01.24-05.51.06:772][670]LogFileHelpers: Saving map 'Floor3' took 0.717
[2023.01.24-05.51.06:848][670]Cmd: OBJ SAVEPACKAGE PACKAGE="/Game/Map/Floor4" FILE="../../../../../../Users/81806/OneDrive/ドキュメント/UE4_RPG/THE7/Content/Map/Floor4.umap" SILENT=true AUTOSAVING=false KEEPDIRTY=false
[2023.01.24-05.51.07:838][670]LogSavePackage: Save=943.15ms
[2023.01.24-05.51.07:839][670]LogSavePackage: Moving '../../../../../../Users/81806/OneDrive/ドキュメント/UE4_RPG/THE7/Saved/Floor445FAE1E149FA0B85DB3399BB12636B9B.tmp' to '../../../../../../Users/81806/OneDrive/ドキュメント/UE4_RPG/THE7/Content/Map/Floor4.umap'
[2023.01.24-05.51.07:842][670]LogSavePackage: Display: Finished SavePackage ../../../../../../Users/81806/OneDrive/ドキュメント/UE4_RPG/THE7/Content/Map/Floor4.umap
[2023.01.24-05.51.07:843][670]LogFileHelpers: Saving map 'Floor4' took 1.056
[2023.01.24-05.51.07:915][670]Cmd: OBJ SAVEPACKAGE PACKAGE="/Game/Map/Floor5" FILE="../../../../../../Users/81806/OneDrive/ドキュメント/UE4_RPG/THE7/Content/Map/Floor5.umap" SILENT=true AUTOSAVING=false KEEPDIRTY=false
[2023.01.24-05.51.10:397][670]LogSavePackage: Save=2421.53ms
[2023.01.24-05.51.10:397][670]LogSavePackage: Moving '../../../../../../Users/81806/OneDrive/ドキュメント/UE4_RPG/THE7/Saved/Floor573EA6DB546058E47861797AFEDE92E7A.tmp' to '../../../../../../Users/81806/OneDrive/ドキュメント/UE4_RPG/THE7/Content/Map/Floor5.umap'
[2023.01.24-05.51.10:401][670]LogSavePackage: Display: Finished SavePackage ../../../../../../Users/81806/OneDrive/ドキュメント/UE4_RPG/THE7/Content/Map/Floor5.umap
[2023.01.24-05.51.10:403][670]LogFileHelpers: Saving map 'Floor5' took 2.558
[2023.01.24-05.51.10:594][670]LogActorComponent: UnregisterComponent: (/Engine/Transient.EditorFloorComp) Not registered. Aborting.
[2023.01.24-05.51.10:688][670]LogActorComponent: UnregisterComponent: (/Engine/Transient.EditorFloorComp) Not registered. Aborting.
[2023.01.24-05.51.11:043][671]Cmd: QUIT_EDITOR
[2023.01.24-05.51.11:234][671]LogWindowsTextInputMethodSystem: Display: IME system now activated using TSF (Microsoft IME).
[2023.01.24-05.51.11:252][671]LogExit: Preparing to exit.
[2023.01.24-05.51.12:076][671]LogDirectoryWatcher: A directory notification failed for 'C:/Users/81806/OneDrive/ドキュメント/UE4_RPG/THE7/Content/', and we were unable to create a new request.
[2023.01.24-05.51.12:157][671]LogExit: Editor shut down
[2023.01.24-05.51.12:160][671]LogExit: Transaction tracking system shut down
[2023.01.24-05.51.12:296][671]LogDirectoryWatcher: A directory notification for '../../../Engine/Content/' was aborted.
[2023.01.24-05.51.12:297][671]LogDirectoryWatcher: A directory notification for '../../../../../../Users/81806/OneDrive/ドキュメント/UE4_RPG/THE7/Content/' was aborted.
[2023.01.24-05.51.12:297][671]LogDirectoryWatcher: A directory notification for '../../../Engine/Plugins/2D/Paper2D/Content/' was aborted.
[2023.01.24-05.51.12:297][671]LogDirectoryWatcher: A directory notification for '../../../Engine/Plugins/Runtime/Oculus/OculusVR/Content/' was aborted.
[2023.01.24-05.51.12:297][671]LogDirectoryWatcher: A directory notification for '../../../Engine/Plugins/Runtime/Steam/SteamVR/Content/' was aborted.
[2023.01.24-05.51.12:379][671]LogExit: Object subsystem successfully closed.
[2023.01.24-05.51.12:401][671]LogD3D11RHI: Shutdown
[2023.01.24-05.51.12:401][671]LogD3D11RHI: CleanupD3DDevice
[2023.01.24-05.51.12:766][671]LogD3D11RHI: ~FD3D11DynamicRHI
[2023.01.24-05.51.12:793][671]LogModuleManager: Shutting down and abandoning module MovieSceneCapture (538)
[2023.01.24-05.51.12:793][671]LogModuleManager: Shutting down and abandoning module BlueprintGraph (536)
[2023.01.24-05.51.12:793][671]LogModuleManager: Shutting down and abandoning module BlueprintProfiler (534)
[2023.01.24-05.51.12:793][671]LogModuleManager: Shutting down and abandoning module HierarchicalLODOutliner (532)
[2023.01.24-05.51.12:793][671]LogModuleManager: Shutting down and abandoning module WorldBrowser (530)
[2023.01.24-05.51.12:793][671]LogModuleManager: Shutting down and abandoning module SceneOutliner (528)
[2023.01.24-05.51.12:793][671]LogModuleManager: Shutting down and abandoning module AddContentDialog (526)
[2023.01.24-05.51.12:793][671]LogDirectoryWatcher: A directory notification for 'C:/Program Files/Epic Games/UE_4.17/FeaturePacks/' was aborted.
[2023.01.24-05.51.12:794][671]LogModuleManager: Shutting down and abandoning module WidgetCarousel (525)
[2023.01.24-05.51.12:794][671]LogModuleManager: Shutting down and abandoning module EditorWidgets (522)
[2023.01.24-05.51.12:794][671]LogModuleManager: Shutting down and abandoning module CollectionManager (520)
[2023.01.24-05.51.12:794][671]LogDirectoryWatcher: A directory notification for 'C:/Users/81806/OneDrive/ドキュメント/UE4_RPG/THE7/Content/Collections/' was aborted.
[2023.01.24-05.51.12:794][671]LogDirectoryWatcher: A directory notification for 'C:/Users/81806/OneDrive/ドキュメント/UE4_RPG/THE7/Content/Developers/小浜大和/Collections/' was aborted.
[2023.01.24-05.51.12:795][671]LogDirectoryWatcher: A directory notification for 'C:/Users/81806/OneDrive/ドキュメント/UE4_RPG/THE7/Saved/Collections/' was aborted.
[2023.01.24-05.51.12:795][671]LogModuleManager: Shutting down and abandoning module StatsViewer (518)
[2023.01.24-05.51.12:795][671]LogModuleManager: Shutting down and abandoning module FoliageEdit (516)
[2023.01.24-05.51.12:795][671]LogModuleManager: Shutting down and abandoning module LandscapeEditor (514)
[2023.01.24-05.51.12:795][671]LogModuleManager: Shutting down and abandoning module MeshPaintMode (512)
[2023.01.24-05.51.12:795][671]LogModuleManager: Shutting down and abandoning module SceneDepthPickerMode (510)
[2023.01.24-05.51.12:795][671]LogModuleManager: Shutting down and abandoning module ActorPickerMode (508)
[2023.01.24-05.51.12:795][671]LogModuleManager: Shutting down and abandoning module GeometryMode (506)
[2023.01.24-05.51.12:795][671]LogModuleManager: Shutting down and abandoning module TextureAlignMode (504)
[2023.01.24-05.51.12:795][671]LogModuleManager: Shutting down and abandoning module BspMode (502)
[2023.01.24-05.51.12:795][671]LogModuleManager: Shutting down and abandoning module PIEPreviewDeviceProfileSelector (500)
[2023.01.24-05.51.12:795][671]LogModuleManager: Shutting down and abandoning module HardwareSurvey (498)
[2023.01.24-05.51.12:795][671]LogModuleManager: Shutting down and abandoning module SequenceRecorderSections (496)
[2023.01.24-05.51.12:795][671]LogModuleManager: Shutting down and abandoning module AutomationWorker (494)
[2023.01.24-05.51.12:795][671]LogModuleManager: Shutting down and abandoning module MatineeToLevelSequence (492)
[2023.01.24-05.51.12:795][671]LogModuleManager: Shutting down and abandoning module LevelSequenceEditor (490)
[2023.01.24-05.51.12:796][671]LogModuleManager: Shutting down and abandoning module PlacementMode (489)
[2023.01.24-05.51.12:796][671]LogModuleManager: Shutting down and abandoning module WmfMediaFactory (486)
[2023.01.24-05.51.12:796][671]LogModuleManager: Shutting down and abandoning module WmfMediaEditor (484)
[2023.01.24-05.51.12:796][671]LogModuleManager: Shutting down and abandoning module AvfMediaFactory (482)
[2023.01.24-05.51.12:796][671]LogModuleManager: Shutting down and abandoning module AvfMediaEditor (480)
[2023.01.24-05.51.12:796][671]LogModuleManager: Shutting down and abandoning module AndroidMediaFactory (478)
[2023.01.24-05.51.12:796][671]LogModuleManager: Shutting down and abandoning module Media (477)
[2023.01.24-05.51.12:796][671]LogModuleManager: Shutting down and abandoning module AndroidMediaEditor (474)
[2023.01.24-05.51.12:796][671]LogModuleManager: Shutting down and abandoning module CharacterAI (472)
[2023.01.24-05.51.12:796][671]LogModuleManager: Shutting down and abandoning module AudioCapture (470)
[2023.01.24-05.51.12:796][671]LogModuleManager: Shutting down and abandoning module SequenceRecorder (469)
[2023.01.24-05.51.12:796][671]LogModuleManager: Shutting down and abandoning module SmartSnapping (466)
[2023.01.24-05.51.12:796][671]LogModuleManager: Shutting down and abandoning module SessionServices (464)
[2023.01.24-05.51.12:796][671]LogModuleManager: Shutting down and abandoning module ViewportSnapping (462)
[2023.01.24-05.51.12:796][671]LogModuleManager: Shutting down and abandoning module ViewportInteraction (460)
[2023.01.24-05.51.12:796][671]LogModuleManager: Shutting down and abandoning module ClothPainter (458)
[2023.01.24-05.51.12:797][671]LogModuleManager: Shutting down and abandoning module LogVisualizer (456)
[2023.01.24-05.51.12:797][671]LogModuleManager: Shutting down and abandoning module IntroTutorials (454)
[2023.01.24-05.51.12:797][671]LogModuleManager: Shutting down and abandoning module GameProjectGeneration (453)
[2023.01.24-05.51.12:797][671]LogModuleManager: Shutting down and abandoning module IOSPlatformEditor (450)
[2023.01.24-05.51.12:797][671]LogModuleManager: Shutting down and abandoning module HTML5PlatformEditor (448)
[2023.01.24-05.51.12:797][671]LogModuleManager: Shutting down and abandoning module AndroidPlatformEditor (446)
[2023.01.24-05.51.12:797][671]LogModuleManager: Shutting down and abandoning module AndroidDeviceDetection (445)
[2023.01.24-05.51.13:126][671]LogModuleManager: Shutting down and abandoning module WindowsPlatformEditor (442)
[2023.01.24-05.51.13:126][671]LogModuleManager: Shutting down and abandoning module IOSRuntimeSettings (440)
[2023.01.24-05.51.13:126][671]LogModuleManager: Shutting down and abandoning module AndroidRuntimeSettings (438)
[2023.01.24-05.51.13:126][671]LogModuleManager: Shutting down and abandoning module InputBindingEditor (436)
[2023.01.24-05.51.13:127][671]LogModuleManager: Shutting down and abandoning module MergeActors (434)
[2023.01.24-05.51.13:127][671]LogModuleManager: Shutting down and abandoning module SizeMap (432)
[2023.01.24-05.51.13:127][671]LogModuleManager: Shutting down and abandoning module TreeMap (430)
[2023.01.24-05.51.13:127][671]LogModuleManager: Shutting down and abandoning module ReferenceViewer (428)
[2023.01.24-05.51.13:127][671]LogModuleManager: Shutting down and abandoning module LocalizationDashboard (426)
[2023.01.24-05.51.13:128][671]LogModuleManager: Shutting down and abandoning module LocalizationService (425)
[2023.01.24-05.51.13:128][671]LogModuleManager: Shutting down and abandoning module HardwareTargeting (422)
[2023.01.24-05.51.13:128][671]LogModuleManager: Shutting down and abandoning module DeviceProfileEditor (420)
[2023.01.24-05.51.13:128][671]LogModuleManager: Shutting down and abandoning module UndoHistory (418)
[2023.01.24-05.51.13:128][671]LogModuleManager: Shutting down and abandoning module XmlParser (416)
[2023.01.24-05.51.13:128][671]LogModuleManager: Shutting down and abandoning module Blutility (414)
[2023.01.24-05.51.13:128][671]LogModuleManager: Shutting down and abandoning module ProjectSettingsViewer (412)
[2023.01.24-05.51.13:128][671]LogModuleManager: Shutting down and abandoning module ProjectTargetPlatformEditor (411)
[2023.01.24-05.51.13:128][671]LogModuleManager: Shutting down and abandoning module EditorSettingsViewer (408)
[2023.01.24-05.51.13:128][671]LogModuleManager: Shutting down and abandoning module SettingsEditor (406)
[2023.01.24-05.51.13:128][671]LogModuleManager: Shutting down and abandoning module ProjectLauncher (404)
[2023.01.24-05.51.13:129][671]LogModuleManager: Shutting down and abandoning module SessionFrontend (402)
[2023.01.24-05.51.13:129][671]LogModuleManager: Shutting down and abandoning module ProfilerClient (400)
[2023.01.24-05.51.13:129][671]LogModuleManager: Shutting down and abandoning module DeviceManager (398)
[2023.01.24-05.51.13:129][671]LogModuleManager: Shutting down and abandoning module TargetDeviceServices (397)
[2023.01.24-05.51.13:182][671]LogModuleManager: Shutting down and abandoning module AutomationController (394)
[2023.01.24-05.51.13:182][671]LogModuleManager: Shutting down and abandoning module AutomationWindow (392)
[2023.01.24-05.51.13:184][671]LogModuleManager: Shutting down and abandoning module Layers (390)
[2023.01.24-05.51.13:185][671]LogModuleManager: Shutting down and abandoning module ComponentVisualizers (388)
[2023.01.24-05.51.13:185][671]LogModuleManager: Shutting down and abandoning module DetailCustomizations (386)
[2023.01.24-05.51.13:185][671]LogModuleManager: Shutting down and abandoning module PackagesDialog (384)
[2023.01.24-05.51.13:185][671]LogModuleManager: Shutting down and abandoning module Persona (382)
[2023.01.24-05.51.13:186][671]LogModuleManager: Shutting down and abandoning module AdvancedPreviewScene (381)
[2023.01.24-05.51.13:186][671]LogModuleManager: Shutting down and abandoning module AnimGraph (379)
[2023.01.24-05.51.13:186][671]LogModuleManager: Shutting down and abandoning module Kismet (376)
[2023.01.24-05.51.13:192][671]LogModuleManager: Shutting down and abandoning module ClassViewer (374)
[2023.01.24-05.51.13:192][671]LogModuleManager: Shutting down and abandoning module Toolbox (372)
[2023.01.24-05.51.13:192][671]LogModuleManager: Shutting down and abandoning module ModuleUI (370)
[2023.01.24-05.51.13:192][671]LogModuleManager: Shutting down and abandoning module MovieSceneTools (368)
[2023.01.24-05.51.13:193][671]LogModuleManager: Shutting down and abandoning module OutputLog (366)
[2023.01.24-05.51.13:193][671]LogModuleManager: Shutting down and abandoning module GammaUI (364)
[2023.01.24-05.51.13:193][671]LogModuleManager: Shutting down and abandoning module Documentation (362)
[2023.01.24-05.51.13:193][671]LogModuleManager: Shutting down and abandoning module MovieSceneTracks (360)
[2023.01.24-05.51.13:193][671]LogModuleManager: Shutting down and abandoning module MovieScene (358)
[2023.01.24-05.51.13:193][671]LogModuleManager: Shutting down and abandoning module Niagara (356)
[2023.01.24-05.51.13:193][671]LogModuleManager: Shutting down and abandoning module NiagaraEditor (355)
[2023.01.24-05.51.13:194][671]LogModuleManager: Shutting down and abandoning module StreamingPauseRendering (352)
[2023.01.24-05.51.13:194][671]LogModuleManager: Shutting down and abandoning module LauncherPlatform (350)
[2023.01.24-05.51.13:194][671]LogModuleManager: Shutting down and abandoning module AnalyticsET (348)
[2023.01.24-05.51.13:194][671]LogModuleManager: Shutting down and abandoning module PortalServices (346)
[2023.01.24-05.51.13:194][671]LogModuleManager: Shutting down and abandoning module PortalRpc (344)
[2023.01.24-05.51.13:194][671]LogModuleManager: Shutting down and abandoning module MessagingRpc (342)
[2023.01.24-05.51.13:194][671]LogModuleManager: Shutting down and abandoning module AIModule (340)
[2023.01.24-05.51.13:194][671]LogModuleManager: Shutting down and abandoning module GameplayDebugger (339)
[2023.01.24-05.51.13:194][671]LogModuleManager: Shutting down and abandoning module AITestSuite (337)
[2023.01.24-05.51.13:194][671]LogModuleManager: Shutting down and abandoning module ProfilerService (334)
[2023.01.24-05.51.13:378][671]LogModuleManager: Shutting down and abandoning module TaskGraph (332)
[2023.01.24-05.51.13:379][671]LogModuleManager: Shutting down and abandoning module SteamVRController (330)
[2023.01.24-05.51.13:379][671]LogModuleManager: Shutting down and abandoning module ProceduralMeshComponentEditor (328)
[2023.01.24-05.51.13:379][671]LogModuleManager: Shutting down and abandoning module ProceduralMeshComponent (326)
[2023.01.24-05.51.13:379][671]LogModuleManager: Shutting down and abandoning module OculusInput (324)
[2023.01.24-05.51.13:379][671]LogModuleManager: Shutting down and abandoning module MobilePatchingUtils (322)
[2023.01.24-05.51.13:379][671]LogModuleManager: Shutting down and abandoning module CustomMeshComponent (320)
[2023.01.24-05.51.13:379][671]LogModuleManager: Shutting down and abandoning module CableComponent (318)
[2023.01.24-05.51.13:379][671]LogModuleManager: Shutting down and abandoning module ArchVisCharacter (316)
[2023.01.24-05.51.13:379][671]LogModuleManager: Shutting down and abandoning module AndroidPermission (314)
[2023.01.24-05.51.13:379][671]LogModuleManager: Shutting down and abandoning module MediaPlayerEditor (310)
[2023.01.24-05.51.13:380][671]LogModuleManager: Shutting down and abandoning module HTML5Networking (308)
[2023.01.24-05.51.13:380][671]LogModuleManager: Shutting down and abandoning module AlembicImporter (306)
[2023.01.24-05.51.13:380][671]LogModuleManager: Shutting down and abandoning module AlembicLibrary (305)
[2023.01.24-05.51.13:380][671]LogModuleManager: Shutting down and abandoning module GeometryCache (304)
[2023.01.24-05.51.13:380][671]LogModuleManager: Shutting down and abandoning module GeometryCacheEd (303)
[2023.01.24-05.51.13:380][671]LogModuleManager: Shutting down and abandoning module SpeedTreeImporter (298)
[2023.01.24-05.51.13:380][671]LogModuleManager: Shutting down and abandoning module PluginBrowser (296)
[2023.01.24-05.51.13:381][671]LogModuleManager: Shutting down and abandoning module MobileLauncherProfileWizard (294)
[2023.01.24-05.51.13:381][671]LogModuleManager: Shutting down and abandoning module VisualStudioSourceCodeAccess (292)
[2023.01.24-05.51.13:381][671]LogModuleManager: Shutting down and abandoning module DesktopPlatform (291)
[2023.01.24-05.51.13:381][671]LogModuleManager: Shutting down and abandoning module UObjectPlugin (288)
[2023.01.24-05.51.13:381][671]LogModuleManager: Shutting down and abandoning module SubversionSourceControl (286)
[2023.01.24-05.51.13:381][671]LogModuleManager: Shutting down and abandoning module PerforceSourceControl (284)
[2023.01.24-05.51.13:381][671]LogModuleManager: Shutting down and abandoning module GitSourceControl (282)
[2023.01.24-05.51.13:381][671]LogModuleManager: Shutting down and abandoning module SourceControl (281)
[2023.01.24-05.51.13:382][671]LogModuleManager: Shutting down and abandoning module LightPropagationVolumeEditor (278)
[2023.01.24-05.51.13:382][671]LogModuleManager: Shutting down and abandoning module PaperTiledImporter (276)
[2023.01.24-05.51.13:382][671]LogModuleManager: Shutting down and abandoning module PaperSpriteSheetImporter (274)
[2023.01.24-05.51.13:382][671]LogModuleManager: Shutting down and abandoning module Paper2DEditor (272)
[2023.01.24-05.51.13:382][671]LogModuleManager: Shutting down and abandoning module MeshPaint (271)
[2023.01.24-05.51.13:382][671]LogModuleManager: Shutting down and abandoning module LevelEditor (269)
[2023.01.24-05.51.13:383][671]LogModuleManager: Shutting down and abandoning module PixelInspectorModule (268)
[2023.01.24-05.51.13:383][671]LogModuleManager: Shutting down and abandoning module MainFrame (266)
[2023.01.24-05.51.13:383][671]LogModuleManager: Shutting down and abandoning module HotReload (265)
[2023.01.24-05.51.13:384][671]LogModuleManager: Shutting down and abandoning module RuntimePhysXCooking (260)
[2023.01.24-05.51.13:384][671]LogModuleManager: Shutting down and abandoning module PhysXVehiclesEditor (258)
[2023.01.24-05.51.13:384][671]LogModuleManager: Shutting down and abandoning module PhysXVehicles (256)
[2023.01.24-05.51.13:384][671]LogModuleManager: Shutting down and abandoning module OculusEditor (254)
[2023.01.24-05.51.13:384][671]LogModuleManager: Shutting down and abandoning module LocationServicesBPLibrary (252)
[2023.01.24-05.51.13:384][671]LogModuleManager: Shutting down and abandoning module ImmediatePhysicsEditor (250)
[2023.01.24-05.51.13:384][671]LogModuleManager: Shutting down and abandoning module ImmediatePhysics (248)
[2023.01.24-05.51.13:384][671]LogModuleManager: Shutting down and abandoning module UdpMessaging (246)
[2023.01.24-05.51.13:484][671]LogModuleManager: Shutting down and abandoning module TcpMessaging (244)
[2023.01.24-05.51.13:585][671]LogModuleManager: Shutting down and abandoning module GameplayTagsEditor (242)
[2023.01.24-05.51.13:585][671]LogModuleManager: Shutting down and abandoning module FacialAnimationEditor (240)
[2023.01.24-05.51.13:585][671]LogModuleManager: Shutting down and abandoning module FacialAnimation (238)
[2023.01.24-05.51.13:586][671]LogModuleManager: Shutting down and abandoning module AssetManagerEditor (236)
[2023.01.24-05.51.13:586][671]LogModuleManager: Shutting down and abandoning module GraphEditor (235)
[2023.01.24-05.51.13:586][671]LogModuleManager: Shutting down and abandoning module ContentBrowser (233)
[2023.01.24-05.51.13:586][671]LogModuleManager: Shutting down and abandoning module LightPropagationVolumeRuntime (230)
[2023.01.24-05.51.13:586][671]LogModuleManager: Shutting down and abandoning module Paper2D (228)
[2023.01.24-05.51.13:586][671]LogModuleManager: Shutting down and abandoning module WindowsMoviePlayer (226)
[2023.01.24-05.51.13:586][671]LogModuleManager: Shutting down and abandoning module WmfMedia (224)
[2023.01.24-05.51.13:588][671]LogModuleManager: Shutting down and abandoning module PacketHandler (222)
[2023.01.24-05.51.13:588][671]LogModuleManager: Shutting down and abandoning module ClothingSystemEditor (220)
[2023.01.24-05.51.13:588][671]LogModuleManager: Shutting down and abandoning module ClothingSystemRuntime (218)
[2023.01.24-05.51.13:588][671]LogModuleManager: Shutting down and abandoning module Overlay (216)
[2023.01.24-05.51.13:588][671]LogModuleManager: Shutting down and abandoning module OverlayEditor (215)
[2023.01.24-05.51.13:588][671]LogModuleManager: Shutting down and abandoning module MediaAssets (212)
[2023.01.24-05.51.13:588][671]LogModuleManager: Shutting down and abandoning module VREditor (210)
[2023.01.24-05.51.13:589][671]LogModuleManager: Shutting down and abandoning module StringTableEditor (208)
[2023.01.24-05.51.13:589][671]LogModuleManager: Shutting down and abandoning module GameplayTasksEditor (206)
[2023.01.24-05.51.13:589][671]LogModuleManager: Shutting down and abandoning module BehaviorTreeEditor (204)
[2023.01.24-05.51.13:590][671]LogModuleManager: Shutting down and abandoning module FunctionalTesting (202)
[2023.01.24-05.51.13:590][671]LogModuleManager: Shutting down and abandoning module CollisionAnalyzer (200)
[2023.01.24-05.51.13:590][671]LogModuleManager: Shutting down and abandoning module WorkspaceMenuStructure (199)
[2023.01.24-05.51.13:590][671]LogModuleManager: Shutting down and abandoning module UMG (196)
[2023.01.24-05.51.13:590][671]LogModuleManager: Shutting down and abandoning module UMGEditor (195)
[2023.01.24-05.51.13:590][671]LogModuleManager: Shutting down and abandoning module Sequencer (194)
[2023.01.24-05.51.13:591][671]LogModuleManager: Shutting down and abandoning module MessageLog (191)
[2023.01.24-05.51.13:591][671]LogModuleManager: Shutting down and abandoning module SlateReflector (186)
[2023.01.24-05.51.13:591][671]LogModuleManager: Shutting down and abandoning module Slate (184)
[2023.01.24-05.51.13:591][671]LogModuleManager: Shutting down and abandoning module EditorStyle (182)
[2023.01.24-05.51.13:593][671]LogModuleManager: Shutting down and abandoning module MRMesh (180)
[2023.01.24-05.51.13:593][671]LogModuleManager: Shutting down and abandoning module SourceCodeAccess (178)
[2023.01.24-05.51.13:593][671]LogModuleManager: Shutting down and abandoning module HeadMountedDisplay (176)
[2023.01.24-05.51.13:593][671]LogModuleManager: Shutting down and abandoning module XAudio2 (174)
[2023.01.24-05.51.13:593][671]LogModuleManager: Shutting down and abandoning module Networking (172)
[2023.01.24-05.51.13:593][671]LogModuleManager: Shutting down and abandoning module Core (168)
[2023.01.24-05.51.13:594][671]LogModuleManager: Shutting down and abandoning module KismetCompiler (164)
[2023.01.24-05.51.13:594][671]LogModuleManager: Shutting down and abandoning module LevelSequence (162)
[2023.01.24-05.51.13:594][671]LogModuleManager: Shutting down and abandoning module MeshUtilities (160)
[2023.01.24-05.51.13:594][671]LogModuleManager: Shutting down and abandoning module MeshMergeUtilities (159)
[2023.01.24-05.51.13:594][671]LogModuleManager: Shutting down and abandoning module MeshReductionInterface (158)
[2023.01.24-05.51.13:594][671]LogModuleManager: Shutting down and abandoning module SimplygonSwarm (157)
[2023.01.24-05.51.13:595][671]LogModuleManager: Shutting down and abandoning module SimplygonMeshReduction (155)
[2023.01.24-05.51.13:595][671]LogModuleManager: Shutting down and abandoning module QuadricMeshReduction (153)
[2023.01.24-05.51.13:595][671]LogModuleManager: Shutting down and abandoning module MaterialBaking (149)
[2023.01.24-05.51.13:595][671]LogModuleManager: Shutting down and abandoning module DirectoryWatcher (146)
[2023.01.24-05.51.13:595][671]LogModuleManager: Shutting down and abandoning module DerivedDataCache (144)
[2023.01.24-05.51.13:677][671]LogDerivedDataCache: Shutdown
[2023.01.24-05.51.13:677][671]LogModuleManager: Shutting down and abandoning module TargetPlatform (142)
[2023.01.24-05.51.13:677][671]LogModuleManager: Shutting down and abandoning module VulkanShaderFormat (141)
[2023.01.24-05.51.13:677][671]LogModuleManager: Shutting down and abandoning module ShaderFormatVectorVM (139)
[2023.01.24-05.51.13:678][671]LogModuleManager: Shutting down and abandoning module ShaderFormatOpenGL (137)
[2023.01.24-05.51.13:679][671]LogModuleManager: Shutting down and abandoning module ShaderFormatD3D (135)
[2023.01.24-05.51.13:679][671]LogModuleManager: Shutting down and abandoning module MetalShaderFormat (133)
[2023.01.24-05.51.13:679][671]LogModuleManager: Shutting down and abandoning module TextureFormatUncompressed (131)
[2023.01.24-05.51.13:679][671]LogModuleManager: Shutting down and abandoning module TextureFormatPVR (129)
[2023.01.24-05.51.13:679][671]LogModuleManager: Shutting down and abandoning module TextureFormatDXT (127)
[2023.01.24-05.51.13:679][671]LogModuleManager: Shutting down and abandoning module TextureFormatIntelISPCTexComp (125)
[2023.01.24-05.51.13:679][671]LogModuleManager: Shutting down and abandoning module TextureFormatASTC (123)
[2023.01.24-05.51.13:679][671]LogModuleManager: Shutting down and abandoning module ImageWrapper (122)
[2023.01.24-05.51.13:679][671]LogModuleManager: Shutting down and abandoning module TextureFormatAndroid (119)
[2023.01.24-05.51.13:679][671]LogModuleManager: Shutting down and abandoning module AudioFormatOpus (117)
[2023.01.24-05.51.13:679][671]LogModuleManager: Shutting down and abandoning module AudioFormatOgg (115)
[2023.01.24-05.51.13:679][671]LogModuleManager: Shutting down and abandoning module AudioFormatADPCM (113)
[2023.01.24-05.51.13:679][671]LogModuleManager: Shutting down and abandoning module LinuxTargetPlatform (111)
[2023.01.24-05.51.13:679][671]LogModuleManager: Shutting down and abandoning module LinuxServerTargetPlatform (109)
[2023.01.24-05.51.13:679][671]LogModuleManager: Shutting down and abandoning module LinuxNoEditorTargetPlatform (107)
[2023.01.24-05.51.13:679][671]LogModuleManager: Shutting down and abandoning module LinuxClientTargetPlatform (105)
[2023.01.24-05.51.13:679][671]LogModuleManager: Shutting down and abandoning module TVOSTargetPlatform (103)
[2023.01.24-05.51.13:679][671]LogModuleManager: Shutting down and abandoning module Messaging (101)
[2023.01.24-05.51.13:679][671]LogModuleManager: Shutting down and abandoning module IOSTargetPlatform (99)
[2023.01.24-05.51.13:680][671]LogModuleManager: Shutting down and abandoning module HTML5TargetPlatform (97)
[2023.01.24-05.51.13:680][671]LogModuleManager: Shutting down and abandoning module Android_PVRTCTargetPlatform (95)
[2023.01.24-05.51.13:680][671]LogModuleManager: Shutting down and abandoning module Android_MultiTargetPlatform (93)
[2023.01.24-05.51.13:680][671]LogModuleManager: Shutting down and abandoning module Android_ETC2TargetPlatform (91)
[2023.01.24-05.51.13:680][671]LogModuleManager: Shutting down and abandoning module Android_ETC1TargetPlatform (89)
[2023.01.24-05.51.13:680][671]LogModuleManager: Shutting down and abandoning module Android_DXTTargetPlatform (87)
[2023.01.24-05.51.13:680][671]LogModuleManager: Shutting down and abandoning module Android_ATCTargetPlatform (85)
[2023.01.24-05.51.13:680][671]LogModuleManager: Shutting down and abandoning module Android_ASTCTargetPlatform (83)
[2023.01.24-05.51.13:680][671]LogModuleManager: Shutting down and abandoning module AndroidTargetPlatform (81)
[2023.01.24-05.51.13:680][671]LogModuleManager: Shutting down and abandoning module WindowsTargetPlatform (79)
[2023.01.24-05.51.13:680][671]LogModuleManager: Shutting down and abandoning module WindowsServerTargetPlatform (77)
[2023.01.24-05.51.13:680][671]LogModuleManager: Shutting down and abandoning module WindowsNoEditorTargetPlatform (75)
[2023.01.24-05.51.13:680][671]LogModuleManager: Shutting down and abandoning module WindowsClientTargetPlatform (73)
[2023.01.24-05.51.13:680][671]LogModuleManager: Shutting down and abandoning module MacTargetPlatform (71)
[2023.01.24-05.51.13:680][671]LogModuleManager: Shutting down and abandoning module MacServerTargetPlatform (69)
[2023.01.24-05.51.13:680][671]LogModuleManager: Shutting down and abandoning module MacNoEditorTargetPlatform (67)
[2023.01.24-05.51.13:680][671]LogModuleManager: Shutting down and abandoning module MacClientTargetPlatform (65)
[2023.01.24-05.51.13:680][671]LogModuleManager: Shutting down and abandoning module AllDesktopTargetPlatform (63)
[2023.01.24-05.51.13:680][671]LogModuleManager: Shutting down and abandoning module InputCore (60)
[2023.01.24-05.51.13:680][671]LogModuleManager: Shutting down and abandoning module Settings (58)
[2023.01.24-05.51.13:680][671]LogModuleManager: Shutting down and abandoning module PhysXCooking (56)
[2023.01.24-05.51.13:680][671]LogModuleManager: Shutting down and abandoning module SteamVR (54)
[2023.01.24-05.51.13:680][671]LogModuleManager: Shutting down and abandoning module OculusHMD (52)
[2023.01.24-05.51.13:680][671]LogModuleManager: Shutting down and abandoning module ExampleDeviceProfileSelector (50)
[2023.01.24-05.51.13:680][671]LogModuleManager: Shutting down and abandoning module OnlineBlueprintSupport (48)
[2023.01.24-05.51.13:680][671]LogModuleManager: Shutting down and abandoning module OnlineSubsystem (44)
[2023.01.24-05.51.13:680][671]LogOnline: Display: Unloading online subsystem: NULL
[2023.01.24-05.51.13:681][671]LogModuleManager: Shutting down and abandoning module XMPP (43)
[2023.01.24-05.51.13:681][671]LogModuleManager: Shutting down and abandoning module HTTP (41)
[2023.01.24-05.51.13:681][671]LogHttp: Display: Http module shutting down, but needs to wait on 1 outstanding Http requests:
[2023.01.24-05.51.13:682][671]LogHttp: Display: 	verb=[POST] url=[https://datarouter.ol.epicgames.com/datarouter/api/v1/public/data?SessionID=%7B4574BBF1-4F00-A52B-489A-9595A46DC698%7D&AppID=UEEditor.Rocket.Release&AppVersion=4.17.2-3658906%2B%2B%2BUE4%2BRelease-4.17&UserID=b6570c5e438d4fb6a2e65a812a875c71%7Cd72d33c051974a0fad240c181fec4aeb%7C893d782e-80dc-4de3-9a84-1c2b7ea5ccde&AppEnvironment=datacollector-binary&UploadType=eteventstream] status=Processing
[2023.01.24-05.51.13:699][671]LogModuleManager: Shutting down and abandoning module SSL (40)
[2023.01.24-05.51.13:700][671]LogModuleManager: Shutting down and abandoning module AnimationModifiers (36)
[2023.01.24-05.51.13:700][671]LogModuleManager: Shutting down and abandoning module PropertyEditor (35)
[2023.01.24-05.51.13:700][671]LogModuleManager: Shutting down and abandoning module AudioEditor (32)
[2023.01.24-05.51.13:701][671]LogModuleManager: Shutting down and abandoning module TextureCompressor (30)
[2023.01.24-05.51.13:701][671]LogModuleManager: Shutting down and abandoning module ShaderCore (28)
[2023.01.24-05.51.13:701][671]LogModuleManager: Shutting down and abandoning module Landscape (26)
[2023.01.24-05.51.13:701][671]LogModuleManager: Shutting down and abandoning module SlateRHIRenderer (24)
[2023.01.24-05.51.13:703][671]LogModuleManager: Shutting down and abandoning module OpenGLDrv (22)
[2023.01.24-05.51.13:704][671]LogModuleManager: Shutting down and abandoning module D3D11RHI (20)
[2023.01.24-05.51.13:704][671]LogModuleManager: Shutting down and abandoning module AnimGraphRuntime (18)
[2023.01.24-05.51.13:704][671]LogModuleManager: Shutting down and abandoning module Renderer (16)
[2023.01.24-05.51.13:704][671]LogModuleManager: Shutting down and abandoning module Engine (14)
[2023.01.24-05.51.13:704][671]LogModuleManager: Shutting down and abandoning module CoreUObject (12)
[2023.01.24-05.51.13:704][671]LogModuleManager: Shutting down and abandoning module NetworkFile (10)
[2023.01.24-05.51.13:704][671]LogModuleManager: Shutting down and abandoning module CookedIterativeFile (8)
[2023.01.24-05.51.13:704][671]LogModuleManager: Shutting down and abandoning module StreamingFile (6)
[2023.01.24-05.51.13:704][671]LogModuleManager: Shutting down and abandoning module SandboxFile (4)
[2023.01.24-05.51.13:704][671]LogModuleManager: Shutting down and abandoning module PakFile (2)
[2023.01.24-05.51.13:710][671]LogExit: Exiting.
[2023.01.24-05.51.13:719][671]Log file closed, 01/24/23 14:51:13
